<?xml version="1.0" encoding="utf-8"?>
<TestRun id="1aef5b0e-62ff-477e-9662-5e1011abdb5e" name="nns@LE3126008018421 2026-07-12 20:28:23" runUser="CESAR-LDAP\nns" xmlns="http://microsoft.com/schemas/VisualStudio/TeamTest/2010">
  <Times creation="2026-07-12T20:28:23.1748692-03:00" queuing="2026-07-12T20:28:23.1748701-03:00" start="2026-07-12T20:28:06.5850083-03:00" finish="2026-07-12T20:35:21.7179705-03:00" />
  <TestSettings name="default" id="47386584-cf03-4fb0-8b0e-eff1c199b541">
    <Deployment runDeploymentRoot="nns_LE3126008018421_2026-07-12_20_28_23" />
  </TestSettings>
  <Results>
    <UnitTestResult executionId="7542264f-a1d6-4f53-9861-b3908b4f55d8" testId="cd6d4aea-68bb-8bc0-1577-414f9f23bd09" testName="DotNet.Testcontainers.Tests.Unit.DockerRegistryAuthenticationProviderTest+Base64ProviderTest.ShouldGetAuthConfig(jsonDocument: &quot;{\&quot;auths\&quot;:{\&quot;https://index.docker.io/v1/\&quot;:{\&quot;ide&quot;···, expectedUsername: null, expectedPassword: null, expectedIdentityToken: &quot;identitytoken&quot;)" computerName="LE3126008018421" duration="00:00:00.0012319" startTime="2026-07-12T20:29:31.6497109-03:00" endTime="2026-07-12T20:29:31.6510014-03:00" testType="13cdc9d9-ddb5-4fa4-a97d-d965ccfc6d4b" outcome="Passed" testListId="8c84fa94-04c1-424b-9868-57a2d4851a1d" relativeResultsDirectory="7542264f-a1d6-4f53-9861-b3908b4f55d8" />
    <UnitTestResult executionId="6196d46b-2141-45f2-9028-9c3906b55f36" testId="f35796fc-b890-87cf-1f8c-7731919a12e5" testName="DotNet.Testcontainers.Tests.Unit.BuildConfigurationTest.AppendDictionaryCompose(oldValue: [[&quot;A&quot;] = &quot;old&quot;], newValue: [], expected: [[&quot;A&quot;] = &quot;old&quot;])" computerName="LE3126008018421" duration="00:00:00.0104832" startTime="2026-07-12T20:28:22.1628617-03:00" endTime="2026-07-12T20:28:22.1734585-03:00" testType="13cdc9d9-ddb5-4fa4-a97d-d965ccfc6d4b" outcome="Passed" testListId="8c84fa94-04c1-424b-9868-57a2d4851a1d" relativeResultsDirectory="6196d46b-2141-45f2-9028-9c3906b55f36" />
    <UnitTestResult executionId="c6a737d9-a9eb-42dd-8875-88a5e08a4b01" testId="dbeebf72-9f5c-b44c-6f4a-1a4f331f194e" testName="DotNet.Testcontainers.Tests.Unit.TestcontainersImageTest.ShouldThrowArgumentExceptionIfImageIsInvalidReferenceFormat(image: &quot;baz/:foo/bar:1.0.0&quot;)" computerName="LE3126008018421" duration="00:00:00.0009751" startTime="2026-07-12T20:28:22.2326509-03:00" endTime="2026-07-12T20:28:22.2336847-03:00" testType="13cdc9d9-ddb5-4fa4-a97d-d965ccfc6d4b" outcome="Passed" testListId="8c84fa94-04c1-424b-9868-57a2d4851a1d" relativeResultsDirectory="c6a737d9-a9eb-42dd-8875-88a5e08a4b01" />
    <UnitTestResult executionId="2a6d96ee-2bbb-413d-9037-583d07d194c5" testId="291288e5-c538-80bc-91f9-84919785a96f" testName="DotNet.Testcontainers.Tests.Unit.CustomConfigurationTest+EnvironmentConfigurationTest.GetDockerAuthConfigCustomConfiguration(propertyName: &quot;&quot;, propertyValue: &quot;&quot;, expected: null)" computerName="LE3126008018421" duration="00:00:00.0007925" startTime="2026-07-12T20:35:20.8643487-03:00" endTime="2026-07-12T20:35:20.8651679-03:00" testType="13cdc9d9-ddb5-4fa4-a97d-d965ccfc6d4b" outcome="Passed" testListId="8c84fa94-04c1-424b-9868-57a2d4851a1d" relativeResultsDirectory="2a6d96ee-2bbb-413d-9037-583d07d194c5" />
    <UnitTestResult executionId="7329f779-08c9-417a-9e3c-6f72675ecfb7" testId="0a6c5311-22b9-0801-a9bf-1f39555bce30" testName="DotNet.Testcontainers.Tests.Unit.DockerImageNameSubstitutionTest+HubImageNamePrefixIsSet.PrependForObjectConfiguration(hubImageNamePrefix: &quot;my.proxy.com&quot;, imageName: &quot;bar&quot;, expectedFullName: &quot;my.proxy.com/bar:latest&quot;)" computerName="LE3126008018421" duration="00:00:00.0000753" startTime="2026-07-12T20:35:20.8263644-03:00" endTime="2026-07-12T20:35:20.8264595-03:00" testType="13cdc9d9-ddb5-4fa4-a97d-d965ccfc6d4b" outcome="Passed" testListId="8c84fa94-04c1-424b-9868-57a2d4851a1d" relativeResultsDirectory="7329f779-08c9-417a-9e3c-6f72675ecfb7" />
    <UnitTestResult executionId="1300c00c-b463-40ff-9546-b24e2b35cb5c" testId="ce00b680-4589-702a-338c-0bcd1f6f7d41" testName="DotNet.Testcontainers.Tests.Unit.DockerRegistryAuthenticationProviderTest+CredsStoreProviderTest.ShouldGetAuthConfig" computerName="LE3126008018421" duration="00:00:01.7250583" startTime="2026-07-12T20:29:45.9196816-03:00" endTime="2026-07-12T20:29:47.6447806-03:00" testType="13cdc9d9-ddb5-4fa4-a97d-d965ccfc6d4b" outcome="Passed" testListId="8c84fa94-04c1-424b-9868-57a2d4851a1d" relativeResultsDirectory="1300c00c-b463-40ff-9546-b24e2b35cb5c" />
    <UnitTestResult executionId="d3da2f2e-c725-4721-90f2-e5fcf606aa5e" testId="d801bf45-1609-f4a2-de1d-c893b5b2842a" testName="DotNet.Testcontainers.Tests.Unit.DockerRegistryAuthenticationProviderTest+Base64ProviderTest.ResolvePartialDockerRegistry(jsonDocument: &quot;{\&quot;auths\&quot;:{\&quot;docker.io\&quot;:{}}}&quot;, hostname: &quot;docker.io&quot;, expectedResult: True)" computerName="LE3126008018421" duration="00:00:00.0001453" startTime="2026-07-12T20:29:31.6485211-03:00" endTime="2026-07-12T20:29:31.6487189-03:00" testType="13cdc9d9-ddb5-4fa4-a97d-d965ccfc6d4b" outcome="Passed" testListId="8c84fa94-04c1-424b-9868-57a2d4851a1d" relativeResultsDirectory="d3da2f2e-c725-4721-90f2-e5fcf606aa5e" />
    <UnitTestResult executionId="945d6fba-9df9-46da-8dea-dd109afe927c" testId="d5a8afc2-bed2-72d4-8afa-3b659f7b7aee" testName="DotNet.Testcontainers.Tests.Unit.DockerRegistryAuthenticationProviderTest+Base64ProviderTest.ResolvePartialDockerRegistry(jsonDocument: &quot;{\&quot;auths\&quot;:{\&quot;https://ghcr.io\&quot;:{}}}&quot;, hostname: &quot;ghcr.io&quot;, expectedResult: True)" computerName="LE3126008018421" duration="00:00:00.0008294" startTime="2026-07-12T20:29:31.6368603-03:00" endTime="2026-07-12T20:29:31.6377572-03:00" testType="13cdc9d9-ddb5-4fa4-a97d-d965ccfc6d4b" outcome="Passed" testListId="8c84fa94-04c1-424b-9868-57a2d4851a1d" relativeResultsDirectory="945d6fba-9df9-46da-8dea-dd109afe927c" />
    <UnitTestResult executionId="4c40b981-b5f6-4a2a-b2ce-076ace994865" testId="1d2e6ef0-7c59-7396-fafd-752bf1f2c03e" testName="DotNet.Testcontainers.Tests.Unit.DockerConfigTests+DockerContextConfigurationTests.ReturnsDefaultEndpointWhenDockerContextIsDefault" computerName="LE3126008018421" duration="00:00:00.5598730" startTime="2026-07-12T20:29:47.9563325-03:00" endTime="2026-07-12T20:29:48.5162699-03:00" testType="13cdc9d9-ddb5-4fa4-a97d-d965ccfc6d4b" outcome="Passed" testListId="8c84fa94-04c1-424b-9868-57a2d4851a1d" relativeResultsDirectory="4c40b981-b5f6-4a2a-b2ce-076ace994865" />
    <UnitTestResult executionId="1fa20533-e481-4266-90ee-52248ac8d002" testId="e93bb73a-554a-a6ec-ddc2-11b26a81420e" testName="DotNet.Testcontainers.Tests.Unit.DockerRegistryAuthenticationProviderTest+Base64ProviderTest.ShouldGetNull(jsonDocument: &quot;{\&quot;auths\&quot;:{\&quot;https://index.docker.io/v1/\&quot;:{\&quot;aut&quot;···, isApplicable: True, logMessage: &quot;The \&quot;auth\&quot; property value for https://index.dock&quot;···)" computerName="LE3126008018421" duration="00:00:00.0005762" startTime="2026-07-12T20:29:31.6147260-03:00" endTime="2026-07-12T20:29:31.6153620-03:00" testType="13cdc9d9-ddb5-4fa4-a97d-d965ccfc6d4b" outcome="Passed" testListId="8c84fa94-04c1-424b-9868-57a2d4851a1d" relativeResultsDirectory="1fa20533-e481-4266-90ee-52248ac8d002" />
    <UnitTestResult executionId="6128eacf-6f2d-49f3-b8c9-ac87e5cc648d" testId="04032a33-b634-c4e5-6e6f-596bfbd7fdbf" testName="DotNet.Testcontainers.Tests.Unit.ResourcePropertiesTest.QueryNotExistingDockerContainerById" computerName="LE3126008018421" duration="00:00:00.0408109" startTime="2026-07-12T20:28:56.4820914-03:00" endTime="2026-07-12T20:28:56.5230656-03:00" testType="13cdc9d9-ddb5-4fa4-a97d-d965ccfc6d4b" outcome="Passed" testListId="8c84fa94-04c1-424b-9868-57a2d4851a1d" relativeResultsDirectory="6128eacf-6f2d-49f3-b8c9-ac87e5cc648d" />
    <UnitTestResult executionId="6c525bca-1944-42fa-a729-e20a711e6b91" testId="e027c78f-9753-ace2-2f49-fb8067d84d03" testName="DotNet.Testcontainers.Tests.Unit.DockerRegistryAuthenticationProviderTest+CredsHelperProviderTest.ShouldGetAuthConfig(credHelperName: &quot;password&quot;, expectedUsername: &quot;username&quot;, expectedPassword: &quot;password&quot;, expectedIdentityToken: null)" computerName="LE3126008018421" duration="00:00:00.8779602" startTime="2026-07-12T20:28:22.3837734-03:00" endTime="2026-07-12T20:28:23.2618902-03:00" testType="13cdc9d9-ddb5-4fa4-a97d-d965ccfc6d4b" outcome="Passed" testListId="8c84fa94-04c1-424b-9868-57a2d4851a1d" relativeResultsDirectory="6c525bca-1944-42fa-a729-e20a711e6b91" />
    <UnitTestResult executionId="46d22a62-3345-411c-b125-8afa7a429d2c" testId="b2889560-5fa5-d78d-35de-55e345a428c5" testName="DotNet.Testcontainers.Tests.Unit.DockerConfigTests+DockerHostConfigurationTests.ReturnsConfiguredEndpointWhenDockerHostIsSet" computerName="LE3126008018421" duration="00:00:00.0797760" startTime="2026-07-12T20:30:05.7929841-03:00" endTime="2026-07-12T20:30:05.8728453-03:00" testType="13cdc9d9-ddb5-4fa4-a97d-d965ccfc6d4b" outcome="Passed" testListId="8c84fa94-04c1-424b-9868-57a2d4851a1d" relativeResultsDirectory="46d22a62-3345-411c-b125-8afa7a429d2c" />
    <UnitTestResult executionId="64730951-f832-4601-a15b-46f9ee9da528" testId="d15e583f-cf63-d0c3-5e28-ceeccc0e8ff2" testName="DotNet.Testcontainers.Tests.Unit.ImageFromDockerfileTest.BuildsDockerAlpineImage(dockerfile: &quot;.\\Dockerfile&quot;)" computerName="LE3126008018421" duration="00:00:43.1320723" startTime="2026-07-12T20:34:14.3762311-03:00" endTime="2026-07-12T20:34:57.5084662-03:00" testType="13cdc9d9-ddb5-4fa4-a97d-d965ccfc6d4b" outcome="Passed" testListId="8c84fa94-04c1-424b-9868-57a2d4851a1d" relativeResultsDirectory="64730951-f832-4601-a15b-46f9ee9da528" />
    <UnitTestResult executionId="84773a0d-2bd4-4c06-a84f-32e0808445bb" testId="d997a335-4b6b-8ab5-2a4d-c175bd659518" testName="DotNet.Testcontainers.Tests.Unit.DockerEndpointAuthenticationProviderTest.AuthProviderShouldBeApplicable(authProvider: TlsEndpointAuthenticationProvider { LastException = null }, isApplicable: True)" computerName="LE3126008018421" duration="00:00:00.0000306" startTime="2026-07-12T20:28:22.1982033-03:00" endTime="2026-07-12T20:28:22.1982659-03:00" testType="13cdc9d9-ddb5-4fa4-a97d-d965ccfc6d4b" outcome="Passed" testListId="8c84fa94-04c1-424b-9868-57a2d4851a1d" relativeResultsDirectory="84773a0d-2bd4-4c06-a84f-32e0808445bb" />
    <UnitTestResult executionId="41e5eb0f-074a-4997-b866-cb4382792ef7" testId="354c18eb-29e6-38e5-576b-060a6291d63c" testName="DotNet.Testcontainers.Tests.Unit.DockerRegistryAuthenticationProviderTest+CredsHelperProviderTest.ShouldGetNull(jsonDocument: &quot;{\&quot;credHelpers\&quot;:{\&quot;https://index.docker.io/v1/\&quot;:&quot;···, isApplicable: True)" computerName="LE3126008018421" duration="00:00:00.0000999" startTime="2026-07-12T20:28:22.3371705-03:00" endTime="2026-07-12T20:28:22.3373372-03:00" testType="13cdc9d9-ddb5-4fa4-a97d-d965ccfc6d4b" outcome="Passed" testListId="8c84fa94-04c1-424b-9868-57a2d4851a1d" relativeResultsDirectory="41e5eb0f-074a-4997-b866-cb4382792ef7" />
    <UnitTestResult executionId="0c1db0cd-de2d-4254-b217-ed0a79144014" testId="1052164b-a8dd-0084-863b-61f002508f8e" testName="DotNet.Testcontainers.Tests.Unit.CustomConfigurationTest+PropertiesFileConfigurationTest.GetDockerAuthConfigCustomConfiguration(configuration: &quot;docker.auth.config=&quot;, expected: null)" computerName="LE3126008018421" duration="00:00:00.0000549" startTime="2026-07-12T20:28:22.1951164-03:00" endTime="2026-07-12T20:28:22.1952143-03:00" testType="13cdc9d9-ddb5-4fa4-a97d-d965ccfc6d4b" outcome="Passed" testListId="8c84fa94-04c1-424b-9868-57a2d4851a1d" relativeResultsDirectory="0c1db0cd-de2d-4254-b217-ed0a79144014" />
    <UnitTestResult executionId="aa265bca-4dec-4a22-98c1-7ae0785378e0" testId="e6c19c7e-3cff-17b9-9f34-56875a38841f" testName="DotNet.Testcontainers.Tests.Unit.ProtectDockerDaemonSocketTest+Tls.GetVersionReturnsVersion" computerName="LE3126008018421" duration="00:00:00.5941225" startTime="2026-07-12T20:29:41.2053065-03:00" endTime="2026-07-12T20:29:41.7995576-03:00" testType="13cdc9d9-ddb5-4fa4-a97d-d965ccfc6d4b" outcome="Passed" testListId="8c84fa94-04c1-424b-9868-57a2d4851a1d" relativeResultsDirectory="aa265bca-4dec-4a22-98c1-7ae0785378e0" />
    <UnitTestResult executionId="4b1bb217-dbe9-4dda-95e0-ed134e7b9c72" testId="2bbaca9f-1fb5-545e-006f-f17900d85acb" testName="DotNet.Testcontainers.Tests.Unit.CustomConfigurationTest+PropertiesFileConfigurationTest.GetDockerHostCustomConfiguration(configuration: &quot;docker.host=tcp://127.0.0.1:2375/&quot;, expected: &quot;tcp://127.0.0.1:2375/&quot;)" computerName="LE3126008018421" duration="00:00:00.0001106" startTime="2026-07-12T20:28:22.2935466-03:00" endTime="2026-07-12T20:28:22.2937151-03:00" testType="13cdc9d9-ddb5-4fa4-a97d-d965ccfc6d4b" outcome="Passed" testListId="8c84fa94-04c1-424b-9868-57a2d4851a1d" relativeResultsDirectory="4b1bb217-dbe9-4dda-95e0-ed134e7b9c72" />
    <UnitTestResult executionId="66aff790-743d-4643-bcfb-58ec4d5f3380" testId="884260e9-f9ca-db4c-9c54-3835c0338958" testName="DotNet.Testcontainers.Tests.Unit.TestcontainersVolumeBuilderTest.GetNameReturnsVolumeName" computerName="LE3126008018421" duration="00:00:00.0007112" startTime="2026-07-12T20:28:56.6933972-03:00" endTime="2026-07-12T20:28:56.6943603-03:00" testType="13cdc9d9-ddb5-4fa4-a97d-d965ccfc6d4b" outcome="Passed" testListId="8c84fa94-04c1-424b-9868-57a2d4851a1d" relativeResultsDirectory="66aff790-743d-4643-bcfb-58ec4d5f3380" />
    <UnitTestResult executionId="0a486fa8-33d1-4334-a960-7bf3c12ba901" testId="761a8efa-0d3c-1872-f410-f12853f48af1" testName="DotNet.Testcontainers.Tests.Unit.CustomConfigurationTest+EnvironmentConfigurationTest.GetNamedPipeConnectionTimeoutCustomConfiguration(propertyName: &quot;TESTCONTAINERS_NAMED_PIPE_CONNECTION_TIMEOUT&quot;, propertyValue: &quot;00:00:01&quot;, expected: &quot;00:00:01&quot;)" computerName="LE3126008018421" duration="00:00:00.0003021" startTime="2026-07-12T20:35:20.8621428-03:00" endTime="2026-07-12T20:35:20.8624682-03:00" testType="13cdc9d9-ddb5-4fa4-a97d-d965ccfc6d4b" outcome="Passed" testListId="8c84fa94-04c1-424b-9868-57a2d4851a1d" relativeResultsDirectory="0a486fa8-33d1-4334-a960-7bf3c12ba901" />
    <UnitTestResult executionId="aba35969-acde-4e46-b00f-d2515098508d" testId="46ac1d44-f705-c44a-7f93-87b77fd01a7a" testName="DotNet.Testcontainers.Tests.Unit.TestcontainersContainerTest+WithConfiguration.ParameterModifiers" computerName="LE3126008018421" duration="00:00:06.6135972" startTime="2026-07-12T20:34:19.4031733-03:00" endTime="2026-07-12T20:34:26.0168307-03:00" testType="13cdc9d9-ddb5-4fa4-a97d-d965ccfc6d4b" outcome="Passed" testListId="8c84fa94-04c1-424b-9868-57a2d4851a1d" relativeResultsDirectory="aba35969-acde-4e46-b00f-d2515098508d" />
    <UnitTestResult executionId="10c6f014-c6b7-4cc6-a2ea-b081c50e6a79" testId="476a2952-e52c-956e-31da-8275ff8539c5" testName="DotNet.Testcontainers.Tests.Unit.DockerEndpointAuthenticationProviderTest.AuthConfigShouldGetDockerClientEndpoint(authConfig: DotNet.Testcontainers.Configurations.DockerEndpointAuthenticationConfiguration, dockerClientEndpoint: tcp://127.0.0.1:2375/)" computerName="LE3126008018421" duration="00:00:00.0001555" startTime="2026-07-12T20:28:22.2920137-03:00" endTime="2026-07-12T20:28:22.2922362-03:00" testType="13cdc9d9-ddb5-4fa4-a97d-d965ccfc6d4b" outcome="Passed" testListId="8c84fa94-04c1-424b-9868-57a2d4851a1d" relativeResultsDirectory="10c6f014-c6b7-4cc6-a2ea-b081c50e6a79" />
    <UnitTestResult executionId="b84c9eee-29ac-4ce9-a621-50aabc5732c2" testId="83c4da42-4164-edc0-4b47-4cba28ca3585" testName="DotNet.Testcontainers.Tests.Unit.TestcontainersImageTest.WhenImageNameGetsAssigned(serializable: DockerImageFixtureSerializable { Image = DockerImage { Digest = null, FullName = &quot;baz:latest&quot;, Platform = null, Registry = null, Repository = &quot;baz&quot;, ··· } }, image: &quot;baz:latest&quot;, fullName: &quot;baz:latest&quot;)" computerName="LE3126008018421" duration="00:00:00.0000556" startTime="2026-07-12T20:28:22.2237249-03:00" endTime="2026-07-12T20:28:22.2238172-03:00" testType="13cdc9d9-ddb5-4fa4-a97d-d965ccfc6d4b" outcome="Passed" testListId="8c84fa94-04c1-424b-9868-57a2d4851a1d" relativeResultsDirectory="b84c9eee-29ac-4ce9-a621-50aabc5732c2" />
    <UnitTestResult executionId="515728d0-9db8-4de0-95da-592a596348d4" testId="403cc5e5-72db-7d7a-1d21-607a115f5936" testName="DotNet.Testcontainers.Tests.Unit.IgnoreFileTest.AcceptOrDenyNonRecursivePatterns(ignoreFile: IgnoreFile { }, path: &quot;bin/Debug&quot;, expected: False)" computerName="LE3126008018421" duration="00:00:00.0009047" startTime="2026-07-12T20:29:47.9357941-03:00" endTime="2026-07-12T20:29:47.9367916-03:00" testType="13cdc9d9-ddb5-4fa4-a97d-d965ccfc6d4b" outcome="Passed" testListId="8c84fa94-04c1-424b-9868-57a2d4851a1d" relativeResultsDirectory="515728d0-9db8-4de0-95da-592a596348d4" />
    <UnitTestResult executionId="511f2ae4-d4d8-4293-bead-9b6e83c647b8" testId="d997a335-4b6b-8ab5-2a4d-c175bd659518" testName="DotNet.Testcontainers.Tests.Unit.DockerEndpointAuthenticationProviderTest.AuthProviderShouldBeApplicable(authProvider: EnvironmentEndpointAuthenticationProvider { LastException = null }, isApplicable: False)" computerName="LE3126008018421" duration="00:00:00.0000450" startTime="2026-07-12T20:28:22.1982944-03:00" endTime="2026-07-12T20:28:22.1983910-03:00" testType="13cdc9d9-ddb5-4fa4-a97d-d965ccfc6d4b" outcome="Passed" testListId="8c84fa94-04c1-424b-9868-57a2d4851a1d" relativeResultsDirectory="511f2ae4-d4d8-4293-bead-9b6e83c647b8" />
    <UnitTestResult executionId="5defa121-e3a5-4154-8806-8a99b9b95936" testId="fd5ab870-d736-2a00-24b6-8f37bf066bf1" testName="DotNet.Testcontainers.Tests.Unit.TestcontainersContainerTest+WithConfiguration.HostnameShouldMatchDockerGatewayAddress(expectedHostname: &quot;docker&quot;, endpoint: &quot;http://docker&quot;)" computerName="LE3126008018421" duration="00:00:00.0001035" startTime="2026-07-12T20:31:28.2898255-03:00" endTime="2026-07-12T20:31:28.2899436-03:00" testType="13cdc9d9-ddb5-4fa4-a97d-d965ccfc6d4b" outcome="Passed" testListId="8c84fa94-04c1-424b-9868-57a2d4851a1d" relativeResultsDirectory="5defa121-e3a5-4154-8806-8a99b9b95936" />
    <UnitTestResult executionId="6aba97b9-316f-4cc9-a18e-3c786bb93fcf" testId="d21b8b64-0e93-b313-76c8-fd529377b2aa" testName="DotNet.Testcontainers.Tests.Unit.CustomConfigurationTest+PropertiesFileConfigurationTest.GetDockerApiVersionCustomConfiguration(configuration: &quot;&quot;, expected: null)" computerName="LE3126008018421" duration="00:00:00.0004349" startTime="2026-07-12T20:28:22.2980388-03:00" endTime="2026-07-12T20:28:22.2985379-03:00" testType="13cdc9d9-ddb5-4fa4-a97d-d965ccfc6d4b" outcome="Passed" testListId="8c84fa94-04c1-424b-9868-57a2d4851a1d" relativeResultsDirectory="6aba97b9-316f-4cc9-a18e-3c786bb93fcf" />
    <UnitTestResult executionId="327489fb-0a09-42ae-8b84-4bbb741e2302" testId="460a1c45-a432-cffd-06c3-5e954b0fc8fa" testName="DotNet.Testcontainers.Tests.Unit.BuildConfigurationTest.AppendEnumerableCompose(oldValue: [&quot;old&quot;], newValue: [&quot;new&quot;], expected: [&quot;old&quot;, &quot;new&quot;])" computerName="LE3126008018421" duration="00:00:00.0007790" startTime="2026-07-12T20:28:22.1967508-03:00" endTime="2026-07-12T20:28:22.1975834-03:00" testType="13cdc9d9-ddb5-4fa4-a97d-d965ccfc6d4b" outcome="Passed" testListId="8c84fa94-04c1-424b-9868-57a2d4851a1d" relativeResultsDirectory="327489fb-0a09-42ae-8b84-4bbb741e2302" />
    <UnitTestResult executionId="b1832b00-ae9c-4275-b504-2dbae5bfe841" testId="15678f3a-a010-5ed3-3927-9ec3a538e71c" testName="DotNet.Testcontainers.Tests.Unit.CustomConfigurationTest+EnvironmentConfigurationTest.GetDockerHostCustomConfiguration(propertyName: &quot;DOCKER_HOST&quot;, propertyValue: &quot;&quot;, expected: null)" computerName="LE3126008018421" duration="00:00:00.0010486" startTime="2026-07-12T20:35:20.9128280-03:00" endTime="2026-07-12T20:35:20.9139067-03:00" testType="13cdc9d9-ddb5-4fa4-a97d-d965ccfc6d4b" outcome="Passed" testListId="8c84fa94-04c1-424b-9868-57a2d4851a1d" relativeResultsDirectory="b1832b00-ae9c-4275-b504-2dbae5bfe841" />
    <UnitTestResult executionId="4bf99063-a84c-43f1-8349-ea82c217e29f" testId="91e96a8b-1e46-7a9e-0ea7-002b0674f652" testName="DotNet.Testcontainers.Tests.Unit.BuildConfigurationTest.CombineComposableEnumerables(oldValue: [···], newValue: [···], expected: [&quot;3&quot;, &quot;4&quot;])" computerName="LE3126008018421" duration="00:00:00.0000615" startTime="2026-07-12T20:28:22.2319632-03:00" endTime="2026-07-12T20:28:22.2321104-03:00" testType="13cdc9d9-ddb5-4fa4-a97d-d965ccfc6d4b" outcome="Passed" testListId="8c84fa94-04c1-424b-9868-57a2d4851a1d" relativeResultsDirectory="4bf99063-a84c-43f1-8349-ea82c217e29f" />
    <UnitTestResult executionId="40f6753e-2e84-41d6-9f02-617129e417b8" testId="403cc5e5-72db-7d7a-1d21-607a115f5936" testName="DotNet.Testcontainers.Tests.Unit.IgnoreFileTest.AcceptOrDenyNonRecursivePatterns(ignoreFile: IgnoreFile { }, path: &quot;lipsum/temp&quot;, expected: True)" computerName="LE3126008018421" duration="00:00:00.0000740" startTime="2026-07-12T20:29:47.9511685-03:00" endTime="2026-07-12T20:29:47.9512596-03:00" testType="13cdc9d9-ddb5-4fa4-a97d-d965ccfc6d4b" outcome="Passed" testListId="8c84fa94-04c1-424b-9868-57a2d4851a1d" relativeResultsDirectory="40f6753e-2e84-41d6-9f02-617129e417b8" />
    <UnitTestResult executionId="12173f21-814e-4aa3-a1c6-12d0fe0429ee" testId="476a2952-e52c-956e-31da-8275ff8539c5" testName="DotNet.Testcontainers.Tests.Unit.DockerEndpointAuthenticationProviderTest.AuthConfigShouldGetDockerClientEndpoint(authConfig: DotNet.Testcontainers.Configurations.DockerEndpointAuthenticationConfiguration, dockerClientEndpoint: tcp://127.0.0.1:2375/)" computerName="LE3126008018421" duration="00:00:00.0023017" startTime="2026-07-12T20:28:22.2848540-03:00" endTime="2026-07-12T20:28:22.2872469-03:00" testType="13cdc9d9-ddb5-4fa4-a97d-d965ccfc6d4b" outcome="Passed" testListId="8c84fa94-04c1-424b-9868-57a2d4851a1d" relativeResultsDirectory="12173f21-814e-4aa3-a1c6-12d0fe0429ee" />
    <UnitTestResult executionId="a0445a4e-534f-4996-af72-eb68eb90fce3" testId="04bb6010-91db-6b77-ef96-d4e56e9590a4" testName="DotNet.Testcontainers.Tests.Unit.CustomConfigurationTest+PropertiesFileConfigurationTest.GetRyukDisabledCustomConfiguration(configuration: &quot;ryuk.disabled=false&quot;, expected: False)" computerName="LE3126008018421" duration="00:00:00.0007775" startTime="2026-07-12T20:28:22.2062214-03:00" endTime="2026-07-12T20:28:22.2070590-03:00" testType="13cdc9d9-ddb5-4fa4-a97d-d965ccfc6d4b" outcome="Passed" testListId="8c84fa94-04c1-424b-9868-57a2d4851a1d" relativeResultsDirectory="a0445a4e-534f-4996-af72-eb68eb90fce3" />
    <UnitTestResult executionId="81e3c44f-45a6-43c3-af80-b33546433329" testId="15d42dde-c5ba-5851-9005-e8611120d608" testName="DotNet.Testcontainers.Tests.Unit.DockerRegistryAuthenticationProviderTest+CredsHelperProviderTest.ShouldGetNull(jsonDocument: &quot;{\&quot;credHelpers\&quot;:null}&quot;, isApplicable: False)" computerName="LE3126008018421" duration="00:00:00.0013308" startTime="2026-07-12T20:28:22.3351310-03:00" endTime="2026-07-12T20:28:22.3365668-03:00" testType="13cdc9d9-ddb5-4fa4-a97d-d965ccfc6d4b" outcome="Passed" testListId="8c84fa94-04c1-424b-9868-57a2d4851a1d" relativeResultsDirectory="81e3c44f-45a6-43c3-af80-b33546433329" />
    <UnitTestResult executionId="621ffe3e-edba-4b7b-9cda-e2d69e907cea" testId="2fd9552c-481d-af31-34a3-55d9b3a54547" testName="DotNet.Testcontainers.Tests.Unit.CustomConfigurationTest+PropertiesFileConfigurationTest.GetDockerAuthConfigCustomConfiguration(configuration: &quot;docker.auth.config={\&quot;auths\&quot;:{}}&quot;, expected: &quot;{\&quot;auths\&quot;:{}}&quot;)" computerName="LE3126008018421" duration="00:00:00.0007129" startTime="2026-07-12T20:28:22.1928135-03:00" endTime="2026-07-12T20:28:22.1936136-03:00" testType="13cdc9d9-ddb5-4fa4-a97d-d965ccfc6d4b" outcome="Passed" testListId="8c84fa94-04c1-424b-9868-57a2d4851a1d" relativeResultsDirectory="621ffe3e-edba-4b7b-9cda-e2d69e907cea" />
    <UnitTestResult executionId="2679341c-8284-4e1b-bb4b-183567d3d173" testId="4bcd291b-be11-f083-20c2-531f422a0fd8" testName="DotNet.Testcontainers.Tests.Unit.DockerRegistryAuthenticationProviderTest+Base64ProviderTest.ResolvePartialDockerRegistry(jsonDocument: &quot;{\&quot;auths\&quot;:{\&quot;http://ghcr.io\&quot;:{}}}&quot;, hostname: &quot;ghcr.io&quot;, expectedResult: True)" computerName="LE3126008018421" duration="00:00:00.0005696" startTime="2026-07-12T20:29:31.6357313-03:00" endTime="2026-07-12T20:29:31.6363796-03:00" testType="13cdc9d9-ddb5-4fa4-a97d-d965ccfc6d4b" outcome="Passed" testListId="8c84fa94-04c1-424b-9868-57a2d4851a1d" relativeResultsDirectory="2679341c-8284-4e1b-bb4b-183567d3d173" />
    <UnitTestResult executionId="b261f9ad-9e75-49b9-94e1-168f7ba2f11f" testId="8d66f5b1-0f4c-5ff1-2793-19b7da33a2c6" testName="DotNet.Testcontainers.Tests.Unit.DockerImageNameSubstitutionTest+HubImageNamePrefixIsSet.PrependForObjectConfiguration(hubImageNamePrefix: &quot;my.proxy.com:443&quot;, imageName: &quot;bar:1.0.0&quot;, expectedFullName: &quot;my.proxy.com:443/bar:1.0.0&quot;)" computerName="LE3126008018421" duration="00:00:00.0001167" startTime="2026-07-12T20:35:20.8254707-03:00" endTime="2026-07-12T20:35:20.8256101-03:00" testType="13cdc9d9-ddb5-4fa4-a97d-d965ccfc6d4b" outcome="Passed" testListId="8c84fa94-04c1-424b-9868-57a2d4851a1d" relativeResultsDirectory="b261f9ad-9e75-49b9-94e1-168f7ba2f11f" />
    <UnitTestResult executionId="926ebfd7-59c9-438b-88d3-1abf92159e4f" testId="71e1241f-9fa5-1d34-0f72-5f6d6b6a5930" testName="DotNet.Testcontainers.Tests.Unit.GuardTest+NullPreconditions+DoNotThrowException.IfNull" computerName="LE3126008018421" duration="00:00:00.0005691" startTime="2026-07-12T20:30:06.3980639-03:00" endTime="2026-07-12T20:30:06.3986651-03:00" testType="13cdc9d9-ddb5-4fa4-a97d-d965ccfc6d4b" outcome="Passed" testListId="8c84fa94-04c1-424b-9868-57a2d4851a1d" relativeResultsDirectory="926ebfd7-59c9-438b-88d3-1abf92159e4f" />
    <UnitTestResult executionId="6ac32e28-0cc2-49de-9705-c6d821e7e9f6" testId="4a94f724-03f1-629e-db8b-0653e2963525" testName="DotNet.Testcontainers.Tests.Unit.DockerRegistryAuthenticationProviderTest.GetHostnameFromDockerImage(dockerImageName: &quot;baz/foo/bar:1.0.0&quot;, hostname: null)" computerName="LE3126008018421" duration="00:00:00.0000475" startTime="2026-07-12T20:29:47.8590154-03:00" endTime="2026-07-12T20:29:47.8590873-03:00" testType="13cdc9d9-ddb5-4fa4-a97d-d965ccfc6d4b" outcome="Passed" testListId="8c84fa94-04c1-424b-9868-57a2d4851a1d" relativeResultsDirectory="6ac32e28-0cc2-49de-9705-c6d821e7e9f6" />
    <UnitTestResult executionId="81501550-1175-4f4d-aa8d-a57506945ac8" testId="0a7b998b-be58-8bfe-befa-009e9991cd2e" testName="DotNet.Testcontainers.Tests.Unit.BuildConfigurationTest.OverwriteDictionaryCompose(oldValue: [[&quot;A&quot;] = &quot;old&quot;], newValue: [[&quot;B&quot;] = &quot;new&quot;], expected: [[&quot;B&quot;] = &quot;new&quot;])" computerName="LE3126008018421" duration="00:00:00.0000534" startTime="2026-07-12T20:28:22.2068301-03:00" endTime="2026-07-12T20:28:22.2069201-03:00" testType="13cdc9d9-ddb5-4fa4-a97d-d965ccfc6d4b" outcome="Passed" testListId="8c84fa94-04c1-424b-9868-57a2d4851a1d" relativeResultsDirectory="81501550-1175-4f4d-aa8d-a57506945ac8" />
    <UnitTestResult executionId="a121b664-b8f2-49d5-8376-6befa917e21e" testId="cc8b6444-ee26-cd4d-dadd-e41665352c63" testName="DotNet.Testcontainers.Tests.Unit.TestcontainersImageTest.WhenImageNameGetsAssigned(serializable: DockerImageFixtureSerializable { Image = DockerImage { Digest = null, FullName = &quot;foo/bar/baz:1.0.0&quot;, Platform = null, Registry = null, Repository = &quot;foo/bar/baz&quot;, ··· } }, image: &quot;foo/bar/baz:1.0.0&quot;, fullName: &quot;foo/bar/baz:1.0.0&quot;)" computerName="LE3126008018421" duration="00:00:00.0005950" startTime="2026-07-12T20:28:22.2254290-03:00" endTime="2026-07-12T20:28:22.2261001-03:00" testType="13cdc9d9-ddb5-4fa4-a97d-d965ccfc6d4b" outcome="Passed" testListId="8c84fa94-04c1-424b-9868-57a2d4851a1d" relativeResultsDirectory="a121b664-b8f2-49d5-8376-6befa917e21e" />
    <UnitTestResult executionId="9ad021d5-63f4-4568-92a9-5ec0f987bc5b" testId="403cc5e5-72db-7d7a-1d21-607a115f5936" testName="DotNet.Testcontainers.Tests.Unit.IgnoreFileTest.AcceptOrDenyNonRecursivePatterns(ignoreFile: IgnoreFile { }, path: &quot;lipsum/temp&quot;, expected: False)" computerName="LE3126008018421" duration="00:00:00.0001663" startTime="2026-07-12T20:29:47.9400614-03:00" endTime="2026-07-12T20:29:47.9402635-03:00" testType="13cdc9d9-ddb5-4fa4-a97d-d965ccfc6d4b" outcome="Passed" testListId="8c84fa94-04c1-424b-9868-57a2d4851a1d" relativeResultsDirectory="9ad021d5-63f4-4568-92a9-5ec0f987bc5b" />
    <UnitTestResult executionId="7f4307ed-a03b-449e-a6f1-a5e7c7c13178" testId="62a8bfc9-f353-c41f-b366-6669a2acda17" testName="DotNet.Testcontainers.Tests.Unit.BuildConfigurationTest.CombineReadOnlyLists(oldValue: null, newValue: null, expected: [])" computerName="LE3126008018421" duration="00:00:00.0000918" startTime="2026-07-12T20:28:22.1307062-03:00" endTime="2026-07-12T20:28:22.1308549-03:00" testType="13cdc9d9-ddb5-4fa4-a97d-d965ccfc6d4b" outcome="Passed" testListId="8c84fa94-04c1-424b-9868-57a2d4851a1d" relativeResultsDirectory="7f4307ed-a03b-449e-a6f1-a5e7c7c13178" />
    <UnitTestResult executionId="e09ea603-ea9b-40a3-bbce-5e8b2f68feb4" testId="403cc5e5-72db-7d7a-1d21-607a115f5936" testName="DotNet.Testcontainers.Tests.Unit.IgnoreFileTest.AcceptOrDenyNonRecursivePatterns(ignoreFile: IgnoreFile { }, path: &quot;.git/refs/heads/main&quot;, expected: True)" computerName="LE3126008018421" duration="00:00:00.0000585" startTime="2026-07-12T20:29:47.9499825-03:00" endTime="2026-07-12T20:29:47.9500551-03:00" testType="13cdc9d9-ddb5-4fa4-a97d-d965ccfc6d4b" outcome="Passed" testListId="8c84fa94-04c1-424b-9868-57a2d4851a1d" relativeResultsDirectory="e09ea603-ea9b-40a3-bbce-5e8b2f68feb4" />
    <UnitTestResult executionId="fb83ffaa-5018-405c-8d36-736b15ecfeda" testId="63849430-ae6b-5978-78da-9065220ba823" testName="DotNet.Testcontainers.Tests.Unit.CustomConfigurationTest+PropertiesFileConfigurationTest.GetRyukContainerImageCustomConfiguration(configuration: &quot;&quot;, expected: null)" computerName="LE3126008018421" duration="00:00:00.0000570" startTime="2026-07-12T20:28:22.2971939-03:00" endTime="2026-07-12T20:28:22.2973071-03:00" testType="13cdc9d9-ddb5-4fa4-a97d-d965ccfc6d4b" outcome="Passed" testListId="8c84fa94-04c1-424b-9868-57a2d4851a1d" relativeResultsDirectory="fb83ffaa-5018-405c-8d36-736b15ecfeda" />
    <UnitTestResult executionId="e780ad38-76f1-4386-b09d-4dcdcd6ad1c3" testId="883cb4e0-5719-a336-4ce6-4e4affbe2438" testName="DotNet.Testcontainers.Tests.Unit.CustomConfigurationTest+EnvironmentConfigurationTest.GetDockerTlsCustomConfiguration(propertyName: &quot;DOCKER_TLS&quot;, propertyValue: &quot;FALSE&quot;, expected: False)" computerName="LE3126008018421" duration="00:00:00.0002948" startTime="2026-07-12T20:35:20.8880337-03:00" endTime="2026-07-12T20:35:20.8883538-03:00" testType="13cdc9d9-ddb5-4fa4-a97d-d965ccfc6d4b" outcome="Passed" testListId="8c84fa94-04c1-424b-9868-57a2d4851a1d" relativeResultsDirectory="e780ad38-76f1-4386-b09d-4dcdcd6ad1c3" />
    <UnitTestResult executionId="67604255-d4b4-482f-b619-f6b1f3bf8579" testId="96440805-bff8-228b-c8d5-2ecdb6cb9032" testName="DotNet.Testcontainers.Tests.Unit.ImageFromDockerfileTest.BuildsDockerAlpineImage(dockerfile: &quot;Dockerfile&quot;)" computerName="LE3126008018421" duration="00:00:39.2156613" startTime="2026-07-12T20:33:35.1537763-03:00" endTime="2026-07-12T20:34:14.3695323-03:00" testType="13cdc9d9-ddb5-4fa4-a97d-d965ccfc6d4b" outcome="Passed" testListId="8c84fa94-04c1-424b-9868-57a2d4851a1d" relativeResultsDirectory="67604255-d4b4-482f-b619-f6b1f3bf8579" />
    <UnitTestResult executionId="a06dd58a-ba27-4315-86b1-1197a85d3578" testId="91e96a8b-1e46-7a9e-0ea7-002b0674f652" testName="DotNet.Testcontainers.Tests.Unit.BuildConfigurationTest.CombineComposableEnumerables(oldValue: [···], newValue: [···], expected: [&quot;1&quot;, &quot;2&quot;, &quot;3&quot;, &quot;4&quot;, &quot;5&quot;])" computerName="LE3126008018421" duration="00:00:00.0000680" startTime="2026-07-12T20:28:22.2321468-03:00" endTime="2026-07-12T20:28:22.2322514-03:00" testType="13cdc9d9-ddb5-4fa4-a97d-d965ccfc6d4b" outcome="Passed" testListId="8c84fa94-04c1-424b-9868-57a2d4851a1d" relativeResultsDirectory="a06dd58a-ba27-4315-86b1-1197a85d3578" />
    <UnitTestResult executionId="8a54a48f-3053-4f2e-9815-cc20dc9a6785" testId="25aabefa-6fa8-93a7-beaa-216fa37e725a" testName="DotNet.Testcontainers.Tests.Unit.DockerRegistryAuthenticationProviderTest.GetHostnameFromDockerImage(dockerImageName: &quot;fedora/httpd:version1.0&quot;, hostname: null)" computerName="LE3126008018421" duration="00:00:00.0000649" startTime="2026-07-12T20:29:47.8572586-03:00" endTime="2026-07-12T20:29:47.8574576-03:00" testType="13cdc9d9-ddb5-4fa4-a97d-d965ccfc6d4b" outcome="Passed" testListId="8c84fa94-04c1-424b-9868-57a2d4851a1d" relativeResultsDirectory="8a54a48f-3053-4f2e-9815-cc20dc9a6785" />
    <UnitTestResult executionId="cd64433d-b884-4d17-92dc-3b5377e7f7a2" testId="85863b52-5d14-4da7-26b4-063d9b405a93" testName="DotNet.Testcontainers.Tests.Unit.CustomConfigurationTest+EnvironmentConfigurationTest.GetDockerContextCustomConfiguration(propertyName: &quot;DOCKER_CONTEXT&quot;, propertyValue: &quot;default&quot;, expected: &quot;default&quot;)" computerName="LE3126008018421" duration="00:00:00.0017543" startTime="2026-07-12T20:35:20.8412423-03:00" endTime="2026-07-12T20:35:20.8430736-03:00" testType="13cdc9d9-ddb5-4fa4-a97d-d965ccfc6d4b" outcome="Passed" testListId="8c84fa94-04c1-424b-9868-57a2d4851a1d" relativeResultsDirectory="cd64433d-b884-4d17-92dc-3b5377e7f7a2" />
    <UnitTestResult executionId="dc1f0cb2-3a70-4e5c-a5bc-3885a2bbbb53" testId="403cc5e5-72db-7d7a-1d21-607a115f5936" testName="DotNet.Testcontainers.Tests.Unit.IgnoreFileTest.AcceptOrDenyNonRecursivePatterns(ignoreFile: IgnoreFile { }, path: &quot;README-secret.md&quot;, expected: False)" computerName="LE3126008018421" duration="00:00:00.0000965" startTime="2026-07-12T20:29:47.9514032-03:00" endTime="2026-07-12T20:29:47.9515185-03:00" testType="13cdc9d9-ddb5-4fa4-a97d-d965ccfc6d4b" outcome="Passed" testListId="8c84fa94-04c1-424b-9868-57a2d4851a1d" relativeResultsDirectory="dc1f0cb2-3a70-4e5c-a5bc-3885a2bbbb53" />
    <UnitTestResult executionId="38cb6c33-a338-4bdf-90fb-832db74c2bc1" testId="19a99db6-4f9d-9eb1-ece1-06aa7ef3aca9" testName="DotNet.Testcontainers.Tests.Unit.CustomConfigurationTest+EnvironmentConfigurationTest.GetDockerTlsVerifyCustomConfiguration(propertyName: &quot;DOCKER_TLS_VERIFY&quot;, propertyValue: &quot;FALSE&quot;, expected: False)" computerName="LE3126008018421" duration="00:00:00.0002915" startTime="2026-07-12T20:35:20.9250471-03:00" endTime="2026-07-12T20:35:20.9253586-03:00" testType="13cdc9d9-ddb5-4fa4-a97d-d965ccfc6d4b" outcome="Passed" testListId="8c84fa94-04c1-424b-9868-57a2d4851a1d" relativeResultsDirectory="38cb6c33-a338-4bdf-90fb-832db74c2bc1" />
    <UnitTestResult executionId="5056e25c-2165-4d1a-82b7-b6d2ca2c795c" testId="99a83a6a-d43a-3387-5237-5ffe2da6f90d" testName="DotNet.Testcontainers.Tests.Unit.DockerRegistryAuthenticationProviderTest+Base64ProviderTest.ResolvePartialDockerRegistry(jsonDocument: &quot;{\&quot;auths\&quot;:{\&quot;ghcr.io\&quot;:{}}}&quot;, hostname: &quot;ghcr.io&quot;, expectedResult: True)" computerName="LE3126008018421" duration="00:00:00.0001086" startTime="2026-07-12T20:29:31.6404361-03:00" endTime="2026-07-12T20:29:31.6406045-03:00" testType="13cdc9d9-ddb5-4fa4-a97d-d965ccfc6d4b" outcome="Passed" testListId="8c84fa94-04c1-424b-9868-57a2d4851a1d" relativeResultsDirectory="5056e25c-2165-4d1a-82b7-b6d2ca2c795c" />
    <UnitTestResult executionId="fe92790d-89f8-4584-83d0-12ce7a051852" testId="c82a728e-a793-1a2e-0fe5-54b44785ad73" testName="DotNet.Testcontainers.Tests.Unit.CommonDirectoryPathTest.CommonDirectoryPathExists(commonDirectoryPath: DotNet.Testcontainers.Builders.CommonDirectoryPath)" computerName="LE3126008018421" duration="00:00:00.0001675" startTime="2026-07-12T20:28:22.0751633-03:00" endTime="2026-07-12T20:28:22.0753759-03:00" testType="13cdc9d9-ddb5-4fa4-a97d-d965ccfc6d4b" outcome="Passed" testListId="8c84fa94-04c1-424b-9868-57a2d4851a1d" relativeResultsDirectory="fe92790d-89f8-4584-83d0-12ce7a051852" />
    <UnitTestResult executionId="3b7a225d-b2bc-4942-84c1-faa4c6d79819" testId="12fdeb3c-d107-9f23-eb53-19e8dbf52bd1" testName="DotNet.Testcontainers.Tests.Unit.CustomConfigurationTest+EnvironmentConfigurationTest.GetHubImageNamePrefixCustomConfiguration(propertyName: &quot;&quot;, propertyValue: &quot;&quot;, expected: null)" computerName="LE3126008018421" duration="00:00:00.0013603" startTime="2026-07-12T20:35:20.9490877-03:00" endTime="2026-07-12T20:35:20.9505542-03:00" testType="13cdc9d9-ddb5-4fa4-a97d-d965ccfc6d4b" outcome="Passed" testListId="8c84fa94-04c1-424b-9868-57a2d4851a1d" relativeResultsDirectory="3b7a225d-b2bc-4942-84c1-faa4c6d79819" />
    <UnitTestResult executionId="8e74efc1-43e3-4fc5-8a25-7b52445208d3" testId="403cc5e5-72db-7d7a-1d21-607a115f5936" testName="DotNet.Testcontainers.Tests.Unit.IgnoreFileTest.AcceptOrDenyNonRecursivePatterns(ignoreFile: IgnoreFile { }, path: &quot;src/lorem/temp&quot;, expected: True)" computerName="LE3126008018421" duration="00:00:00.0001145" startTime="2026-07-12T20:29:47.9502697-03:00" endTime="2026-07-12T20:29:47.9504217-03:00" testType="13cdc9d9-ddb5-4fa4-a97d-d965ccfc6d4b" outcome="Passed" testListId="8c84fa94-04c1-424b-9868-57a2d4851a1d" relativeResultsDirectory="8e74efc1-43e3-4fc5-8a25-7b52445208d3" />
    <UnitTestResult executionId="32d889c4-527a-49d9-8afe-2e50b91d04a6" testId="9c242de5-6cbc-2449-b321-183bb0f79b81" testName="DotNet.Testcontainers.Tests.Unit.DockerImageNameSubstitutionTest+HubImageNamePrefixIsSet.PrependForObjectConfiguration(hubImageNamePrefix: &quot;my.proxy.com&quot;, imageName: &quot;myregistry.azurecr.io:443/foo/bar:1.0.0&quot;, expectedFullName: &quot;myregistry.azurecr.io:443/foo/bar:1.0.0&quot;)" computerName="LE3126008018421" duration="00:00:00.0000791" startTime="2026-07-12T20:35:20.8247427-03:00" endTime="2026-07-12T20:35:20.8248392-03:00" testType="13cdc9d9-ddb5-4fa4-a97d-d965ccfc6d4b" outcome="Passed" testListId="8c84fa94-04c1-424b-9868-57a2d4851a1d" relativeResultsDirectory="32d889c4-527a-49d9-8afe-2e50b91d04a6" />
    <UnitTestResult executionId="e1d58de6-0ec6-4bc1-8801-a2a7bb56eb8e" testId="824a0b6b-cdae-b876-af13-79a79135918c" testName="DotNet.Testcontainers.Tests.Unit.CustomConfigurationTest+PropertiesFileConfigurationTest.GetDockerCertPathCustomConfiguration(configuration: &quot;&quot;, expected: null)" computerName="LE3126008018421" duration="00:00:00.0005457" startTime="2026-07-12T20:28:22.2033509-03:00" endTime="2026-07-12T20:28:22.2039573-03:00" testType="13cdc9d9-ddb5-4fa4-a97d-d965ccfc6d4b" outcome="Passed" testListId="8c84fa94-04c1-424b-9868-57a2d4851a1d" relativeResultsDirectory="e1d58de6-0ec6-4bc1-8801-a2a7bb56eb8e" />
    <UnitTestResult executionId="32fdae3e-d633-4e25-8a92-e32974cf12c9" testId="2e900043-d67b-1f69-a964-83857a560102" testName="DotNet.Testcontainers.Tests.Unit.BuildConfigurationTest.CombineReadOnlyLists(oldValue: null, newValue: [&quot;2&quot;], expected: [&quot;2&quot;])" computerName="LE3126008018421" duration="00:00:00.0337859" startTime="2026-07-12T20:28:22.0923339-03:00" endTime="2026-07-12T20:28:22.1262323-03:00" testType="13cdc9d9-ddb5-4fa4-a97d-d965ccfc6d4b" outcome="Passed" testListId="8c84fa94-04c1-424b-9868-57a2d4851a1d" relativeResultsDirectory="32fdae3e-d633-4e25-8a92-e32974cf12c9" />
    <UnitTestResult executionId="5f6c9770-f1e4-4054-add1-7ef0eeb9adbf" testId="68284c4e-27d2-16b0-248e-25ae78b1e2d2" testName="DotNet.Testcontainers.Tests.Unit.CustomConfigurationTest+EnvironmentConfigurationTest.GetHubImageNamePrefixCustomConfiguration(propertyName: &quot;TESTCONTAINERS_HUB_IMAGE_NAME_PREFIX&quot;, propertyValue: &quot;&quot;, expected: null)" computerName="LE3126008018421" duration="00:00:00.0007321" startTime="2026-07-12T20:35:20.9471725-03:00" endTime="2026-07-12T20:35:20.9479460-03:00" testType="13cdc9d9-ddb5-4fa4-a97d-d965ccfc6d4b" outcome="Passed" testListId="8c84fa94-04c1-424b-9868-57a2d4851a1d" relativeResultsDirectory="5f6c9770-f1e4-4054-add1-7ef0eeb9adbf" />
    <UnitTestResult executionId="4f1b9623-ce82-4120-9b36-c047f40a8a01" testId="91e96a8b-1e46-7a9e-0ea7-002b0674f652" testName="DotNet.Testcontainers.Tests.Unit.BuildConfigurationTest.CombineComposableEnumerables(oldValue: null, newValue: null, expected: [])" computerName="LE3126008018421" duration="00:00:00.0025742" startTime="2026-07-12T20:28:22.2278912-03:00" endTime="2026-07-12T20:28:22.2305339-03:00" testType="13cdc9d9-ddb5-4fa4-a97d-d965ccfc6d4b" outcome="Passed" testListId="8c84fa94-04c1-424b-9868-57a2d4851a1d" relativeResultsDirectory="4f1b9623-ce82-4120-9b36-c047f40a8a01" />
    <UnitTestResult executionId="e1a56b25-2f1f-45a2-bfd6-fce90cd10581" testId="03838e1a-3df2-051d-f6c4-8efcf0099d34" testName="DotNet.Testcontainers.Tests.Unit.DockerRegistryAuthenticationProviderTest+Base64ProviderTest.ShouldGetNull(jsonDocument: &quot;{\&quot;auths\&quot;:{\&quot;https://index.docker.io/v1/\&quot;:{\&quot;aut&quot;···, isApplicable: True, logMessage: &quot;The \&quot;auth\&quot; property value kind for https://index&quot;···)" computerName="LE3126008018421" duration="00:00:00.0148886" startTime="2026-07-12T20:29:31.6198416-03:00" endTime="2026-07-12T20:29:31.6348137-03:00" testType="13cdc9d9-ddb5-4fa4-a97d-d965ccfc6d4b" outcome="Passed" testListId="8c84fa94-04c1-424b-9868-57a2d4851a1d" relativeResultsDirectory="e1a56b25-2f1f-45a2-bfd6-fce90cd10581" />
    <UnitTestResult executionId="24609dac-6b6e-4478-812f-84bb4473fa3b" testId="d6c31123-46a2-7229-607f-4aa70ce10c45" testName="DotNet.Testcontainers.Tests.Unit.ContainerConfigurationConverterTest+PortBindings.ShouldAddTcpPortSuffix" computerName="LE3126008018421" duration="00:00:00.0030981" startTime="2026-07-12T20:29:00.4883707-03:00" endTime="2026-07-12T20:29:00.4915751-03:00" testType="13cdc9d9-ddb5-4fa4-a97d-d965ccfc6d4b" outcome="Passed" testListId="8c84fa94-04c1-424b-9868-57a2d4851a1d" relativeResultsDirectory="24609dac-6b6e-4478-812f-84bb4473fa3b" />
    <UnitTestResult executionId="1c827993-040f-441b-88f8-5d5778bfca4b" testId="61ada5f2-0adb-a035-d18b-9d394f38ed9a" testName="DotNet.Testcontainers.Tests.Unit.TestcontainersImageTest.MatchVersion_ReturnsTrue_WhenVersionMatchesPredicate(image: &quot;foo:2.3.4&quot;, major: 2, minor: 3, build: 4, revision: -1)" computerName="LE3126008018421" duration="00:00:00.0002377" startTime="2026-07-12T20:28:22.2088846-03:00" endTime="2026-07-12T20:28:22.2091762-03:00" testType="13cdc9d9-ddb5-4fa4-a97d-d965ccfc6d4b" outcome="Passed" testListId="8c84fa94-04c1-424b-9868-57a2d4851a1d" relativeResultsDirectory="1c827993-040f-441b-88f8-5d5778bfca4b" />
    <UnitTestResult executionId="6ec6ebdb-35f6-4ecd-af24-9511adad10bc" testId="11412d2c-1985-fb11-2ea7-3b577ae49ab5" testName="DotNet.Testcontainers.Tests.Unit.DockerRegistryAuthenticationProviderTest+Base64ProviderTest.ResolvePartialDockerRegistry(jsonDocument: &quot;{\&quot;auths\&quot;:{\&quot;[::1]:5000\&quot;:{}}}&quot;, hostname: &quot;[::1]:5000&quot;, expectedResult: True)" computerName="LE3126008018421" duration="00:00:00.0000514" startTime="2026-07-12T20:29:31.6426929-03:00" endTime="2026-07-12T20:29:31.6427804-03:00" testType="13cdc9d9-ddb5-4fa4-a97d-d965ccfc6d4b" outcome="Passed" testListId="8c84fa94-04c1-424b-9868-57a2d4851a1d" relativeResultsDirectory="6ec6ebdb-35f6-4ecd-af24-9511adad10bc" />
    <UnitTestResult executionId="f45a855e-d171-4cb5-bca8-26413f803da9" testId="aaff494d-7411-e857-5a9d-34c61a1ee39f" testName="DotNet.Testcontainers.Tests.Unit.TestcontainersImageTest.WhenImageNameGetsAssigned(serializable: DockerImageFixtureSerializable { Image = DockerImage { Digest = null, FullName = &quot;foo/bar/baz:latest&quot;, Platform = null, Registry = null, Repository = &quot;foo/bar/baz&quot;, ··· } }, image: &quot;foo/bar/baz&quot;, fullName: &quot;foo/bar/baz:latest&quot;)" computerName="LE3126008018421" duration="00:00:00.0000637" startTime="2026-07-12T20:28:22.2220286-03:00" endTime="2026-07-12T20:28:22.2222241-03:00" testType="13cdc9d9-ddb5-4fa4-a97d-d965ccfc6d4b" outcome="Passed" testListId="8c84fa94-04c1-424b-9868-57a2d4851a1d" relativeResultsDirectory="f45a855e-d171-4cb5-bca8-26413f803da9" />
    <UnitTestResult executionId="f39549b0-ce03-4a0c-b06a-b458e6298135" testId="ba9eee31-3639-fea7-3574-62e70b93f82f" testName="DotNet.Testcontainers.Tests.Unit.TestcontainersContainerTest+WithConfiguration.RandomTcpPortBinding" computerName="LE3126008018421" duration="00:00:16.3412450" startTime="2026-07-12T20:31:53.3852577-03:00" endTime="2026-07-12T20:32:09.7266546-03:00" testType="13cdc9d9-ddb5-4fa4-a97d-d965ccfc6d4b" outcome="Passed" testListId="8c84fa94-04c1-424b-9868-57a2d4851a1d" relativeResultsDirectory="f39549b0-ce03-4a0c-b06a-b458e6298135" />
    <UnitTestResult executionId="30520c49-044c-48ac-93e3-921f5652a259" testId="d5764115-64bc-b3f4-33d8-ec6878e63cd0" testName="DotNet.Testcontainers.Tests.Unit.CustomConfigurationTest+EnvironmentConfigurationTest.GetNamedPipeConnectionTimeoutCustomConfiguration(propertyName: &quot;TESTCONTAINERS_NAMED_PIPE_CONNECTION_TIMEOUT&quot;, propertyValue: &quot;-00:00:00.001&quot;, expected: null)" computerName="LE3126008018421" duration="00:00:00.0008864" startTime="2026-07-12T20:35:20.8602383-03:00" endTime="2026-07-12T20:35:20.8611556-03:00" testType="13cdc9d9-ddb5-4fa4-a97d-d965ccfc6d4b" outcome="Passed" testListId="8c84fa94-04c1-424b-9868-57a2d4851a1d" relativeResultsDirectory="30520c49-044c-48ac-93e3-921f5652a259" />
    <UnitTestResult executionId="9f1fb819-9fcc-48fe-87a0-f484dc84fc74" testId="629f4741-ce25-1af5-3d76-a68013435d23" testName="DotNet.Testcontainers.Tests.Unit.CustomConfigurationTest+EnvironmentConfigurationTest.GetDockerAuthConfigCustomConfiguration(propertyName: &quot;DOCKER_AUTH_CONFIG&quot;, propertyValue: &quot;{\&quot;auths\&quot;:null}&quot;, expected: &quot;{\&quot;auths\&quot;:null}&quot;)" computerName="LE3126008018421" duration="00:00:00.0003661" startTime="2026-07-12T20:35:20.8676766-03:00" endTime="2026-07-12T20:35:20.8680704-03:00" testType="13cdc9d9-ddb5-4fa4-a97d-d965ccfc6d4b" outcome="Passed" testListId="8c84fa94-04c1-424b-9868-57a2d4851a1d" relativeResultsDirectory="9f1fb819-9fcc-48fe-87a0-f484dc84fc74" />
    <UnitTestResult executionId="870bf678-a51a-4a2e-9292-4bdb39eb484a" testId="59c42b3e-49a9-e4c3-78f7-a4154bcd53a4" testName="DotNet.Testcontainers.Tests.Unit.GuardTest+NullPreconditions+ThrowArgumentException.IfNull" computerName="LE3126008018421" duration="00:00:00.0953440" startTime="2026-07-12T20:28:21.9379271-03:00" endTime="2026-07-12T20:28:22.0582194-03:00" testType="13cdc9d9-ddb5-4fa4-a97d-d965ccfc6d4b" outcome="Passed" testListId="8c84fa94-04c1-424b-9868-57a2d4851a1d" relativeResultsDirectory="870bf678-a51a-4a2e-9292-4bdb39eb484a" />
    <UnitTestResult executionId="cf229861-c95b-4e39-adc1-25839c28a218" testId="3b18dd11-607c-55d0-a56b-59e2108fba9e" testName="DotNet.Testcontainers.Tests.Unit.DockerRegistryAuthenticationProviderTest+Base64ProviderTest.ResolvePartialDockerRegistry(jsonDocument: &quot;{\&quot;auths\&quot;:{\&quot;us-docker.pkg.dev\&quot;:{}}}&quot;, hostname: &quot;us-docker.pkg.dev&quot;, expectedResult: True)" computerName="LE3126008018421" duration="00:00:00.0001497" startTime="2026-07-12T20:29:31.6476649-03:00" endTime="2026-07-12T20:29:31.6478726-03:00" testType="13cdc9d9-ddb5-4fa4-a97d-d965ccfc6d4b" outcome="Passed" testListId="8c84fa94-04c1-424b-9868-57a2d4851a1d" relativeResultsDirectory="cf229861-c95b-4e39-adc1-25839c28a218" />
    <UnitTestResult executionId="508b5d16-a073-4bba-b6f3-c8fd602ac306" testId="a32b556a-9e4a-1027-5ad8-b9960d2694e2" testName="DotNet.Testcontainers.Tests.Unit.CustomConfigurationTest+EnvironmentConfigurationTest.GetDockerContextCustomConfiguration(propertyName: &quot;&quot;, propertyValue: &quot;&quot;, expected: null)" computerName="LE3126008018421" duration="00:00:00.0003100" startTime="2026-07-12T20:35:20.8435145-03:00" endTime="2026-07-12T20:35:20.8438553-03:00" testType="13cdc9d9-ddb5-4fa4-a97d-d965ccfc6d4b" outcome="Passed" testListId="8c84fa94-04c1-424b-9868-57a2d4851a1d" relativeResultsDirectory="508b5d16-a073-4bba-b6f3-c8fd602ac306" />
    <UnitTestResult executionId="0a5e3564-367b-476c-b86c-e3c81c8790fa" testId="2a82728a-5be1-e86f-5b50-c0af4a07b1bd" testName="DotNet.Testcontainers.Tests.Unit.DockerRegistryAuthenticationProviderTest.ShouldGetDefaultDockerRegistryAuthenticationConfiguration" computerName="LE3126008018421" duration="00:00:00.0075834" startTime="2026-07-12T20:29:47.8604810-03:00" endTime="2026-07-12T20:29:47.8681016-03:00" testType="13cdc9d9-ddb5-4fa4-a97d-d965ccfc6d4b" outcome="Passed" testListId="8c84fa94-04c1-424b-9868-57a2d4851a1d" relativeResultsDirectory="0a5e3564-367b-476c-b86c-e3c81c8790fa" />
    <UnitTestResult executionId="d8074f9b-b44d-4752-af48-9aca67d37ff3" testId="10737aa2-b512-327c-b807-a85b05b33458" testName="DotNet.Testcontainers.Tests.Unit.DockerImageNameSubstitutionTest+HubImageNamePrefixIsSet.PrependForObjectConfiguration(hubImageNamePrefix: &quot;my.proxy.com&quot;, imageName: &quot;myregistry.azurecr.io/foo/bar:1.0.0&quot;, expectedFullName: &quot;myregistry.azurecr.io/foo/bar:1.0.0&quot;)" computerName="LE3126008018421" duration="00:00:00.0017056" startTime="2026-07-12T20:35:20.8210519-03:00" endTime="2026-07-12T20:35:20.8228073-03:00" testType="13cdc9d9-ddb5-4fa4-a97d-d965ccfc6d4b" outcome="Passed" testListId="8c84fa94-04c1-424b-9868-57a2d4851a1d" relativeResultsDirectory="d8074f9b-b44d-4752-af48-9aca67d37ff3" />
    <UnitTestResult executionId="8a74bbda-70c5-46ca-81ad-fc5447346a16" testId="be33158c-47a1-88d6-d635-6308b91027ba" testName="DotNet.Testcontainers.Tests.Unit.DockerRegistryAuthenticationProviderTest.GetHostnameFromDockerImage(dockerImageName: &quot;foo/bar&quot;, hostname: null)" computerName="LE3126008018421" duration="00:00:00.0000427" startTime="2026-07-12T20:29:47.8593733-03:00" endTime="2026-07-12T20:29:47.8594416-03:00" testType="13cdc9d9-ddb5-4fa4-a97d-d965ccfc6d4b" outcome="Passed" testListId="8c84fa94-04c1-424b-9868-57a2d4851a1d" relativeResultsDirectory="8a74bbda-70c5-46ca-81ad-fc5447346a16" />
    <UnitTestResult executionId="6e4c3a66-1d57-48be-94ca-d2928d1d9c48" testId="164a2a49-d340-13e5-1185-b48acfb391be" testName="DotNet.Testcontainers.Tests.Unit.CustomConfigurationTest+PropertiesFileConfigurationTest.GetWaitStrategyTimeoutCustomConfiguration(configuration: &quot;&quot;, expected: null)" computerName="LE3126008018421" duration="00:00:00.0000485" startTime="2026-07-12T20:28:22.2311952-03:00" endTime="2026-07-12T20:28:22.2312903-03:00" testType="13cdc9d9-ddb5-4fa4-a97d-d965ccfc6d4b" outcome="Passed" testListId="8c84fa94-04c1-424b-9868-57a2d4851a1d" relativeResultsDirectory="6e4c3a66-1d57-48be-94ca-d2928d1d9c48" />
    <UnitTestResult executionId="74e939d2-3096-4e7a-a899-ac0815c27337" testId="7fb85495-3e0b-8ee0-20e8-18c7447b5d2c" testName="DotNet.Testcontainers.Tests.Unit.ResourcePropertiesTest.QueryContainerInformationOfCreatedContainer" computerName="LE3126008018421" duration="00:00:22.3960801" startTime="2026-07-12T20:28:33.9126754-03:00" endTime="2026-07-12T20:28:56.3090077-03:00" testType="13cdc9d9-ddb5-4fa4-a97d-d965ccfc6d4b" outcome="Passed" testListId="8c84fa94-04c1-424b-9868-57a2d4851a1d" relativeResultsDirectory="74e939d2-3096-4e7a-a899-ac0815c27337" />
    <UnitTestResult executionId="464ab7df-f736-4d1d-abe1-4a162c5f28eb" testId="080737c5-a20f-cdcd-93d0-5e9b7285c683" testName="DotNet.Testcontainers.Tests.Unit.ContainerConfigurationConverterTest+PortBindings.ShouldKeepPortSuffix(portSuffix: &quot;TCP&quot;)" computerName="LE3126008018421" duration="00:00:00.0001136" startTime="2026-07-12T20:29:00.4990791-03:00" endTime="2026-07-12T20:29:00.4992754-03:00" testType="13cdc9d9-ddb5-4fa4-a97d-d965ccfc6d4b" outcome="Passed" testListId="8c84fa94-04c1-424b-9868-57a2d4851a1d" relativeResultsDirectory="464ab7df-f736-4d1d-abe1-4a162c5f28eb" />
    <UnitTestResult executionId="e365b0c3-a2e3-4054-9d82-744a16159ea9" testId="c639db83-7c35-34e2-0428-0f69c697c9a3" testName="DotNet.Testcontainers.Tests.Unit.TestcontainersImageTest.Platform_NoPlatformSpecified_ReturnsNull" computerName="LE3126008018421" duration="00:00:00.0002769" startTime="2026-07-12T20:28:22.2360109-03:00" endTime="2026-07-12T20:28:22.2363474-03:00" testType="13cdc9d9-ddb5-4fa4-a97d-d965ccfc6d4b" outcome="Passed" testListId="8c84fa94-04c1-424b-9868-57a2d4851a1d" relativeResultsDirectory="e365b0c3-a2e3-4054-9d82-744a16159ea9" />
    <UnitTestResult executionId="ae9fa3d9-2c77-4d47-95de-d927d42358cb" testId="c3a47970-3db5-0627-5a22-77c787aea5c7" testName="DotNet.Testcontainers.Tests.Unit.WaitUntilHttpRequestIsSucceededTest.HttpWaitStrategyReceivesStatusCode(httpWaitStrategy: HttpWaitStrategy { })" computerName="LE3126008018421" duration="00:00:00.0213743" startTime="2026-07-12T20:30:01.0676220-03:00" endTime="2026-07-12T20:30:01.0890542-03:00" testType="13cdc9d9-ddb5-4fa4-a97d-d965ccfc6d4b" outcome="Passed" testListId="8c84fa94-04c1-424b-9868-57a2d4851a1d" relativeResultsDirectory="ae9fa3d9-2c77-4d47-95de-d927d42358cb" />
    <UnitTestResult executionId="eda9e152-b629-491d-8892-942503f1c5ea" testId="115abd9c-d6dc-1606-0bca-fef30b6c1ffa" testName="DotNet.Testcontainers.Tests.Unit.TestcontainersContainerTest+WithConfiguration.AutoRemoveTrueShouldRemoveContainer" computerName="LE3126008018421" duration="00:00:07.2967375" startTime="2026-07-12T20:34:40.2748761-03:00" endTime="2026-07-12T20:34:47.5716731-03:00" testType="13cdc9d9-ddb5-4fa4-a97d-d965ccfc6d4b" outcome="Passed" testListId="8c84fa94-04c1-424b-9868-57a2d4851a1d" relativeResultsDirectory="eda9e152-b629-491d-8892-942503f1c5ea" />
    <UnitTestResult executionId="35118d73-8aac-4a76-ba4f-6e1346660bf4" testId="80ac9ae5-2e3c-396d-a505-e50490e7c1be" testName="DotNet.Testcontainers.Tests.Unit.CustomConfigurationTest+EnvironmentConfigurationTest.GetRyukContainerPrivilegedCustomConfiguration(propertyName: &quot;TESTCONTAINERS_RYUK_CONTAINER_PRIVILEGED&quot;, propertyValue: &quot;&quot;, expected: null)" computerName="LE3126008018421" duration="00:00:00.0002345" startTime="2026-07-12T20:35:20.9429966-03:00" endTime="2026-07-12T20:35:20.9432474-03:00" testType="13cdc9d9-ddb5-4fa4-a97d-d965ccfc6d4b" outcome="Passed" testListId="8c84fa94-04c1-424b-9868-57a2d4851a1d" relativeResultsDirectory="35118d73-8aac-4a76-ba4f-6e1346660bf4" />
    <UnitTestResult executionId="267ba82a-891f-45d6-be46-20ed18c41b83" testId="f1f73374-60a7-2d22-91ea-bb181ba6d0a4" testName="DotNet.Testcontainers.Tests.Unit.DockerRegistryAuthenticationProviderTest.GetHostnameFromDockerImage(dockerImageName: &quot;baz/foo/bar:latest&quot;, hostname: null)" computerName="LE3126008018421" duration="00:00:00.0000530" startTime="2026-07-12T20:29:47.8553780-03:00" endTime="2026-07-12T20:29:47.8554563-03:00" testType="13cdc9d9-ddb5-4fa4-a97d-d965ccfc6d4b" outcome="Passed" testListId="8c84fa94-04c1-424b-9868-57a2d4851a1d" relativeResultsDirectory="267ba82a-891f-45d6-be46-20ed18c41b83" />
    <UnitTestResult executionId="4ec1dbb5-8a98-4c35-a764-4aea0e08a258" testId="83297ad4-801e-1b1f-3177-1c17710463df" testName="DotNet.Testcontainers.Tests.Unit.TestcontainersImageTest.ShouldThrowArgumentExceptionIfImageNameHasUppercaseCharacters(image: &quot;Foo/Bar:latest&quot;)" computerName="LE3126008018421" duration="00:00:00.0007360" startTime="2026-07-12T20:28:22.2417047-03:00" endTime="2026-07-12T20:28:22.2425700-03:00" testType="13cdc9d9-ddb5-4fa4-a97d-d965ccfc6d4b" outcome="Passed" testListId="8c84fa94-04c1-424b-9868-57a2d4851a1d" relativeResultsDirectory="4ec1dbb5-8a98-4c35-a764-4aea0e08a258" />
    <UnitTestResult executionId="f6ddf2b0-43ca-43c9-ba38-46b772bd3385" testId="7b169bb8-6520-8b0f-b361-df235012b29a" testName="DotNet.Testcontainers.Tests.Unit.DockerRegistryAuthenticationProviderTest+Base64ProviderTest.ResolvePartialDockerRegistry(jsonDocument: &quot;{\&quot;auths\&quot;:{\&quot;gcr.io\&quot;:{}}}&quot;, hostname: &quot;gcr.io&quot;, expectedResult: True)" computerName="LE3126008018421" duration="00:00:00.0000638" startTime="2026-07-12T20:29:31.6392005-03:00" endTime="2026-07-12T20:29:31.6393065-03:00" testType="13cdc9d9-ddb5-4fa4-a97d-d965ccfc6d4b" outcome="Passed" testListId="8c84fa94-04c1-424b-9868-57a2d4851a1d" relativeResultsDirectory="f6ddf2b0-43ca-43c9-ba38-46b772bd3385" />
    <UnitTestResult executionId="20099b37-f16a-4956-bee0-a518fc90b93f" testId="d997a335-4b6b-8ab5-2a4d-c175bd659518" testName="DotNet.Testcontainers.Tests.Unit.DockerEndpointAuthenticationProviderTest.AuthProviderShouldBeApplicable(authProvider: EnvironmentEndpointAuthenticationProvider { LastException = null }, isApplicable: True)" computerName="LE3126008018421" duration="00:00:00.0000312" startTime="2026-07-12T20:28:22.1984266-03:00" endTime="2026-07-12T20:28:22.1984912-03:00" testType="13cdc9d9-ddb5-4fa4-a97d-d965ccfc6d4b" outcome="Passed" testListId="8c84fa94-04c1-424b-9868-57a2d4851a1d" relativeResultsDirectory="20099b37-f16a-4956-bee0-a518fc90b93f" />
    <UnitTestResult executionId="ec0a4c63-e47e-41af-9219-4beff0e9508f" testId="8f893a7d-7f98-ff68-701a-e8cbee104d79" testName="DotNet.Testcontainers.Tests.Unit.ContainerConfigurationConverterTest+ExposedPorts.ShouldKeepPortSuffix(portSuffix: &quot;UDP&quot;)" computerName="LE3126008018421" duration="00:00:00.0000619" startTime="2026-07-12T20:30:06.3925394-03:00" endTime="2026-07-12T20:30:06.3926369-03:00" testType="13cdc9d9-ddb5-4fa4-a97d-d965ccfc6d4b" outcome="Passed" testListId="8c84fa94-04c1-424b-9868-57a2d4851a1d" relativeResultsDirectory="ec0a4c63-e47e-41af-9219-4beff0e9508f" />
    <UnitTestResult executionId="b73f5876-2588-4d84-b7e1-39503b8044f4" testId="4e705a0c-41d5-4bf0-6700-961feec8d428" testName="DotNet.Testcontainers.Tests.Unit.CustomConfigurationTest+EnvironmentConfigurationTest.GetDockerTlsVerifyCustomConfiguration(propertyName: &quot;DOCKER_TLS_VERIFY&quot;, propertyValue: &quot;&quot;, expected: False)" computerName="LE3126008018421" duration="00:00:00.0002618" startTime="2026-07-12T20:35:20.9244558-03:00" endTime="2026-07-12T20:35:20.9247355-03:00" testType="13cdc9d9-ddb5-4fa4-a97d-d965ccfc6d4b" outcome="Passed" testListId="8c84fa94-04c1-424b-9868-57a2d4851a1d" relativeResultsDirectory="b73f5876-2588-4d84-b7e1-39503b8044f4" />
    <UnitTestResult executionId="bcbcc2e2-ce9f-455c-97c8-70d1bf1ed09c" testId="8aedf2d1-3b70-de97-56ce-53eaf265639a" testName="DotNet.Testcontainers.Tests.Unit.BuildConfigurationTest.OverwriteEnumerableCompose(oldValue: [], newValue: [&quot;new&quot;], expected: [&quot;new&quot;])" computerName="LE3126008018421" duration="00:00:00.0000693" startTime="2026-07-12T20:28:22.1466837-03:00" endTime="2026-07-12T20:28:22.1467963-03:00" testType="13cdc9d9-ddb5-4fa4-a97d-d965ccfc6d4b" outcome="Passed" testListId="8c84fa94-04c1-424b-9868-57a2d4851a1d" relativeResultsDirectory="bcbcc2e2-ce9f-455c-97c8-70d1bf1ed09c" />
    <UnitTestResult executionId="22f8397b-47a9-4a13-8fb4-1f576317e827" testId="403cc5e5-72db-7d7a-1d21-607a115f5936" testName="DotNet.Testcontainers.Tests.Unit.IgnoreFileTest.AcceptOrDenyNonRecursivePatterns(ignoreFile: IgnoreFile { }, path: &quot;lipsum/lorem/lipsum/temp&quot;, expected: True)" computerName="LE3126008018421" duration="00:00:00.0001584" startTime="2026-07-12T20:29:47.9411875-03:00" endTime="2026-07-12T20:29:47.9413766-03:00" testType="13cdc9d9-ddb5-4fa4-a97d-d965ccfc6d4b" outcome="Passed" testListId="8c84fa94-04c1-424b-9868-57a2d4851a1d" relativeResultsDirectory="22f8397b-47a9-4a13-8fb4-1f576317e827" />
    <UnitTestResult executionId="7220f3ad-7c7a-49b2-97fd-83c51ee5b8b3" testId="cf497e1d-c386-2284-e269-31cedb8c290b" testName="DotNet.Testcontainers.Tests.Unit.DockerImageNameSubstitutionTest+ImageNameSubstitutionIsSet.SubstitutesImageNameBeforeHubImageNamePrefix" computerName="LE3126008018421" duration="00:00:00.0021761" startTime="2026-07-12T20:35:20.8113937-03:00" endTime="2026-07-12T20:35:20.8136213-03:00" testType="13cdc9d9-ddb5-4fa4-a97d-d965ccfc6d4b" outcome="Passed" testListId="8c84fa94-04c1-424b-9868-57a2d4851a1d" relativeResultsDirectory="7220f3ad-7c7a-49b2-97fd-83c51ee5b8b3" />
    <UnitTestResult executionId="4c0175c8-fef6-4d95-b920-867e7a8464a4" testId="25c08bb7-b447-a59a-35f8-6a42cba05fd3" testName="DotNet.Testcontainers.Tests.Unit.DockerRegistryAuthenticationProviderTest+Base64ProviderTest.ShouldGetAuthConfig(jsonDocument: &quot;{\&quot;auths\&quot;:{\&quot;https://index.docker.io/v1/\&quot;:{\&quot;aut&quot;···, expectedUsername: &quot;username&quot;, expectedPassword: &quot;password&quot;, expectedIdentityToken: null)" computerName="LE3126008018421" duration="00:00:00.0047225" startTime="2026-07-12T20:29:31.6542083-03:00" endTime="2026-07-12T20:29:31.6591137-03:00" testType="13cdc9d9-ddb5-4fa4-a97d-d965ccfc6d4b" outcome="Passed" testListId="8c84fa94-04c1-424b-9868-57a2d4851a1d" relativeResultsDirectory="4c0175c8-fef6-4d95-b920-867e7a8464a4" />
    <UnitTestResult executionId="d2c24bfd-1388-4c84-b491-e92f4f467fe0" testId="3bec6c09-2bd2-c254-be3f-15d8bcb3acc9" testName="DotNet.Testcontainers.Tests.Unit.CustomConfigurationTest+EnvironmentConfigurationTest.GetHubImageNamePrefixCustomConfiguration(propertyName: &quot;TESTCONTAINERS_HUB_IMAGE_NAME_PREFIX&quot;, propertyValue: &quot;my.proxy.com&quot;, expected: &quot;my.proxy.com&quot;)" computerName="LE3126008018421" duration="00:00:00.0003024" startTime="2026-07-12T20:35:20.9509505-03:00" endTime="2026-07-12T20:35:20.9512824-03:00" testType="13cdc9d9-ddb5-4fa4-a97d-d965ccfc6d4b" outcome="Passed" testListId="8c84fa94-04c1-424b-9868-57a2d4851a1d" relativeResultsDirectory="d2c24bfd-1388-4c84-b491-e92f4f467fe0" />
    <UnitTestResult executionId="9a4e58ec-0233-4c35-9c0f-197ca6dcb906" testId="57d63565-b1ec-c929-3c71-84aab3c2fa09" testName="DotNet.Testcontainers.Tests.Unit.ContainerConfigurationConverterTest+PortBindings.ShouldKeepPortSuffix(portSuffix: &quot;UDP&quot;)" computerName="LE3126008018421" duration="00:00:00.0023791" startTime="2026-07-12T20:29:00.4959181-03:00" endTime="2026-07-12T20:29:00.4984745-03:00" testType="13cdc9d9-ddb5-4fa4-a97d-d965ccfc6d4b" outcome="Passed" testListId="8c84fa94-04c1-424b-9868-57a2d4851a1d" relativeResultsDirectory="9a4e58ec-0233-4c35-9c0f-197ca6dcb906" />
    <UnitTestResult executionId="d3781fdc-a680-40d2-898c-82262e036040" testId="dfda4d43-3c94-a307-ac4a-cdb0bb40e0bf" testName="DotNet.Testcontainers.Tests.Unit.CustomConfigurationTest+PropertiesFileConfigurationTest.GetWaitStrategyTimeoutCustomConfiguration(configuration: &quot;wait.strategy.timeout=00:00:01&quot;, expected: &quot;00:00:01&quot;)" computerName="LE3126008018421" duration="00:00:00.0002350" startTime="2026-07-12T20:28:22.2304917-03:00" endTime="2026-07-12T20:28:22.2307944-03:00" testType="13cdc9d9-ddb5-4fa4-a97d-d965ccfc6d4b" outcome="Passed" testListId="8c84fa94-04c1-424b-9868-57a2d4851a1d" relativeResultsDirectory="d3781fdc-a680-40d2-898c-82262e036040" />
    <UnitTestResult executionId="cf13d3a2-f1d9-4f88-afd7-0c7ba946e4e9" testId="403cc5e5-72db-7d7a-1d21-607a115f5936" testName="DotNet.Testcontainers.Tests.Unit.IgnoreFileTest.AcceptOrDenyNonRecursivePatterns(ignoreFile: IgnoreFile { }, path: &quot;src/lipsum.config&quot;, expected: False)" computerName="LE3126008018421" duration="00:00:00.0000898" startTime="2026-07-12T20:29:47.9496060-03:00" endTime="2026-07-12T20:29:47.9497201-03:00" testType="13cdc9d9-ddb5-4fa4-a97d-d965ccfc6d4b" outcome="Passed" testListId="8c84fa94-04c1-424b-9868-57a2d4851a1d" relativeResultsDirectory="cf13d3a2-f1d9-4f88-afd7-0c7ba946e4e9" />
    <UnitTestResult executionId="c62a002d-3733-4b02-afbc-af56b792b822" testId="a0da7b18-5bf5-e405-165a-995185816859" testName="DotNet.Testcontainers.Tests.Unit.BuildConfigurationTest.CombineEnumerables(oldValue: [&quot;1&quot;, &quot;2&quot;, &quot;3&quot;], newValue: [&quot;2&quot;, &quot;3&quot;, &quot;4&quot;], expected: [&quot;1&quot;, &quot;2&quot;, &quot;2&quot;, &quot;3&quot;, &quot;3&quot;, ···])" computerName="LE3126008018421" duration="00:00:00.0015739" startTime="2026-07-12T20:28:22.2419140-03:00" endTime="2026-07-12T20:28:22.2435951-03:00" testType="13cdc9d9-ddb5-4fa4-a97d-d965ccfc6d4b" outcome="Passed" testListId="8c84fa94-04c1-424b-9868-57a2d4851a1d" relativeResultsDirectory="c62a002d-3733-4b02-afbc-af56b792b822" />
    <UnitTestResult executionId="2f49d205-b527-4188-b075-ae1a571b1621" testId="68537350-7b1b-4751-d2b2-b314ebe333ad" testName="DotNet.Testcontainers.Tests.Unit.DockerRegistryAuthenticationProviderTest+Base64ProviderTest.ResolvePartialDockerRegistry(jsonDocument: &quot;{\&quot;auths\&quot;:{\&quot;127.0.0.1:5000\&quot;:{}}}&quot;, hostname: &quot;127.0.0.1:5000&quot;, expectedResult: True)" computerName="LE3126008018421" duration="00:00:00.0000643" startTime="2026-07-12T20:29:31.6387647-03:00" endTime="2026-07-12T20:29:31.6388764-03:00" testType="13cdc9d9-ddb5-4fa4-a97d-d965ccfc6d4b" outcome="Passed" testListId="8c84fa94-04c1-424b-9868-57a2d4851a1d" relativeResultsDirectory="2f49d205-b527-4188-b075-ae1a571b1621" />
    <UnitTestResult executionId="5f3d7769-22f3-46d3-88fb-db4243461c25" testId="ce73aa6f-a4aa-6d73-bbab-be13e5914080" testName="DotNet.Testcontainers.Tests.Unit.CustomConfigurationTest+PropertiesFileConfigurationTest.GetNamedPipeConnectionTimeoutCustomConfiguration(configuration: &quot;named.pipe.connection.timeout=-00:00:00.001&quot;, expected: null)" computerName="LE3126008018421" duration="00:00:00.0000989" startTime="2026-07-12T20:28:22.3061519-03:00" endTime="2026-07-12T20:28:22.3064583-03:00" testType="13cdc9d9-ddb5-4fa4-a97d-d965ccfc6d4b" outcome="Passed" testListId="8c84fa94-04c1-424b-9868-57a2d4851a1d" relativeResultsDirectory="5f3d7769-22f3-46d3-88fb-db4243461c25" />
    <UnitTestResult executionId="c530f60d-8c4b-42bd-80fb-716d7effdfde" testId="47cc5d66-4f03-0973-1ebd-e255dd310a61" testName="DotNet.Testcontainers.Tests.Unit.DockerRegistryAuthenticationProviderTest.GetHostnameFromDockerImage(dockerImageName: &quot;myregistry.azurecr.io/baz/foo/bar:latest&quot;, hostname: &quot;myregistry.azurecr.io&quot;)" computerName="LE3126008018421" duration="00:00:00.0000539" startTime="2026-07-12T20:29:47.8600399-03:00" endTime="2026-07-12T20:29:47.8601295-03:00" testType="13cdc9d9-ddb5-4fa4-a97d-d965ccfc6d4b" outcome="Passed" testListId="8c84fa94-04c1-424b-9868-57a2d4851a1d" relativeResultsDirectory="c530f60d-8c4b-42bd-80fb-716d7effdfde" />
    <UnitTestResult executionId="00b7409d-6fea-4350-8b44-2006aa6204df" testId="ea0ab2a2-1617-0998-adae-6e3ac638835f" testName="DotNet.Testcontainers.Tests.Unit.TestcontainersContainerTest+WithConfiguration.PullDigest" computerName="LE3126008018421" duration="00:00:04.2742756" startTime="2026-07-12T20:34:15.1272064-03:00" endTime="2026-07-12T20:34:19.4015284-03:00" testType="13cdc9d9-ddb5-4fa4-a97d-d965ccfc6d4b" outcome="Passed" testListId="8c84fa94-04c1-424b-9868-57a2d4851a1d" relativeResultsDirectory="00b7409d-6fea-4350-8b44-2006aa6204df" />
    <UnitTestResult executionId="025bafae-e002-4a44-b49b-677debad9da7" testId="c2766b3f-9b71-5f57-7ba8-6117ad58ae4b" testName="DotNet.Testcontainers.Tests.Unit.CustomConfigurationTest+EnvironmentConfigurationTest.GetWaitStrategyIntervalCustomConfiguration(propertyName: &quot;&quot;, propertyValue: &quot;&quot;, expected: null)" computerName="LE3126008018421" duration="00:00:00.0007217" startTime="2026-07-12T20:35:20.9044504-03:00" endTime="2026-07-12T20:35:20.9052366-03:00" testType="13cdc9d9-ddb5-4fa4-a97d-d965ccfc6d4b" outcome="Passed" testListId="8c84fa94-04c1-424b-9868-57a2d4851a1d" relativeResultsDirectory="025bafae-e002-4a44-b49b-677debad9da7" />
    <UnitTestResult executionId="d91e02c1-7e06-43a9-b8f9-31182624c25a" testId="adbf1d06-4ceb-9425-71a5-4bb5033893e5" testName="DotNet.Testcontainers.Tests.Unit.BuildConfigurationTest.CombineEnumerables(oldValue: null, newValue: [&quot;2&quot;], expected: [&quot;2&quot;])" computerName="LE3126008018421" duration="00:00:00.0064051" startTime="2026-07-12T20:28:22.2328964-03:00" endTime="2026-07-12T20:28:22.2396573-03:00" testType="13cdc9d9-ddb5-4fa4-a97d-d965ccfc6d4b" outcome="Passed" testListId="8c84fa94-04c1-424b-9868-57a2d4851a1d" relativeResultsDirectory="d91e02c1-7e06-43a9-b8f9-31182624c25a" />
    <UnitTestResult executionId="7bea2d58-743e-4fbb-b36c-afaaa4f63aef" testId="a70e9b62-4a54-a513-4051-fb52932b3d37" testName="DotNet.Testcontainers.Tests.Unit.CustomConfigurationTest+PropertiesFileConfigurationTest.GetDockerTlsVerifyCustomConfiguration(configuration: &quot;docker.tls.verify=&quot;, expected: False)" computerName="LE3126008018421" duration="00:00:00.0000574" startTime="2026-07-12T20:28:22.2017003-03:00" endTime="2026-07-12T20:28:22.2018075-03:00" testType="13cdc9d9-ddb5-4fa4-a97d-d965ccfc6d4b" outcome="Passed" testListId="8c84fa94-04c1-424b-9868-57a2d4851a1d" relativeResultsDirectory="7bea2d58-743e-4fbb-b36c-afaaa4f63aef" />
    <UnitTestResult executionId="2c942074-b385-4e1f-9257-3552164ee456" testId="a57f3205-f07a-22e0-3a61-f1421c00e333" testName="DotNet.Testcontainers.Tests.Unit.GetContainerLogsTest.GetLogsShouldNotBeEmpty" computerName="LE3126008018421" duration="00:00:27.9329837" startTime="2026-07-12T20:29:36.4284235-03:00" endTime="2026-07-12T20:30:04.3615360-03:00" testType="13cdc9d9-ddb5-4fa4-a97d-d965ccfc6d4b" outcome="Passed" testListId="8c84fa94-04c1-424b-9868-57a2d4851a1d" relativeResultsDirectory="2c942074-b385-4e1f-9257-3552164ee456" />
    <UnitTestResult executionId="9e100c40-1b70-4489-9cb5-2c8a8b57b80e" testId="54552eec-48c8-213f-641b-83a02345dc4c" testName="DotNet.Testcontainers.Tests.Unit.DockerRegistryAuthenticationProviderTest+CredsStoreProviderTest.ShouldGetNull(jsonDocument: &quot;{\&quot;credsStore\&quot;:null}&quot;, isApplicable: False)" computerName="LE3126008018421" duration="00:00:00.0000447" startTime="2026-07-12T20:29:45.9193602-03:00" endTime="2026-07-12T20:29:45.9194239-03:00" testType="13cdc9d9-ddb5-4fa4-a97d-d965ccfc6d4b" outcome="Passed" testListId="8c84fa94-04c1-424b-9868-57a2d4851a1d" relativeResultsDirectory="9e100c40-1b70-4489-9cb5-2c8a8b57b80e" />
    <UnitTestResult executionId="f100b362-e5f4-4c7d-90be-0e0bf7063f85" testId="e24c1e9d-aa29-9664-50cb-a8c1c44d0f4d" testName="DotNet.Testcontainers.Tests.Unit.ImageFromDockerfileTest.BuildFailureIncludesDetailedErrorMessage" computerName="LE3126008018421" duration="00:00:07.1561150" startTime="2026-07-12T20:35:13.6283028-03:00" endTime="2026-07-12T20:35:20.7844759-03:00" testType="13cdc9d9-ddb5-4fa4-a97d-d965ccfc6d4b" outcome="Passed" testListId="8c84fa94-04c1-424b-9868-57a2d4851a1d" relativeResultsDirectory="f100b362-e5f4-4c7d-90be-0e0bf7063f85" />
    <UnitTestResult executionId="253a1955-b76a-45a8-9bcf-407765cc32bf" testId="6d06f310-28a5-34ec-28f0-2f85b02ff592" testName="DotNet.Testcontainers.Tests.Unit.DockerRegistryAuthenticationProviderTest+Base64ProviderTest.ShouldGetNull(jsonDocument: &quot;{\&quot;auths\&quot;:{\&quot;https://index.docker.io/v1/\&quot;:{\&quot;ide&quot;···, isApplicable: True, logMessage: null)" computerName="LE3126008018421" duration="00:00:00.0001161" startTime="2026-07-12T20:29:31.6177230-03:00" endTime="2026-07-12T20:29:31.6178792-03:00" testType="13cdc9d9-ddb5-4fa4-a97d-d965ccfc6d4b" outcome="Passed" testListId="8c84fa94-04c1-424b-9868-57a2d4851a1d" relativeResultsDirectory="253a1955-b76a-45a8-9bcf-407765cc32bf" />
    <UnitTestResult executionId="6dd0ca07-c80d-4deb-a1d0-013890fd3634" testId="403cc5e5-72db-7d7a-1d21-607a115f5936" testName="DotNet.Testcontainers.Tests.Unit.IgnoreFileTest.AcceptOrDenyNonRecursivePatterns(ignoreFile: IgnoreFile { }, path: &quot;CODE_OF_CONDUCT.md&quot;, expected: False)" computerName="LE3126008018421" duration="00:00:00.0000978" startTime="2026-07-12T20:29:47.9512766-03:00" endTime="2026-07-12T20:29:47.9513892-03:00" testType="13cdc9d9-ddb5-4fa4-a97d-d965ccfc6d4b" outcome="Passed" testListId="8c84fa94-04c1-424b-9868-57a2d4851a1d" relativeResultsDirectory="6dd0ca07-c80d-4deb-a1d0-013890fd3634" />
    <UnitTestResult executionId="4dc06d4e-c19a-4540-89e9-0a30b8c3dd95" testId="403cc5e5-72db-7d7a-1d21-607a115f5936" testName="DotNet.Testcontainers.Tests.Unit.IgnoreFileTest.AcceptOrDenyNonRecursivePatterns(ignoreFile: IgnoreFile { }, path: &quot;lorem/lipsum.txt&quot;, expected: False)" computerName="LE3126008018421" duration="00:00:00.0001212" startTime="2026-07-12T20:29:47.9422671-03:00" endTime="2026-07-12T20:29:47.9424075-03:00" testType="13cdc9d9-ddb5-4fa4-a97d-d965ccfc6d4b" outcome="Passed" testListId="8c84fa94-04c1-424b-9868-57a2d4851a1d" relativeResultsDirectory="4dc06d4e-c19a-4540-89e9-0a30b8c3dd95" />
    <UnitTestResult executionId="f1d54f11-b842-437e-8e52-b98262c31d97" testId="03ba353d-846b-9fc5-6f05-ea995b06fb8d" testName="DotNet.Testcontainers.Tests.Unit.TestcontainersImageTest.Platform_PlatformSpecified_ReturnsPlatform(platform: &quot;linux/arm64&quot;)" computerName="LE3126008018421" duration="00:00:00.0000532" startTime="2026-07-12T20:28:22.2293192-03:00" endTime="2026-07-12T20:28:22.2294186-03:00" testType="13cdc9d9-ddb5-4fa4-a97d-d965ccfc6d4b" outcome="Passed" testListId="8c84fa94-04c1-424b-9868-57a2d4851a1d" relativeResultsDirectory="f1d54f11-b842-437e-8e52-b98262c31d97" />
    <UnitTestResult executionId="9cb6a787-ece0-493f-a00a-0205fc1f0245" testId="403cc5e5-72db-7d7a-1d21-607a115f5936" testName="DotNet.Testcontainers.Tests.Unit.IgnoreFileTest.AcceptOrDenyNonRecursivePatterns(ignoreFile: IgnoreFile { }, path: &quot;src/lorem/lipsum.config&quot;, expected: False)" computerName="LE3126008018421" duration="00:00:00.0001252" startTime="2026-07-12T20:29:47.9494284-03:00" endTime="2026-07-12T20:29:47.9495834-03:00" testType="13cdc9d9-ddb5-4fa4-a97d-d965ccfc6d4b" outcome="Passed" testListId="8c84fa94-04c1-424b-9868-57a2d4851a1d" relativeResultsDirectory="9cb6a787-ece0-493f-a00a-0205fc1f0245" />
    <UnitTestResult executionId="b7a30cfc-1252-4b6f-aa52-4b861027c61f" testId="6fa3ff4d-7533-c3f5-366a-55179d6463ab" testName="DotNet.Testcontainers.Tests.Unit.BuildConfigurationTest.OverwriteEnumerableCompose(oldValue: [&quot;A&quot;, &quot;B&quot;, &quot;C&quot;], newValue: [&quot;X&quot;, &quot;Y&quot;, &quot;Z&quot;], expected: [&quot;X&quot;, &quot;Y&quot;, &quot;Z&quot;])" computerName="LE3126008018421" duration="00:00:00.0000628" startTime="2026-07-12T20:28:22.1471442-03:00" endTime="2026-07-12T20:28:22.1472469-03:00" testType="13cdc9d9-ddb5-4fa4-a97d-d965ccfc6d4b" outcome="Passed" testListId="8c84fa94-04c1-424b-9868-57a2d4851a1d" relativeResultsDirectory="b7a30cfc-1252-4b6f-aa52-4b861027c61f" />
    <UnitTestResult executionId="6546f910-811b-4bb6-80df-38f45041cea9" testId="889b847d-f113-d14c-ce50-c496025b8c3d" testName="DotNet.Testcontainers.Tests.Unit.GuardTest+StringPreconditions+ThrowArgumentException.IfNotEmpty" computerName="LE3126008018421" duration="00:00:00.0011555" startTime="2026-07-12T20:29:06.2008440-03:00" endTime="2026-07-12T20:29:06.2020779-03:00" testType="13cdc9d9-ddb5-4fa4-a97d-d965ccfc6d4b" outcome="Passed" testListId="8c84fa94-04c1-424b-9868-57a2d4851a1d" relativeResultsDirectory="6546f910-811b-4bb6-80df-38f45041cea9" />
    <UnitTestResult executionId="e51208ed-bd2a-4115-9509-7a049985b217" testId="3bd93d24-86d8-59dd-f9bf-f0702c899769" testName="DotNet.Testcontainers.Tests.Unit.CustomConfigurationTest+EnvironmentConfigurationTest.GetWaitStrategyTimeoutCustomConfiguration(propertyName: &quot;&quot;, propertyValue: &quot;&quot;, expected: null)" computerName="LE3126008018421" duration="00:00:00.0002500" startTime="2026-07-12T20:35:20.8782281-03:00" endTime="2026-07-12T20:35:20.8784998-03:00" testType="13cdc9d9-ddb5-4fa4-a97d-d965ccfc6d4b" outcome="Passed" testListId="8c84fa94-04c1-424b-9868-57a2d4851a1d" relativeResultsDirectory="e51208ed-bd2a-4115-9509-7a049985b217" />
    <UnitTestResult executionId="3dcb9b37-e799-4c05-bd89-fa57cafb34f0" testId="3c308579-ca03-322f-8558-ced05583b9f1" testName="DotNet.Testcontainers.Tests.Unit.TestcontainersImageTest.MatchVersion_ReturnsTrue_WhenVersionMatchesPredicate(image: &quot;foo:2&quot;, major: 2, minor: 0, build: -1, revision: -1)" computerName="LE3126008018421" duration="00:00:00.0000741" startTime="2026-07-12T20:28:22.2083891-03:00" endTime="2026-07-12T20:28:22.2085103-03:00" testType="13cdc9d9-ddb5-4fa4-a97d-d965ccfc6d4b" outcome="Passed" testListId="8c84fa94-04c1-424b-9868-57a2d4851a1d" relativeResultsDirectory="3dcb9b37-e799-4c05-bd89-fa57cafb34f0" />
    <UnitTestResult executionId="dc723977-d673-437b-a29c-5fca3e94f281" testId="4442364c-3cba-4a31-6135-d7d8215dfa9b" testName="DotNet.Testcontainers.Tests.Unit.TestcontainersContainerTest+WithConfiguration.WaitStrategy" computerName="LE3126008018421" duration="00:00:07.6834097" startTime="2026-07-12T20:34:32.5907737-03:00" endTime="2026-07-12T20:34:40.2742312-03:00" testType="13cdc9d9-ddb5-4fa4-a97d-d965ccfc6d4b" outcome="Passed" testListId="8c84fa94-04c1-424b-9868-57a2d4851a1d" relativeResultsDirectory="dc723977-d673-437b-a29c-5fca3e94f281" />
    <UnitTestResult executionId="dee76f27-b750-49ce-88e3-a1cebabe6e8e" testId="ee4a147e-3262-eac2-702e-45db0d7a24ff" testName="DotNet.Testcontainers.Tests.Unit.TestcontainersNetworkTest.PingContainer" computerName="LE3126008018421" duration="00:00:29.3960715" startTime="2026-07-12T20:28:36.1289702-03:00" endTime="2026-07-12T20:29:05.5252890-03:00" testType="13cdc9d9-ddb5-4fa4-a97d-d965ccfc6d4b" outcome="Passed" testListId="8c84fa94-04c1-424b-9868-57a2d4851a1d" relativeResultsDirectory="dee76f27-b750-49ce-88e3-a1cebabe6e8e" />
    <UnitTestResult executionId="3aec5571-9a4c-447a-9dde-d23b5d0054a5" testId="897b3d74-be8a-71ca-0fe9-6ed148144f8b" testName="DotNet.Testcontainers.Tests.Unit.CustomConfigurationTest+PropertiesFileConfigurationTest.GetWaitStrategyRetriesCustomConfiguration(configuration: &quot;wait.strategy.retries=&quot;, expected: null)" computerName="LE3126008018421" duration="00:00:00.0006844" startTime="2026-07-12T20:28:22.2447751-03:00" endTime="2026-07-12T20:28:22.2455151-03:00" testType="13cdc9d9-ddb5-4fa4-a97d-d965ccfc6d4b" outcome="Passed" testListId="8c84fa94-04c1-424b-9868-57a2d4851a1d" relativeResultsDirectory="3aec5571-9a4c-447a-9dde-d23b5d0054a5" />
    <UnitTestResult executionId="7c176ac7-2e6f-440e-9fc0-460e991f7fe2" testId="2e2981f1-ebd0-0df3-7197-7d2813edadb1" testName="DotNet.Testcontainers.Tests.Unit.ImageFromDockerfileTest.BuildTargetBuildsUpToExpectedTarget" computerName="LE3126008018421" duration="00:03:00.1841227" startTime="2026-07-12T20:28:36.7766479-03:00" endTime="2026-07-12T20:31:36.9611604-03:00" testType="13cdc9d9-ddb5-4fa4-a97d-d965ccfc6d4b" outcome="Passed" testListId="8c84fa94-04c1-424b-9868-57a2d4851a1d" relativeResultsDirectory="7c176ac7-2e6f-440e-9fc0-460e991f7fe2" />
    <UnitTestResult executionId="a23b4b2a-c964-4235-8559-f062efc00da1" testId="d117c761-9164-cc3d-2052-f4d203655380" testName="DotNet.Testcontainers.Tests.Unit.DockerRegistryAuthenticationProviderTest+Base64ProviderTest.ShouldGetNull(jsonDocument: &quot;{\&quot;auths\&quot;:{\&quot;https://index.docker.io/v1/\&quot;:{\&quot;ide&quot;···, isApplicable: True, logMessage: null)" computerName="LE3126008018421" duration="00:00:00.0017844" startTime="2026-07-12T20:29:31.6100602-03:00" endTime="2026-07-12T20:29:31.6119517-03:00" testType="13cdc9d9-ddb5-4fa4-a97d-d965ccfc6d4b" outcome="Passed" testListId="8c84fa94-04c1-424b-9868-57a2d4851a1d" relativeResultsDirectory="a23b4b2a-c964-4235-8559-f062efc00da1" />
[...]
    <TestEntry testId="dc9b1f0d-6d86-f17e-7954-bd9a98b93934" executionId="71e84196-76bd-4755-a17f-961d1fbc67f0" testListId="8c84fa94-04c1-424b-9868-57a2d4851a1d" />
    <TestEntry testId="6dfeef94-7339-8ca7-906a-03167fb1746d" executionId="babd4491-0264-44e5-8d0d-d23b571c4bda" testListId="8c84fa94-04c1-424b-9868-57a2d4851a1d" />
    <TestEntry testId="0109ab5a-9762-c93b-d08d-f097230ab5c6" executionId="025298b5-4e05-4207-af63-8c790df0cf6e" testListId="8c84fa94-04c1-424b-9868-57a2d4851a1d" />
    <TestEntry testId="5fcea0c3-d9d1-a95d-6e6c-ce9de8ecf1e1" executionId="231c1200-70da-4761-965b-19aa0ca8fbad" testListId="8c84fa94-04c1-424b-9868-57a2d4851a1d" />
    <TestEntry testId="26429fc5-0739-fe80-c5b9-75c0e3765771" executionId="749bddfc-0713-46e4-86d1-48af5038f189" testListId="8c84fa94-04c1-424b-9868-57a2d4851a1d" />
    <TestEntry testId="1633b76a-57c5-05e5-2587-56f3c8a5ad70" executionId="09191b09-c554-4fb8-8573-8bbae3e60f2c" testListId="8c84fa94-04c1-424b-9868-57a2d4851a1d" />
    <TestEntry testId="34239f9a-ae16-7bd0-de69-ecffc7c81d43" executionId="817de946-eb37-433f-b750-f43952cc82e7" testListId="8c84fa94-04c1-424b-9868-57a2d4851a1d" />
    <TestEntry testId="4b75306e-7d01-ce9c-8a24-ea69b0ce7f87" executionId="2f440c93-b26e-4f6b-9aa1-e204b3cf6377" testListId="8c84fa94-04c1-424b-9868-57a2d4851a1d" />
    <TestEntry testId="7b1049b9-46f1-689b-e88a-319d30883b13" executionId="bd70d6d6-db88-44ff-b238-3f7678b2548a" testListId="8c84fa94-04c1-424b-9868-57a2d4851a1d" />
    <TestEntry testId="adf388cc-ab83-934a-d88d-ececc3f99101" executionId="11968b3b-cb93-4c2f-b6a0-ddf48ea8d592" testListId="8c84fa94-04c1-424b-9868-57a2d4851a1d" />
    <TestEntry testId="6dd532a0-177b-5dfd-b732-fcdf6c074042" executionId="48c0eecd-b3b4-493a-a5b9-6e76dc47f387" testListId="8c84fa94-04c1-424b-9868-57a2d4851a1d" />
    <TestEntry testId="0716bbaf-10a5-cb9c-3379-c9882406507f" executionId="adff537c-d37a-4ca7-8839-b066170dc7a6" testListId="8c84fa94-04c1-424b-9868-57a2d4851a1d" />
    <TestEntry testId="e97e068a-f4ef-6b5a-b19e-af66c6b60c18" executionId="dc671d12-3067-48a0-ae67-997d46a68601" testListId="8c84fa94-04c1-424b-9868-57a2d4851a1d" />
    <TestEntry testId="b11c802a-d539-5b1c-9bb8-0c1b57621efd" executionId="8489a01a-13cd-446a-b929-fd98ce5ff82d" testListId="8c84fa94-04c1-424b-9868-57a2d4851a1d" />
    <TestEntry testId="8669dda8-59ff-fca9-21ab-0f6f4319fa3f" executionId="22927cea-2ccd-47a2-93db-c0b43cdfd65e" testListId="8c84fa94-04c1-424b-9868-57a2d4851a1d" />
    <TestEntry testId="1a1ec19f-2985-c22f-1a3f-73bc126041cf" executionId="bdf738e4-3ebc-404b-a0e2-d78bb40a9247" testListId="8c84fa94-04c1-424b-9868-57a2d4851a1d" />
    <TestEntry testId="c4a9b46d-247b-47c6-1620-838f03ad5f42" executionId="5597eafd-e7b3-49d7-b777-0cf3810a3cfc" testListId="8c84fa94-04c1-424b-9868-57a2d4851a1d" />
    <TestEntry testId="aead98a3-8bfe-211d-be25-90e06180baeb" executionId="2ba5751c-ff65-4f11-8a48-447439fec5f9" testListId="8c84fa94-04c1-424b-9868-57a2d4851a1d" />
    <TestEntry testId="a7d6c949-7e38-519b-48dd-38087b2f0cc5" executionId="75170bc6-bd8b-46f0-96ae-8e7206c9e639" testListId="8c84fa94-04c1-424b-9868-57a2d4851a1d" />
    <TestEntry testId="9fb09f1d-3fc6-e23b-9056-d2d03f462c3d" executionId="871f668b-4bf8-4702-97a6-a2bef17f6270" testListId="8c84fa94-04c1-424b-9868-57a2d4851a1d" />
    <TestEntry testId="2e3e18ef-75ff-5814-2b53-85b6a920ba95" executionId="759ae475-8f1a-4141-be86-0d2bc704935e" testListId="8c84fa94-04c1-424b-9868-57a2d4851a1d" />
    <TestEntry testId="774df0cd-7a50-3c3b-ac2b-c7065961965b" executionId="cdd82aaf-fd53-4996-bf29-852115d46b4c" testListId="8c84fa94-04c1-424b-9868-57a2d4851a1d" />
    <TestEntry testId="b5457a78-ba5a-1a9f-d88e-868ed79bbf2d" executionId="7e7348a4-cf33-4d8e-92eb-b4b69b8f3e63" testListId="8c84fa94-04c1-424b-9868-57a2d4851a1d" />
    <TestEntry testId="e9dcdab6-778b-5f2d-a04d-db60672fbb04" executionId="63f5e0fe-f556-48ce-bfe6-c6cd2997a68d" testListId="8c84fa94-04c1-424b-9868-57a2d4851a1d" />
    <TestEntry testId="74bd889d-8d4d-79c4-c007-ac4149f9c3ff" executionId="3c7f7f11-3ae3-489e-ab44-6b1c23128e2a" testListId="8c84fa94-04c1-424b-9868-57a2d4851a1d" />
    <TestEntry testId="b4e55fbe-f717-1855-09f7-039b1220dd6a" executionId="4858ae70-5a2f-493f-98c9-56b563c8fe29" testListId="8c84fa94-04c1-424b-9868-57a2d4851a1d" />
    <TestEntry testId="0a7b998b-be58-8bfe-befa-009e9991cd2e" executionId="355bf2e9-4009-4800-9085-5c0decaacb74" testListId="8c84fa94-04c1-424b-9868-57a2d4851a1d" />
    <TestEntry testId="8d965743-eecd-2079-b0fb-34504cdabb0f" executionId="d84decd9-6783-4288-a1f9-449a2900312e" testListId="8c84fa94-04c1-424b-9868-57a2d4851a1d" />
    <TestEntry testId="403cc5e5-72db-7d7a-1d21-607a115f5936" executionId="81748659-ec94-4be2-8958-8ffa4fc93d83" testListId="8c84fa94-04c1-424b-9868-57a2d4851a1d" />
    <TestEntry testId="403cc5e5-72db-7d7a-1d21-607a115f5936" executionId="24737bd7-eea3-4498-b0dd-8e2f75704714" testListId="8c84fa94-04c1-424b-9868-57a2d4851a1d" />
    <TestEntry testId="074321b0-4a2c-ea9b-278d-1ef3b4c6e69b" executionId="f8c03de2-109b-4df7-b721-6ed522f2534c" testListId="8c84fa94-04c1-424b-9868-57a2d4851a1d" />
    <TestEntry testId="403cc5e5-72db-7d7a-1d21-607a115f5936" executionId="4c64d752-f458-4f85-b060-00a19e1ba72a" testListId="8c84fa94-04c1-424b-9868-57a2d4851a1d" />
    <TestEntry testId="7265e056-2dea-549e-e3a8-84630b22cb7c" executionId="9c8a579e-c3bb-4e89-90b5-52e36925307e" testListId="8c84fa94-04c1-424b-9868-57a2d4851a1d" />
    <TestEntry testId="0a7b998b-be58-8bfe-befa-009e9991cd2e" executionId="730c5624-f50e-49b9-a13d-3a0b5245107c" testListId="8c84fa94-04c1-424b-9868-57a2d4851a1d" />
    <TestEntry testId="7eea8957-2a5b-5434-c89f-0f8ee249a553" executionId="d92c7ba8-e26b-4958-bfb8-ea9236b630ef" testListId="8c84fa94-04c1-424b-9868-57a2d4851a1d" />
    <TestEntry testId="9314739c-a8f7-24d7-7816-92d15007cba5" executionId="4930bdfb-224b-41f5-9de9-14c14426d664" testListId="8c84fa94-04c1-424b-9868-57a2d4851a1d" />
    <TestEntry testId="5f197374-790f-2745-921c-90b20f5513ff" executionId="8b461b8a-14c5-43db-aa0b-e1b1f4aab9bd" testListId="8c84fa94-04c1-424b-9868-57a2d4851a1d" />
    <TestEntry testId="b2010ddf-c67a-7c7f-bfbc-39274f13ce4f" executionId="65e3c6ec-2019-4ebf-8afd-ec193ecea6d4" testListId="8c84fa94-04c1-424b-9868-57a2d4851a1d" />
    <TestEntry testId="442792a0-ce4e-1408-7bac-0419c0acc824" executionId="c9582682-0435-4210-95a8-5e0ff060ab1a" testListId="8c84fa94-04c1-424b-9868-57a2d4851a1d" />
    <TestEntry testId="403cc5e5-72db-7d7a-1d21-607a115f5936" executionId="2140aa35-238e-4cf2-b4a1-9c9e03e4592d" testListId="8c84fa94-04c1-424b-9868-57a2d4851a1d" />
    <TestEntry testId="6bb323ae-b4c3-f6ae-2191-56d9eda9b0e8" executionId="b63c6ece-130f-438e-96b5-2ced66fa79a5" testListId="8c84fa94-04c1-424b-9868-57a2d4851a1d" />
    <TestEntry testId="929c07da-b36f-9a54-ccaa-3128b5f65829" executionId="1d2bef35-a7de-438c-b49c-209972ef959a" testListId="8c84fa94-04c1-424b-9868-57a2d4851a1d" />
    <TestEntry testId="c82a728e-a793-1a2e-0fe5-54b44785ad73" executionId="23f5a381-e7f5-4b65-81ad-d96213930d8c" testListId="8c84fa94-04c1-424b-9868-57a2d4851a1d" />
    <TestEntry testId="787a77de-52fe-8579-b356-8d175265fc81" executionId="de119fe0-a1a0-4617-a078-5b74513d58a2" testListId="8c84fa94-04c1-424b-9868-57a2d4851a1d" />
    <TestEntry testId="e031e82e-3a37-ee9d-878b-8a2a5fb33a65" executionId="2ec19aa1-5f1b-49db-bf4d-063219889051" testListId="8c84fa94-04c1-424b-9868-57a2d4851a1d" />
    <TestEntry testId="ed8d7ae2-f7d5-766c-f50c-803f144ceecc" executionId="62124fa5-c597-4844-a49d-4e6cd550029d" testListId="8c84fa94-04c1-424b-9868-57a2d4851a1d" />
    <TestEntry testId="ab8e57b2-b25c-bffb-486f-c3b544a28a1f" executionId="3bf2f840-12f1-4ca2-9683-49d98b58a245" testListId="8c84fa94-04c1-424b-9868-57a2d4851a1d" />
    <TestEntry testId="50f31bbe-a102-8d88-c7b0-a316d507f9ab" executionId="6ed818a2-c3e6-4b5a-8ee8-b1d29b106bb2" testListId="8c84fa94-04c1-424b-9868-57a2d4851a1d" />
    <TestEntry testId="463e5e45-766c-ca48-32dc-111d5911cfe3" executionId="d2cfa7be-b03e-4c5d-b3aa-3f2d944d40c9" testListId="8c84fa94-04c1-424b-9868-57a2d4851a1d" />
    <TestEntry testId="ca095427-cce0-c0cd-c13c-e9002dc14234" executionId="28123a4b-031e-4b9d-b9b6-7c523f700e7c" testListId="8c84fa94-04c1-424b-9868-57a2d4851a1d" />
    <TestEntry testId="70a4042b-18d9-8033-13e0-fef5874742a2" executionId="2ffd037e-94b6-44f8-b443-029f1bac7c62" testListId="8c84fa94-04c1-424b-9868-57a2d4851a1d" />
    <TestEntry testId="ce19a4dc-b922-bf68-a3f5-14ee34099613" executionId="ce445dae-9eaa-439d-b1a2-e94aed941397" testListId="8c84fa94-04c1-424b-9868-57a2d4851a1d" />
    <TestEntry testId="403cc5e5-72db-7d7a-1d21-607a115f5936" executionId="31431aef-e65f-4748-9ba2-be82c4cd0cb1" testListId="8c84fa94-04c1-424b-9868-57a2d4851a1d" />
    <TestEntry testId="88fb8aba-8533-a0ea-a88d-3835ac32fb87" executionId="d2b43127-4ceb-46d1-bb71-cc2a0e174641" testListId="8c84fa94-04c1-424b-9868-57a2d4851a1d" />
    <TestEntry testId="7265e056-2dea-549e-e3a8-84630b22cb7c" executionId="43d3966f-dcb0-4dd7-b55c-6be573a189c7" testListId="8c84fa94-04c1-424b-9868-57a2d4851a1d" />
    <TestEntry testId="d80dc9f1-527a-6498-c4a2-340873e87588" executionId="cdc14f9d-838f-4796-a488-5f7db5cc5021" testListId="8c84fa94-04c1-424b-9868-57a2d4851a1d" />
    <TestEntry testId="720e4e36-f733-6406-905c-fe870f254cc6" executionId="81010e8c-42eb-45a6-a102-d49e2f2c7dac" testListId="8c84fa94-04c1-424b-9868-57a2d4851a1d" />
    <TestEntry testId="0f63f786-b398-2979-f63f-1e507bac9aa0" executionId="e727c965-7ca4-4421-a9c2-539219f8f794" testListId="8c84fa94-04c1-424b-9868-57a2d4851a1d" />
    <TestEntry testId="a8ce0cd1-4909-d7a3-c600-3343e7879493" executionId="a278c596-384b-4109-9fe9-5eea8523386b" testListId="8c84fa94-04c1-424b-9868-57a2d4851a1d" />
    <TestEntry testId="403cc5e5-72db-7d7a-1d21-607a115f5936" executionId="db89fcd4-05f2-407a-9110-f57c3575670b" testListId="8c84fa94-04c1-424b-9868-57a2d4851a1d" />
    <TestEntry testId="f7344d5f-b8bc-ee21-8a1e-007e9b59fabc" executionId="9429d655-5dee-4266-9fc1-dbc110864a37" testListId="8c84fa94-04c1-424b-9868-57a2d4851a1d" />
    <TestEntry testId="3455f0e2-6691-d326-b466-3455b0e0028b" executionId="e4f12113-e8fd-41a8-928b-61c2bae995d7" testListId="8c84fa94-04c1-424b-9868-57a2d4851a1d" />
    <TestEntry testId="0da2cbd0-99c3-f366-4c3b-4bc406046102" executionId="4f3e79ab-2220-4574-8ef8-6ce897b8958c" testListId="8c84fa94-04c1-424b-9868-57a2d4851a1d" />
    <TestEntry testId="d997a335-4b6b-8ab5-2a4d-c175bd659518" executionId="d654ca0d-7d7a-4290-adb1-c827fbd26874" testListId="8c84fa94-04c1-424b-9868-57a2d4851a1d" />
    <TestEntry testId="c8dceea6-919e-8f19-8bec-79f2b82478e4" executionId="3b0a6577-0a6b-461d-bd15-a65254d989af" testListId="8c84fa94-04c1-424b-9868-57a2d4851a1d" />
    <TestEntry testId="ffd8bb48-0456-c02d-97e1-d7ace91e517a" executionId="3bcb5c96-25d1-47cd-bbdd-3a81e5e4fc65" testListId="8c84fa94-04c1-424b-9868-57a2d4851a1d" />
    <TestEntry testId="6e651dde-8714-c69d-a72e-148df9a3d33d" executionId="930661c3-6839-4420-a559-1fb061eefb06" testListId="8c84fa94-04c1-424b-9868-57a2d4851a1d" />
    <TestEntry testId="3bdd64d3-fbcf-5e9f-85f2-095f52979750" executionId="a265b216-88e8-4480-a68a-153bb2d15874" testListId="8c84fa94-04c1-424b-9868-57a2d4851a1d" />
    <TestEntry testId="97122c80-9eef-a90b-52d2-708bf5f61375" executionId="e68cdc1d-c200-400c-bbb4-d1098971d4af" testListId="8c84fa94-04c1-424b-9868-57a2d4851a1d" />
    <TestEntry testId="2009c891-ad26-80f0-68cc-906bde245ee1" executionId="b55a01a8-add4-44f3-9724-139530285014" testListId="8c84fa94-04c1-424b-9868-57a2d4851a1d" />
    <TestEntry testId="a31377cd-166d-db39-8546-680ff529a4ab" executionId="088f4e07-60c0-4582-bf88-1eb63cfbaab8" testListId="8c84fa94-04c1-424b-9868-57a2d4851a1d" />
    <TestEntry testId="f951327a-0b31-ecb6-e390-f2dcc3cb2418" executionId="27e44670-bbf5-4c7e-b889-24a48ad73379" testListId="8c84fa94-04c1-424b-9868-57a2d4851a1d" />
    <TestEntry testId="85fb0ca0-bcd9-632b-c55e-b42b14e786d3" executionId="15a930d1-13e0-48a3-91b0-24aee0ba043e" testListId="8c84fa94-04c1-424b-9868-57a2d4851a1d" />
    <TestEntry testId="73df776a-7278-d0ae-bdc8-49620fa8f1c6" executionId="0289470f-488b-4cc1-808d-b675d62658b6" testListId="8c84fa94-04c1-424b-9868-57a2d4851a1d" />
    <TestEntry testId="a347648c-8e46-c38d-e616-aec045b88925" executionId="f134f296-c61c-4cdc-84b2-362d6abf2513" testListId="8c84fa94-04c1-424b-9868-57a2d4851a1d" />
    <TestEntry testId="fbc17280-f2d1-160c-71a1-ba2866e07622" executionId="40f41a5c-bfa8-4ed9-b2dd-1a01cae2ced5" testListId="8c84fa94-04c1-424b-9868-57a2d4851a1d" />
    <TestEntry testId="1844db44-79ce-a01c-e01c-74c30722483b" executionId="bf6a04ae-2de2-434c-81d1-a4a20cfc4706" testListId="8c84fa94-04c1-424b-9868-57a2d4851a1d" />
    <TestEntry testId="515714b6-5712-92a0-39d1-b83e1fbac26b" executionId="2b68c7c0-091b-4e66-bb98-3149d917e62b" testListId="8c84fa94-04c1-424b-9868-57a2d4851a1d" />
    <TestEntry testId="8e1c7798-d2a7-2f24-5390-f00e9f0aeeb3" executionId="185401db-888b-4bc2-ab2d-541988ac9d47" testListId="8c84fa94-04c1-424b-9868-57a2d4851a1d" />
    <TestEntry testId="3d3f5b56-2a71-adc4-aa11-da9ade401421" executionId="4802b331-f856-4859-a3ab-ddea69b76710" testListId="8c84fa94-04c1-424b-9868-57a2d4851a1d" />
    <TestEntry testId="49c0cc0d-1e6a-33fb-7e81-42cea1016f03" executionId="24c77bb7-b15f-4e39-8e37-7b5eb5016e7a" testListId="8c84fa94-04c1-424b-9868-57a2d4851a1d" />
    <TestEntry testId="49b42e04-74fa-0d56-974f-bf1631104e13" executionId="2ef962f7-d4f8-4950-9457-5ce95adc88ae" testListId="8c84fa94-04c1-424b-9868-57a2d4851a1d" />
    <TestEntry testId="f14be2fb-3d9f-6500-cc57-6ac271e2bc36" executionId="57219734-5602-4a45-a8ef-a9e233a214f5" testListId="8c84fa94-04c1-424b-9868-57a2d4851a1d" />
    <TestEntry testId="c4659914-e17f-3b9e-8c21-d3158faf235b" executionId="29cd0c65-6b40-4806-bd70-c1ac70d8934b" testListId="8c84fa94-04c1-424b-9868-57a2d4851a1d" />
    <TestEntry testId="403cc5e5-72db-7d7a-1d21-607a115f5936" executionId="5cea40ec-84cb-44a4-a356-3ab6ae1bb898" testListId="8c84fa94-04c1-424b-9868-57a2d4851a1d" />
    <TestEntry testId="b4d09c34-1108-bf8a-5255-4590a89aa655" executionId="f6711c08-a027-4750-a094-31d479e4446e" testListId="8c84fa94-04c1-424b-9868-57a2d4851a1d" />
    <TestEntry testId="5e29ee18-7749-5527-57c5-3b636ba9e276" executionId="e799936a-77fb-480b-8541-24c12985e028" testListId="8c84fa94-04c1-424b-9868-57a2d4851a1d" />
    <TestEntry testId="8575f9cc-09a1-441b-8143-d789887f7ea5" executionId="ce06214c-23af-4d54-a071-d8856a3f7166" testListId="8c84fa94-04c1-424b-9868-57a2d4851a1d" />
    <TestEntry testId="b54b398a-823b-8c64-27e2-b3019f6b0acf" executionId="fd06ead7-04cf-4b35-bfae-cac91256d04e" testListId="8c84fa94-04c1-424b-9868-57a2d4851a1d" />
    <TestEntry testId="6a31a542-c0c4-b6c8-80b5-a8d06e7bae8f" executionId="2cd308e6-5db8-4fae-84ab-4280885ec333" testListId="8c84fa94-04c1-424b-9868-57a2d4851a1d" />
    <TestEntry testId="476a2952-e52c-956e-31da-8275ff8539c5" executionId="c374d512-7f24-4190-ac64-ca2da4596217" testListId="8c84fa94-04c1-424b-9868-57a2d4851a1d" />
    <TestEntry testId="476a2952-e52c-956e-31da-8275ff8539c5" executionId="aca45df6-8cf6-42a3-a500-b1878e9a5e15" testListId="8c84fa94-04c1-424b-9868-57a2d4851a1d" />
    <TestEntry testId="403cc5e5-72db-7d7a-1d21-607a115f5936" executionId="c35876ea-f74d-4846-a216-1477b16c1625" testListId="8c84fa94-04c1-424b-9868-57a2d4851a1d" />
    <TestEntry testId="c38d4605-c3c7-c10f-b09a-71d12252cadb" executionId="4dc3eb3b-cad1-43ed-8548-e2d2b9860b61" testListId="8c84fa94-04c1-424b-9868-57a2d4851a1d" />
    <TestEntry testId="df1f7b04-fb77-cd2d-f5b0-42c965ace879" executionId="842775d8-0d96-401f-b4d8-0292048cbb71" testListId="8c84fa94-04c1-424b-9868-57a2d4851a1d" />
    <TestEntry testId="29f7448e-a320-e2fe-d57b-73744a74f9c4" executionId="659b3c65-f2c1-4ddd-876f-f93a37b294b1" testListId="8c84fa94-04c1-424b-9868-57a2d4851a1d" />
    <TestEntry testId="5768af87-5724-db48-4a1b-702e742432a6" executionId="cac665e7-8168-4b4a-bb23-452e1f023ab1" testListId="8c84fa94-04c1-424b-9868-57a2d4851a1d" />
    <TestEntry testId="c163caf4-92e5-f293-51f8-3eb010b24084" executionId="7c61507b-d3cc-42a2-81c7-283fca9c3cae" testListId="8c84fa94-04c1-424b-9868-57a2d4851a1d" />
    <TestEntry testId="7ff27e37-59e1-f731-6950-dc5b43e083c8" executionId="1f68d149-dbac-4b5d-a434-18dbea19f7f9" testListId="8c84fa94-04c1-424b-9868-57a2d4851a1d" />
    <TestEntry testId="18bec561-e169-c09c-bc17-de4b7f1c5693" executionId="c6eaf959-5a95-4775-b452-59531ab399b7" testListId="8c84fa94-04c1-424b-9868-57a2d4851a1d" />
    <TestEntry testId="fd52a37f-52ec-c50b-8519-4754e8ad3014" executionId="3bb1f0ec-8943-4019-916d-e51e7395a58c" testListId="8c84fa94-04c1-424b-9868-57a2d4851a1d" />
    <TestEntry testId="403cc5e5-72db-7d7a-1d21-607a115f5936" executionId="ec6685e9-ea26-448a-8e30-1b67f4b016f7" testListId="8c84fa94-04c1-424b-9868-57a2d4851a1d" />
    <TestEntry testId="da5ab6ee-9dcf-80ea-6739-66a3eabb893e" executionId="86cd1eba-2738-4a9c-9510-135ba59328ce" testListId="8c84fa94-04c1-424b-9868-57a2d4851a1d" />
    <TestEntry testId="7f007c44-1848-22ad-8523-e7eb87057468" executionId="09f0ed08-04f8-4194-aebe-a65164d00311" testListId="8c84fa94-04c1-424b-9868-57a2d4851a1d" />
    <TestEntry testId="f1c98b40-6a21-6107-2288-c782eff05c24" executionId="62e3b633-4278-4c42-a0f0-50710787078b" testListId="8c84fa94-04c1-424b-9868-57a2d4851a1d" />
    <TestEntry testId="356305f3-51c8-8914-ca01-42b97fbd24cd" executionId="8a7cb29a-a8cf-4ee8-b930-af37602242db" testListId="8c84fa94-04c1-424b-9868-57a2d4851a1d" />
    <TestEntry testId="c82a728e-a793-1a2e-0fe5-54b44785ad73" executionId="afc4834b-ef2d-42f8-8ed7-89a4e0301e00" testListId="8c84fa94-04c1-424b-9868-57a2d4851a1d" />
    <TestEntry testId="860df7a3-b1ca-0762-bbc6-6df413ed781f" executionId="640db078-542a-4280-85f7-659db06ae4b6" testListId="8c84fa94-04c1-424b-9868-57a2d4851a1d" />
    <TestEntry testId="403cc5e5-72db-7d7a-1d21-607a115f5936" executionId="6c8a6c6d-d34b-45d4-beb3-6b1cebb75c3f" testListId="8c84fa94-04c1-424b-9868-57a2d4851a1d" />
  </TestEntries>
  <TestLists>
    <TestList name="Resultados que não estão em uma lista" id="8c84fa94-04c1-424b-9868-57a2d4851a1d" />
    <TestList name="Todos os resultados carregados" id="19431567-8539-422a-85d7-44ee4e166bda" />
  </TestLists>
  <ResultSummary outcome="Completed">
    <Counters total="538" executed="537" passed="537" failed="0" error="0" timeout="0" aborted="0" inconclusive="0" passedButRunAborted="0" notRunnable="0" notExecuted="0" disconnected="0" warning="0" completed="0" inProgress="0" pending="0" />
    <Output>
      <StdOut>[xUnit.net 00:00:00.01] xUnit.net VSTest Adapter v3.1.5+1b188a7b0a (64-bit .NET 10.0.9)&#xD;
[xUnit.net 00:00:02.08]   Discovering: Testcontainers.Tests&#xD;
[xUnit.net 00:00:05.37]   Discovered:  Testcontainers.Tests&#xD;
[xUnit.net 00:00:07.25]   Starting:    Testcontainers.Tests&#xD;
[xUnit.net 00:01:34.09]       &#xD;
O teste 'DotNet.Testcontainers.Tests.Unit.DockerConfigTests+DockerContextConfigurationTests.ReturnsActiveEndpointWhenDockerContextIsUnset' foi ignorado na execução de teste.&#xD;
[xUnit.net 00:07:06.70]   Finished:    Testcontainers.Tests (ID = 'd0221928f53b932514511f2485b212d3dc4838e9cf453a4a1e60dd3b1dfed2c7')&#xD;
</StdOut>
    </Output>
    <RunInfos>
      <RunInfo computerName="LE3126008018421" outcome="Warning" timestamp="2026-07-12T20:29:48.5438671-03:00">
        <Text>[xUnit.net 00:01:34.09]     DotNet.Testcontainers.Tests.Unit.DockerConfigTests+DockerContextConfigurationTests.ReturnsActiveEndpointWhenDockerContextIsUnset [SKIP]</Text>
      </RunInfo>
      <RunInfo computerName="LE3126008018421" outcome="Warning" timestamp="2026-07-12T20:35:21.5410401-03:00">
        <Text>Coletor de dados 'Blame' mensagem: A execução de todos os testes foi concluída. O arquivo de sequência não será gerado..</Text>
      </RunInfo>
    </RunInfos>
  </ResultSummary>
</TestRun>