<?xml version="1.0" encoding="utf-8"?>
<TestRun id="a48083f3-6b4a-4445-a460-4bdb7533353a" name="nns@LE3126008018421 2026-07-13 00:28:26" runUser="CESAR-LDAP\nns" xmlns="http://microsoft.com/schemas/VisualStudio/TeamTest/2010">
  <Times creation="2026-07-13T00:28:26.3715052-03:00" queuing="2026-07-13T00:28:26.3715058-03:00" start="2026-07-13T00:28:17.4259081-03:00" finish="2026-07-13T00:35:58.9342666-03:00" />
  <TestSettings name="default" id="cd72e318-f776-4f5f-ad4c-8e3d4bfdb0ba">
    <Deployment runDeploymentRoot="nns_LE3126008018421_2026-07-13_00_28_26" />
  </TestSettings>
  <Results>
    <UnitTestResult executionId="3d035332-a067-4bbb-b265-e7c461408f08" testId="ea647538-740a-13a7-8754-1c291c6ec06d" testName="DotNet.Testcontainers.Tests.Unit.TestcontainersImageTest.MatchLatestOrNightly_TagIsLatest_ReturnsTrue" computerName="LE3126008018421" duration="00:00:00.0003015" startTime="2026-07-13T00:29:23.0497209-03:00" endTime="2026-07-13T00:29:23.0500498-03:00" testType="13cdc9d9-ddb5-4fa4-a97d-d965ccfc6d4b" outcome="Passed" testListId="8c84fa94-04c1-424b-9868-57a2d4851a1d" relativeResultsDirectory="3d035332-a067-4bbb-b265-e7c461408f08" />
    <UnitTestResult executionId="33aafc15-fde1-4032-86dd-1b0291b9f7ed" testId="2009c891-ad26-80f0-68cc-906bde245ee1" testName="DotNet.Testcontainers.Tests.Unit.CustomConfigurationTest+PropertiesFileConfigurationTest.GetDockerContextCustomConfiguration(configuration: &quot;&quot;, expected: null)" computerName="LE3126008018421" duration="00:00:00.0000640" startTime="2026-07-13T00:29:00.6697260-03:00" endTime="2026-07-13T00:29:00.6698311-03:00" testType="13cdc9d9-ddb5-4fa4-a97d-d965ccfc6d4b" outcome="Passed" testListId="8c84fa94-04c1-424b-9868-57a2d4851a1d" relativeResultsDirectory="33aafc15-fde1-4032-86dd-1b0291b9f7ed" />
    <UnitTestResult executionId="bb2c0dce-923e-47cb-8dbb-2f532f904d5d" testId="97122c80-9eef-a90b-52d2-708bf5f61375" testName="DotNet.Testcontainers.Tests.Unit.DockerRegistryAuthenticationProviderTest+Base64ProviderTest.ResolvePartialDockerRegistry(jsonDocument: &quot;{\&quot;auths\&quot;:{\&quot;localhost:5000\&quot;:{}}}&quot;, hostname: &quot;localhost&quot;, expectedResult: False)" computerName="LE3126008018421" duration="00:00:00.0000499" startTime="2026-07-13T00:29:23.0161685-03:00" endTime="2026-07-13T00:29:23.0162396-03:00" testType="13cdc9d9-ddb5-4fa4-a97d-d965ccfc6d4b" outcome="Passed" testListId="8c84fa94-04c1-424b-9868-57a2d4851a1d" relativeResultsDirectory="bb2c0dce-923e-47cb-8dbb-2f532f904d5d" />
    <UnitTestResult executionId="65ca7c1c-aaef-4253-a352-7cc40bae773a" testId="e027c78f-9753-ace2-2f49-fb8067d84d03" testName="DotNet.Testcontainers.Tests.Unit.DockerRegistryAuthenticationProviderTest+CredsHelperProviderTest.ShouldGetAuthConfig(credHelperName: &quot;password&quot;, expectedUsername: &quot;username&quot;, expectedPassword: &quot;password&quot;, expectedIdentityToken: null)" computerName="LE3126008018421" duration="00:00:01.3573603" startTime="2026-07-13T00:28:58.5704651-03:00" endTime="2026-07-13T00:28:59.9278905-03:00" testType="13cdc9d9-ddb5-4fa4-a97d-d965ccfc6d4b" outcome="Passed" testListId="8c84fa94-04c1-424b-9868-57a2d4851a1d" relativeResultsDirectory="65ca7c1c-aaef-4253-a352-7cc40bae773a" />
    <UnitTestResult executionId="ada28ad3-cd49-44a2-8a7f-9f62c98ea79c" testId="fd52a37f-52ec-c50b-8519-4754e8ad3014" testName="DotNet.Testcontainers.Tests.Unit.ResourcePropertiesTest.QueryContainerInformationOfNotCreatedContainer" computerName="LE3126008018421" duration="00:00:00.0113736" startTime="2026-07-13T00:29:16.9161590-03:00" endTime="2026-07-13T00:29:16.9276492-03:00" testType="13cdc9d9-ddb5-4fa4-a97d-d965ccfc6d4b" outcome="Passed" testListId="8c84fa94-04c1-424b-9868-57a2d4851a1d" relativeResultsDirectory="ada28ad3-cd49-44a2-8a7f-9f62c98ea79c" />
    <UnitTestResult executionId="9c4595a0-7fad-4fba-a8dc-50d4e173a2bc" testId="0e1500c9-d0b5-5b29-be72-0785458d61a8" testName="DotNet.Testcontainers.Tests.Unit.TestcontainersImageTest.Platform_PlatformSpecified_ReturnsPlatform(platform: &quot;linux/arm/v7&quot;)" computerName="LE3126008018421" duration="00:00:00.0004002" startTime="2026-07-13T00:29:23.0329882-03:00" endTime="2026-07-13T00:29:23.0334090-03:00" testType="13cdc9d9-ddb5-4fa4-a97d-d965ccfc6d4b" outcome="Passed" testListId="8c84fa94-04c1-424b-9868-57a2d4851a1d" relativeResultsDirectory="9c4595a0-7fad-4fba-a8dc-50d4e173a2bc" />
    <UnitTestResult executionId="e05d76af-81a2-4d56-928b-8d646d50b776" testId="a0da7b18-5bf5-e405-165a-995185816859" testName="DotNet.Testcontainers.Tests.Unit.BuildConfigurationTest.CombineEnumerables(oldValue: [&quot;1&quot;, &quot;2&quot;, &quot;3&quot;], newValue: [&quot;2&quot;, &quot;3&quot;, &quot;4&quot;], expected: [&quot;1&quot;, &quot;2&quot;, &quot;2&quot;, &quot;3&quot;, &quot;3&quot;, ···])" computerName="LE3126008018421" duration="00:00:00.0001968" startTime="2026-07-13T00:29:22.9717466-03:00" endTime="2026-07-13T00:29:22.9719580-03:00" testType="13cdc9d9-ddb5-4fa4-a97d-d965ccfc6d4b" outcome="Passed" testListId="8c84fa94-04c1-424b-9868-57a2d4851a1d" relativeResultsDirectory="e05d76af-81a2-4d56-928b-8d646d50b776" />
    <UnitTestResult executionId="11a04826-98c2-461d-ac02-a0604fa4b397" testId="88c73e49-312a-acbc-1bda-579ad00c523a" testName="DotNet.Testcontainers.Tests.Unit.CustomConfigurationTest+EnvironmentConfigurationTest.GetDockerAuthConfigCustomConfiguration(propertyName: &quot;DOCKER_AUTH_CONFIG&quot;, propertyValue: &quot;{\&quot;auths\&quot;:{\&quot;ghcr.io\&quot;:{}}}&quot;, expected: &quot;{\&quot;auths\&quot;:{\&quot;ghcr.io\&quot;:{}}}&quot;)" computerName="LE3126008018421" duration="00:00:00.0003240" startTime="2026-07-13T00:35:58.4211743-03:00" endTime="2026-07-13T00:35:58.4215237-03:00" testType="13cdc9d9-ddb5-4fa4-a97d-d965ccfc6d4b" outcome="Passed" testListId="8c84fa94-04c1-424b-9868-57a2d4851a1d" relativeResultsDirectory="11a04826-98c2-461d-ac02-a0604fa4b397" />
    <UnitTestResult executionId="38d3f683-74ad-4dca-8c00-f5d0faaa12b2" testId="f9e189ab-cbd9-9e51-15d2-e03541d9d0b1" testName="DotNet.Testcontainers.Tests.Unit.TestcontainersImageTest.WhenImageNameGetsAssigned(serializable: DockerImageFixtureSerializable { Image = DockerImage { Digest = null, FullName = &quot;bar/baz:latest&quot;, Platform = null, Registry = null, Repository = &quot;bar/baz&quot;, ··· } }, image: &quot;bar/baz:latest&quot;, fullName: &quot;bar/baz:latest&quot;)" computerName="LE3126008018421" duration="00:00:00.0000349" startTime="2026-07-13T00:29:23.0283505-03:00" endTime="2026-07-13T00:29:23.0284012-03:00" testType="13cdc9d9-ddb5-4fa4-a97d-d965ccfc6d4b" outcome="Passed" testListId="8c84fa94-04c1-424b-9868-57a2d4851a1d" relativeResultsDirectory="38d3f683-74ad-4dca-8c00-f5d0faaa12b2" />
    <UnitTestResult executionId="2cfdd494-5c37-4bd6-89a0-0ccf700e8751" testId="f1c98b40-6a21-6107-2288-c782eff05c24" testName="DotNet.Testcontainers.Tests.Unit.TestcontainersContainerCancellationTest+Cancel.Start" computerName="LE3126008018421" duration="00:00:30.0195600" startTime="2026-07-13T00:28:27.8018026-03:00" endTime="2026-07-13T00:28:57.8215030-03:00" testType="13cdc9d9-ddb5-4fa4-a97d-d965ccfc6d4b" outcome="Passed" testListId="8c84fa94-04c1-424b-9868-57a2d4851a1d" relativeResultsDirectory="2cfdd494-5c37-4bd6-89a0-0ccf700e8751" />
    <UnitTestResult executionId="46c88398-4d2a-4f5a-8d35-8c77b52b70f9" testId="c82a728e-a793-1a2e-0fe5-54b44785ad73" testName="DotNet.Testcontainers.Tests.Unit.CommonDirectoryPathTest.CommonDirectoryPathExists(commonDirectoryPath: DotNet.Testcontainers.Builders.CommonDirectoryPath)" computerName="LE3126008018421" duration="00:00:00.0001466" startTime="2026-07-13T00:29:11.0865347-03:00" endTime="2026-07-13T00:29:11.0867016-03:00" testType="13cdc9d9-ddb5-4fa4-a97d-d965ccfc6d4b" outcome="Passed" testListId="8c84fa94-04c1-424b-9868-57a2d4851a1d" relativeResultsDirectory="46c88398-4d2a-4f5a-8d35-8c77b52b70f9" />
    <UnitTestResult executionId="c94bd016-30df-4b5a-9804-913602d542d2" testId="403cc5e5-72db-7d7a-1d21-607a115f5936" testName="DotNet.Testcontainers.Tests.Unit.IgnoreFileTest.AcceptOrDenyNonRecursivePatterns(ignoreFile: IgnoreFile { }, path: &quot;README.md&quot;, expected: True)" computerName="LE3126008018421" duration="00:00:00.0000858" startTime="2026-07-13T00:29:02.6348834-03:00" endTime="2026-07-13T00:29:02.6349828-03:00" testType="13cdc9d9-ddb5-4fa4-a97d-d965ccfc6d4b" outcome="Passed" testListId="8c84fa94-04c1-424b-9868-57a2d4851a1d" relativeResultsDirectory="c94bd016-30df-4b5a-9804-913602d542d2" />
    <UnitTestResult executionId="723af2c1-eb24-4c46-87f6-300cc9156dbb" testId="8a41f3d6-2636-c963-2813-66a075dfb09f" testName="DotNet.Testcontainers.Tests.Unit.TestcontainersImageTest.WhenImageNameGetsAssigned(serializable: DockerImageFixtureSerializable { Image = DockerImage { Digest = null, FullName = &quot;bar/baz:latest&quot;, Platform = null, Registry = null, Repository = &quot;bar/baz&quot;, ··· } }, image: &quot;bar/baz&quot;, fullName: &quot;bar/baz:latest&quot;)" computerName="LE3126008018421" duration="00:00:00.0000242" startTime="2026-07-13T00:29:23.0317747-03:00" endTime="2026-07-13T00:29:23.0318108-03:00" testType="13cdc9d9-ddb5-4fa4-a97d-d965ccfc6d4b" outcome="Passed" testListId="8c84fa94-04c1-424b-9868-57a2d4851a1d" relativeResultsDirectory="723af2c1-eb24-4c46-87f6-300cc9156dbb" />
    <UnitTestResult executionId="d82c96e9-6c18-4ddb-a7f8-801a553794cc" testId="265fbc65-250c-3116-2c85-d3f7c8d91b81" testName="DotNet.Testcontainers.Tests.Unit.CustomConfigurationTest+PropertiesFileConfigurationTest.GetRyukContainerPrivilegedCustomConfiguration(configuration: &quot;&quot;, expected: null)" computerName="LE3126008018421" duration="00:00:00.0001573" startTime="2026-07-13T00:29:00.6164732-03:00" endTime="2026-07-13T00:29:00.6166852-03:00" testType="13cdc9d9-ddb5-4fa4-a97d-d965ccfc6d4b" outcome="Passed" testListId="8c84fa94-04c1-424b-9868-57a2d4851a1d" relativeResultsDirectory="d82c96e9-6c18-4ddb-a7f8-801a553794cc" />
    <UnitTestResult executionId="370d3a1d-a8eb-4f5b-a0c4-1441f2c06b33" testId="73e6b9d0-8711-1ea9-7578-c0d60393e215" testName="DotNet.Testcontainers.Tests.Unit.TestcontainersContainerTest+WithConfiguration.WorkingDirectory" computerName="LE3126008018421" duration="00:00:12.9490160" startTime="2026-07-13T00:32:09.9185804-03:00" endTime="2026-07-13T00:32:22.8676583-03:00" testType="13cdc9d9-ddb5-4fa4-a97d-d965ccfc6d4b" outcome="Passed" testListId="8c84fa94-04c1-424b-9868-57a2d4851a1d" relativeResultsDirectory="370d3a1d-a8eb-4f5b-a0c4-1441f2c06b33" />
    <UnitTestResult executionId="57886898-2dd4-4dac-b788-9fa653dc9d2e" testId="25c08bb7-b447-a59a-35f8-6a42cba05fd3" testName="DotNet.Testcontainers.Tests.Unit.DockerRegistryAuthenticationProviderTest+Base64ProviderTest.ShouldGetAuthConfig(jsonDocument: &quot;{\&quot;auths\&quot;:{\&quot;https://index.docker.io/v1/\&quot;:{\&quot;aut&quot;···, expectedUsername: &quot;username&quot;, expectedPassword: &quot;password&quot;, expectedIdentityToken: null)" computerName="LE3126008018421" duration="00:00:00.0010663" startTime="2026-07-13T00:29:23.0191486-03:00" endTime="2026-07-13T00:29:23.0202427-03:00" testType="13cdc9d9-ddb5-4fa4-a97d-d965ccfc6d4b" outcome="Passed" testListId="8c84fa94-04c1-424b-9868-57a2d4851a1d" relativeResultsDirectory="57886898-2dd4-4dac-b788-9fa653dc9d2e" />
    <UnitTestResult executionId="c5e581b7-dcdf-4a39-ac25-6939fd9afebb" testId="29f7448e-a320-e2fe-d57b-73744a74f9c4" testName="DotNet.Testcontainers.Tests.Unit.CustomConfigurationTest+PropertiesFileConfigurationTest.GetWaitStrategyIntervalCustomConfiguration(configuration: &quot;wait.strategy.interval=-00:00:00.001&quot;, expected: null)" computerName="LE3126008018421" duration="00:00:00.0004820" startTime="2026-07-13T00:29:00.6956713-03:00" endTime="2026-07-13T00:29:00.6961855-03:00" testType="13cdc9d9-ddb5-4fa4-a97d-d965ccfc6d4b" outcome="Passed" testListId="8c84fa94-04c1-424b-9868-57a2d4851a1d" relativeResultsDirectory="c5e581b7-dcdf-4a39-ac25-6939fd9afebb" />
    <UnitTestResult executionId="47361575-a51a-40ed-af26-5fb3209b2e51" testId="b4d09c34-1108-bf8a-5255-4590a89aa655" testName="DotNet.Testcontainers.Tests.Unit.CustomConfigurationTest+PropertiesFileConfigurationTest.GetWaitStrategyIntervalCustomConfiguration(configuration: &quot;&quot;, expected: null)" computerName="LE3126008018421" duration="00:00:00.0000529" startTime="2026-07-13T00:29:00.6979131-03:00" endTime="2026-07-13T00:29:00.6979981-03:00" testType="13cdc9d9-ddb5-4fa4-a97d-d965ccfc6d4b" outcome="Passed" testListId="8c84fa94-04c1-424b-9868-57a2d4851a1d" relativeResultsDirectory="47361575-a51a-40ed-af26-5fb3209b2e51" />
    <UnitTestResult executionId="cb78ba30-4d4e-4aed-afb2-2c0558507737" testId="c82a728e-a793-1a2e-0fe5-54b44785ad73" testName="DotNet.Testcontainers.Tests.Unit.CommonDirectoryPathTest.CommonDirectoryPathExists(commonDirectoryPath: DotNet.Testcontainers.Builders.CommonDirectoryPath)" computerName="LE3126008018421" duration="00:00:00.0013196" startTime="2026-07-13T00:29:11.0848832-03:00" endTime="2026-07-13T00:29:11.0862518-03:00" testType="13cdc9d9-ddb5-4fa4-a97d-d965ccfc6d4b" outcome="Passed" testListId="8c84fa94-04c1-424b-9868-57a2d4851a1d" relativeResultsDirectory="cb78ba30-4d4e-4aed-afb2-2c0558507737" />
    <UnitTestResult executionId="76f0bee2-bc37-408b-8748-19e283cc94b4" testId="ee4a147e-3262-eac2-702e-45db0d7a24ff" testName="DotNet.Testcontainers.Tests.Unit.TestcontainersNetworkTest.PingContainer" computerName="LE3126008018421" duration="00:00:22.8319316" startTime="2026-07-13T00:28:47.7454506-03:00" endTime="2026-07-13T00:29:10.5774997-03:00" testType="13cdc9d9-ddb5-4fa4-a97d-d965ccfc6d4b" outcome="Passed" testListId="8c84fa94-04c1-424b-9868-57a2d4851a1d" relativeResultsDirectory="76f0bee2-bc37-408b-8748-19e283cc94b4" />
    <UnitTestResult executionId="8cf95315-b6d3-43b0-aacf-e66bd2ed09fd" testId="80ac9ae5-2e3c-396d-a505-e50490e7c1be" testName="DotNet.Testcontainers.Tests.Unit.CustomConfigurationTest+EnvironmentConfigurationTest.GetRyukContainerPrivilegedCustomConfiguration(propertyName: &quot;TESTCONTAINERS_RYUK_CONTAINER_PRIVILEGED&quot;, propertyValue: &quot;&quot;, expected: null)" computerName="LE3126008018421" duration="00:00:00.0002641" startTime="2026-07-13T00:35:58.4770582-03:00" endTime="2026-07-13T00:35:58.4773403-03:00" testType="13cdc9d9-ddb5-4fa4-a97d-d965ccfc6d4b" outcome="Passed" testListId="8c84fa94-04c1-424b-9868-57a2d4851a1d" relativeResultsDirectory="8cf95315-b6d3-43b0-aacf-e66bd2ed09fd" />
    <UnitTestResult executionId="ec548016-8f7b-4e33-95d8-d754cf2a1597" testId="0a7b998b-be58-8bfe-befa-009e9991cd2e" testName="DotNet.Testcontainers.Tests.Unit.BuildConfigurationTest.OverwriteDictionaryCompose(oldValue: [[&quot;A&quot;] = &quot;old&quot;, [&quot;B&quot;] = &quot;ignore&quot;], newValue: [[&quot;A&quot;] = &quot;new&quot;, [&quot;C&quot;] = &quot;keep&quot;], expected: [[&quot;A&quot;] = &quot;new&quot;, [&quot;C&quot;] = &quot;keep&quot;])" computerName="LE3126008018421" duration="00:00:00.0000386" startTime="2026-07-13T00:29:22.9620959-03:00" endTime="2026-07-13T00:29:22.9621494-03:00" testType="13cdc9d9-ddb5-4fa4-a97d-d965ccfc6d4b" outcome="Passed" testListId="8c84fa94-04c1-424b-9868-57a2d4851a1d" relativeResultsDirectory="ec548016-8f7b-4e33-95d8-d754cf2a1597" />
    <UnitTestResult executionId="b1093203-e42d-4d91-ab22-bba23a5fd79b" testId="b2c2ef17-5ab0-4d5a-03e5-c53e0e446cec" testName="DotNet.Testcontainers.Tests.Unit.TestcontainersImageTest.Platform_PlatformSpecified_ReturnsPlatform(platform: &quot;linux/amd64&quot;)" computerName="LE3126008018421" duration="00:00:00.0003863" startTime="2026-07-13T00:29:23.0323428-03:00" endTime="2026-07-13T00:29:23.0327485-03:00" testType="13cdc9d9-ddb5-4fa4-a97d-d965ccfc6d4b" outcome="Passed" testListId="8c84fa94-04c1-424b-9868-57a2d4851a1d" relativeResultsDirectory="b1093203-e42d-4d91-ab22-bba23a5fd79b" />
    <UnitTestResult executionId="020a6f1e-7101-4e00-9cfb-7c853e4be29d" testId="d997a335-4b6b-8ab5-2a4d-c175bd659518" testName="DotNet.Testcontainers.Tests.Unit.DockerEndpointAuthenticationProviderTest.AuthProviderShouldBeApplicable(authProvider: EnvironmentEndpointAuthenticationProvider { LastException = null }, isApplicable: False)" computerName="LE3126008018421" duration="00:00:00.0000095" startTime="2026-07-13T00:29:45.0750973-03:00" endTime="2026-07-13T00:29:45.0751178-03:00" testType="13cdc9d9-ddb5-4fa4-a97d-d965ccfc6d4b" outcome="Passed" testListId="8c84fa94-04c1-424b-9868-57a2d4851a1d" relativeResultsDirectory="020a6f1e-7101-4e00-9cfb-7c853e4be29d" />
    <UnitTestResult executionId="4f33ee16-ad6b-4ea5-a48a-89103b457050" testId="f941d9eb-9e38-b30c-ec40-236602fb4808" testName="DotNet.Testcontainers.Tests.Unit.DockerImageNameSubstitutionTest+HubImageNamePrefixIsSet.PrependForStringConfiguration(hubImageNamePrefix: &quot;my.proxy.com&quot;, imageName: &quot;bar&quot;, expectedFullName: &quot;my.proxy.com/bar:latest&quot;)" computerName="LE3126008018421" duration="00:00:00.0019172" startTime="2026-07-13T00:35:58.3927179-03:00" endTime="2026-07-13T00:35:58.3946602-03:00" testType="13cdc9d9-ddb5-4fa4-a97d-d965ccfc6d4b" outcome="Passed" testListId="8c84fa94-04c1-424b-9868-57a2d4851a1d" relativeResultsDirectory="4f33ee16-ad6b-4ea5-a48a-89103b457050" />
    <UnitTestResult executionId="bf615f58-35e1-4c30-8343-8db68c3862c7" testId="403cc5e5-72db-7d7a-1d21-607a115f5936" testName="DotNet.Testcontainers.Tests.Unit.IgnoreFileTest.AcceptOrDenyNonRecursivePatterns(ignoreFile: IgnoreFile { }, path: &quot;lipsum/lorem/temp.txt&quot;, expected: False)" computerName="LE3126008018421" duration="00:00:00.0000860" startTime="2026-07-13T00:29:02.6277848-03:00" endTime="2026-07-13T00:29:02.6278853-03:00" testType="13cdc9d9-ddb5-4fa4-a97d-d965ccfc6d4b" outcome="Passed" testListId="8c84fa94-04c1-424b-9868-57a2d4851a1d" relativeResultsDirectory="bf615f58-35e1-4c30-8343-8db68c3862c7" />
    <UnitTestResult executionId="9b06b0e8-e205-43ae-910e-a2299fd012ae" testId="476a2952-e52c-956e-31da-8275ff8539c5" testName="DotNet.Testcontainers.Tests.Unit.DockerEndpointAuthenticationProviderTest.AuthConfigShouldGetDockerClientEndpoint(authConfig: DotNet.Testcontainers.Configurations.DockerEndpointAuthenticationConfiguration, dockerClientEndpoint: tcp://127.0.0.1:2375/)" computerName="LE3126008018421" duration="00:00:00.0005692" startTime="2026-07-13T00:29:45.0794126-03:00" endTime="2026-07-13T00:29:45.0800148-03:00" testType="13cdc9d9-ddb5-4fa4-a97d-d965ccfc6d4b" outcome="Passed" testListId="8c84fa94-04c1-424b-9868-57a2d4851a1d" relativeResultsDirectory="9b06b0e8-e205-43ae-910e-a2299fd012ae" />
    <UnitTestResult executionId="b6014766-b00f-4da5-8638-c765667132e6" testId="0c738f6e-0ed1-3f50-98a4-735f1a8e4015" testName="DotNet.Testcontainers.Tests.Unit.BuildContextTest.CreateImageShouldFailWhenContextDoesNotContainRequiredFiles" computerName="LE3126008018421" duration="00:00:00.4282345" startTime="2026-07-13T00:28:30.1935328-03:00" endTime="2026-07-13T00:28:30.6219143-03:00" testType="13cdc9d9-ddb5-4fa4-a97d-d965ccfc6d4b" outcome="Passed" testListId="8c84fa94-04c1-424b-9868-57a2d4851a1d" relativeResultsDirectory="b6014766-b00f-4da5-8638-c765667132e6" />
    <UnitTestResult executionId="c2c10b87-6402-43a2-a2ae-91aea7f1ec0c" testId="25cf125e-8914-d780-6ff8-d010a413c585" testName="DotNet.Testcontainers.Tests.Unit.TestcontainersContainerTest+WithConfiguration.AutoRemoveFalseShouldNotRemoveContainer" computerName="LE3126008018421" duration="00:00:10.2352004" startTime="2026-07-13T00:31:47.6396668-03:00" endTime="2026-07-13T00:31:57.8749343-03:00" testType="13cdc9d9-ddb5-4fa4-a97d-d965ccfc6d4b" outcome="Passed" testListId="8c84fa94-04c1-424b-9868-57a2d4851a1d" relativeResultsDirectory="c2c10b87-6402-43a2-a2ae-91aea7f1ec0c" />
    <UnitTestResult executionId="fb718ea4-d441-4882-a818-1d9e9d57cdf4" testId="73df776a-7278-d0ae-bdc8-49620fa8f1c6" testName="DotNet.Testcontainers.Tests.Unit.WaitUntilFileExistsInContainerTest.ContainerIsRunning" computerName="LE3126008018421" duration="00:00:19.8199381" startTime="2026-07-13T00:29:02.6371939-03:00" endTime="2026-07-13T00:29:22.4572368-03:00" testType="13cdc9d9-ddb5-4fa4-a97d-d965ccfc6d4b" outcome="Passed" testListId="8c84fa94-04c1-424b-9868-57a2d4851a1d" relativeResultsDirectory="fb718ea4-d441-4882-a818-1d9e9d57cdf4" />
    <UnitTestResult executionId="ed657b25-f940-4aed-8839-4e9781abbdf0" testId="d997a335-4b6b-8ab5-2a4d-c175bd659518" testName="DotNet.Testcontainers.Tests.Unit.DockerEndpointAuthenticationProviderTest.AuthProviderShouldBeApplicable(authProvider: EnvironmentEndpointAuthenticationProvider { LastException = null }, isApplicable: True)" computerName="LE3126008018421" duration="00:00:00.0000099" startTime="2026-07-13T00:29:45.0751299-03:00" endTime="2026-07-13T00:29:45.0751494-03:00" testType="13cdc9d9-ddb5-4fa4-a97d-d965ccfc6d4b" outcome="Passed" testListId="8c84fa94-04c1-424b-9868-57a2d4851a1d" relativeResultsDirectory="ed657b25-f940-4aed-8839-4e9781abbdf0" />
    <UnitTestResult executionId="da975b6f-990a-43ab-b40d-66159db1897e" testId="50f31bbe-a102-8d88-c7b0-a316d507f9ab" testName="DotNet.Testcontainers.Tests.Unit.DockerRegistryAuthenticationProviderTest+Base64ProviderTest.ResolvePartialDockerRegistry(jsonDocument: &quot;{\&quot;auths\&quot;:{\&quot;https://index.docker.io/v1/\&quot;:{}}}&quot;, hostname: &quot;index.docker.io&quot;, expectedResult: True)" computerName="LE3126008018421" duration="00:00:00.0000419" startTime="2026-07-13T00:29:23.0158771-03:00" endTime="2026-07-13T00:29:23.0159386-03:00" testType="13cdc9d9-ddb5-4fa4-a97d-d965ccfc6d4b" outcome="Passed" testListId="8c84fa94-04c1-424b-9868-57a2d4851a1d" relativeResultsDirectory="da975b6f-990a-43ab-b40d-66159db1897e" />
    <UnitTestResult executionId="f2ec569e-f3ea-429d-a096-050f2aa0ea9d" testId="6dfeef94-7339-8ca7-906a-03167fb1746d" testName="DotNet.Testcontainers.Tests.Unit.ContainerConfigurationConverterTest+ExposedPorts.ShouldAddTcpPortSuffix" computerName="LE3126008018421" duration="00:00:00.0020209" startTime="2026-07-13T00:29:02.5920729-03:00" endTime="2026-07-13T00:29:02.5941564-03:00" testType="13cdc9d9-ddb5-4fa4-a97d-d965ccfc6d4b" outcome="Passed" testListId="8c84fa94-04c1-424b-9868-57a2d4851a1d" relativeResultsDirectory="f2ec569e-f3ea-429d-a096-050f2aa0ea9d" />
    <UnitTestResult executionId="b178407e-74a9-4894-a999-62a21c93f1f1" testId="7d883f68-fd5f-3f11-5b69-15f63f45081c" testName="DotNet.Testcontainers.Tests.Unit.TestcontainersContainerTest+WithConfiguration.BindMountAndCommand" computerName="LE3126008018421" duration="00:00:17.8320183" startTime="2026-07-13T00:32:34.1355367-03:00" endTime="2026-07-13T00:32:51.9676287-03:00" testType="13cdc9d9-ddb5-4fa4-a97d-d965ccfc6d4b" outcome="Passed" testListId="8c84fa94-04c1-424b-9868-57a2d4851a1d" relativeResultsDirectory="b178407e-74a9-4894-a999-62a21c93f1f1" />
    <UnitTestResult executionId="84c6ddac-13a8-4369-a087-775ac2b62486" testId="824a0b6b-cdae-b876-af13-79a79135918c" testName="DotNet.Testcontainers.Tests.Unit.CustomConfigurationTest+PropertiesFileConfigurationTest.GetDockerCertPathCustomConfiguration(configuration: &quot;&quot;, expected: null)" computerName="LE3126008018421" duration="00:00:00.0003564" startTime="2026-07-13T00:29:00.6357491-03:00" endTime="2026-07-13T00:29:00.6361418-03:00" testType="13cdc9d9-ddb5-4fa4-a97d-d965ccfc6d4b" outcome="Passed" testListId="8c84fa94-04c1-424b-9868-57a2d4851a1d" relativeResultsDirectory="84c6ddac-13a8-4369-a087-775ac2b62486" />
    <UnitTestResult executionId="34545fb7-6bb1-46c6-97e8-0e3cfdebf053" testId="a8ce0cd1-4909-d7a3-c600-3343e7879493" testName="DotNet.Testcontainers.Tests.Unit.CustomConfigurationTest+PropertiesFileConfigurationTest.GetDockerSocketOverrideCustomConfiguration(configuration: &quot;docker.socket.override=/var/run/docker.sock&quot;, expected: &quot;/var/run/docker.sock&quot;)" computerName="LE3126008018421" duration="00:00:00.0005645" startTime="2026-07-13T00:29:00.7202319-03:00" endTime="2026-07-13T00:29:00.7208270-03:00" testType="13cdc9d9-ddb5-4fa4-a97d-d965ccfc6d4b" outcome="Passed" testListId="8c84fa94-04c1-424b-9868-57a2d4851a1d" relativeResultsDirectory="34545fb7-6bb1-46c6-97e8-0e3cfdebf053" />
    <UnitTestResult executionId="2a6eaf38-6f88-4528-9730-449c12581bca" testId="403cc5e5-72db-7d7a-1d21-607a115f5936" testName="DotNet.Testcontainers.Tests.Unit.IgnoreFileTest.AcceptOrDenyNonRecursivePatterns(ignoreFile: IgnoreFile { }, path: &quot;lorem/lipsum/lorem/lipsum.txt&quot;, expected: False)" computerName="LE3126008018421" duration="00:00:00.0005942" startTime="2026-07-13T00:29:02.6283035-03:00" endTime="2026-07-13T00:29:02.6289207-03:00" testType="13cdc9d9-ddb5-4fa4-a97d-d965ccfc6d4b" outcome="Passed" testListId="8c84fa94-04c1-424b-9868-57a2d4851a1d" relativeResultsDirectory="2a6eaf38-6f88-4528-9730-449c12581bca" />
    <UnitTestResult executionId="49dabc92-a46c-4ab9-ba53-ae8cf15255a5" testId="8f31c3ee-81ea-b501-5f3b-caa1a54b1ac2" testName="DotNet.Testcontainers.Tests.Unit.CustomConfigurationTest+EnvironmentConfigurationTest.GetDockerHostCustomConfiguration(propertyName: &quot;&quot;, propertyValue: &quot;&quot;, expected: null)" computerName="LE3126008018421" duration="00:00:00.0007917" startTime="2026-07-13T00:35:58.4503844-03:00" endTime="2026-07-13T00:35:58.4512257-03:00" testType="13cdc9d9-ddb5-4fa4-a97d-d965ccfc6d4b" outcome="Passed" testListId="8c84fa94-04c1-424b-9868-57a2d4851a1d" relativeResultsDirectory="49dabc92-a46c-4ab9-ba53-ae8cf15255a5" />
    <UnitTestResult executionId="36b34b3e-33d5-4134-8963-0f819768a4d6" testId="884260e9-f9ca-db4c-9c54-3835c0338958" testName="DotNet.Testcontainers.Tests.Unit.TestcontainersVolumeBuilderTest.GetNameReturnsVolumeName" computerName="LE3126008018421" duration="00:00:00.0012753" startTime="2026-07-13T00:29:11.2256723-03:00" endTime="2026-07-13T00:29:11.2270030-03:00" testType="13cdc9d9-ddb5-4fa4-a97d-d965ccfc6d4b" outcome="Passed" testListId="8c84fa94-04c1-424b-9868-57a2d4851a1d" relativeResultsDirectory="36b34b3e-33d5-4134-8963-0f819768a4d6" />
    <UnitTestResult executionId="86fc071f-ff5a-49e8-b992-0c19db65dcc7" testId="adbf1d06-4ceb-9425-71a5-4bb5033893e5" testName="DotNet.Testcontainers.Tests.Unit.BuildConfigurationTest.CombineEnumerables(oldValue: null, newValue: [&quot;2&quot;], expected: [&quot;2&quot;])" computerName="LE3126008018421" duration="00:00:00.0016991" startTime="2026-07-13T00:29:22.9687196-03:00" endTime="2026-07-13T00:29:22.9704441-03:00" testType="13cdc9d9-ddb5-4fa4-a97d-d965ccfc6d4b" outcome="Passed" testListId="8c84fa94-04c1-424b-9868-57a2d4851a1d" relativeResultsDirectory="86fc071f-ff5a-49e8-b992-0c19db65dcc7" />
    <UnitTestResult executionId="a0973b87-65a2-4b4e-94bd-a6f9f1636fa3" testId="c9962048-c3a1-e8f1-9f77-764886ba663e" testName="DotNet.Testcontainers.Tests.Unit.CustomConfigurationTest+PropertiesFileConfigurationTest.GetDockerTlsVerifyCustomConfiguration(configuration: &quot;docker.tls.verify=true&quot;, expected: True)" computerName="LE3126008018421" duration="00:00:00.0000454" startTime="2026-07-13T00:29:00.6343659-03:00" endTime="2026-07-13T00:29:00.6344381-03:00" testType="13cdc9d9-ddb5-4fa4-a97d-d965ccfc6d4b" outcome="Passed" testListId="8c84fa94-04c1-424b-9868-57a2d4851a1d" relativeResultsDirectory="a0973b87-65a2-4b4e-94bd-a6f9f1636fa3" />
    <UnitTestResult executionId="ab1d8270-8aa6-44a1-998c-82db8f532fbf" testId="b1ee0276-647f-605d-7f35-68848ce10f1d" testName="DotNet.Testcontainers.Tests.Unit.WaitUntilContainerIsHealthyTest.ContainerHealthCheckShouldBeHealthy" computerName="LE3126008018421" duration="00:00:13.1150403" startTime="2026-07-13T00:33:05.0970861-03:00" endTime="2026-07-13T00:33:18.2121957-03:00" testType="13cdc9d9-ddb5-4fa4-a97d-d965ccfc6d4b" outcome="Passed" testListId="8c84fa94-04c1-424b-9868-57a2d4851a1d" relativeResultsDirectory="ab1d8270-8aa6-44a1-998c-82db8f532fbf" />
    <UnitTestResult executionId="89ef25af-344a-409c-9691-641dd923efbb" testId="b11c802a-d539-5b1c-9bb8-0c1b57621efd" testName="DotNet.Testcontainers.Tests.Unit.DockerImageNameSubstitutionTest+HubImageNamePrefixIsSet.PrependForObjectConfiguration(hubImageNamePrefix: &quot;my.proxy.com&quot;, imageName: &quot;foo/bar:1.0.0&quot;, expectedFullName: &quot;my.proxy.com/foo/bar:1.0.0&quot;)" computerName="LE3126008018421" duration="00:00:00.0001646" startTime="2026-07-13T00:35:58.3901223-03:00" endTime="2026-07-13T00:35:58.3903262-03:00" testType="13cdc9d9-ddb5-4fa4-a97d-d965ccfc6d4b" outcome="Passed" testListId="8c84fa94-04c1-424b-9868-57a2d4851a1d" relativeResultsDirectory="89ef25af-344a-409c-9691-641dd923efbb" />
    <UnitTestResult executionId="853fe0f3-bcd2-4785-9b46-2aac783fa055" testId="0a7b998b-be58-8bfe-befa-009e9991cd2e" testName="DotNet.Testcontainers.Tests.Unit.BuildConfigurationTest.OverwriteDictionaryCompose(oldValue: [[&quot;A&quot;] = &quot;old&quot;], newValue: [[&quot;B&quot;] = &quot;new&quot;], expected: [[&quot;B&quot;] = &quot;new&quot;])" computerName="LE3126008018421" duration="00:00:00.0000342" startTime="2026-07-13T00:29:22.9620324-03:00" endTime="2026-07-13T00:29:22.9620813-03:00" testType="13cdc9d9-ddb5-4fa4-a97d-d965ccfc6d4b" outcome="Passed" testListId="8c84fa94-04c1-424b-9868-57a2d4851a1d" relativeResultsDirectory="853fe0f3-bcd2-4785-9b46-2aac783fa055" />
    <UnitTestResult executionId="1af40c34-d962-4e40-985e-1062b7b087ce" testId="c82a728e-a793-1a2e-0fe5-54b44785ad73" testName="DotNet.Testcontainers.Tests.Unit.CommonDirectoryPathTest.CommonDirectoryPathExists(commonDirectoryPath: DotNet.Testcontainers.Builders.CommonDirectoryPath)" computerName="LE3126008018421" duration="00:00:00.0001421" startTime="2026-07-13T00:29:11.0867172-03:00" endTime="2026-07-13T00:29:11.0868779-03:00" testType="13cdc9d9-ddb5-4fa4-a97d-d965ccfc6d4b" outcome="Passed" testListId="8c84fa94-04c1-424b-9868-57a2d4851a1d" relativeResultsDirectory="1af40c34-d962-4e40-985e-1062b7b087ce" />
    <UnitTestResult executionId="b7eb0066-3fb6-4188-8c27-c6eecfd0b0f8" testId="403cc5e5-72db-7d7a-1d21-607a115f5936" testName="DotNet.Testcontainers.Tests.Unit.IgnoreFileTest.AcceptOrDenyNonRecursivePatterns(ignoreFile: IgnoreFile { }, path: &quot;lipsum/temp.txt&quot;, expected: False)" computerName="LE3126008018421" duration="00:00:00.0000920" startTime="2026-07-13T00:29:02.6274755-03:00" endTime="2026-07-13T00:29:02.6275833-03:00" testType="13cdc9d9-ddb5-4fa4-a97d-d965ccfc6d4b" outcome="Passed" testListId="8c84fa94-04c1-424b-9868-57a2d4851a1d" relativeResultsDirectory="b7eb0066-3fb6-4188-8c27-c6eecfd0b0f8" />
    <UnitTestResult executionId="80a8bc2e-88e2-44d3-9192-b7b160f9f7ab" testId="6bb323ae-b4c3-f6ae-2191-56d9eda9b0e8" testName="DotNet.Testcontainers.Tests.Unit.TestcontainersImageTest.MatchVersion_ReturnsFalse_WhenVersionDoesNotMatchPredicate" computerName="LE3126008018421" duration="00:00:00.0006045" startTime="2026-07-13T00:29:23.0440865-03:00" endTime="2026-07-13T00:29:23.0447153-03:00" testType="13cdc9d9-ddb5-4fa4-a97d-d965ccfc6d4b" outcome="Passed" testListId="8c84fa94-04c1-424b-9868-57a2d4851a1d" relativeResultsDirectory="80a8bc2e-88e2-44d3-9192-b7b160f9f7ab" />
    <UnitTestResult executionId="fb835fc5-b719-46c4-a103-7dcfbbbd7c55" testId="15678f3a-a010-5ed3-3927-9ec3a538e71c" testName="DotNet.Testcontainers.Tests.Unit.CustomConfigurationTest+EnvironmentConfigurationTest.GetDockerHostCustomConfiguration(propertyName: &quot;DOCKER_HOST&quot;, propertyValue: &quot;&quot;, expected: null)" computerName="LE3126008018421" duration="00:00:00.0010087" startTime="2026-07-13T00:35:58.4517802-03:00" endTime="2026-07-13T00:35:58.4528256-03:00" testType="13cdc9d9-ddb5-4fa4-a97d-d965ccfc6d4b" outcome="Passed" testListId="8c84fa94-04c1-424b-9868-57a2d4851a1d" relativeResultsDirectory="fb835fc5-b719-46c4-a103-7dcfbbbd7c55" />
    <UnitTestResult executionId="fdfb9ea1-ee16-4923-b507-8fb80cecc2d6" testId="962d9f71-2bab-0aff-31ff-436a1c78f5af" testName="DotNet.Testcontainers.Tests.Unit.CustomConfigurationTest+PropertiesFileConfigurationTest.GetDockerApiVersionCustomConfiguration(configuration: &quot;docker.api.version=&quot;, expected: null)" computerName="LE3126008018421" duration="00:00:00.0005448" startTime="2026-07-13T00:29:00.7086503-03:00" endTime="2026-07-13T00:29:00.7092307-03:00" testType="13cdc9d9-ddb5-4fa4-a97d-d965ccfc6d4b" outcome="Passed" testListId="8c84fa94-04c1-424b-9868-57a2d4851a1d" relativeResultsDirectory="fdfb9ea1-ee16-4923-b507-8fb80cecc2d6" />
    <UnitTestResult executionId="d74fbb38-1d84-4362-9759-ecb07b57233f" testId="463e5e45-766c-ca48-32dc-111d5911cfe3" testName="DotNet.Testcontainers.Tests.Unit.CustomConfigurationTest+EnvironmentConfigurationTest.GetDockerCertPathCustomConfiguration(propertyName: &quot;DOCKER_CERT_PATH&quot;, propertyValue: &quot;/home/docker/.docker/certs&quot;, expected: &quot;/home/docker/.docker/certs&quot;)" computerName="LE3126008018421" duration="00:00:00.0009152" startTime="2026-07-13T00:35:58.4328391-03:00" endTime="2026-07-13T00:35:58.4337803-03:00" testType="13cdc9d9-ddb5-4fa4-a97d-d965ccfc6d4b" outcome="Passed" testListId="8c84fa94-04c1-424b-9868-57a2d4851a1d" relativeResultsDirectory="d74fbb38-1d84-4362-9759-ecb07b57233f" />
    <UnitTestResult executionId="69314dc5-8ac2-4186-99f3-ee716386eeaa" testId="4bcd291b-be11-f083-20c2-531f422a0fd8" testName="DotNet.Testcontainers.Tests.Unit.DockerRegistryAuthenticationProviderTest+Base64ProviderTest.ResolvePartialDockerRegistry(jsonDocument: &quot;{\&quot;auths\&quot;:{\&quot;http://ghcr.io\&quot;:{}}}&quot;, hostname: &quot;ghcr.io&quot;, expectedResult: True)" computerName="LE3126008018421" duration="00:00:00.0006343" startTime="2026-07-13T00:29:23.0017731-03:00" endTime="2026-07-13T00:29:23.0024483-03:00" testType="13cdc9d9-ddb5-4fa4-a97d-d965ccfc6d4b" outcome="Passed" testListId="8c84fa94-04c1-424b-9868-57a2d4851a1d" relativeResultsDirectory="69314dc5-8ac2-4186-99f3-ee716386eeaa" />
    <UnitTestResult executionId="ddfc3e85-2748-470c-bcd0-cc49a387bb87" testId="8d66f5b1-0f4c-5ff1-2793-19b7da33a2c6" testName="DotNet.Testcontainers.Tests.Unit.DockerImageNameSubstitutionTest+HubImageNamePrefixIsSet.PrependForObjectConfiguration(hubImageNamePrefix: &quot;my.proxy.com:443&quot;, imageName: &quot;bar:1.0.0&quot;, expectedFullName: &quot;my.proxy.com:443/bar:1.0.0&quot;)" computerName="LE3126008018421" duration="00:00:00.0047658" startTime="2026-07-13T00:35:58.3793167-03:00" endTime="2026-07-13T00:35:58.3841376-03:00" testType="13cdc9d9-ddb5-4fa4-a97d-d965ccfc6d4b" outcome="Passed" testListId="8c84fa94-04c1-424b-9868-57a2d4851a1d" relativeResultsDirectory="ddfc3e85-2748-470c-bcd0-cc49a387bb87" />
    <UnitTestResult executionId="ca1bd251-3e9e-4347-9bf7-be91e11a5ed6" testId="6fa3ff4d-7533-c3f5-366a-55179d6463ab" testName="DotNet.Testcontainers.Tests.Unit.BuildConfigurationTest.OverwriteEnumerableCompose(oldValue: [&quot;A&quot;, &quot;B&quot;, &quot;C&quot;], newValue: [&quot;X&quot;, &quot;Y&quot;, &quot;Z&quot;], expected: [&quot;X&quot;, &quot;Y&quot;, &quot;Z&quot;])" computerName="LE3126008018421" duration="00:00:00.0000324" startTime="2026-07-13T00:29:22.9360791-03:00" endTime="2026-07-13T00:29:22.9361228-03:00" testType="13cdc9d9-ddb5-4fa4-a97d-d965ccfc6d4b" outcome="Passed" testListId="8c84fa94-04c1-424b-9868-57a2d4851a1d" relativeResultsDirectory="ca1bd251-3e9e-4347-9bf7-be91e11a5ed6" />
    <UnitTestResult executionId="abdcc87a-9fc2-4fe1-b328-89c99fe4e93a" testId="5ad866b9-5e1b-a2cc-d1b5-d5fa3b737566" testName="DotNet.Testcontainers.Tests.Unit.CustomConfigurationTest+PropertiesFileConfigurationTest.GetRyukContainerImageCustomConfiguration(configuration: &quot;ryuk.container.image=&quot;, expected: null)" computerName="LE3126008018421" duration="00:00:00.0005629" startTime="2026-07-13T00:29:00.7060009-03:00" endTime="2026-07-13T00:29:00.7066012-03:00" testType="13cdc9d9-ddb5-4fa4-a97d-d965ccfc6d4b" outcome="Passed" testListId="8c84fa94-04c1-424b-9868-57a2d4851a1d" relativeResultsDirectory="abdcc87a-9fc2-4fe1-b328-89c99fe4e93a" />
    <UnitTestResult executionId="4e545a3f-6301-419b-9fc0-82722dc1dc2d" testId="223c2b7b-ddb1-ba17-97fb-e70bf4ed6171" testName="DotNet.Testcontainers.Tests.Unit.CustomConfigurationTest+PropertiesFileConfigurationTest.GetWaitStrategyIntervalCustomConfiguration(configuration: &quot;wait.strategy.interval=00:00:01&quot;, expected: &quot;00:00:01&quot;)" computerName="LE3126008018421" duration="00:00:00.0008183" startTime="2026-07-13T00:29:00.6967794-03:00" endTime="2026-07-13T00:29:00.6976348-03:00" testType="13cdc9d9-ddb5-4fa4-a97d-d965ccfc6d4b" outcome="Passed" testListId="8c84fa94-04c1-424b-9868-57a2d4851a1d" relativeResultsDirectory="4e545a3f-6301-419b-9fc0-82722dc1dc2d" />
    <UnitTestResult executionId="c9637901-136a-44ee-a382-2cccccd3387b" testId="c20389bf-4390-deba-917b-20ef62587d3c" testName="DotNet.Testcontainers.Tests.Unit.TestcontainersContainerTest+WithConfiguration.BindMountAndEnvironment" computerName="LE3126008018421" duration="00:00:32.0752556" startTime="2026-07-13T00:29:11.3016661-03:00" endTime="2026-07-13T00:29:43.3770166-03:00" testType="13cdc9d9-ddb5-4fa4-a97d-d965ccfc6d4b" outcome="Passed" testListId="8c84fa94-04c1-424b-9868-57a2d4851a1d" relativeResultsDirectory="c9637901-136a-44ee-a382-2cccccd3387b" />
    <UnitTestResult executionId="35db2d4d-4cb2-4cf5-b382-59591c820820" testId="5be80b1a-9413-e9bf-5962-13ff4c7358fb" testName="DotNet.Testcontainers.Tests.Unit.CustomConfigurationTest+PropertiesFileConfigurationTest.GetWaitStrategyTimeoutCustomConfiguration(configuration: &quot;wait.strategy.timeout=-00:00:00.001&quot;, expected: null)" computerName="LE3126008018421" duration="00:00:00.0013599" startTime="2026-07-13T00:29:00.6703458-03:00" endTime="2026-07-13T00:29:00.6717441-03:00" testType="13cdc9d9-ddb5-4fa4-a97d-d965ccfc6d4b" outcome="Passed" testListId="8c84fa94-04c1-424b-9868-57a2d4851a1d" relativeResultsDirectory="35db2d4d-4cb2-4cf5-b382-59591c820820" />
    <UnitTestResult executionId="3a98636f-18ad-400b-a919-d35bfef860f6" testId="aead98a3-8bfe-211d-be25-90e06180baeb" testName="DotNet.Testcontainers.Tests.Unit.TestcontainersImageTest.WhenImageNameGetsAssigned(serializable: DockerImageFixtureSerializable { Image = DockerImage { Digest = &quot;sha256:aaaaaaaaaaaaaaaaaaaaaaaaaaaaaaaaaaaaaaaaaaa&quot;···, FullName = &quot;myregistry.azurecr.io/foo/bar/baz:1.0.0@sha256:aaa&quot;···, Platform = null, Registry = &quot;myregistry.azurecr.io&quot;, Repository = &quot;foo/bar/baz&quot;, ··· } }, image: &quot;myregistry.azurecr.io/foo/bar/baz:1.0.0@sha256:aaa&quot;···, fullName: &quot;myregistry.azurecr.io/foo/bar/baz:1.0.0@sha256:aaa&quot;···)" computerName="LE3126008018421" duration="00:00:00.0000363" startTime="2026-07-13T00:29:23.0315758-03:00" endTime="2026-07-13T00:29:23.0316242-03:00" testType="13cdc9d9-ddb5-4fa4-a97d-d965ccfc6d4b" outcome="Passed" testListId="8c84fa94-04c1-424b-9868-57a2d4851a1d" relativeResultsDirectory="3a98636f-18ad-400b-a919-d35bfef860f6" />
    <UnitTestResult executionId="445b5953-0851-41d9-894d-79365dd7f1d8" testId="2ecc92a8-0ce9-92fd-fb8c-b32a41a9aeed" testName="DotNet.Testcontainers.Tests.Unit.WaitUntilHttpRequestIsSucceededTest.HttpWaitStrategySendsHeaders" computerName="LE3126008018421" duration="00:00:01.0813715" startTime="2026-07-13T00:28:42.9757532-03:00" endTime="2026-07-13T00:28:44.0572577-03:00" testType="13cdc9d9-ddb5-4fa4-a97d-d965ccfc6d4b" outcome="Passed" testListId="8c84fa94-04c1-424b-9868-57a2d4851a1d" relativeResultsDirectory="445b5953-0851-41d9-894d-79365dd7f1d8" />
    <UnitTestResult executionId="347b995b-08ae-49d4-a293-c481cbce26b7" testId="080737c5-a20f-cdcd-93d0-5e9b7285c683" testName="DotNet.Testcontainers.Tests.Unit.ContainerConfigurationConverterTest+PortBindings.ShouldKeepPortSuffix(portSuffix: &quot;TCP&quot;)" computerName="LE3126008018421" duration="00:00:00.0000863" startTime="2026-07-13T00:29:45.0956464-03:00" endTime="2026-07-13T00:29:45.0957815-03:00" testType="13cdc9d9-ddb5-4fa4-a97d-d965ccfc6d4b" outcome="Passed" testListId="8c84fa94-04c1-424b-9868-57a2d4851a1d" relativeResultsDirectory="347b995b-08ae-49d4-a293-c481cbce26b7" />
    <UnitTestResult executionId="2aca5e1f-7133-446d-b4ad-c79622204c30" testId="888d1da6-38e0-f579-e332-9133d5c1ea8d" testName="DotNet.Testcontainers.Tests.Unit.DockerImageNameSubstitutionTest+HubImageNamePrefixIsSet.PrependForStringConfiguration(hubImageNamePrefix: &quot;my.proxy.com&quot;, imageName: &quot;myregistry.azurecr.io:443/foo/bar:1.0.0&quot;, expectedFullName: &quot;myregistry.azurecr.io:443/foo/bar:1.0.0&quot;)" computerName="LE3126008018421" duration="00:00:00.0004686" startTime="2026-07-13T00:35:58.3918831-03:00" endTime="2026-07-13T00:35:58.3923763-03:00" testType="13cdc9d9-ddb5-4fa4-a97d-d965ccfc6d4b" outcome="Passed" testListId="8c84fa94-04c1-424b-9868-57a2d4851a1d" relativeResultsDirectory="2aca5e1f-7133-446d-b4ad-c79622204c30" />
    <UnitTestResult executionId="3cbd4b51-4d89-41d3-8d7d-b7871060c75b" testId="403cc5e5-72db-7d7a-1d21-607a115f5936" testName="DotNet.Testcontainers.Tests.Unit.IgnoreFileTest.AcceptOrDenyNonRecursivePatterns(ignoreFile: IgnoreFile { }, path: &quot;bin/Debug&quot;, expected: False)" computerName="LE3126008018421" duration="00:00:00.0005580" startTime="2026-07-13T00:29:02.6249319-03:00" endTime="2026-07-13T00:29:02.6255545-03:00" testType="13cdc9d9-ddb5-4fa4-a97d-d965ccfc6d4b" outcome="Passed" testListId="8c84fa94-04c1-424b-9868-57a2d4851a1d" relativeResultsDirectory="3cbd4b51-4d89-41d3-8d7d-b7871060c75b" />
    <UnitTestResult executionId="60648405-36d8-4d8d-84fb-11532bd92f23" testId="03eed253-5103-4068-de77-c1b68f140338" testName="DotNet.Testcontainers.Tests.Unit.CustomConfigurationTest+PropertiesFileConfigurationTest.GetDockerTlsCustomConfiguration(configuration: &quot;&quot;, expected: False)" computerName="LE3126008018421" duration="00:00:00.0000485" startTime="2026-07-13T00:29:00.6910297-03:00" endTime="2026-07-13T00:29:00.6911082-03:00" testType="13cdc9d9-ddb5-4fa4-a97d-d965ccfc6d4b" outcome="Passed" testListId="8c84fa94-04c1-424b-9868-57a2d4851a1d" relativeResultsDirectory="60648405-36d8-4d8d-84fb-11532bd92f23" />
    <UnitTestResult executionId="3348e1f7-b9e6-4c0b-a4dc-a0faef9b2b2c" testId="e654bca7-9557-c294-0c99-53697540372c" testName="DotNet.Testcontainers.Tests.Unit.TestcontainersImageTest.ShouldNotThrowArgumentExceptionIfImageTagHasUppercaseCharacters(image: &quot;bar:LATEST&quot;)" computerName="LE3126008018421" duration="00:00:00.0003449" startTime="2026-07-13T00:29:23.0351551-03:00" endTime="2026-07-13T00:29:23.0355201-03:00" testType="13cdc9d9-ddb5-4fa4-a97d-d965ccfc6d4b" outcome="Passed" testListId="8c84fa94-04c1-424b-9868-57a2d4851a1d" relativeResultsDirectory="3348e1f7-b9e6-4c0b-a4dc-a0faef9b2b2c" />
    <UnitTestResult executionId="7ac3b39d-74b9-4651-90b5-dde427ae9c98" testId="f35796fc-b890-87cf-1f8c-7731919a12e5" testName="DotNet.Testcontainers.Tests.Unit.BuildConfigurationTest.AppendDictionaryCompose(oldValue: [[&quot;A&quot;] = &quot;old&quot;, [&quot;B&quot;] = &quot;keep&quot;], newValue: [[&quot;A&quot;] = &quot;new&quot;], expected: [[&quot;A&quot;] = &quot;new&quot;, [&quot;B&quot;] = &quot;keep&quot;])" computerName="LE3126008018421" duration="00:00:00.0000388" startTime="2026-07-13T00:29:22.9532649-03:00" endTime="2026-07-13T00:29:22.9533180-03:00" testType="13cdc9d9-ddb5-4fa4-a97d-d965ccfc6d4b" outcome="Passed" testListId="8c84fa94-04c1-424b-9868-57a2d4851a1d" relativeResultsDirectory="7ac3b39d-74b9-4651-90b5-dde427ae9c98" />
    <UnitTestResult executionId="f1a70767-ff1e-4c65-9dd1-d9b909508c56" testId="b4cea4b9-044f-5ede-2584-21514378fc1a" testName="DotNet.Testcontainers.Tests.Unit.DockerRegistryAuthenticationProviderTest+Base64ProviderTest.ResolvePartialDockerRegistry(jsonDocument: &quot;{\&quot;auths\&quot;:{\&quot;index.docker.io\&quot;:{}}}&quot;, hostname: &quot;docker.io&quot;, expectedResult: False)" computerName="LE3126008018421" duration="00:00:00.0000434" startTime="2026-07-13T00:29:23.0170723-03:00" endTime="2026-07-13T00:29:23.0171383-03:00" testType="13cdc9d9-ddb5-4fa4-a97d-d965ccfc6d4b" outcome="Passed" testListId="8c84fa94-04c1-424b-9868-57a2d4851a1d" relativeResultsDirectory="f1a70767-ff1e-4c65-9dd1-d9b909508c56" />
    <UnitTestResult executionId="db7ca702-ad58-463c-bd43-aa471ad73d73" testId="62350018-7e1a-b050-e9bc-0d95f7ddbd01" testName="DotNet.Testcontainers.Tests.Unit.CustomConfigurationTest+PropertiesFileConfigurationTest.GetDockerTlsCustomConfiguration(configuration: &quot;docker.tls=0&quot;, expected: False)" computerName="LE3126008018421" duration="00:00:00.0000595" startTime="2026-07-13T00:29:00.6903714-03:00" endTime="2026-07-13T00:29:00.6904590-03:00" testType="13cdc9d9-ddb5-4fa4-a97d-d965ccfc6d4b" outcome="Passed" testListId="8c84fa94-04c1-424b-9868-57a2d4851a1d" relativeResultsDirectory="db7ca702-ad58-463c-bd43-aa471ad73d73" />
    <UnitTestResult executionId="c58bf741-e768-4ad4-bdb8-59d3a04506ec" testId="d997a335-4b6b-8ab5-2a4d-c175bd659518" testName="DotNet.Testcontainers.Tests.Unit.DockerEndpointAuthenticationProviderTest.AuthProviderShouldBeApplicable(authProvider: TlsEndpointAuthenticationProvider { LastException = null }, isApplicable: True)" computerName="LE3126008018421" duration="00:00:00.0000109" startTime="2026-07-13T00:29:45.0749093-03:00" endTime="2026-07-13T00:29:45.0749298-03:00" testType="13cdc9d9-ddb5-4fa4-a97d-d965ccfc6d4b" outcome="Passed" testListId="8c84fa94-04c1-424b-9868-57a2d4851a1d" relativeResultsDirectory="c58bf741-e768-4ad4-bdb8-59d3a04506ec" />
    <UnitTestResult executionId="abf85210-e4cc-45dd-831d-cfd1c1b3dc51" testId="d997a335-4b6b-8ab5-2a4d-c175bd659518" testName="DotNet.Testcontainers.Tests.Unit.DockerEndpointAuthenticationProviderTest.AuthProviderShouldBeApplicable(authProvider: MTlsEndpointAuthenticationProvider { LastException = null }, isApplicable: False)" computerName="LE3126008018421" duration="00:00:00.0004670" startTime="2026-07-13T00:29:45.0727400-03:00" endTime="2026-07-13T00:29:45.0732550-03:00" testType="13cdc9d9-ddb5-4fa4-a97d-d965ccfc6d4b" outcome="Passed" testListId="8c84fa94-04c1-424b-9868-57a2d4851a1d" relativeResultsDirectory="abf85210-e4cc-45dd-831d-cfd1c1b3dc51" />
    <UnitTestResult executionId="44bca702-1447-449f-8da0-7a744a5b959d" testId="a0aefb00-59ef-c94e-26de-289f6337c647" testName="DotNet.Testcontainers.Tests.Unit.DockerConfigTests+DockerContextConfigurationTests.ThrowsWhenDockerContextNotFound" computerName="LE3126008018421" duration="00:00:00.0089349" startTime="2026-07-13T00:28:27.8355174-03:00" endTime="2026-07-13T00:28:27.8446128-03:00" testType="13cdc9d9-ddb5-4fa4-a97d-d965ccfc6d4b" outcome="Passed" testListId="8c84fa94-04c1-424b-9868-57a2d4851a1d" relativeResultsDirectory="44bca702-1447-449f-8da0-7a744a5b959d" />
    <UnitTestResult executionId="627b9f41-3736-43db-996f-5bdbd0dff40b" testId="91e96a8b-1e46-7a9e-0ea7-002b0674f652" testName="DotNet.Testcontainers.Tests.Unit.BuildConfigurationTest.CombineComposableEnumerables(oldValue: [···], newValue: [···], expected: [&quot;1&quot;, &quot;2&quot;])" computerName="LE3126008018421" duration="00:00:00.0000315" startTime="2026-07-13T00:29:22.9681330-03:00" endTime="2026-07-13T00:29:22.9681781-03:00" testType="13cdc9d9-ddb5-4fa4-a97d-d965ccfc6d4b" outcome="Passed" testListId="8c84fa94-04c1-424b-9868-57a2d4851a1d" relativeResultsDirectory="627b9f41-3736-43db-996f-5bdbd0dff40b" />
    <UnitTestResult executionId="b91ed833-715d-4a92-b1f9-3dc4ac19d4b7" testId="0559a788-0486-578e-571c-369f282c4283" testName="DotNet.Testcontainers.Tests.Unit.TestcontainersImageTest.ShouldThrowArgumentExceptionIfImageNameHasUppercaseCharacters(image: &quot;Bar:latest&quot;)" computerName="LE3126008018421" duration="00:00:00.0000563" startTime="2026-07-13T00:29:23.0435298-03:00" endTime="2026-07-13T00:29:23.0436028-03:00" testType="13cdc9d9-ddb5-4fa4-a97d-d965ccfc6d4b" outcome="Passed" testListId="8c84fa94-04c1-424b-9868-57a2d4851a1d" relativeResultsDirectory="b91ed833-715d-4a92-b1f9-3dc4ac19d4b7" />
    <UnitTestResult executionId="ac99a038-b896-48e3-b7e1-f34dab403c60" testId="63dd221d-677e-3de2-8fa6-6573f96019c0" testName="DotNet.Testcontainers.Tests.Unit.DockerRegistryAuthenticationProviderTest.GetHostnameFromHubImageNamePrefix(repository: &quot;baz/foo/bar&quot;, tag: &quot;1.0.0&quot;)" computerName="LE3126008018421" duration="00:00:00.0010458" startTime="2026-07-13T00:28:46.8363944-03:00" endTime="2026-07-13T00:28:46.8375278-03:00" testType="13cdc9d9-ddb5-4fa4-a97d-d965ccfc6d4b" outcome="Passed" testListId="8c84fa94-04c1-424b-9868-57a2d4851a1d" relativeResultsDirectory="ac99a038-b896-48e3-b7e1-f34dab403c60" />
    <UnitTestResult executionId="7af917c4-6955-42ac-94c0-092af7cff40f" testId="403cc5e5-72db-7d7a-1d21-607a115f5936" testName="DotNet.Testcontainers.Tests.Unit.IgnoreFileTest.AcceptOrDenyNonRecursivePatterns(ignoreFile: IgnoreFile { }, path: &quot;.git/refs/heads/bugfix/gh-1119&quot;, expected: True)" computerName="LE3126008018421" duration="00:00:00.0004665" startTime="2026-07-13T00:29:02.6332548-03:00" endTime="2026-07-13T00:29:02.6337423-03:00" testType="13cdc9d9-ddb5-4fa4-a97d-d965ccfc6d4b" outcome="Passed" testListId="8c84fa94-04c1-424b-9868-57a2d4851a1d" relativeResultsDirectory="7af917c4-6955-42ac-94c0-092af7cff40f" />
    <UnitTestResult executionId="bd580f81-2054-486b-a9c7-a5dd9cb66e50" testId="6a31a542-c0c4-b6c8-80b5-a8d06e7bae8f" testName="DotNet.Testcontainers.Tests.Unit.DockerRegistryAuthenticationProviderTest.GetHostnameFromDockerImage(dockerImageName: &quot;foo/bar:latest&quot;, hostname: null)" computerName="LE3126008018421" duration="00:00:00.0000785" startTime="2026-07-13T00:28:46.8466719-03:00" endTime="2026-07-13T00:28:46.8468001-03:00" testType="13cdc9d9-ddb5-4fa4-a97d-d965ccfc6d4b" outcome="Passed" testListId="8c84fa94-04c1-424b-9868-57a2d4851a1d" relativeResultsDirectory="bd580f81-2054-486b-a9c7-a5dd9cb66e50" />
    <UnitTestResult executionId="d97e4716-6a9b-4be9-8353-51e807e879a2" testId="5e29ee18-7749-5527-57c5-3b636ba9e276" testName="DotNet.Testcontainers.Tests.Unit.TestcontainersContainerTest+WithConfiguration.DockerEndpoint" computerName="LE3126008018421" duration="00:00:10.0848158" startTime="2026-07-13T00:33:31.0965600-03:00" endTime="2026-07-13T00:33:41.1814420-03:00" testType="13cdc9d9-ddb5-4fa4-a97d-d965ccfc6d4b" outcome="Passed" testListId="8c84fa94-04c1-424b-9868-57a2d4851a1d" relativeResultsDirectory="d97e4716-6a9b-4be9-8353-51e807e879a2" />
    <UnitTestResult executionId="83bef923-b796-42a6-a7c4-d57a7323a70c" testId="10737aa2-b512-327c-b807-a85b05b33458" testName="DotNet.Testcontainers.Tests.Unit.DockerImageNameSubstitutionTest+HubImageNamePrefixIsSet.PrependForObjectConfiguration(hubImageNamePrefix: &quot;my.proxy.com&quot;, imageName: &quot;myregistry.azurecr.io/foo/bar:1.0.0&quot;, expectedFullName: &quot;myregistry.azurecr.io/foo/bar:1.0.0&quot;)" computerName="LE3126008018421" duration="00:00:00.0011397" startTime="2026-07-13T00:35:58.3747303-03:00" endTime="2026-07-13T00:35:58.3759074-03:00" testType="13cdc9d9-ddb5-4fa4-a97d-d965ccfc6d4b" outcome="Passed" testListId="8c84fa94-04c1-424b-9868-57a2d4851a1d" relativeResultsDirectory="83bef923-b796-42a6-a7c4-d57a7323a70c" />
    <UnitTestResult executionId="ea67508f-6903-487f-b3ed-5ddfd26e8383" testId="d5a8afc2-bed2-72d4-8afa-3b659f7b7aee" testName="DotNet.Testcontainers.Tests.Unit.DockerRegistryAuthenticationProviderTest+Base64ProviderTest.ResolvePartialDockerRegistry(jsonDocument: &quot;{\&quot;auths\&quot;:{\&quot;https://ghcr.io\&quot;:{}}}&quot;, hostname: &quot;ghcr.io&quot;, expectedResult: True)" computerName="LE3126008018421" duration="00:00:00.0006429" startTime="2026-07-13T00:29:23.0029206-03:00" endTime="2026-07-13T00:29:23.0036036-03:00" testType="13cdc9d9-ddb5-4fa4-a97d-d965ccfc6d4b" outcome="Passed" testListId="8c84fa94-04c1-424b-9868-57a2d4851a1d" relativeResultsDirectory="ea67508f-6903-487f-b3ed-5ddfd26e8383" />
    <UnitTestResult executionId="74c3333b-04d8-4e8c-b226-c431942e2b5b" testId="7fb85495-3e0b-8ee0-20e8-18c7447b5d2c" testName="DotNet.Testcontainers.Tests.Unit.ResourcePropertiesTest.QueryContainerInformationOfCreatedContainer" computerName="LE3126008018421" duration="00:00:26.2047150" startTime="2026-07-13T00:28:50.6962866-03:00" endTime="2026-07-13T00:29:16.9010953-03:00" testType="13cdc9d9-ddb5-4fa4-a97d-d965ccfc6d4b" outcome="Passed" testListId="8c84fa94-04c1-424b-9868-57a2d4851a1d" relativeResultsDirectory="74c3333b-04d8-4e8c-b226-c431942e2b5b" />
    <UnitTestResult executionId="3a16cf58-7037-4900-b951-ad7a54ffd595" testId="779161ff-cbfc-d673-ead7-e30611e9cd31" testName="DotNet.Testcontainers.Tests.Unit.CustomConfigurationTest+PropertiesFileConfigurationTest.GetRyukContainerPrivilegedCustomConfiguration(configuration: &quot;ryuk.container.privileged=&quot;, expected: null)" computerName="LE3126008018421" duration="00:00:00.0040238" startTime="2026-07-13T00:29:00.6024469-03:00" endTime="2026-07-13T00:29:00.6065465-03:00" testType="13cdc9d9-ddb5-4fa4-a97d-d965ccfc6d4b" outcome="Passed" testListId="8c84fa94-04c1-424b-9868-57a2d4851a1d" relativeResultsDirectory="3a16cf58-7037-4900-b951-ad7a54ffd595" />
    <UnitTestResult executionId="3289c036-a4ac-4b09-809b-6a8192a7c64c" testId="587bc28c-b361-22a9-70da-5cb625a57c8e" testName="DotNet.Testcontainers.Tests.Unit.CustomConfigurationTest+PropertiesFileConfigurationTest.GetHubImageNamePrefixCustomConfiguration(configuration: &quot;hub.image.name.prefix=&quot;, expected: null)" computerName="LE3126008018421" duration="00:00:00.0000744" startTime="2026-07-13T00:29:00.7009042-03:00" endTime="2026-07-13T00:29:00.7010116-03:00" testType="13cdc9d9-ddb5-4fa4-a97d-d965ccfc6d4b" outcome="Passed" testListId="8c84fa94-04c1-424b-9868-57a2d4851a1d" relativeResultsDirectory="3289c036-a4ac-4b09-809b-6a8192a7c64c" />
    <UnitTestResult executionId="0c11f130-39c2-4f9b-9c6e-9d131c6f0c44" testId="d78382c4-3a51-c7d1-51d3-e44991e83072" testName="DotNet.Testcontainers.Tests.Unit.TestcontainerNetworkBuilderTest.CreateNetworkAssignsLabels" computerName="LE3126008018421" duration="00:00:00.0427448" startTime="2026-07-13T00:28:29.2937481-03:00" endTime="2026-07-13T00:28:29.3366120-03:00" testType="13cdc9d9-ddb5-4fa4-a97d-d965ccfc6d4b" outcome="Passed" testListId="8c84fa94-04c1-424b-9868-57a2d4851a1d" relativeResultsDirectory="0c11f130-39c2-4f9b-9c6e-9d131c6f0c44" />
    <UnitTestResult executionId="68b57e52-9f62-404f-8e6b-534efeecb9e6" testId="2e3e18ef-75ff-5814-2b53-85b6a920ba95" testName="DotNet.Testcontainers.Tests.Unit.CustomConfigurationTest+EnvironmentConfigurationTest.GetWaitStrategyTimeoutCustomConfiguration(propertyName: &quot;TESTCONTAINERS_WAIT_STRATEGY_TIMEOUT&quot;, propertyValue: &quot;00:00:01&quot;, expected: &quot;00:00:01&quot;)" computerName="LE3126008018421" duration="00:00:00.0007619" startTime="2026-07-13T00:35:58.4254441-03:00" endTime="2026-07-13T00:35:58.4262472-03:00" testType="13cdc9d9-ddb5-4fa4-a97d-d965ccfc6d4b" outcome="Passed" testListId="8c84fa94-04c1-424b-9868-57a2d4851a1d" relativeResultsDirectory="68b57e52-9f62-404f-8e6b-534efeecb9e6" />
    <UnitTestResult executionId="999ef400-3466-4441-8027-34b58b9d15ab" testId="d6e08847-2e16-c0e4-8ade-a339d8c5369d" testName="DotNet.Testcontainers.Tests.Unit.CustomConfigurationTest+EnvironmentConfigurationTest.GetWaitStrategyIntervalCustomConfiguration(propertyName: &quot;TESTCONTAINERS_WAIT_STRATEGY_INTERVAL&quot;, propertyValue: &quot;-00:00:00.001&quot;, expected: null)" computerName="LE3126008018421" duration="00:00:00.0008481" startTime="2026-07-13T00:35:58.4431206-03:00" endTime="2026-07-13T00:35:58.4439947-03:00" testType="13cdc9d9-ddb5-4fa4-a97d-d965ccfc6d4b" outcome="Passed" testListId="8c84fa94-04c1-424b-9868-57a2d4851a1d" relativeResultsDirectory="999ef400-3466-4441-8027-34b58b9d15ab" />
    <UnitTestResult executionId="f2e8dc9a-2938-439d-a9b6-6b6ffff56823" testId="c8dceea6-919e-8f19-8bec-79f2b82478e4" testName="DotNet.Testcontainers.Tests.Unit.TestcontainersImageTest.MatchLatestOrNightly_TagIsNightly_ReturnsTrue" computerName="LE3126008018421" duration="00:00:00.0002486" startTime="2026-07-13T00:29:23.0504342-03:00" endTime="2026-07-13T00:29:23.0507057-03:00" testType="13cdc9d9-ddb5-4fa4-a97d-d965ccfc6d4b" outcome="Passed" testListId="8c84fa94-04c1-424b-9868-57a2d4851a1d" relativeResultsDirectory="f2e8dc9a-2938-439d-a9b6-6b6ffff56823" />
    <UnitTestResult executionId="4d9c8ee4-058e-483b-b62e-8c526ec8bdde" testId="8eca75c0-bb91-80ed-efe2-48a2769b7768" testName="DotNet.Testcontainers.Tests.Unit.CustomConfigurationTest+PropertiesFileConfigurationTest.GetDockerTlsCustomConfiguration(configuration: &quot;docker.tls=&quot;, expected: False)" computerName="LE3126008018421" duration="00:00:00.0006579" startTime="2026-07-13T00:29:00.6883817-03:00" endTime="2026-07-13T00:29:00.6890755-03:00" testType="13cdc9d9-ddb5-4fa4-a97d-d965ccfc6d4b" outcome="Passed" testListId="8c84fa94-04c1-424b-9868-57a2d4851a1d" relativeResultsDirectory="4d9c8ee4-058e-483b-b62e-8c526ec8bdde" />
    <UnitTestResult executionId="8044ec32-1a4b-4d2a-bdad-5f5ff58b5e78" testId="892710ef-977d-33c6-99ef-7fad76619a57" testName="DotNet.Testcontainers.Tests.Unit.DockerImageNameSubstitutionTest+HubImageNamePrefixIsSet.PrependForObjectConfiguration(hubImageNamePrefix: &quot;my.proxy.com&quot;, imageName: &quot;bar:1.0.0&quot;, expectedFullName: &quot;my.proxy.com/bar:1.0.0&quot;)" computerName="LE3126008018421" duration="00:00:00.0000980" startTime="2026-07-13T00:35:58.3787913-03:00" endTime="2026-07-13T00:35:58.3789131-03:00" testType="13cdc9d9-ddb5-4fa4-a97d-d965ccfc6d4b" outcome="Passed" testListId="8c84fa94-04c1-424b-9868-57a2d4851a1d" relativeResultsDirectory="8044ec32-1a4b-4d2a-bdad-5f5ff58b5e78" />
    <UnitTestResult executionId="07c12415-e0c3-4a84-8716-932bc0911dcb" testId="47b7ae8a-dd72-ea9b-8653-2971a9527ce0" testName="DotNet.Testcontainers.Tests.Unit.TestcontainersWaitStrategyTest+Timeout.After100MsWhile" computerName="LE3126008018421" duration="00:00:00.3608367" startTime="2026-07-13T00:28:26.2672858-03:00" endTime="2026-07-13T00:28:26.6282555-03:00" testType="13cdc9d9-ddb5-4fa4-a97d-d965ccfc6d4b" outcome="Passed" testListId="8c84fa94-04c1-424b-9868-57a2d4851a1d" relativeResultsDirectory="07c12415-e0c3-4a84-8716-932bc0911dcb" />
    <UnitTestResult executionId="c668b93a-e099-40cc-a117-d18b68d70ac4" testId="629f4741-ce25-1af5-3d76-a68013435d23" testName="DotNet.Testcontainers.Tests.Unit.CustomConfigurationTest+EnvironmentConfigurationTest.GetDockerAuthConfigCustomConfiguration(propertyName: &quot;DOCKER_AUTH_CONFIG&quot;, propertyValue: &quot;{\&quot;auths\&quot;:null}&quot;, expected: &quot;{\&quot;auths\&quot;:null}&quot;)" computerName="LE3126008018421" duration="00:00:00.0002748" startTime="2026-07-13T00:35:58.4228078-03:00" endTime="2026-07-13T00:35:58.4231038-03:00" testType="13cdc9d9-ddb5-4fa4-a97d-d965ccfc6d4b" outcome="Passed" testListId="8c84fa94-04c1-424b-9868-57a2d4851a1d" relativeResultsDirectory="c668b93a-e099-40cc-a117-d18b68d70ac4" />
    <UnitTestResult executionId="2c708184-2203-4be1-9fb5-4b9613cafd98" testId="0109ab5a-9762-c93b-d08d-f097230ab5c6" testName="DotNet.Testcontainers.Tests.Unit.CustomConfigurationTest+EnvironmentConfigurationTest.GetRyukContainerPrivilegedCustomConfiguration(propertyName: &quot;TESTCONTAINERS_RYUK_CONTAINER_PRIVILEGED&quot;, propertyValue: &quot;true&quot;, expected: True)" computerName="LE3126008018421" duration="00:00:00.0002923" startTime="2026-07-13T00:35:58.4764490-03:00" endTime="2026-07-13T00:35:58.4767618-03:00" testType="13cdc9d9-ddb5-4fa4-a97d-d965ccfc6d4b" outcome="Passed" testListId="8c84fa94-04c1-424b-9868-57a2d4851a1d" relativeResultsDirectory="2c708184-2203-4be1-9fb5-4b9613cafd98" />
    <UnitTestResult executionId="e8856d8d-1813-4989-b74e-6127c257f7b5" testId="acd81e1b-b284-016c-d859-4c2c5f9ceb38" testName="DotNet.Testcontainers.Tests.Unit.TestcontainersVolumeTest.WithTmpfsVolumeMount" computerName="LE3126008018421" duration="00:00:28.0648036" startTime="2026-07-13T00:29:50.7023795-03:00" endTime="2026-07-13T00:30:18.7672763-03:00" testType="13cdc9d9-ddb5-4fa4-a97d-d965ccfc6d4b" outcome="Passed" testListId="8c84fa94-04c1-424b-9868-57a2d4851a1d" relativeResultsDirectory="e8856d8d-1813-4989-b74e-6127c257f7b5" />
    <UnitTestResult executionId="a7542bf9-dc5d-4815-a73e-52c49c251255" testId="0a879cb1-eb54-730d-d3eb-2b9e22ecb67a" testName="DotNet.Testcontainers.Tests.Unit.CustomConfigurationTest+EnvironmentConfigurationTest.GetDockerAuthConfigCustomConfiguration(propertyName: &quot;DOCKER_AUTH_CONFIG&quot;, propertyValue: &quot;&quot;, expected: null)" computerName="LE3126008018421" duration="00:00:00.0004577" startTime="2026-07-13T00:35:58.4203133-03:00" endTime="2026-07-13T00:35:58.4207989-03:00" testType="13cdc9d9-ddb5-4fa4-a97d-d965ccfc6d4b" outcome="Passed" testListId="8c84fa94-04c1-424b-9868-57a2d4851a1d" relativeResultsDirectory="a7542bf9-dc5d-4815-a73e-52c49c251255" />
    <UnitTestResult executionId="69bfdc13-012a-41b9-a8e6-3f47c4b3166f" testId="774df0cd-7a50-3c3b-ac2b-c7065961965b" testName="DotNet.Testcontainers.Tests.Unit.CustomConfigurationTest+PropertiesFileConfigurationTest.GetDockerConfigCustomConfiguration(configuration: &quot;docker.config=&quot;, expected: null)" computerName="LE3126008018421" duration="00:00:00.0003333" startTime="2026-07-13T00:29:00.6936991-03:00" endTime="2026-07-13T00:29:00.6940672-03:00" testType="13cdc9d9-ddb5-4fa4-a97d-d965ccfc6d4b" outcome="Passed" testListId="8c84fa94-04c1-424b-9868-57a2d4851a1d" relativeResultsDirectory="69bfdc13-012a-41b9-a8e6-3f47c4b3166f" />
    <UnitTestResult executionId="4bfb89cc-66e7-455d-8148-c28675d58356" testId="83c4da42-4164-edc0-4b47-4cba28ca3585" testName="DotNet.Testcontainers.Tests.Unit.TestcontainersImageTest.WhenImageNameGetsAssigned(serializable: DockerImageFixtureSerializable { Image = DockerImage { Digest = null, FullName = &quot;baz:latest&quot;, Platform = null, Registry = null, Repository = &quot;baz&quot;, ··· } }, image: &quot;baz:latest&quot;, fullName: &quot;baz:latest&quot;)" computerName="LE3126008018421" duration="00:00:00.0000324" startTime="2026-07-13T00:29:23.0311481-03:00" endTime="2026-07-13T00:29:23.0311979-03:00" testType="13cdc9d9-ddb5-4fa4-a97d-d965ccfc6d4b" outcome="Passed" testListId="8c84fa94-04c1-424b-9868-57a2d4851a1d" relativeResultsDirectory="4bfb89cc-66e7-455d-8148-c28675d58356" />
    <UnitTestResult executionId="d7a9dd0c-bc86-4174-a086-bc43f80bb411" testId="3c308579-ca03-322f-8558-ced05583b9f1" testName="DotNet.Testcontainers.Tests.Unit.TestcontainersImageTest.MatchVersion_ReturnsTrue_WhenVersionMatchesPredicate(image: &quot;foo:2&quot;, major: 2, minor: 0, build: -1, revision: -1)" computerName="LE3126008018421" duration="00:00:00.0000326" startTime="2026-07-13T00:29:23.0258195-03:00" endTime="2026-07-13T00:29:23.0258695-03:00" testType="13cdc9d9-ddb5-4fa4-a97d-d965ccfc6d4b" outcome="Passed" testListId="8c84fa94-04c1-424b-9868-57a2d4851a1d" relativeResultsDirectory="d7a9dd0c-bc86-4174-a086-bc43f80bb411" />
    <UnitTestResult executionId="a09ca389-e2f5-4189-9faf-707b93ab88c4" testId="4e705a0c-41d5-4bf0-6700-961feec8d428" testName="DotNet.Testcontainers.Tests.Unit.CustomConfigurationTest+EnvironmentConfigurationTest.GetDockerTlsVerifyCustomConfiguration(propertyName: &quot;DOCKER_TLS_VERIFY&quot;, propertyValue: &quot;&quot;, expected: False)" computerName="LE3126008018421" duration="00:00:00.0002486" startTime="2026-07-13T00:35:58.4596799-03:00" endTime="2026-07-13T00:35:58.4599558-03:00" testType="13cdc9d9-ddb5-4fa4-a97d-d965ccfc6d4b" outcome="Passed" testListId="8c84fa94-04c1-424b-9868-57a2d4851a1d" relativeResultsDirectory="a09ca389-e2f5-4189-9faf-707b93ab88c4" />
    <UnitTestResult executionId="9e70d9c2-2126-4182-bc72-eff33bd302e4" testId="4084ec4b-bd10-851f-bae7-ef4679c895c1" testName="DotNet.Testcontainers.Tests.Unit.DockerRegistryAuthenticationProviderTest+Base64ProviderTest.ShouldGetNull(jsonDocument: &quot;{\&quot;auths\&quot;:{\&quot;https://index.docker.io/v1/\&quot;:{\&quot;aut&quot;···, isApplicable: True, logMessage: &quot;The \&quot;auth\&quot; property value for https://index.dock&quot;···)" computerName="LE3126008018421" duration="00:00:00.0060710" startTime="2026-07-13T00:29:22.9749151-03:00" endTime="2026-07-13T00:29:22.9810375-03:00" testType="13cdc9d9-ddb5-4fa4-a97d-d965ccfc6d4b" outcome="Passed" testListId="8c84fa94-04c1-424b-9868-57a2d4851a1d" relativeResultsDirectory="9e70d9c2-2126-4182-bc72-eff33bd302e4" />
    <UnitTestResult executionId="895d8e38-465d-4824-b376-232087075fd9" testId="c3a47970-3db5-0627-5a22-77c787aea5c7" testName="DotNet.Testcontainers.Tests.Unit.WaitUntilHttpRequestIsSucceededTest.HttpWaitStrategyReceivesStatusCode(httpWaitStrategy: HttpWaitStrategy { })" computerName="LE3126008018421" duration="00:00:00.0158203" startTime="2026-07-13T00:28:45.2233019-03:00" endTime="2026-07-13T00:28:45.2392285-03:00" testType="13cdc9d9-ddb5-4fa4-a97d-d965ccfc6d4b" outcome="Passed" testListId="8c84fa94-04c1-424b-9868-57a2d4851a1d" relativeResultsDirectory="895d8e38-465d-4824-b376-232087075fd9" />
    <UnitTestResult executionId="10e913f1-9ad4-4deb-8e58-84ab9b4d8bcf" testId="47f0cd70-0781-4de5-8326-c8bcb58e2fcb" testName="DotNet.Testcontainers.Tests.Unit.CustomConfigurationTest+PropertiesFileConfigurationTest.GetRyukDisabledCustomConfiguration(configuration: &quot;ryuk.disabled=&quot;, expected: False)" computerName="LE3126008018421" duration="00:00:00.0000664" startTime="2026-07-13T00:29:00.6399439-03:00" endTime="2026-07-13T00:29:00.6400426-03:00" testType="13cdc9d9-ddb5-4fa4-a97d-d965ccfc6d4b" outcome="Passed" testListId="8c84fa94-04c1-424b-9868-57a2d4851a1d" relativeResultsDirectory="10e913f1-9ad4-4deb-8e58-84ab9b4d8bcf" />
    <UnitTestResult executionId="50384548-4a75-4854-b8e7-5ad23baa1a7b" testId="29919887-1bf4-7989-2019-e5fe3309daac" testName="DotNet.Testcontainers.Tests.Unit.DockerRegistryAuthenticationProviderTest+Base64ProviderTest.ShouldGetNull(jsonDocument: &quot;{\&quot;auths\&quot;:{\&quot;https://index.docker.io/v1/\&quot;:{\&quot;aut&quot;···, isApplicable: True, logMessage: &quot;The \&quot;auth\&quot; property value for https://index.dock&quot;···)" computerName="LE3126008018421" duration="00:00:00.0000496" startTime="2026-07-13T00:29:22.9864101-03:00" endTime="2026-07-13T00:29:22.9864763-03:00" testType="13cdc9d9-ddb5-4fa4-a97d-d965ccfc6d4b" outcome="Passed" testListId="8c84fa94-04c1-424b-9868-57a2d4851a1d" relativeResultsDirectory="50384548-4a75-4854-b8e7-5ad23baa1a7b" />
    <UnitTestResult executionId="421fa6e0-c38d-492c-9350-4aa80af4400d" testId="5782534e-c4be-f054-699e-7e3a50d01172" testName="DotNet.Testcontainers.Tests.Unit.CustomConfigurationTest+EnvironmentConfigurationTest.GetDockerHostOverrideCustomConfiguration(propertyName: &quot;TESTCONTAINERS_HOST_OVERRIDE&quot;, propertyValue: &quot;&quot;, expected: null)" computerName="LE3126008018421" duration="00:00:00.0006594" startTime="2026-07-13T00:35:58.4104550-03:00" endTime="2026-07-13T00:35:58.4111418-03:00" testType="13cdc9d9-ddb5-4fa4-a97d-d965ccfc6d4b" outcome="Passed" testListId="8c84fa94-04c1-424b-9868-57a2d4851a1d" relativeResultsDirectory="421fa6e0-c38d-492c-9350-4aa80af4400d" />
    <UnitTestResult executionId="7735bec8-a7dc-4c4a-a776-296b6f056c87" testId="cce763f0-74b0-c120-9480-5255c7a33de6" testName="DotNet.Testcontainers.Tests.Unit.CustomConfigurationTest+PropertiesFileConfigurationTest.GetDockerAuthConfigCustomConfiguration(configuration: &quot;docker.auth.config={}&quot;, expected: &quot;{}&quot;)" computerName="LE3126008018421" duration="00:00:00.0001247" startTime="2026-07-13T00:29:00.6303015-03:00" endTime="2026-07-13T00:29:00.6304670-03:00" testType="13cdc9d9-ddb5-4fa4-a97d-d965ccfc6d4b" outcome="Passed" testListId="8c84fa94-04c1-424b-9868-57a2d4851a1d" relativeResultsDirectory="7735bec8-a7dc-4c4a-a776-296b6f056c87" />
    <UnitTestResult executionId="e7ac146c-e557-4e84-80eb-cca6198a5829" testId="e031e82e-3a37-ee9d-878b-8a2a5fb33a65" testName="DotNet.Testcontainers.Tests.Unit.CustomConfigurationTest+PropertiesFileConfigurationTest.GetDockerTlsCustomConfiguration(configuration: &quot;docker.tls=true&quot;, expected: True)" computerName="LE3126008018421" duration="00:00:00.0000520" startTime="2026-07-13T00:29:00.6897025-03:00" endTime="2026-07-13T00:29:00.6897850-03:00" testType="13cdc9d9-ddb5-4fa4-a97d-d965ccfc6d4b" outcome="Passed" testListId="8c84fa94-04c1-424b-9868-57a2d4851a1d" relativeResultsDirectory="e7ac146c-e557-4e84-80eb-cca6198a5829" />
    <UnitTestResult executionId="a06b4bac-0ef8-4caf-97e1-4fbdd325bc92" testId="7b1049b9-46f1-689b-e88a-319d30883b13" testName="DotNet.Testcontainers.Tests.Unit.CustomConfigurationTest+PropertiesFileConfigurationTest.GetDockerHostOverrideCustomConfiguration(configuration: &quot;host.override=docker.svc.local&quot;, expected: &quot;docker.svc.local&quot;)" computerName="LE3126008018421" duration="00:00:00.0000604" startTime="2026-07-13T00:29:00.6931573-03:00" endTime="2026-07-13T00:29:00.6932452-03:00" testType="13cdc9d9-ddb5-4fa4-a97d-d965ccfc6d4b" outcome="Passed" testListId="8c84fa94-04c1-424b-9868-57a2d4851a1d" relativeResultsDirectory="a06b4bac-0ef8-4caf-97e1-4fbdd325bc92" />
    <UnitTestResult executionId="aafaaadf-f540-49a2-a6d0-45f42f239b97" testId="0309fc88-61a0-4a40-f438-fa1b5e78ebfb" testName="DotNet.Testcontainers.Tests.Unit.BuildConfigurationTest.CombineReadOnlyLists(oldValue: [&quot;1&quot;, &quot;2&quot;, &quot;3&quot;], newValue: [&quot;2&quot;, &quot;3&quot;, &quot;4&quot;], expected: [&quot;1&quot;, &quot;2&quot;, &quot;3&quot;, &quot;2&quot;, &quot;3&quot;, ···])" computerName="LE3126008018421" duration="00:00:00.0000619" startTime="2026-07-13T00:29:22.9319222-03:00" endTime="2026-07-13T00:29:22.9320030-03:00" testType="13cdc9d9-ddb5-4fa4-a97d-d965ccfc6d4b" outcome="Passed" testListId="8c84fa94-04c1-424b-9868-57a2d4851a1d" relativeResultsDirectory="aafaaadf-f540-49a2-a6d0-45f42f239b97" />
    <UnitTestResult executionId="03d480df-7a80-4ceb-8bd0-a9f87906b0ba" testId="9876b7ef-b75b-a28a-568e-bbfffdeb8f5c" testName="DotNet.Testcontainers.Tests.Unit.CustomConfigurationTest+PropertiesFileConfigurationTest.GetDockerAuthConfigCustomConfiguration(configuration: &quot;docker.auth.config={\&quot;auths\&quot;:null}&quot;, expected: &quot;{\&quot;auths\&quot;:null}&quot;)" computerName="LE3126008018421" duration="00:00:00.0000599" startTime="2026-07-13T00:29:00.6313829-03:00" endTime="2026-07-13T00:29:00.6314694-03:00" testType="13cdc9d9-ddb5-4fa4-a97d-d965ccfc6d4b" outcome="Passed" testListId="8c84fa94-04c1-424b-9868-57a2d4851a1d" relativeResultsDirectory="03d480df-7a80-4ceb-8bd0-a9f87906b0ba" />
    <UnitTestResult executionId="5fbe9354-1096-4dcd-92b8-e9c4736fb4f1" testId="70a4042b-18d9-8033-13e0-fef5874742a2" testName="DotNet.Testcontainers.Tests.Unit.CustomConfigurationTest+PropertiesFileConfigurationTest.GetRyukContainerPrivilegedCustomConfiguration(configuration: &quot;ryuk.container.privileged=true&quot;, expected: True)" computerName="LE3126008018421" duration="00:00:00.0054069" startTime="2026-07-13T00:29:00.6070101-03:00" endTime="2026-07-13T00:29:00.6125678-03:00" testType="13cdc9d9-ddb5-4fa4-a97d-d965ccfc6d4b" outcome="Passed" testListId="8c84fa94-04c1-424b-9868-57a2d4851a1d" relativeResultsDirectory="5fbe9354-1096-4dcd-92b8-e9c4736fb4f1" />
    <UnitTestResult executionId="9b2aead4-64f0-402b-bbd3-70e26699db7b" testId="fb248d0d-0bd9-2dd7-4b98-d1a1c656098c" testName="DotNet.Testcontainers.Tests.Unit.DockerImageNameSubstitutionTest+HubImageNamePrefixIsSet.PrependForObjectConfiguration(hubImageNamePrefix: &quot;my.proxy.com:443/my-path&quot;, imageName: &quot;foo/bar:1.0.0&quot;, expectedFullName: &quot;my.proxy.com:443/my-path/foo/bar:1.0.0&quot;)" computerName="LE3126008018421" duration="00:00:00.0000878" startTime="2026-07-13T00:35:58.3912214-03:00" endTime="2026-07-13T00:35:58.3913300-03:00" testType="13cdc9d9-ddb5-4fa4-a97d-d965ccfc6d4b" outcome="Passed" testListId="8c84fa94-04c1-424b-9868-57a2d4851a1d" relativeResultsDirectory="9b2aead4-64f0-402b-bbd3-70e26699db7b" />
    <UnitTestResult executionId="6167a61c-9877-442c-af77-16630e248d31" testId="83297ad4-801e-1b1f-3177-1c17710463df" testName="DotNet.Testcontainers.Tests.Unit.TestcontainersImageTest.ShouldThrowArgumentExceptionIfImageNameHasUppercaseCharacters(image: &quot;Foo/Bar:latest&quot;)" computerName="LE3126008018421" duration="00:00:00.0004146" startTime="2026-07-13T00:29:23.0416967-03:00" endTime="2026-07-13T00:29:23.0421375-03:00" testType="13cdc9d9-ddb5-4fa4-a97d-d965ccfc6d4b" outcome="Passed" testListId="8c84fa94-04c1-424b-9868-57a2d4851a1d" relativeResultsDirectory="6167a61c-9877-442c-af77-16630e248d31" />
    <UnitTestResult executionId="4f358caa-3956-49c6-a646-48d020c1f175" testId="1caf5adf-50e0-c1f5-ace6-0f2c83a72814" testName="DotNet.Testcontainers.Tests.Unit.DockerRegistryAuthenticationProviderTest+Base64ProviderTest.ResolvePartialDockerRegistry(jsonDocument: &quot;{\&quot;auths\&quot;:{\&quot;https://registry.example.com/v2\&quot;:{}&quot;···, hostname: &quot;registry.example.com&quot;, expectedResult: True)" computerName="LE3126008018421" duration="00:00:00.0000494" startTime="2026-07-13T00:29:23.0140780-03:00" endTime="2026-07-13T00:29:23.0141477-03:00" testType="13cdc9d9-ddb5-4fa4-a97d-d965ccfc6d4b" outcome="Passed" testListId="8c84fa94-04c1-424b-9868-57a2d4851a1d" relativeResultsDirectory="4f358caa-3956-49c6-a646-48d020c1f175" />
    <UnitTestResult executionId="8dc38f04-0830-4a74-aef9-35739d83629a" testId="572289bf-5998-731d-1ab9-c29a24ee9e65" testName="DotNet.Testcontainers.Tests.Unit.ResourcePropertiesTest.QueryNotExistingDockerVolumeById" computerName="LE3126008018421" duration="00:00:00.0134848" startTime="2026-07-13T00:29:16.9019267-03:00" endTime="2026-07-13T00:29:16.9154940-03:00" testType="13cdc9d9-ddb5-4fa4-a97d-d965ccfc6d4b" outcome="Passed" testListId="8c84fa94-04c1-424b-9868-57a2d4851a1d" relativeResultsDirectory="8dc38f04-0830-4a74-aef9-35739d83629a" />
    <UnitTestResult executionId="bda0717d-d25c-447f-bfb5-8b7a2a794fbd" testId="2a82728a-5be1-e86f-5b50-c0af4a07b1bd" testName="DotNet.Testcontainers.Tests.Unit.DockerRegistryAuthenticationProviderTest.ShouldGetDefaultDockerRegistryAuthenticationConfiguration" computerName="LE3126008018421" duration="00:00:00.0106661" startTime="2026-07-13T00:28:46.8559189-03:00" endTime="2026-07-13T00:28:46.8666548-03:00" testType="13cdc9d9-ddb5-4fa4-a97d-d965ccfc6d4b" outcome="Passed" testListId="8c84fa94-04c1-424b-9868-57a2d4851a1d" relativeResultsDirectory="bda0717d-d25c-447f-bfb5-8b7a2a794fbd" />
    <UnitTestResult executionId="105235a8-eed1-4957-bb87-bbfe91e11481" testId="b3460bae-85c1-67c5-e208-8cd03da5249f" testName="DotNet.Testcontainers.Tests.Unit.CustomConfigurationTest+PropertiesFileConfigurationTest.GetNamedPipeConnectionTimeoutCustomConfiguration(configuration: &quot;&quot;, expected: null)" computerName="LE3126008018421" duration="00:00:00.0005745" startTime="2026-07-13T00:29:00.7178806-03:00" endTime="2026-07-13T00:29:00.7184902-03:00" testType="13cdc9d9-ddb5-4fa4-a97d-d965ccfc6d4b" outcome="Passed" testListId="8c84fa94-04c1-424b-9868-57a2d4851a1d" relativeResultsDirectory="105235a8-eed1-4957-bb87-bbfe91e11481" />
    <UnitTestResult executionId="34b3d21e-2b38-45aa-84fc-128ccbd3d915" testId="7c9f39b3-cacb-87d8-85ea-c61eec7a2de4" testName="DotNet.Testcontainers.Tests.Unit.TestcontainerNetworkBuilderTest.GetNameThrowsInvalidOperationException" computerName="LE3126008018421" duration="00:00:00.0014357" startTime="2026-07-13T00:28:29.3665449-03:00" endTime="2026-07-13T00:28:29.3680690-03:00" testType="13cdc9d9-ddb5-4fa4-a97d-d965ccfc6d4b" outcome="Passed" testListId="8c84fa94-04c1-424b-9868-57a2d4851a1d" relativeResultsDirectory="34b3d21e-2b38-45aa-84fc-128ccbd3d915" />
    <UnitTestResult executionId="8e48c0bd-ae84-484e-9ea5-5e95c5c2333c" testId="e0c41df8-200e-4a62-fafd-78d030c05bb7" testName="DotNet.Testcontainers.Tests.Unit.BuildConfigurationTest.AppendEnumerableCompose(oldValue: [&quot;old&quot;], newValue: [], expected: [&quot;old&quot;])" computerName="LE3126008018421" duration="00:00:00.0004192" startTime="2026-07-13T00:29:22.9558660-03:00" endTime="2026-07-13T00:29:22.9563082-03:00" testType="13cdc9d9-ddb5-4fa4-a97d-d965ccfc6d4b" outcome="Passed" testListId="8c84fa94-04c1-424b-9868-57a2d4851a1d" relativeResultsDirectory="8e48c0bd-ae84-484e-9ea5-5e95c5c2333c" />
    <UnitTestResult executionId="327e30e6-e6c0-45d6-9cb1-35178fbe30e4" testId="26429fc5-0739-fe80-c5b9-75c0e3765771" testName="DotNet.Testcontainers.Tests.Unit.TestcontainersContainerTest+WithConfiguration.SpecifiedContainerName" computerName="LE3126008018421" duration="00:00:11.4040126" startTime="2026-07-13T00:32:51.9683062-03:00" endTime="2026-07-13T00:33:03.3723865-03:00" testType="13cdc9d9-ddb5-4fa4-a97d-d965ccfc6d4b" outcome="Passed" testListId="8c84fa94-04c1-424b-9868-57a2d4851a1d" relativeResultsDirectory="327e30e6-e6c0-45d6-9cb1-35178fbe30e4" />
    <UnitTestResult executionId="96b285bc-9bf4-4e69-8e7f-e423edc0d80c" testId="f439aa9e-a898-5429-c5f6-d21b424dc002" testName="DotNet.Testcontainers.Tests.Unit.TestcontainersContainerTest+WithConfiguration.ShouldThrowArgumentExceptionWhenContainerBuilderHasNoImage(image: null)" computerName="LE3126008018421" duration="00:00:00.0010023" startTime="2026-07-13T00:34:27.2872374-03:00" endTime="2026-07-13T00:34:27.2882962-03:00" testType="13cdc9d9-ddb5-4fa4-a97d-d965ccfc6d4b" outcome="Passed" testListId="8c84fa94-04c1-424b-9868-57a2d4851a1d" relativeResultsDirectory="96b285bc-9bf4-4e69-8e7f-e423edc0d80c" />
    <UnitTestResult executionId="54f0c665-5337-4331-b3f7-296132bb1c83" testId="53349fa7-097d-6386-5b76-7b753d729bd0" testName="DotNet.Testcontainers.Tests.Unit.BuildConfigurationTest.OverwriteEnumerableCompose(oldValue: [&quot;old&quot;], newValue: [&quot;new&quot;], expected: [&quot;new&quot;])" computerName="LE3126008018421" duration="00:00:00.0000268" startTime="2026-07-13T00:29:22.9362665-03:00" endTime="2026-07-13T00:29:22.9363056-03:00" testType="13cdc9d9-ddb5-4fa4-a97d-d965ccfc6d4b" outcome="Passed" testListId="8c84fa94-04c1-424b-9868-57a2d4851a1d" relativeResultsDirectory="54f0c665-5337-4331-b3f7-296132bb1c83" />
    <UnitTestResult executionId="c9b2c034-bcbf-46a3-a642-10dfc8d9b4a3" testId="1633b76a-57c5-05e5-2587-56f3c8a5ad70" testName="DotNet.Testcontainers.Tests.Unit.GuardTest+StringPreconditions+ThrowArgumentException.IfEmpty" computerName="LE3126008018421" duration="00:00:00.0012137" startTime="2026-07-13T00:29:23.0534461-03:00" endTime="2026-07-13T00:29:23.0547007-03:00" testType="13cdc9d9-ddb5-4fa4-a97d-d965ccfc6d4b" outcome="Passed" testListId="8c84fa94-04c1-424b-9868-57a2d4851a1d" relativeResultsDirectory="c9b2c034-bcbf-46a3-a642-10dfc8d9b4a3" />
    <UnitTestResult executionId="2ed033e3-92d1-4053-ad21-9fa9c406b700" testId="1844db44-79ce-a01c-e01c-74c30722483b" testName="DotNet.Testcontainers.Tests.Unit.DockerRegistryAuthenticationProviderTest+Base64ProviderTest.ResolvePartialDockerRegistry(jsonDocument: &quot;{\&quot;auths\&quot;:{\&quot;https://registry.example.com:5000\&quot;:&quot;···, hostname: &quot;registry.example.com:5000&quot;, expectedResult: True)" computerName="LE3126008018421" duration="00:00:00.0000372" startTime="2026-07-13T00:29:23.0155666-03:00" endTime="2026-07-13T00:29:23.0156245-03:00" testType="13cdc9d9-ddb5-4fa4-a97d-d965ccfc6d4b" outcome="Passed" testListId="8c84fa94-04c1-424b-9868-57a2d4851a1d" relativeResultsDirectory="2ed033e3-92d1-4053-ad21-9fa9c406b700" />
    <UnitTestResult executionId="ee3f48a0-f7da-4204-a44f-e5e3d575660c" testId="201029d4-035e-4023-231c-291e2f81b63f" testName="DotNet.Testcontainers.Tests.Unit.ImageFromDockerfileTest.ThrowsDockerfileDirectoryDoesNotExist" computerName="LE3126008018421" duration="00:00:00.0275457" startTime="2026-07-13T00:32:19.1234445-03:00" endTime="2026-07-13T00:32:19.1510455-03:00" testType="13cdc9d9-ddb5-4fa4-a97d-d965ccfc6d4b" outcome="Passed" testListId="8c84fa94-04c1-424b-9868-57a2d4851a1d" relativeResultsDirectory="ee3f48a0-f7da-4204-a44f-e5e3d575660c" />
[...]
    <TestEntry testId="72b192e2-80b1-ec3a-fe4e-53b62b5210ca" executionId="2cbe95c1-1f0d-4839-86ec-00285323aac9" testListId="8c84fa94-04c1-424b-9868-57a2d4851a1d" />
    <TestEntry testId="12fdeb3c-d107-9f23-eb53-19e8dbf52bd1" executionId="72a06fe4-d77e-4518-8d02-5bab34da6a98" testListId="8c84fa94-04c1-424b-9868-57a2d4851a1d" />
    <TestEntry testId="07d941e8-0efa-20a9-9e27-ba349e88dcd3" executionId="97797dbf-39ac-413a-aa9c-2a7eadd31354" testListId="8c84fa94-04c1-424b-9868-57a2d4851a1d" />
    <TestEntry testId="fd5ab870-d736-2a00-24b6-8f37bf066bf1" executionId="cf8b19f3-7f4b-412a-997c-f2ee8148b3b4" testListId="8c84fa94-04c1-424b-9868-57a2d4851a1d" />
    <TestEntry testId="c82a728e-a793-1a2e-0fe5-54b44785ad73" executionId="de584c20-c8a3-435d-8397-ae80c731e770" testListId="8c84fa94-04c1-424b-9868-57a2d4851a1d" />
    <TestEntry testId="d997a335-4b6b-8ab5-2a4d-c175bd659518" executionId="77afefb0-1f0a-4e4a-bd22-49c85848edc8" testListId="8c84fa94-04c1-424b-9868-57a2d4851a1d" />
    <TestEntry testId="d21b8b64-0e93-b313-76c8-fd529377b2aa" executionId="c9758d25-e1df-4b5d-97bf-61ca308eee45" testListId="8c84fa94-04c1-424b-9868-57a2d4851a1d" />
    <TestEntry testId="34239f9a-ae16-7bd0-de69-ecffc7c81d43" executionId="8857d699-ab82-42f9-a34e-5cfc5ce09858" testListId="8c84fa94-04c1-424b-9868-57a2d4851a1d" />
    <TestEntry testId="403cc5e5-72db-7d7a-1d21-607a115f5936" executionId="4acffc42-80c8-4b51-9245-d53e5f373879" testListId="8c84fa94-04c1-424b-9868-57a2d4851a1d" />
    <TestEntry testId="66c67443-d7d3-a66d-a56f-55ceda753f03" executionId="0ecbc1ef-70c1-41f0-88ba-3aca2563fe51" testListId="8c84fa94-04c1-424b-9868-57a2d4851a1d" />
    <TestEntry testId="df1f7b04-fb77-cd2d-f5b0-42c965ace879" executionId="8e5a7d68-ffb6-40e1-8db5-bd74e5d81292" testListId="8c84fa94-04c1-424b-9868-57a2d4851a1d" />
    <TestEntry testId="74bd889d-8d4d-79c4-c007-ac4149f9c3ff" executionId="fea5af2f-e1be-45a0-85c7-145dc591ace5" testListId="8c84fa94-04c1-424b-9868-57a2d4851a1d" />
    <TestEntry testId="a31377cd-166d-db39-8546-680ff529a4ab" executionId="7b88215d-d94d-4679-a76d-80266b5593a4" testListId="8c84fa94-04c1-424b-9868-57a2d4851a1d" />
    <TestEntry testId="403cc5e5-72db-7d7a-1d21-607a115f5936" executionId="b3d3c790-26f0-4e47-b790-c68af1f77ba3" testListId="8c84fa94-04c1-424b-9868-57a2d4851a1d" />
    <TestEntry testId="3bdd64d3-fbcf-5e9f-85f2-095f52979750" executionId="db5f71b1-07fb-400f-b554-3b6cd9d3a553" testListId="8c84fa94-04c1-424b-9868-57a2d4851a1d" />
    <TestEntry testId="adf388cc-ab83-934a-d88d-ececc3f99101" executionId="8662b7b0-f5c2-4145-ac98-6981919b52b7" testListId="8c84fa94-04c1-424b-9868-57a2d4851a1d" />
    <TestEntry testId="f20b80bc-3902-4689-57e2-58cd5ade20a9" executionId="dd0c41f5-a2c5-4ea5-9cde-6b129ef98097" testListId="8c84fa94-04c1-424b-9868-57a2d4851a1d" />
    <TestEntry testId="04032a33-b634-c4e5-6e6f-596bfbd7fdbf" executionId="06b2c1b5-1695-40e7-8e8f-f2eed104fdc0" testListId="8c84fa94-04c1-424b-9868-57a2d4851a1d" />
    <TestEntry testId="d0712ab1-975f-9b54-a131-7c13120caa0b" executionId="663171af-6cd4-4ff0-9a4f-08d33be0df25" testListId="8c84fa94-04c1-424b-9868-57a2d4851a1d" />
    <TestEntry testId="7ffcd225-623d-4f42-bc64-ef90147355a3" executionId="5b3cb191-0bdd-4a2a-865d-b16ffa7495df" testListId="8c84fa94-04c1-424b-9868-57a2d4851a1d" />
    <TestEntry testId="bb93b1fb-1a77-0664-4a3e-37c74e2d0781" executionId="546fa0ba-26c9-4765-bfea-2f0591095ab0" testListId="8c84fa94-04c1-424b-9868-57a2d4851a1d" />
    <TestEntry testId="04bb6010-91db-6b77-ef96-d4e56e9590a4" executionId="80b05bf4-73bb-4d6b-8051-450ffe8efc0f" testListId="8c84fa94-04c1-424b-9868-57a2d4851a1d" />
    <TestEntry testId="35d83a9b-9ef4-35d4-51c1-f01254500d41" executionId="5b1207d9-538f-490f-bb82-0c6489b3dd29" testListId="8c84fa94-04c1-424b-9868-57a2d4851a1d" />
    <TestEntry testId="6d06f310-28a5-34ec-28f0-2f85b02ff592" executionId="392bd901-418b-41b4-ac59-d7c0756d2230" testListId="8c84fa94-04c1-424b-9868-57a2d4851a1d" />
    <TestEntry testId="442792a0-ce4e-1408-7bac-0419c0acc824" executionId="3126e12a-2503-41d7-bad2-0284a837da5f" testListId="8c84fa94-04c1-424b-9868-57a2d4851a1d" />
    <TestEntry testId="354c18eb-29e6-38e5-576b-060a6291d63c" executionId="2820c262-305b-4d69-bb7e-adb9c61378a3" testListId="8c84fa94-04c1-424b-9868-57a2d4851a1d" />
    <TestEntry testId="c4659914-e17f-3b9e-8c21-d3158faf235b" executionId="d25799d7-9152-4712-b5a4-92cfb163e3fd" testListId="8c84fa94-04c1-424b-9868-57a2d4851a1d" />
    <TestEntry testId="4b75306e-7d01-ce9c-8a24-ea69b0ce7f87" executionId="f58daf44-3f65-49d6-8242-56a28d9bf968" testListId="8c84fa94-04c1-424b-9868-57a2d4851a1d" />
    <TestEntry testId="403cc5e5-72db-7d7a-1d21-607a115f5936" executionId="6911d380-8369-424a-9aed-f2b0ced5af42" testListId="8c84fa94-04c1-424b-9868-57a2d4851a1d" />
    <TestEntry testId="381d6a9f-88f5-6135-c691-c54db1976429" executionId="a72e2667-06de-4d5f-89ea-55cb3046849e" testListId="8c84fa94-04c1-424b-9868-57a2d4851a1d" />
    <TestEntry testId="07b3e212-eb2d-0b76-0b4a-8445a4f3ec65" executionId="2c2d265d-7a51-4b93-a563-05f82f56a1d2" testListId="8c84fa94-04c1-424b-9868-57a2d4851a1d" />
    <TestEntry testId="5fa91860-c6a6-1657-3c72-b14d8ed9a434" executionId="e32e7e77-909c-4017-80e6-ef991b371340" testListId="8c84fa94-04c1-424b-9868-57a2d4851a1d" />
    <TestEntry testId="02847ba2-d6fa-0b55-eee4-c627261869ae" executionId="28be48bd-6b00-409b-9179-01860b1a3add" testListId="8c84fa94-04c1-424b-9868-57a2d4851a1d" />
    <TestEntry testId="b45d8e6b-721e-1046-3efe-a5aafb19ed2e" executionId="a3b8a43a-c095-4b5d-8b6d-a91e980e5269" testListId="8c84fa94-04c1-424b-9868-57a2d4851a1d" />
    <TestEntry testId="b963d886-cee8-ac32-e89f-8b083493b4df" executionId="5aec2d3a-5179-40de-b713-a40d289a70f0" testListId="8c84fa94-04c1-424b-9868-57a2d4851a1d" />
    <TestEntry testId="403cc5e5-72db-7d7a-1d21-607a115f5936" executionId="b8f05ffc-5bb4-4098-84ba-5d1a9fb0f7a2" testListId="8c84fa94-04c1-424b-9868-57a2d4851a1d" />
    <TestEntry testId="8e1c7798-d2a7-2f24-5390-f00e9f0aeeb3" executionId="f36e2e2a-caa9-4041-8c07-262117f199ed" testListId="8c84fa94-04c1-424b-9868-57a2d4851a1d" />
    <TestEntry testId="84f1078e-e1d7-689e-0917-cc9e6fc0178e" executionId="b12b1e3f-b16d-41e4-bac1-cfb83f274c11" testListId="8c84fa94-04c1-424b-9868-57a2d4851a1d" />
    <TestEntry testId="ac1f285c-0b06-fcaf-754d-6bf560bf7d7d" executionId="96364671-f4ac-4e6b-b24e-3b80fdfb3718" testListId="8c84fa94-04c1-424b-9868-57a2d4851a1d" />
    <TestEntry testId="dcece8c1-e6c9-910d-b8b8-7684a883cb38" executionId="1ef9273a-35a0-4616-9a51-53d0eecba2f5" testListId="8c84fa94-04c1-424b-9868-57a2d4851a1d" />
    <TestEntry testId="1052164b-a8dd-0084-863b-61f002508f8e" executionId="0547235e-75fa-4e08-8c1f-7682ee033d0c" testListId="8c84fa94-04c1-424b-9868-57a2d4851a1d" />
    <TestEntry testId="11412d2c-1985-fb11-2ea7-3b577ae49ab5" executionId="5c4d8755-8827-4811-a884-1c01eb38c2aa" testListId="8c84fa94-04c1-424b-9868-57a2d4851a1d" />
    <TestEntry testId="476a2952-e52c-956e-31da-8275ff8539c5" executionId="289a09c5-4600-4a15-8f51-eea710c0ec32" testListId="8c84fa94-04c1-424b-9868-57a2d4851a1d" />
    <TestEntry testId="d5947513-f333-0090-c04d-cf83ba42c33f" executionId="b1f37d9b-10d4-4829-a1fd-465ee30dbd16" testListId="8c84fa94-04c1-424b-9868-57a2d4851a1d" />
    <TestEntry testId="14e1c289-fb29-97aa-feb7-dad412fb2f2b" executionId="ebdc7517-4ec1-4d3e-a0a9-8b386af524ee" testListId="8c84fa94-04c1-424b-9868-57a2d4851a1d" />
    <TestEntry testId="476a2952-e52c-956e-31da-8275ff8539c5" executionId="2240de3e-a946-4fb4-9722-be075ba733ff" testListId="8c84fa94-04c1-424b-9868-57a2d4851a1d" />
    <TestEntry testId="f781ecce-14f0-e652-6880-2c8182f4fbbc" executionId="03d018e6-23cc-457f-8b3a-81b6992ed425" testListId="8c84fa94-04c1-424b-9868-57a2d4851a1d" />
    <TestEntry testId="fce5b74a-b767-aa71-b54e-4863f42905b8" executionId="38a110df-b015-4702-a85b-98421712b039" testListId="8c84fa94-04c1-424b-9868-57a2d4851a1d" />
    <TestEntry testId="210786ac-3e51-8cf1-44b5-82053cdaa2bb" executionId="21f9d1d0-bff0-4844-b98f-c2196a43a8c2" testListId="8c84fa94-04c1-424b-9868-57a2d4851a1d" />
    <TestEntry testId="d997a335-4b6b-8ab5-2a4d-c175bd659518" executionId="1f7148e2-2220-4314-9809-06a1a1e6e417" testListId="8c84fa94-04c1-424b-9868-57a2d4851a1d" />
    <TestEntry testId="d997a335-4b6b-8ab5-2a4d-c175bd659518" executionId="80fdb1ee-08c8-456a-9794-9532a144d784" testListId="8c84fa94-04c1-424b-9868-57a2d4851a1d" />
    <TestEntry testId="c639db83-7c35-34e2-0428-0f69c697c9a3" executionId="3e310d25-2982-416c-9762-311cf2c8191a" testListId="8c84fa94-04c1-424b-9868-57a2d4851a1d" />
    <TestEntry testId="1e0c30b4-f3d6-1ab6-c509-0084d0451334" executionId="75af6f6b-3eb9-42cd-84fa-bf8e203be912" testListId="8c84fa94-04c1-424b-9868-57a2d4851a1d" />
    <TestEntry testId="403cc5e5-72db-7d7a-1d21-607a115f5936" executionId="bc89fd52-a2b3-4ca0-b82e-fb12fa4d3dc1" testListId="8c84fa94-04c1-424b-9868-57a2d4851a1d" />
    <TestEntry testId="403cc5e5-72db-7d7a-1d21-607a115f5936" executionId="340c4d1e-f6d1-44a7-86ec-58f131756003" testListId="8c84fa94-04c1-424b-9868-57a2d4851a1d" />
    <TestEntry testId="115abd9c-d6dc-1606-0bca-fef30b6c1ffa" executionId="f1cd2a40-f6e3-4c2c-a8ea-ea13879b9cba" testListId="8c84fa94-04c1-424b-9868-57a2d4851a1d" />
    <TestEntry testId="829809a4-89bb-2fd3-cf8f-c748844cf7d7" executionId="88d1d5d2-3f37-4ed1-ac34-939076e98458" testListId="8c84fa94-04c1-424b-9868-57a2d4851a1d" />
    <TestEntry testId="1222971b-e82b-e4ff-a354-0900234a8037" executionId="22ab8a47-f542-43a6-820d-e0a8f51cff83" testListId="8c84fa94-04c1-424b-9868-57a2d4851a1d" />
    <TestEntry testId="787a77de-52fe-8579-b356-8d175265fc81" executionId="75132922-fe0d-4c4e-9f0a-1b87f036b5ed" testListId="8c84fa94-04c1-424b-9868-57a2d4851a1d" />
    <TestEntry testId="61ada5f2-0adb-a035-d18b-9d394f38ed9a" executionId="c1382777-2916-45b0-ad96-7746d446b696" testListId="8c84fa94-04c1-424b-9868-57a2d4851a1d" />
    <TestEntry testId="fe62d413-0aa7-0868-34b8-70447d5c1543" executionId="74195ceb-dc11-4b73-9b21-6414e268531e" testListId="8c84fa94-04c1-424b-9868-57a2d4851a1d" />
    <TestEntry testId="85fb0ca0-bcd9-632b-c55e-b42b14e786d3" executionId="47f59889-735c-45a0-a808-a7de533289cc" testListId="8c84fa94-04c1-424b-9868-57a2d4851a1d" />
    <TestEntry testId="7f007c44-1848-22ad-8523-e7eb87057468" executionId="b9f98999-3c5d-4523-a856-0428f3b906e4" testListId="8c84fa94-04c1-424b-9868-57a2d4851a1d" />
    <TestEntry testId="ab8e57b2-b25c-bffb-486f-c3b544a28a1f" executionId="56d046a1-2df9-4ec0-a210-5a30429c7a9c" testListId="8c84fa94-04c1-424b-9868-57a2d4851a1d" />
    <TestEntry testId="69a7ab7f-10ae-84c5-a781-0fcbb6a305f2" executionId="508110b7-1541-4b7a-9a84-32594b92ba82" testListId="8c84fa94-04c1-424b-9868-57a2d4851a1d" />
    <TestEntry testId="e6a47963-7c88-3152-314c-c96de3608fd2" executionId="1c97714a-8aee-490c-ab9a-f49d51603966" testListId="8c84fa94-04c1-424b-9868-57a2d4851a1d" />
    <TestEntry testId="2e2981f1-ebd0-0df3-7197-7d2813edadb1" executionId="06d8cdc0-6ba5-4744-b4f7-d2a995668e23" testListId="8c84fa94-04c1-424b-9868-57a2d4851a1d" />
    <TestEntry testId="1de09034-04f3-7e27-e5b0-d72cc775bd29" executionId="5fe0aabe-8780-4786-9b73-76debb6e7801" testListId="8c84fa94-04c1-424b-9868-57a2d4851a1d" />
    <TestEntry testId="add98f38-89d4-a082-94c5-571ad9602490" executionId="b3fef842-2d79-4ada-b80b-8db188c2ead8" testListId="8c84fa94-04c1-424b-9868-57a2d4851a1d" />
    <TestEntry testId="d997a335-4b6b-8ab5-2a4d-c175bd659518" executionId="c6f3213a-3176-486c-8a1d-c670b77a4e59" testListId="8c84fa94-04c1-424b-9868-57a2d4851a1d" />
    <TestEntry testId="0a7b998b-be58-8bfe-befa-009e9991cd2e" executionId="6f2f4835-1fc7-43fd-9693-70e6a71527b5" testListId="8c84fa94-04c1-424b-9868-57a2d4851a1d" />
    <TestEntry testId="fc21d925-e530-92ee-5071-99fc915ef27b" executionId="7be2bb45-ebd8-4d05-bb91-1630698a4705" testListId="8c84fa94-04c1-424b-9868-57a2d4851a1d" />
    <TestEntry testId="1907c374-27f9-d3a8-023b-dc87c07fa39d" executionId="346b5412-2747-4b58-b305-35e7c7d44c40" testListId="8c84fa94-04c1-424b-9868-57a2d4851a1d" />
    <TestEntry testId="77d088a9-1412-7a06-de4c-4fa62c6c6d08" executionId="b563ba2c-703c-4f43-9100-b5b0e2ed541a" testListId="8c84fa94-04c1-424b-9868-57a2d4851a1d" />
    <TestEntry testId="3e64c5bc-10e9-f26f-7b26-18f72cbf8081" executionId="6c283e91-fe04-4374-9790-6e533aa0e906" testListId="8c84fa94-04c1-424b-9868-57a2d4851a1d" />
    <TestEntry testId="fb38a41e-072d-e708-a1a6-7fbfeb64f9d1" executionId="5f5a33a5-8978-45ad-84b5-1aa3f18d3802" testListId="8c84fa94-04c1-424b-9868-57a2d4851a1d" />
    <TestEntry testId="d801bf45-1609-f4a2-de1d-c893b5b2842a" executionId="fafb9f71-1634-47b2-8039-78c502a7defd" testListId="8c84fa94-04c1-424b-9868-57a2d4851a1d" />
    <TestEntry testId="7b169bb8-6520-8b0f-b361-df235012b29a" executionId="20765ecb-e523-4f91-bec6-9b15a23562a4" testListId="8c84fa94-04c1-424b-9868-57a2d4851a1d" />
    <TestEntry testId="403cc5e5-72db-7d7a-1d21-607a115f5936" executionId="b97bdd04-0dd0-4dd1-81a3-66cf4c73f173" testListId="8c84fa94-04c1-424b-9868-57a2d4851a1d" />
    <TestEntry testId="3bec6c09-2bd2-c254-be3f-15d8bcb3acc9" executionId="a5c207f1-9884-4a96-a95d-706be995f9a3" testListId="8c84fa94-04c1-424b-9868-57a2d4851a1d" />
    <TestEntry testId="b50abbbf-0640-bb34-79bf-9221832639fc" executionId="d5afe1ba-e524-402d-b3bc-7ef0c39ecf7c" testListId="8c84fa94-04c1-424b-9868-57a2d4851a1d" />
    <TestEntry testId="a42ede82-49ca-dabf-15f7-13bef662db83" executionId="7256d199-8c35-4e50-8bfb-0c3fa7490f9a" testListId="8c84fa94-04c1-424b-9868-57a2d4851a1d" />
    <TestEntry testId="f14be2fb-3d9f-6500-cc57-6ac271e2bc36" executionId="463cdb04-3212-4e2c-8df3-dc767b2ac73f" testListId="8c84fa94-04c1-424b-9868-57a2d4851a1d" />
    <TestEntry testId="71e1241f-9fa5-1d34-0f72-5f6d6b6a5930" executionId="05d57e22-11da-457a-a27f-166f7424628b" testListId="8c84fa94-04c1-424b-9868-57a2d4851a1d" />
    <TestEntry testId="8f893a7d-7f98-ff68-701a-e8cbee104d79" executionId="23e8f154-2011-4bf2-8784-8e22c9f71bb8" testListId="8c84fa94-04c1-424b-9868-57a2d4851a1d" />
    <TestEntry testId="2a4c3802-1f1f-e01e-db65-2d432a48748c" executionId="58f72f7b-1e55-4f8f-a523-97fc23ac1204" testListId="8c84fa94-04c1-424b-9868-57a2d4851a1d" />
    <TestEntry testId="b2889560-5fa5-d78d-35de-55e345a428c5" executionId="76476d11-fe11-4ea4-93f9-6f8a2b53f7df" testListId="8c84fa94-04c1-424b-9868-57a2d4851a1d" />
    <TestEntry testId="c38d4605-c3c7-c10f-b09a-71d12252cadb" executionId="e5c11b27-72fb-47f2-9930-4be571e67cdd" testListId="8c84fa94-04c1-424b-9868-57a2d4851a1d" />
    <TestEntry testId="85860a51-b92a-183b-2189-a55b9f7e99d1" executionId="2f4e4bcc-4009-4f39-8658-13951454ac07" testListId="8c84fa94-04c1-424b-9868-57a2d4851a1d" />
    <TestEntry testId="403cc5e5-72db-7d7a-1d21-607a115f5936" executionId="a4e6323c-a571-4018-b1de-0e2548585cc7" testListId="8c84fa94-04c1-424b-9868-57a2d4851a1d" />
    <TestEntry testId="ffd8bb48-0456-c02d-97e1-d7ace91e517a" executionId="de611ad9-09ef-4642-951d-2429ca3463d7" testListId="8c84fa94-04c1-424b-9868-57a2d4851a1d" />
    <TestEntry testId="226cc73e-836e-89bf-74f4-5ad80a4e14ac" executionId="3e6511b1-e284-4f86-afab-5c04534f99d3" testListId="8c84fa94-04c1-424b-9868-57a2d4851a1d" />
    <TestEntry testId="2849329c-cce6-c528-9b25-2c0495f745b9" executionId="18b52f6d-f404-4fb2-b337-4d1c41081af3" testListId="8c84fa94-04c1-424b-9868-57a2d4851a1d" />
    <TestEntry testId="2fce84dc-f12d-2360-4542-9a7e0b4f560a" executionId="f31218c8-da75-401d-b2fb-499fb3467952" testListId="8c84fa94-04c1-424b-9868-57a2d4851a1d" />
    <TestEntry testId="fbc17280-f2d1-160c-71a1-ba2866e07622" executionId="837a4393-c130-4eba-961b-f5222569321c" testListId="8c84fa94-04c1-424b-9868-57a2d4851a1d" />
    <TestEntry testId="d6c31123-46a2-7229-607f-4aa70ce10c45" executionId="9ce3d3c5-f266-48ba-a71e-76359eed5d3a" testListId="8c84fa94-04c1-424b-9868-57a2d4851a1d" />
    <TestEntry testId="84023119-59f9-40cf-b0a8-ca78240c6feb" executionId="59924dee-a01d-4f46-9abd-053b0a312a3f" testListId="8c84fa94-04c1-424b-9868-57a2d4851a1d" />
    <TestEntry testId="9eed182d-24c1-ca8f-c754-ca02abdfadc0" executionId="46759b6d-0c26-4520-a8e9-ee0c51ee2f50" testListId="8c84fa94-04c1-424b-9868-57a2d4851a1d" />
    <TestEntry testId="167e1200-2a19-249a-83ad-d9ddd7492587" executionId="fad86b69-55f6-4050-a33d-bf2fae99c8d9" testListId="8c84fa94-04c1-424b-9868-57a2d4851a1d" />
    <TestEntry testId="8aedf2d1-3b70-de97-56ce-53eaf265639a" executionId="2907dc23-f772-4bd2-873a-decd78986661" testListId="8c84fa94-04c1-424b-9868-57a2d4851a1d" />
    <TestEntry testId="88fb8aba-8533-a0ea-a88d-3835ac32fb87" executionId="23e5e56e-dae7-4240-9082-895b837b2680" testListId="8c84fa94-04c1-424b-9868-57a2d4851a1d" />
    <TestEntry testId="403cc5e5-72db-7d7a-1d21-607a115f5936" executionId="0ba5b028-2553-40d4-8af4-1ed25b4b5b69" testListId="8c84fa94-04c1-424b-9868-57a2d4851a1d" />
    <TestEntry testId="49c0cc0d-1e6a-33fb-7e81-42cea1016f03" executionId="d13f35b2-fe87-49f6-890c-6197a0424737" testListId="8c84fa94-04c1-424b-9868-57a2d4851a1d" />
    <TestEntry testId="2fd9552c-481d-af31-34a3-55d9b3a54547" executionId="5cd8ff57-8c48-47b8-af5f-015deeb2cf4b" testListId="8c84fa94-04c1-424b-9868-57a2d4851a1d" />
    <TestEntry testId="889b847d-f113-d14c-ce50-c496025b8c3d" executionId="9f566724-052e-494e-bab1-cddfcb314803" testListId="8c84fa94-04c1-424b-9868-57a2d4851a1d" />
    <TestEntry testId="6e651dde-8714-c69d-a72e-148df9a3d33d" executionId="770ebdf2-5b78-45a9-9b25-0abc49416f24" testListId="8c84fa94-04c1-424b-9868-57a2d4851a1d" />
    <TestEntry testId="074321b0-4a2c-ea9b-278d-1ef3b4c6e69b" executionId="5a24b337-219e-4dd9-a146-101dd210cc68" testListId="8c84fa94-04c1-424b-9868-57a2d4851a1d" />
    <TestEntry testId="1c267cde-43da-acee-f216-33d14f646979" executionId="d326fdff-bf7d-4ff1-b000-30a91b52cd6e" testListId="8c84fa94-04c1-424b-9868-57a2d4851a1d" />
    <TestEntry testId="57d63565-b1ec-c929-3c71-84aab3c2fa09" executionId="1147a56b-1279-49c3-8fd7-70d9d36647b1" testListId="8c84fa94-04c1-424b-9868-57a2d4851a1d" />
  </TestEntries>
  <TestLists>
    <TestList name="Resultados que não estão em uma lista" id="8c84fa94-04c1-424b-9868-57a2d4851a1d" />
    <TestList name="Todos os resultados carregados" id="19431567-8539-422a-85d7-44ee4e166bda" />
  </TestLists>
  <ResultSummary outcome="Completed">
    <Counters total="538" executed="537" passed="537" failed="0" error="0" timeout="0" aborted="0" inconclusive="0" passedButRunAborted="0" notRunnable="0" notExecuted="0" disconnected="0" warning="0" completed="0" inProgress="0" pending="0" />
    <Output>
      <StdOut>[xUnit.net 00:00:00.00] xUnit.net VSTest Adapter v3.1.5+1b188a7b0a (64-bit .NET 10.0.9)&#xD;
[xUnit.net 00:00:01.16]   Discovering: Testcontainers.Tests&#xD;
[xUnit.net 00:00:03.44]   Discovered:  Testcontainers.Tests&#xD;
[xUnit.net 00:00:04.75]   Starting:    Testcontainers.Tests&#xD;
[xUnit.net 00:00:06.59]       &#xD;
O teste 'DotNet.Testcontainers.Tests.Unit.DockerConfigTests+DockerContextConfigurationTests.ReturnsActiveEndpointWhenDockerContextIsUnset' foi ignorado na execução de teste.&#xD;
[xUnit.net 00:07:37.59]   Finished:    Testcontainers.Tests (ID = 'd0221928f53b932514511f2485b212d3dc4838e9cf453a4a1e60dd3b1dfed2c7')&#xD;
</StdOut>
    </Output>
    <RunInfos>
      <RunInfo computerName="LE3126008018421" outcome="Warning" timestamp="2026-07-13T00:28:27.6209865-03:00">
        <Text>[xUnit.net 00:00:06.59]     DotNet.Testcontainers.Tests.Unit.DockerConfigTests+DockerContextConfigurationTests.ReturnsActiveEndpointWhenDockerContextIsUnset [SKIP]</Text>
      </RunInfo>
      <RunInfo computerName="LE3126008018421" outcome="Warning" timestamp="2026-07-13T00:35:58.8323470-03:00">
        <Text>Coletor de dados 'Blame' mensagem: A execução de todos os testes foi concluída. O arquivo de sequência não será gerado..</Text>
      </RunInfo>
    </RunInfos>
  </ResultSummary>
</TestRun>