<?xml version="1.0" encoding="utf-8"?>
<TestRun id="5b1e026d-6f5c-48d4-9adb-3178d5cb35de" name="nns@LE3126008018421 2026-07-12 09:45:47" runUser="CESAR-LDAP\nns" xmlns="http://microsoft.com/schemas/VisualStudio/TeamTest/2010">
  <Times creation="2026-07-12T09:45:47.5467231-03:00" queuing="2026-07-12T09:45:47.5467236-03:00" start="2026-07-12T09:45:44.0340672-03:00" finish="2026-07-12T09:45:52.3054633-03:00" />
  <TestSettings name="default" id="d09e7030-dcac-4b52-9950-2e4e1b0cabd7">
    <Deployment runDeploymentRoot="nns_LE3126008018421_2026-07-12_09_45_47" />
  </TestSettings>
  <Results>
    <UnitTestResult executionId="8d9ba900-5b6e-4934-aa03-e04ef33fa220" testId="5202a272-d579-c1b5-88a5-ac931f608a90" testName="AutoMapper.Collection.OptionsTests.Should_Retain_Options_Passed_In_Map" computerName="LE3126008018421" duration="00:00:00.1846894" startTime="2026-07-12T09:45:47.2970582-03:00" endTime="2026-07-12T09:45:47.2970633-03:00" testType="13cdc9d9-ddb5-4fa4-a97d-d965ccfc6d4b" outcome="Passed" testListId="8c84fa94-04c1-424b-9868-57a2d4851a1d" relativeResultsDirectory="8d9ba900-5b6e-4934-aa03-e04ef33fa220" />
    <UnitTestResult executionId="7413f46b-b49b-4a40-9099-3f3266bfa11f" testId="58f0a6f5-49a1-8bf1-351d-68891594b4a7" testName="AutoMapper.Collection.NullableIdTests.Should_Work_With_Multiple_Null_Id" computerName="LE3126008018421" duration="00:00:00.0094915" startTime="2026-07-12T09:45:47.2991069-03:00" endTime="2026-07-12T09:45:47.2991101-03:00" testType="13cdc9d9-ddb5-4fa4-a97d-d965ccfc6d4b" outcome="Passed" testListId="8c84fa94-04c1-424b-9868-57a2d4851a1d" relativeResultsDirectory="7413f46b-b49b-4a40-9099-3f3266bfa11f" />
    <UnitTestResult executionId="06af51d1-8991-4c6f-87f5-cf8ce59066da" testId="5394cdfa-1ccd-244a-a848-d0b3a75ac07b" testName="AutoMapper.Collection.InheritanceWithCollectionTests+IncludeBase.TypeMap_Should_include_base_types" computerName="LE3126008018421" duration="00:00:00.0446815" startTime="2026-07-12T09:45:47.3685769-03:00" endTime="2026-07-12T09:45:47.3685852-03:00" testType="13cdc9d9-ddb5-4fa4-a97d-d965ccfc6d4b" outcome="Passed" testListId="8c84fa94-04c1-424b-9868-57a2d4851a1d" relativeResultsDirectory="06af51d1-8991-4c6f-87f5-cf8ce59066da" />
    <UnitTestResult executionId="1de83cd9-da76-4f09-b09e-1e1d32fbd1ef" testId="b037c6ec-597e-b469-1de7-b03192467b78" testName="AutoMapper.Collection.NullableIdTests.Should_Work_With_Null_Id" computerName="LE3126008018421" duration="00:00:00.1789605" startTime="2026-07-12T09:45:47.2908423-03:00" endTime="2026-07-12T09:45:47.2908468-03:00" testType="13cdc9d9-ddb5-4fa4-a97d-d965ccfc6d4b" outcome="Passed" testListId="8c84fa94-04c1-424b-9868-57a2d4851a1d" relativeResultsDirectory="1de83cd9-da76-4f09-b09e-1e1d32fbd1ef" />
    <UnitTestResult executionId="e8bea3d1-d411-4a0d-9241-398ac24c905b" testId="008891a5-cfe5-79cd-1dc0-f9e2f69938fe" testName="AutoMapper.Collection.MapCollectionWithEqualityTests.Should_Keep_Existing_List" computerName="LE3126008018421" duration="00:00:00.0063837" startTime="2026-07-12T09:45:50.7170689-03:00" endTime="2026-07-12T09:45:50.7170752-03:00" testType="13cdc9d9-ddb5-4fa4-a97d-d965ccfc6d4b" outcome="Passed" testListId="8c84fa94-04c1-424b-9868-57a2d4851a1d" relativeResultsDirectory="e8bea3d1-d411-4a0d-9241-398ac24c905b" />
    <UnitTestResult executionId="3ca3300a-c122-419b-bf86-c9aa8dc660b2" testId="f8d78d6a-f5bf-176b-010a-ef6a0c10ccb2" testName="AutoMapper.Collection.InheritanceWithCollectionTests+IncludeBase.Map_Should_ReturnOnlineOrderEf_When_ListIsOfTypeOrderEf" computerName="LE3126008018421" duration="00:00:00.0651389" startTime="2026-07-12T09:45:47.5073688-03:00" endTime="2026-07-12T09:45:47.5073737-03:00" testType="13cdc9d9-ddb5-4fa4-a97d-d965ccfc6d4b" outcome="Passed" testListId="8c84fa94-04c1-424b-9868-57a2d4851a1d" relativeResultsDirectory="3ca3300a-c122-419b-bf86-c9aa8dc660b2" />
    <UnitTestResult executionId="32dc679f-84af-4104-9e58-12aeb62630d7" testId="a294e5ae-cade-c2e2-a65c-5db08a2add35" testName="AutoMapper.Collection.MapCollectionWithEqualityTests.Should_Be_Fast_With_Large_Lists_SubObject_switch_left_and_right_expression" computerName="LE3126008018421" duration="00:00:00.2255308" startTime="2026-07-12T09:45:50.9422805-03:00" endTime="2026-07-12T09:45:50.9422856-03:00" testType="13cdc9d9-ddb5-4fa4-a97d-d965ccfc6d4b" outcome="Passed" testListId="8c84fa94-04c1-424b-9868-57a2d4851a1d" relativeResultsDirectory="32dc679f-84af-4104-9e58-12aeb62630d7" />
    <UnitTestResult executionId="69b9177f-8545-4b81-b3db-cff6d596b2ff" testId="a693c9ab-4208-57ab-9438-0508344e6d3a" testName="AutoMapper.Collection.InheritanceWithCollectionTests+IncludeBase.Map_FromEfToDomain_And_AddAnOnlineOrderInTheDomainObject_And_ThenMapBackToEf_Should_UseTheSameReferenceInTheEfCollection" computerName="LE3126008018421" duration="00:00:00.2188527" startTime="2026-07-12T09:45:47.3237897-03:00" endTime="2026-07-12T09:45:47.3237961-03:00" testType="13cdc9d9-ddb5-4fa4-a97d-d965ccfc6d4b" outcome="Passed" testListId="8c84fa94-04c1-424b-9868-57a2d4851a1d" relativeResultsDirectory="69b9177f-8545-4b81-b3db-cff6d596b2ff" />
    <UnitTestResult executionId="dfe25a27-3098-4cd5-b51d-a317e8b09eb8" testId="92350777-73fa-e86a-7a97-5a6ceee0bb24" testName="AutoMapper.Collection.MapCollectionWithEqualityTests.Should_Be_Fast_With_Large_Reversed_Lists" computerName="LE3126008018421" duration="00:00:00.5026714" startTime="2026-07-12T09:45:47.6069739-03:00" endTime="2026-07-12T09:45:47.6069824-03:00" testType="13cdc9d9-ddb5-4fa4-a97d-d965ccfc6d4b" outcome="Passed" testListId="8c84fa94-04c1-424b-9868-57a2d4851a1d" relativeResultsDirectory="dfe25a27-3098-4cd5-b51d-a317e8b09eb8" />
    <UnitTestResult executionId="44801bb3-e53a-479d-9aed-3f5063db7d2d" testId="f869677d-ce1c-d16d-5f51-ca4e681217b6" testName="AutoMapper.Collection.InheritanceWithCollectionTests+Include.Map_Should_ReturnOnlineOrderEf_When_ListIsOfTypeOrderEf" computerName="LE3126008018421" duration="00:00:00.0466314" startTime="2026-07-12T09:45:47.5035487-03:00" endTime="2026-07-12T09:45:47.5035681-03:00" testType="13cdc9d9-ddb5-4fa4-a97d-d965ccfc6d4b" outcome="Passed" testListId="8c84fa94-04c1-424b-9868-57a2d4851a1d" relativeResultsDirectory="44801bb3-e53a-479d-9aed-3f5063db7d2d" />
    <UnitTestResult executionId="b20dbf8e-3d11-4e07-95a1-0281c7c4a3c8" testId="6fe40914-c0e3-1d7b-5396-b3b89f7e4f51" testName="AutoMapper.Collection.InheritanceWithCollectionTests+Include.TypeMap_Should_include_base_types" computerName="LE3126008018421" duration="00:00:00.2261632" startTime="2026-07-12T09:45:47.3311001-03:00" endTime="2026-07-12T09:45:47.3311094-03:00" testType="13cdc9d9-ddb5-4fa4-a97d-d965ccfc6d4b" outcome="Passed" testListId="8c84fa94-04c1-424b-9868-57a2d4851a1d" relativeResultsDirectory="b20dbf8e-3d11-4e07-95a1-0281c7c4a3c8" />
    <UnitTestResult executionId="44259341-ef1d-4587-864d-af0e466bddd0" testId="b1648a7f-7a34-8a9e-4956-bb7f5dd850cd" testName="AutoMapper.Collection.MapCollectionWithEqualityTests.Should_Work_With_Null_Destination" computerName="LE3126008018421" duration="00:00:00.0080749" startTime="2026-07-12T09:45:49.6366764-03:00" endTime="2026-07-12T09:45:49.6366877-03:00" testType="13cdc9d9-ddb5-4fa4-a97d-d965ccfc6d4b" outcome="Passed" testListId="8c84fa94-04c1-424b-9868-57a2d4851a1d" relativeResultsDirectory="44259341-ef1d-4587-864d-af0e466bddd0" />
    <UnitTestResult executionId="8bed5afb-467f-42e5-8807-a1dfde937b23" testId="a187a0d6-7401-747f-0a25-f620ec976bec" testName="AutoMapper.Collection.InheritanceWithCollectionTests+Include.TypeMap_Should_include_derivied_types" computerName="LE3126008018421" duration="00:00:00.0756015" startTime="2026-07-12T09:45:47.5129517-03:00" endTime="2026-07-12T09:45:47.5129579-03:00" testType="13cdc9d9-ddb5-4fa4-a97d-d965ccfc6d4b" outcome="Passed" testListId="8c84fa94-04c1-424b-9868-57a2d4851a1d" relativeResultsDirectory="8bed5afb-467f-42e5-8807-a1dfde937b23" />
    <UnitTestResult executionId="f71c4395-0ed9-4be4-9baa-973b7025387c" testId="3fb4a1ee-38f5-eca9-4281-726ca40ba2ec" testName="AutoMapper.Collection.MapCollectionWithEqualityTests.Should_Be_Fast_With_Large_Lists_MultiProperty_Mapping_Cant_Extract" computerName="LE3126008018421" duration="00:00:01.7700633" startTime="2026-07-12T09:45:49.3733104-03:00" endTime="2026-07-12T09:45:49.3733165-03:00" testType="13cdc9d9-ddb5-4fa4-a97d-d965ccfc6d4b" outcome="Passed" testListId="8c84fa94-04c1-424b-9868-57a2d4851a1d" relativeResultsDirectory="f71c4395-0ed9-4be4-9baa-973b7025387c" />
    <UnitTestResult executionId="0e2a8544-46b9-43bd-b97d-e13d1f358a90" testId="84b0d0e9-ca3e-7780-5731-f48fe589c298" testName="AutoMapper.Collection.MapCollectionWithEqualityTests.Parent_Should_Be_Same_As_Root_Object" computerName="LE3126008018421" duration="00:00:00.0230055" startTime="2026-07-12T09:45:49.6599424-03:00" endTime="2026-07-12T09:45:49.6599545-03:00" testType="13cdc9d9-ddb5-4fa4-a97d-d965ccfc6d4b" outcome="Passed" testListId="8c84fa94-04c1-424b-9868-57a2d4851a1d" relativeResultsDirectory="0e2a8544-46b9-43bd-b97d-e13d1f358a90" />
    <UnitTestResult executionId="a7dbd1c5-b079-4ed6-a913-5a62974b74a9" testId="a28add64-4def-94fd-6030-66427ccfad92" testName="AutoMapper.Collection.MapCollectionWithEqualityTests.Should_Update_Existing_Item" computerName="LE3126008018421" duration="00:00:00.0122430" startTime="2026-07-12T09:45:50.4273089-03:00" endTime="2026-07-12T09:45:50.4273169-03:00" testType="13cdc9d9-ddb5-4fa4-a97d-d965ccfc6d4b" outcome="Passed" testListId="8c84fa94-04c1-424b-9868-57a2d4851a1d" relativeResultsDirectory="a7dbd1c5-b079-4ed6-a913-5a62974b74a9" />
    <UnitTestResult executionId="64e07f4e-0455-4166-abd4-cff2846577bc" testId="3621e6a5-5db1-d270-0653-238174b1e41d" testName="AutoMapper.Collection.MapCollectionWithEqualityTests.Should_Work_With_Comparing_String_Types" computerName="LE3126008018421" duration="00:00:00.0243917" startTime="2026-07-12T09:45:50.7007390-03:00" endTime="2026-07-12T09:45:50.7007451-03:00" testType="13cdc9d9-ddb5-4fa4-a97d-d965ccfc6d4b" outcome="Passed" testListId="8c84fa94-04c1-424b-9868-57a2d4851a1d" relativeResultsDirectory="64e07f4e-0455-4166-abd4-cff2846577bc" />
    <UnitTestResult executionId="5fd7c44a-e175-4ed5-88d9-b68acb8300ed" testId="930a9304-0bbc-ed40-e97f-bee022cfa883" testName="AutoMapper.Collection.MapCollectionWithEqualityTests.Should_Be_Fast_With_Large_Lists_SubObject" computerName="LE3126008018421" duration="00:00:00.2492466" startTime="2026-07-12T09:45:50.6762206-03:00" endTime="2026-07-12T09:45:50.6762287-03:00" testType="13cdc9d9-ddb5-4fa4-a97d-d965ccfc6d4b" outcome="Passed" testListId="8c84fa94-04c1-424b-9868-57a2d4851a1d" relativeResultsDirectory="5fd7c44a-e175-4ed5-88d9-b68acb8300ed" />
    <UnitTestResult executionId="b0fb833b-c458-4475-b1dd-25c09f566aa1" testId="f5a5e66d-97cd-e146-1a05-88f9f625405e" testName="AutoMapper.Collection.MapCollectionWithEqualityTests.Should_Work_With_Conditionals" computerName="LE3126008018421" duration="00:00:00.0107003" startTime="2026-07-12T09:45:50.9529880-03:00" endTime="2026-07-12T09:45:50.9529929-03:00" testType="13cdc9d9-ddb5-4fa4-a97d-d965ccfc6d4b" outcome="Passed" testListId="8c84fa94-04c1-424b-9868-57a2d4851a1d" relativeResultsDirectory="b0fb833b-c458-4475-b1dd-25c09f566aa1" />
    <UnitTestResult executionId="b29ff5bc-9f64-4ff7-8874-662d12ae8a2c" testId="6c3ed1d8-beec-3c86-ef78-d30829e33f93" testName="AutoMapper.Collection.MapCollectionWithEqualityTests.Should_Be_Instanced_Based" computerName="LE3126008018421" duration="00:00:00.0095513" startTime="2026-07-12T09:45:50.7104598-03:00" endTime="2026-07-12T09:45:50.7104670-03:00" testType="13cdc9d9-ddb5-4fa4-a97d-d965ccfc6d4b" outcome="Passed" testListId="8c84fa94-04c1-424b-9868-57a2d4851a1d" relativeResultsDirectory="b29ff5bc-9f64-4ff7-8874-662d12ae8a2c" />
    <UnitTestResult executionId="edca0a98-ea71-427b-9aef-61a214eea207" testId="0682ecac-bc3c-5e45-2b68-050a2a611d09" testName="AutoMapper.Collection.InheritanceWithCollectionTests+IncludeBase.TypeMap_Should_include_derivied_types" computerName="LE3126008018421" duration="00:00:00.0639744" startTime="2026-07-12T09:45:47.4990825-03:00" endTime="2026-07-12T09:45:47.4990917-03:00" testType="13cdc9d9-ddb5-4fa4-a97d-d965ccfc6d4b" outcome="Passed" testListId="8c84fa94-04c1-424b-9868-57a2d4851a1d" relativeResultsDirectory="edca0a98-ea71-427b-9aef-61a214eea207" />
    <UnitTestResult executionId="27a3c009-6cfa-45ab-9198-681a92d58b4f" testId="2f325298-ea17-aed2-7dc7-ac7dfb2c9385" testName="AutoMapper.Collection.InheritanceWithCollectionTests+Include.Map_FromEfToDomain_And_AddAnOnlineOrderInTheDomainObject_And_ThenMapBackToEf_Should_UseTheSameReferenceInTheEfCollection" computerName="LE3126008018421" duration="00:00:00.0597311" startTime="2026-07-12T09:45:47.4944348-03:00" endTime="2026-07-12T09:45:47.4944404-03:00" testType="13cdc9d9-ddb5-4fa4-a97d-d965ccfc6d4b" outcome="Passed" testListId="8c84fa94-04c1-424b-9868-57a2d4851a1d" relativeResultsDirectory="27a3c009-6cfa-45ab-9198-681a92d58b4f" />
    <UnitTestResult executionId="ec983cf6-cf14-4cf9-8a1b-0188905586f1" testId="8b6de50b-d5e6-8d52-b97c-aa36c548f9c2" testName="AutoMapper.Collection.MapCollectionWithEqualityTests.Should_Be_Fast_With_Large_Lists_Cant_Extract_Negative" computerName="LE3126008018421" duration="00:00:01.2178611" startTime="2026-07-12T09:45:52.1684266-03:00" endTime="2026-07-12T09:45:52.1684327-03:00" testType="13cdc9d9-ddb5-4fa4-a97d-d965ccfc6d4b" outcome="Passed" testListId="8c84fa94-04c1-424b-9868-57a2d4851a1d" relativeResultsDirectory="ec983cf6-cf14-4cf9-8a1b-0188905586f1" />
    <UnitTestResult executionId="6646cddc-e33b-4c2c-8be2-98e8a5abb213" testId="cd07d5c3-4580-e0a0-82d7-ec833017ce9e" testName="AutoMapper.Collection.MapCollectionWithEqualityTests.Should_Be_Fast_With_Large_Lists_MultiProperty_Mapping" computerName="LE3126008018421" duration="00:00:00.4328201" startTime="2026-07-12T09:45:50.0918548-03:00" endTime="2026-07-12T09:45:50.0918634-03:00" testType="13cdc9d9-ddb5-4fa4-a97d-d965ccfc6d4b" outcome="Passed" testListId="8c84fa94-04c1-424b-9868-57a2d4851a1d" relativeResultsDirectory="6646cddc-e33b-4c2c-8be2-98e8a5abb213" />
    <UnitTestResult executionId="4efbce12-9276-4b34-8a62-c71cde8e3034" testId="348b82f9-9ccc-a57e-dc2d-f63afb4ff1da" testName="AutoMapper.Collection.MapCollectionWithEqualityTests.Should_Be_Fast_With_Large_Lists" computerName="LE3126008018421" duration="00:00:00.2552466" startTime="2026-07-12T09:45:49.6284158-03:00" endTime="2026-07-12T09:45:49.6284230-03:00" testType="13cdc9d9-ddb5-4fa4-a97d-d965ccfc6d4b" outcome="Passed" testListId="8c84fa94-04c1-424b-9868-57a2d4851a1d" relativeResultsDirectory="4efbce12-9276-4b34-8a62-c71cde8e3034" />
    <UnitTestResult executionId="c6c412bc-79fb-427e-bccd-256d5952e45d" testId="430de8af-098e-606f-5140-19296108eee8" testName="AutoMapper.Collection.MapCollectionWithEqualityTests.Should_Be_Fast_With_Large_Lists_MultiProperty_Mapping_Cant_Extract_Negative" computerName="LE3126008018421" duration="00:00:00.3231939" startTime="2026-07-12T09:45:50.4148712-03:00" endTime="2026-07-12T09:45:50.4148882-03:00" testType="13cdc9d9-ddb5-4fa4-a97d-d965ccfc6d4b" outcome="Passed" testListId="8c84fa94-04c1-424b-9868-57a2d4851a1d" relativeResultsDirectory="c6c412bc-79fb-427e-bccd-256d5952e45d" />
    <UnitTestResult executionId="8107fa76-e428-4569-94e5-3f6ba517d08d" testId="b9f5aa18-6451-ca17-ae95-5799e29ec18c" testName="AutoMapper.Collection.ValueTypeTests.MapValueTypes" computerName="LE3126008018421" duration="00:00:00.1333163" startTime="2026-07-12T09:45:47.2437178-03:00" endTime="2026-07-12T09:45:47.2474748-03:00" testType="13cdc9d9-ddb5-4fa4-a97d-d965ccfc6d4b" outcome="Passed" testListId="8c84fa94-04c1-424b-9868-57a2d4851a1d" relativeResultsDirectory="8107fa76-e428-4569-94e5-3f6ba517d08d" />
  </Results>
  <TestDefinitions>
    <UnitTest name="AutoMapper.Collection.ValueTypeTests.MapValueTypes" storage="c:\users\nns\flaky-csharp\repos\automapper.collection\src\automapper.collection.tests\bin\release\net8.0\automapper.collection.tests.dll" id="b9f5aa18-6451-ca17-ae95-5799e29ec18c">
      <Execution id="8107fa76-e428-4569-94e5-3f6ba517d08d" />
      <TestMethod codeBase="C:\Users\nns\flaky-csharp\repos\AutoMapper.Collection\src\AutoMapper.Collection.Tests\bin\Release\net8.0\AutoMapper.Collection.Tests.dll" adapterTypeName="executor://xunit/VsTestRunner2/netcoreapp" className="AutoMapper.Collection.ValueTypeTests" name="MapValueTypes" />
    </UnitTest>
    <UnitTest name="AutoMapper.Collection.MapCollectionWithEqualityTests.Should_Be_Fast_With_Large_Lists_MultiProperty_Mapping_Cant_Extract_Negative" storage="c:\users\nns\flaky-csharp\repos\automapper.collection\src\automapper.collection.tests\bin\release\net8.0\automapper.collection.tests.dll" id="430de8af-098e-606f-5140-19296108eee8">
      <Execution id="c6c412bc-79fb-427e-bccd-256d5952e45d" />
      <TestMethod codeBase="C:\Users\nns\flaky-csharp\repos\AutoMapper.Collection\src\AutoMapper.Collection.Tests\bin\Release\net8.0\AutoMapper.Collection.Tests.dll" adapterTypeName="executor://xunit/VsTestRunner2/netcoreapp" className="AutoMapper.Collection.MapCollectionWithEqualityTests" name="Should_Be_Fast_With_Large_Lists_MultiProperty_Mapping_Cant_Extract_Negative" />
    </UnitTest>
    <UnitTest name="AutoMapper.Collection.MapCollectionWithEqualityTests.Should_Keep_Existing_List" storage="c:\users\nns\flaky-csharp\repos\automapper.collection\src\automapper.collection.tests\bin\release\net8.0\automapper.collection.tests.dll" id="008891a5-cfe5-79cd-1dc0-f9e2f69938fe">
      <Execution id="e8bea3d1-d411-4a0d-9241-398ac24c905b" />
      <TestMethod codeBase="C:\Users\nns\flaky-csharp\repos\AutoMapper.Collection\src\AutoMapper.Collection.Tests\bin\Release\net8.0\AutoMapper.Collection.Tests.dll" adapterTypeName="executor://xunit/VsTestRunner2/netcoreapp" className="AutoMapper.Collection.MapCollectionWithEqualityTests" name="Should_Keep_Existing_List" />
    </UnitTest>
    <UnitTest name="AutoMapper.Collection.InheritanceWithCollectionTests+Include.TypeMap_Should_include_base_types" storage="c:\users\nns\flaky-csharp\repos\automapper.collection\src\automapper.collection.tests\bin\release\net8.0\automapper.collection.tests.dll" id="6fe40914-c0e3-1d7b-5396-b3b89f7e4f51">
      <Execution id="b20dbf8e-3d11-4e07-95a1-0281c7c4a3c8" />
      <TestMethod codeBase="C:\Users\nns\flaky-csharp\repos\AutoMapper.Collection\src\AutoMapper.Collection.Tests\bin\Release\net8.0\AutoMapper.Collection.Tests.dll" adapterTypeName="executor://xunit/VsTestRunner2/netcoreapp" className="AutoMapper.Collection.InheritanceWithCollectionTests+Include" name="TypeMap_Should_include_base_types" />
    </UnitTest>
    <UnitTest name="AutoMapper.Collection.InheritanceWithCollectionTests+IncludeBase.TypeMap_Should_include_base_types" storage="c:\users\nns\flaky-csharp\repos\automapper.collection\src\automapper.collection.tests\bin\release\net8.0\automapper.collection.tests.dll" id="5394cdfa-1ccd-244a-a848-d0b3a75ac07b">
      <Execution id="06af51d1-8991-4c6f-87f5-cf8ce59066da" />
      <TestMethod codeBase="C:\Users\nns\flaky-csharp\repos\AutoMapper.Collection\src\AutoMapper.Collection.Tests\bin\Release\net8.0\AutoMapper.Collection.Tests.dll" adapterTypeName="executor://xunit/VsTestRunner2/netcoreapp" className="AutoMapper.Collection.InheritanceWithCollectionTests+IncludeBase" name="TypeMap_Should_include_base_types" />
    </UnitTest>
    <UnitTest name="AutoMapper.Collection.InheritanceWithCollectionTests+IncludeBase.Map_FromEfToDomain_And_AddAnOnlineOrderInTheDomainObject_And_ThenMapBackToEf_Should_UseTheSameReferenceInTheEfCollection" storage="c:\users\nns\flaky-csharp\repos\automapper.collection\src\automapper.collection.tests\bin\release\net8.0\automapper.collection.tests.dll" id="a693c9ab-4208-57ab-9438-0508344e6d3a">
      <Execution id="69b9177f-8545-4b81-b3db-cff6d596b2ff" />
      <TestMethod codeBase="C:\Users\nns\flaky-csharp\repos\AutoMapper.Collection\src\AutoMapper.Collection.Tests\bin\Release\net8.0\AutoMapper.Collection.Tests.dll" adapterTypeName="executor://xunit/VsTestRunner2/netcoreapp" className="AutoMapper.Collection.InheritanceWithCollectionTests+IncludeBase" name="Map_FromEfToDomain_And_AddAnOnlineOrderInTheDomainObject_And_ThenMapBackToEf_Should_UseTheSameReferenceInTheEfCollection" />
    </UnitTest>
    <UnitTest name="AutoMapper.Collection.MapCollectionWithEqualityTests.Should_Work_With_Conditionals" storage="c:\users\nns\flaky-csharp\repos\automapper.collection\src\automapper.collection.tests\bin\release\net8.0\automapper.collection.tests.dll" id="f5a5e66d-97cd-e146-1a05-88f9f625405e">
      <Execution id="b0fb833b-c458-4475-b1dd-25c09f566aa1" />
      <TestMethod codeBase="C:\Users\nns\flaky-csharp\repos\AutoMapper.Collection\src\AutoMapper.Collection.Tests\bin\Release\net8.0\AutoMapper.Collection.Tests.dll" adapterTypeName="executor://xunit/VsTestRunner2/netcoreapp" className="AutoMapper.Collection.MapCollectionWithEqualityTests" name="Should_Work_With_Conditionals" />
    </UnitTest>
    <UnitTest name="AutoMapper.Collection.OptionsTests.Should_Retain_Options_Passed_In_Map" storage="c:\users\nns\flaky-csharp\repos\automapper.collection\src\automapper.collection.tests\bin\release\net8.0\automapper.collection.tests.dll" id="5202a272-d579-c1b5-88a5-ac931f608a90">
      <Execution id="8d9ba900-5b6e-4934-aa03-e04ef33fa220" />
      <TestMethod codeBase="C:\Users\nns\flaky-csharp\repos\AutoMapper.Collection\src\AutoMapper.Collection.Tests\bin\Release\net8.0\AutoMapper.Collection.Tests.dll" adapterTypeName="executor://xunit/VsTestRunner2/netcoreapp" className="AutoMapper.Collection.OptionsTests" name="Should_Retain_Options_Passed_In_Map" />
    </UnitTest>
    <UnitTest name="AutoMapper.Collection.InheritanceWithCollectionTests+Include.TypeMap_Should_include_derivied_types" storage="c:\users\nns\flaky-csharp\repos\automapper.collection\src\automapper.collection.tests\bin\release\net8.0\automapper.collection.tests.dll" id="a187a0d6-7401-747f-0a25-f620ec976bec">
      <Execution id="8bed5afb-467f-42e5-8807-a1dfde937b23" />
      <TestMethod codeBase="C:\Users\nns\flaky-csharp\repos\AutoMapper.Collection\src\AutoMapper.Collection.Tests\bin\Release\net8.0\AutoMapper.Collection.Tests.dll" adapterTypeName="executor://xunit/VsTestRunner2/netcoreapp" className="AutoMapper.Collection.InheritanceWithCollectionTests+Include" name="TypeMap_Should_include_derivied_types" />
    </UnitTest>
    <UnitTest name="AutoMapper.Collection.InheritanceWithCollectionTests+Include.Map_Should_ReturnOnlineOrderEf_When_ListIsOfTypeOrderEf" storage="c:\users\nns\flaky-csharp\repos\automapper.collection\src\automapper.collection.tests\bin\release\net8.0\automapper.collection.tests.dll" id="f869677d-ce1c-d16d-5f51-ca4e681217b6">
      <Execution id="44801bb3-e53a-479d-9aed-3f5063db7d2d" />
      <TestMethod codeBase="C:\Users\nns\flaky-csharp\repos\AutoMapper.Collection\src\AutoMapper.Collection.Tests\bin\Release\net8.0\AutoMapper.Collection.Tests.dll" adapterTypeName="executor://xunit/VsTestRunner2/netcoreapp" className="AutoMapper.Collection.InheritanceWithCollectionTests+Include" name="Map_Should_ReturnOnlineOrderEf_When_ListIsOfTypeOrderEf" />
    </UnitTest>
    <UnitTest name="AutoMapper.Collection.InheritanceWithCollectionTests+Include.Map_FromEfToDomain_And_AddAnOnlineOrderInTheDomainObject_And_ThenMapBackToEf_Should_UseTheSameReferenceInTheEfCollection" storage="c:\users\nns\flaky-csharp\repos\automapper.collection\src\automapper.collection.tests\bin\release\net8.0\automapper.collection.tests.dll" id="2f325298-ea17-aed2-7dc7-ac7dfb2c9385">
      <Execution id="27a3c009-6cfa-45ab-9198-681a92d58b4f" />
      <TestMethod codeBase="C:\Users\nns\flaky-csharp\repos\AutoMapper.Collection\src\AutoMapper.Collection.Tests\bin\Release\net8.0\AutoMapper.Collection.Tests.dll" adapterTypeName="executor://xunit/VsTestRunner2/netcoreapp" className="AutoMapper.Collection.InheritanceWithCollectionTests+Include" name="Map_FromEfToDomain_And_AddAnOnlineOrderInTheDomainObject_And_ThenMapBackToEf_Should_UseTheSameReferenceInTheEfCollection" />
    </UnitTest>
    <UnitTest name="AutoMapper.Collection.MapCollectionWithEqualityTests.Should_Work_With_Comparing_String_Types" storage="c:\users\nns\flaky-csharp\repos\automapper.collection\src\automapper.collection.tests\bin\release\net8.0\automapper.collection.tests.dll" id="3621e6a5-5db1-d270-0653-238174b1e41d">
      <Execution id="64e07f4e-0455-4166-abd4-cff2846577bc" />
      <TestMethod codeBase="C:\Users\nns\flaky-csharp\repos\AutoMapper.Collection\src\AutoMapper.Collection.Tests\bin\Release\net8.0\AutoMapper.Collection.Tests.dll" adapterTypeName="executor://xunit/VsTestRunner2/netcoreapp" className="AutoMapper.Collection.MapCollectionWithEqualityTests" name="Should_Work_With_Comparing_String_Types" />
    </UnitTest>
    <UnitTest name="AutoMapper.Collection.MapCollectionWithEqualityTests.Should_Be_Fast_With_Large_Reversed_Lists" storage="c:\users\nns\flaky-csharp\repos\automapper.collection\src\automapper.collection.tests\bin\release\net8.0\automapper.collection.tests.dll" id="92350777-73fa-e86a-7a97-5a6ceee0bb24">
      <Execution id="dfe25a27-3098-4cd5-b51d-a317e8b09eb8" />
      <TestMethod codeBase="C:\Users\nns\flaky-csharp\repos\AutoMapper.Collection\src\AutoMapper.Collection.Tests\bin\Release\net8.0\AutoMapper.Collection.Tests.dll" adapterTypeName="executor://xunit/VsTestRunner2/netcoreapp" className="AutoMapper.Collection.MapCollectionWithEqualityTests" name="Should_Be_Fast_With_Large_Reversed_Lists" />
    </UnitTest>
    <UnitTest name="AutoMapper.Collection.MapCollectionWithEqualityTests.Parent_Should_Be_Same_As_Root_Object" storage="c:\users\nns\flaky-csharp\repos\automapper.collection\src\automapper.collection.tests\bin\release\net8.0\automapper.collection.tests.dll" id="84b0d0e9-ca3e-7780-5731-f48fe589c298">
      <Execution id="0e2a8544-46b9-43bd-b97d-e13d1f358a90" />
      <TestMethod codeBase="C:\Users\nns\flaky-csharp\repos\AutoMapper.Collection\src\AutoMapper.Collection.Tests\bin\Release\net8.0\AutoMapper.Collection.Tests.dll" adapterTypeName="executor://xunit/VsTestRunner2/netcoreapp" className="AutoMapper.Collection.MapCollectionWithEqualityTests" name="Parent_Should_Be_Same_As_Root_Object" />
    </UnitTest>
    <UnitTest name="AutoMapper.Collection.NullableIdTests.Should_Work_With_Multiple_Null_Id" storage="c:\users\nns\flaky-csharp\repos\automapper.collection\src\automapper.collection.tests\bin\release\net8.0\automapper.collection.tests.dll" id="58f0a6f5-49a1-8bf1-351d-68891594b4a7">
      <Execution id="7413f46b-b49b-4a40-9099-3f3266bfa11f" />
      <TestMethod codeBase="C:\Users\nns\flaky-csharp\repos\AutoMapper.Collection\src\AutoMapper.Collection.Tests\bin\Release\net8.0\AutoMapper.Collection.Tests.dll" adapterTypeName="executor://xunit/VsTestRunner2/netcoreapp" className="AutoMapper.Collection.NullableIdTests" name="Should_Work_With_Multiple_Null_Id" />
    </UnitTest>
    <UnitTest name="AutoMapper.Collection.NullableIdTests.Should_Work_With_Null_Id" storage="c:\users\nns\flaky-csharp\repos\automapper.collection\src\automapper.collection.tests\bin\release\net8.0\automapper.collection.tests.dll" id="b037c6ec-597e-b469-1de7-b03192467b78">
      <Execution id="1de83cd9-da76-4f09-b09e-1e1d32fbd1ef" />
      <TestMethod codeBase="C:\Users\nns\flaky-csharp\repos\AutoMapper.Collection\src\AutoMapper.Collection.Tests\bin\Release\net8.0\AutoMapper.Collection.Tests.dll" adapterTypeName="executor://xunit/VsTestRunner2/netcoreapp" className="AutoMapper.Collection.NullableIdTests" name="Should_Work_With_Null_Id" />
    </UnitTest>
    <UnitTest name="AutoMapper.Collection.MapCollectionWithEqualityTests.Should_Be_Fast_With_Large_Lists_SubObject" storage="c:\users\nns\flaky-csharp\repos\automapper.collection\src\automapper.collection.tests\bin\release\net8.0\automapper.collection.tests.dll" id="930a9304-0bbc-ed40-e97f-bee022cfa883">
      <Execution id="5fd7c44a-e175-4ed5-88d9-b68acb8300ed" />
      <TestMethod codeBase="C:\Users\nns\flaky-csharp\repos\AutoMapper.Collection\src\AutoMapper.Collection.Tests\bin\Release\net8.0\AutoMapper.Collection.Tests.dll" adapterTypeName="executor://xunit/VsTestRunner2/netcoreapp" className="AutoMapper.Collection.MapCollectionWithEqualityTests" name="Should_Be_Fast_With_Large_Lists_SubObject" />
    </UnitTest>
    <UnitTest name="AutoMapper.Collection.MapCollectionWithEqualityTests.Should_Work_With_Null_Destination" storage="c:\users\nns\flaky-csharp\repos\automapper.collection\src\automapper.collection.tests\bin\release\net8.0\automapper.collection.tests.dll" id="b1648a7f-7a34-8a9e-4956-bb7f5dd850cd">
      <Execution id="44259341-ef1d-4587-864d-af0e466bddd0" />
      <TestMethod codeBase="C:\Users\nns\flaky-csharp\repos\AutoMapper.Collection\src\AutoMapper.Collection.Tests\bin\Release\net8.0\AutoMapper.Collection.Tests.dll" adapterTypeName="executor://xunit/VsTestRunner2/netcoreapp" className="AutoMapper.Collection.MapCollectionWithEqualityTests" name="Should_Work_With_Null_Destination" />
    </UnitTest>
    <UnitTest name="AutoMapper.Collection.MapCollectionWithEqualityTests.Should_Be_Fast_With_Large_Lists_SubObject_switch_left_and_right_expression" storage="c:\users\nns\flaky-csharp\repos\automapper.collection\src\automapper.collection.tests\bin\release\net8.0\automapper.collection.tests.dll" id="a294e5ae-cade-c2e2-a65c-5db08a2add35">
      <Execution id="32dc679f-84af-4104-9e58-12aeb62630d7" />
      <TestMethod codeBase="C:\Users\nns\flaky-csharp\repos\AutoMapper.Collection\src\AutoMapper.Collection.Tests\bin\Release\net8.0\AutoMapper.Collection.Tests.dll" adapterTypeName="executor://xunit/VsTestRunner2/netcoreapp" className="AutoMapper.Collection.MapCollectionWithEqualityTests" name="Should_Be_Fast_With_Large_Lists_SubObject_switch_left_and_right_expression" />
    </UnitTest>
    <UnitTest name="AutoMapper.Collection.MapCollectionWithEqualityTests.Should_Be_Fast_With_Large_Lists_MultiProperty_Mapping" storage="c:\users\nns\flaky-csharp\repos\automapper.collection\src\automapper.collection.tests\bin\release\net8.0\automapper.collection.tests.dll" id="cd07d5c3-4580-e0a0-82d7-ec833017ce9e">
      <Execution id="6646cddc-e33b-4c2c-8be2-98e8a5abb213" />
      <TestMethod codeBase="C:\Users\nns\flaky-csharp\repos\AutoMapper.Collection\src\AutoMapper.Collection.Tests\bin\Release\net8.0\AutoMapper.Collection.Tests.dll" adapterTypeName="executor://xunit/VsTestRunner2/netcoreapp" className="AutoMapper.Collection.MapCollectionWithEqualityTests" name="Should_Be_Fast_With_Large_Lists_MultiProperty_Mapping" />
    </UnitTest>
    <UnitTest name="AutoMapper.Collection.MapCollectionWithEqualityTests.Should_Be_Fast_With_Large_Lists_Cant_Extract_Negative" storage="c:\users\nns\flaky-csharp\repos\automapper.collection\src\automapper.collection.tests\bin\release\net8.0\automapper.collection.tests.dll" id="8b6de50b-d5e6-8d52-b97c-aa36c548f9c2">
      <Execution id="ec983cf6-cf14-4cf9-8a1b-0188905586f1" />
      <TestMethod codeBase="C:\Users\nns\flaky-csharp\repos\AutoMapper.Collection\src\AutoMapper.Collection.Tests\bin\Release\net8.0\AutoMapper.Collection.Tests.dll" adapterTypeName="executor://xunit/VsTestRunner2/netcoreapp" className="AutoMapper.Collection.MapCollectionWithEqualityTests" name="Should_Be_Fast_With_Large_Lists_Cant_Extract_Negative" />
    </UnitTest>
    <UnitTest name="AutoMapper.Collection.MapCollectionWithEqualityTests.Should_Be_Instanced_Based" storage="c:\users\nns\flaky-csharp\repos\automapper.collection\src\automapper.collection.tests\bin\release\net8.0\automapper.collection.tests.dll" id="6c3ed1d8-beec-3c86-ef78-d30829e33f93">
      <Execution id="b29ff5bc-9f64-4ff7-8874-662d12ae8a2c" />
      <TestMethod codeBase="C:\Users\nns\flaky-csharp\repos\AutoMapper.Collection\src\AutoMapper.Collection.Tests\bin\Release\net8.0\AutoMapper.Collection.Tests.dll" adapterTypeName="executor://xunit/VsTestRunner2/netcoreapp" className="AutoMapper.Collection.MapCollectionWithEqualityTests" name="Should_Be_Instanced_Based" />
    </UnitTest>
    <UnitTest name="AutoMapper.Collection.InheritanceWithCollectionTests+IncludeBase.TypeMap_Should_include_derivied_types" storage="c:\users\nns\flaky-csharp\repos\automapper.collection\src\automapper.collection.tests\bin\release\net8.0\automapper.collection.tests.dll" id="0682ecac-bc3c-5e45-2b68-050a2a611d09">
      <Execution id="edca0a98-ea71-427b-9aef-61a214eea207" />
      <TestMethod codeBase="C:\Users\nns\flaky-csharp\repos\AutoMapper.Collection\src\AutoMapper.Collection.Tests\bin\Release\net8.0\AutoMapper.Collection.Tests.dll" adapterTypeName="executor://xunit/VsTestRunner2/netcoreapp" className="AutoMapper.Collection.InheritanceWithCollectionTests+IncludeBase" name="TypeMap_Should_include_derivied_types" />
    </UnitTest>
    <UnitTest name="AutoMapper.Collection.MapCollectionWithEqualityTests.Should_Update_Existing_Item" storage="c:\users\nns\flaky-csharp\repos\automapper.collection\src\automapper.collection.tests\bin\release\net8.0\automapper.collection.tests.dll" id="a28add64-4def-94fd-6030-66427ccfad92">
      <Execution id="a7dbd1c5-b079-4ed6-a913-5a62974b74a9" />
      <TestMethod codeBase="C:\Users\nns\flaky-csharp\repos\AutoMapper.Collection\src\AutoMapper.Collection.Tests\bin\Release\net8.0\AutoMapper.Collection.Tests.dll" adapterTypeName="executor://xunit/VsTestRunner2/netcoreapp" className="AutoMapper.Collection.MapCollectionWithEqualityTests" name="Should_Update_Existing_Item" />
    </UnitTest>
    <UnitTest name="AutoMapper.Collection.MapCollectionWithEqualityTests.Should_Be_Fast_With_Large_Lists_MultiProperty_Mapping_Cant_Extract" storage="c:\users\nns\flaky-csharp\repos\automapper.collection\src\automapper.collection.tests\bin\release\net8.0\automapper.collection.tests.dll" id="3fb4a1ee-38f5-eca9-4281-726ca40ba2ec">
      <Execution id="f71c4395-0ed9-4be4-9baa-973b7025387c" />
      <TestMethod codeBase="C:\Users\nns\flaky-csharp\repos\AutoMapper.Collection\src\AutoMapper.Collection.Tests\bin\Release\net8.0\AutoMapper.Collection.Tests.dll" adapterTypeName="executor://xunit/VsTestRunner2/netcoreapp" className="AutoMapper.Collection.MapCollectionWithEqualityTests" name="Should_Be_Fast_With_Large_Lists_MultiProperty_Mapping_Cant_Extract" />
    </UnitTest>
    <UnitTest name="AutoMapper.Collection.InheritanceWithCollectionTests+IncludeBase.Map_Should_ReturnOnlineOrderEf_When_ListIsOfTypeOrderEf" storage="c:\users\nns\flaky-csharp\repos\automapper.collection\src\automapper.collection.tests\bin\release\net8.0\automapper.collection.tests.dll" id="f8d78d6a-f5bf-176b-010a-ef6a0c10ccb2">
      <Execution id="3ca3300a-c122-419b-bf86-c9aa8dc660b2" />
      <TestMethod codeBase="C:\Users\nns\flaky-csharp\repos\AutoMapper.Collection\src\AutoMapper.Collection.Tests\bin\Release\net8.0\AutoMapper.Collection.Tests.dll" adapterTypeName="executor://xunit/VsTestRunner2/netcoreapp" className="AutoMapper.Collection.InheritanceWithCollectionTests+IncludeBase" name="Map_Should_ReturnOnlineOrderEf_When_ListIsOfTypeOrderEf" />
    </UnitTest>
    <UnitTest name="AutoMapper.Collection.MapCollectionWithEqualityTests.Should_Be_Fast_With_Large_Lists" storage="c:\users\nns\flaky-csharp\repos\automapper.collection\src\automapper.collection.tests\bin\release\net8.0\automapper.collection.tests.dll" id="348b82f9-9ccc-a57e-dc2d-f63afb4ff1da">
      <Execution id="4efbce12-9276-4b34-8a62-c71cde8e3034" />
      <TestMethod codeBase="C:\Users\nns\flaky-csharp\repos\AutoMapper.Collection\src\AutoMapper.Collection.Tests\bin\Release\net8.0\AutoMapper.Collection.Tests.dll" adapterTypeName="executor://xunit/VsTestRunner2/netcoreapp" className="AutoMapper.Collection.MapCollectionWithEqualityTests" name="Should_Be_Fast_With_Large_Lists" />
    </UnitTest>
  </TestDefinitions>
  <TestEntries>
    <TestEntry testId="5202a272-d579-c1b5-88a5-ac931f608a90" executionId="8d9ba900-5b6e-4934-aa03-e04ef33fa220" testListId="8c84fa94-04c1-424b-9868-57a2d4851a1d" />
    <TestEntry testId="58f0a6f5-49a1-8bf1-351d-68891594b4a7" executionId="7413f46b-b49b-4a40-9099-3f3266bfa11f" testListId="8c84fa94-04c1-424b-9868-57a2d4851a1d" />
    <TestEntry testId="5394cdfa-1ccd-244a-a848-d0b3a75ac07b" executionId="06af51d1-8991-4c6f-87f5-cf8ce59066da" testListId="8c84fa94-04c1-424b-9868-57a2d4851a1d" />
    <TestEntry testId="b037c6ec-597e-b469-1de7-b03192467b78" executionId="1de83cd9-da76-4f09-b09e-1e1d32fbd1ef" testListId="8c84fa94-04c1-424b-9868-57a2d4851a1d" />
    <TestEntry testId="008891a5-cfe5-79cd-1dc0-f9e2f69938fe" executionId="e8bea3d1-d411-4a0d-9241-398ac24c905b" testListId="8c84fa94-04c1-424b-9868-57a2d4851a1d" />
    <TestEntry testId="f8d78d6a-f5bf-176b-010a-ef6a0c10ccb2" executionId="3ca3300a-c122-419b-bf86-c9aa8dc660b2" testListId="8c84fa94-04c1-424b-9868-57a2d4851a1d" />
    <TestEntry testId="a294e5ae-cade-c2e2-a65c-5db08a2add35" executionId="32dc679f-84af-4104-9e58-12aeb62630d7" testListId="8c84fa94-04c1-424b-9868-57a2d4851a1d" />
    <TestEntry testId="a693c9ab-4208-57ab-9438-0508344e6d3a" executionId="69b9177f-8545-4b81-b3db-cff6d596b2ff" testListId="8c84fa94-04c1-424b-9868-57a2d4851a1d" />
    <TestEntry testId="92350777-73fa-e86a-7a97-5a6ceee0bb24" executionId="dfe25a27-3098-4cd5-b51d-a317e8b09eb8" testListId="8c84fa94-04c1-424b-9868-57a2d4851a1d" />
    <TestEntry testId="f869677d-ce1c-d16d-5f51-ca4e681217b6" executionId="44801bb3-e53a-479d-9aed-3f5063db7d2d" testListId="8c84fa94-04c1-424b-9868-57a2d4851a1d" />
    <TestEntry testId="6fe40914-c0e3-1d7b-5396-b3b89f7e4f51" executionId="b20dbf8e-3d11-4e07-95a1-0281c7c4a3c8" testListId="8c84fa94-04c1-424b-9868-57a2d4851a1d" />
    <TestEntry testId="b1648a7f-7a34-8a9e-4956-bb7f5dd850cd" executionId="44259341-ef1d-4587-864d-af0e466bddd0" testListId="8c84fa94-04c1-424b-9868-57a2d4851a1d" />
    <TestEntry testId="a187a0d6-7401-747f-0a25-f620ec976bec" executionId="8bed5afb-467f-42e5-8807-a1dfde937b23" testListId="8c84fa94-04c1-424b-9868-57a2d4851a1d" />
    <TestEntry testId="3fb4a1ee-38f5-eca9-4281-726ca40ba2ec" executionId="f71c4395-0ed9-4be4-9baa-973b7025387c" testListId="8c84fa94-04c1-424b-9868-57a2d4851a1d" />
    <TestEntry testId="84b0d0e9-ca3e-7780-5731-f48fe589c298" executionId="0e2a8544-46b9-43bd-b97d-e13d1f358a90" testListId="8c84fa94-04c1-424b-9868-57a2d4851a1d" />
    <TestEntry testId="a28add64-4def-94fd-6030-66427ccfad92" executionId="a7dbd1c5-b079-4ed6-a913-5a62974b74a9" testListId="8c84fa94-04c1-424b-9868-57a2d4851a1d" />
    <TestEntry testId="3621e6a5-5db1-d270-0653-238174b1e41d" executionId="64e07f4e-0455-4166-abd4-cff2846577bc" testListId="8c84fa94-04c1-424b-9868-57a2d4851a1d" />
    <TestEntry testId="930a9304-0bbc-ed40-e97f-bee022cfa883" executionId="5fd7c44a-e175-4ed5-88d9-b68acb8300ed" testListId="8c84fa94-04c1-424b-9868-57a2d4851a1d" />
    <TestEntry testId="f5a5e66d-97cd-e146-1a05-88f9f625405e" executionId="b0fb833b-c458-4475-b1dd-25c09f566aa1" testListId="8c84fa94-04c1-424b-9868-57a2d4851a1d" />
    <TestEntry testId="6c3ed1d8-beec-3c86-ef78-d30829e33f93" executionId="b29ff5bc-9f64-4ff7-8874-662d12ae8a2c" testListId="8c84fa94-04c1-424b-9868-57a2d4851a1d" />
    <TestEntry testId="0682ecac-bc3c-5e45-2b68-050a2a611d09" executionId="edca0a98-ea71-427b-9aef-61a214eea207" testListId="8c84fa94-04c1-424b-9868-57a2d4851a1d" />
    <TestEntry testId="2f325298-ea17-aed2-7dc7-ac7dfb2c9385" executionId="27a3c009-6cfa-45ab-9198-681a92d58b4f" testListId="8c84fa94-04c1-424b-9868-57a2d4851a1d" />
    <TestEntry testId="8b6de50b-d5e6-8d52-b97c-aa36c548f9c2" executionId="ec983cf6-cf14-4cf9-8a1b-0188905586f1" testListId="8c84fa94-04c1-424b-9868-57a2d4851a1d" />
    <TestEntry testId="cd07d5c3-4580-e0a0-82d7-ec833017ce9e" executionId="6646cddc-e33b-4c2c-8be2-98e8a5abb213" testListId="8c84fa94-04c1-424b-9868-57a2d4851a1d" />
    <TestEntry testId="348b82f9-9ccc-a57e-dc2d-f63afb4ff1da" executionId="4efbce12-9276-4b34-8a62-c71cde8e3034" testListId="8c84fa94-04c1-424b-9868-57a2d4851a1d" />
    <TestEntry testId="430de8af-098e-606f-5140-19296108eee8" executionId="c6c412bc-79fb-427e-bccd-256d5952e45d" testListId="8c84fa94-04c1-424b-9868-57a2d4851a1d" />
    <TestEntry testId="b9f5aa18-6451-ca17-ae95-5799e29ec18c" executionId="8107fa76-e428-4569-94e5-3f6ba517d08d" testListId="8c84fa94-04c1-424b-9868-57a2d4851a1d" />
  </TestEntries>
  <TestLists>
    <TestList name="Resultados que não estão em uma lista" id="8c84fa94-04c1-424b-9868-57a2d4851a1d" />
    <TestList name="Todos os resultados carregados" id="19431567-8539-422a-85d7-44ee4e166bda" />
  </TestLists>
  <ResultSummary outcome="Completed">
    <Counters total="27" executed="27" passed="27" failed="0" error="0" timeout="0" aborted="0" inconclusive="0" passedButRunAborted="0" notRunnable="0" notExecuted="0" disconnected="0" warning="0" completed="0" inProgress="0" pending="0" />
    <Output>
      <StdOut>[xUnit.net 00:00:00.00] xUnit.net VSTest Adapter v2.4.1 (64-bit .NET 8.0.28)&#xD;
[xUnit.net 00:00:00.94]   Discovering: AutoMapper.Collection.Tests&#xD;
[xUnit.net 00:00:00.98]   Discovered:  AutoMapper.Collection.Tests&#xD;
[xUnit.net 00:00:00.99]   Starting:    AutoMapper.Collection.Tests&#xD;
[xUnit.net 00:00:06.13]   Finished:    AutoMapper.Collection.Tests&#xD;
</StdOut>
    </Output>
    <RunInfos>
      <RunInfo computerName="LE3126008018421" outcome="Warning" timestamp="2026-07-12T09:45:52.2546853-03:00">
        <Text>Coletor de dados 'Blame' mensagem: A execução de todos os testes foi concluída. O arquivo de sequência não será gerado..</Text>
      </RunInfo>
    </RunInfos>
  </ResultSummary>
</TestRun>