<?xml version="1.0" encoding="utf-8"?>
<TestRun id="ac1a4d7c-7651-42e7-9e50-bf460d730466" name="nns@LE3126008018421 2026-07-12 09:44:48" runUser="CESAR-LDAP\nns" xmlns="http://microsoft.com/schemas/VisualStudio/TeamTest/2010">
  <Times creation="2026-07-12T09:44:48.4710711-03:00" queuing="2026-07-12T09:44:48.4710717-03:00" start="2026-07-12T09:44:45.0185633-03:00" finish="2026-07-12T09:44:53.3700985-03:00" />
  <TestSettings name="default" id="643e75e2-b407-4730-a7f2-c67c80712ef2">
    <Deployment runDeploymentRoot="nns_LE3126008018421_2026-07-12_09_44_48" />
  </TestSettings>
  <Results>
    <UnitTestResult executionId="0518fbee-70fc-47fb-a55a-ed5bd792bb44" testId="008891a5-cfe5-79cd-1dc0-f9e2f69938fe" testName="AutoMapper.Collection.MapCollectionWithEqualityTests.Should_Keep_Existing_List" computerName="LE3126008018421" duration="00:00:00.0047189" startTime="2026-07-12T09:44:51.5414556-03:00" endTime="2026-07-12T09:44:51.5414592-03:00" testType="13cdc9d9-ddb5-4fa4-a97d-d965ccfc6d4b" outcome="Passed" testListId="8c84fa94-04c1-424b-9868-57a2d4851a1d" relativeResultsDirectory="0518fbee-70fc-47fb-a55a-ed5bd792bb44" />
    <UnitTestResult executionId="50f4680b-75c8-4328-a166-2bf8a24be4fc" testId="8b6de50b-d5e6-8d52-b97c-aa36c548f9c2" testName="AutoMapper.Collection.MapCollectionWithEqualityTests.Should_Be_Fast_With_Large_Lists_Cant_Extract_Negative" computerName="LE3126008018421" duration="00:00:01.4332580" startTime="2026-07-12T09:44:53.2253066-03:00" endTime="2026-07-12T09:44:53.2253133-03:00" testType="13cdc9d9-ddb5-4fa4-a97d-d965ccfc6d4b" outcome="Passed" testListId="8c84fa94-04c1-424b-9868-57a2d4851a1d" relativeResultsDirectory="50f4680b-75c8-4328-a166-2bf8a24be4fc" />
    <UnitTestResult executionId="13e5b94c-5a01-4cb4-89fa-7c68cce3cfef" testId="b9f5aa18-6451-ca17-ae95-5799e29ec18c" testName="AutoMapper.Collection.ValueTypeTests.MapValueTypes" computerName="LE3126008018421" duration="00:00:00.1829546" startTime="2026-07-12T09:44:48.1195449-03:00" endTime="2026-07-12T09:44:48.1242469-03:00" testType="13cdc9d9-ddb5-4fa4-a97d-d965ccfc6d4b" outcome="Passed" testListId="8c84fa94-04c1-424b-9868-57a2d4851a1d" relativeResultsDirectory="13e5b94c-5a01-4cb4-89fa-7c68cce3cfef" />
    <UnitTestResult executionId="0650279e-fcb2-4314-a7ff-adb627e159f4" testId="cd07d5c3-4580-e0a0-82d7-ec833017ce9e" testName="AutoMapper.Collection.MapCollectionWithEqualityTests.Should_Be_Fast_With_Large_Lists_MultiProperty_Mapping" computerName="LE3126008018421" duration="00:00:00.2449116" startTime="2026-07-12T09:44:51.0545887-03:00" endTime="2026-07-12T09:44:51.0545946-03:00" testType="13cdc9d9-ddb5-4fa4-a97d-d965ccfc6d4b" outcome="Passed" testListId="8c84fa94-04c1-424b-9868-57a2d4851a1d" relativeResultsDirectory="0650279e-fcb2-4314-a7ff-adb627e159f4" />
    <UnitTestResult executionId="e9c00954-a695-454a-8ab5-5a0cbcca6407" testId="84b0d0e9-ca3e-7780-5731-f48fe589c298" testName="AutoMapper.Collection.MapCollectionWithEqualityTests.Parent_Should_Be_Same_As_Root_Object" computerName="LE3126008018421" duration="00:00:00.0203693" startTime="2026-07-12T09:44:50.8100364-03:00" endTime="2026-07-12T09:44:50.8100449-03:00" testType="13cdc9d9-ddb5-4fa4-a97d-d965ccfc6d4b" outcome="Passed" testListId="8c84fa94-04c1-424b-9868-57a2d4851a1d" relativeResultsDirectory="e9c00954-a695-454a-8ab5-5a0cbcca6407" />
    <UnitTestResult executionId="ebdf2f3d-632b-4008-80b2-41e55b2eace1" testId="f869677d-ce1c-d16d-5f51-ca4e681217b6" testName="AutoMapper.Collection.InheritanceWithCollectionTests+Include.Map_Should_ReturnOnlineOrderEf_When_ListIsOfTypeOrderEf" computerName="LE3126008018421" duration="00:00:00.0545400" startTime="2026-07-12T09:44:48.4532584-03:00" endTime="2026-07-12T09:44:48.4532637-03:00" testType="13cdc9d9-ddb5-4fa4-a97d-d965ccfc6d4b" outcome="Passed" testListId="8c84fa94-04c1-424b-9868-57a2d4851a1d" relativeResultsDirectory="ebdf2f3d-632b-4008-80b2-41e55b2eace1" />
    <UnitTestResult executionId="7628019d-f754-4e8b-912f-ab50ea9ede6c" testId="f5a5e66d-97cd-e146-1a05-88f9f625405e" testName="AutoMapper.Collection.MapCollectionWithEqualityTests.Should_Work_With_Conditionals" computerName="LE3126008018421" duration="00:00:00.0089953" startTime="2026-07-12T09:44:51.7950662-03:00" endTime="2026-07-12T09:44:51.7950753-03:00" testType="13cdc9d9-ddb5-4fa4-a97d-d965ccfc6d4b" outcome="Passed" testListId="8c84fa94-04c1-424b-9868-57a2d4851a1d" relativeResultsDirectory="7628019d-f754-4e8b-912f-ab50ea9ede6c" />
    <UnitTestResult executionId="3d38c073-a312-43d6-a279-e93c9aa0d216" testId="92350777-73fa-e86a-7a97-5a6ceee0bb24" testName="AutoMapper.Collection.MapCollectionWithEqualityTests.Should_Be_Fast_With_Large_Reversed_Lists" computerName="LE3126008018421" duration="00:00:00.7343279" startTime="2026-07-12T09:44:48.6634804-03:00" endTime="2026-07-12T09:44:48.6634990-03:00" testType="13cdc9d9-ddb5-4fa4-a97d-d965ccfc6d4b" outcome="Passed" testListId="8c84fa94-04c1-424b-9868-57a2d4851a1d" relativeResultsDirectory="3d38c073-a312-43d6-a279-e93c9aa0d216" />
    <UnitTestResult executionId="72177461-9fd5-4a26-91a7-6922174eb4fe" testId="a693c9ab-4208-57ab-9438-0508344e6d3a" testName="AutoMapper.Collection.InheritanceWithCollectionTests+IncludeBase.Map_FromEfToDomain_And_AddAnOnlineOrderInTheDomainObject_And_ThenMapBackToEf_Should_UseTheSameReferenceInTheEfCollection" computerName="LE3126008018421" duration="00:00:00.3024413" startTime="2026-07-12T09:44:48.2325655-03:00" endTime="2026-07-12T09:44:48.2325728-03:00" testType="13cdc9d9-ddb5-4fa4-a97d-d965ccfc6d4b" outcome="Passed" testListId="8c84fa94-04c1-424b-9868-57a2d4851a1d" relativeResultsDirectory="72177461-9fd5-4a26-91a7-6922174eb4fe" />
    <UnitTestResult executionId="a322dc57-a1e4-4528-a823-0db3793a4969" testId="2f325298-ea17-aed2-7dc7-ac7dfb2c9385" testName="AutoMapper.Collection.InheritanceWithCollectionTests+Include.Map_FromEfToDomain_And_AddAnOnlineOrderInTheDomainObject_And_ThenMapBackToEf_Should_UseTheSameReferenceInTheEfCollection" computerName="LE3126008018421" duration="00:00:00.0825678" startTime="2026-07-12T09:44:48.4429077-03:00" endTime="2026-07-12T09:44:48.4429152-03:00" testType="13cdc9d9-ddb5-4fa4-a97d-d965ccfc6d4b" outcome="Passed" testListId="8c84fa94-04c1-424b-9868-57a2d4851a1d" relativeResultsDirectory="a322dc57-a1e4-4528-a823-0db3793a4969" />
    <UnitTestResult executionId="5ca2d97a-fe0a-435c-8450-377af4f73559" testId="5202a272-d579-c1b5-88a5-ac931f608a90" testName="AutoMapper.Collection.OptionsTests.Should_Retain_Options_Passed_In_Map" computerName="LE3126008018421" duration="00:00:00.2522722" startTime="2026-07-12T09:44:48.1830238-03:00" endTime="2026-07-12T09:44:48.1830296-03:00" testType="13cdc9d9-ddb5-4fa4-a97d-d965ccfc6d4b" outcome="Passed" testListId="8c84fa94-04c1-424b-9868-57a2d4851a1d" relativeResultsDirectory="5ca2d97a-fe0a-435c-8450-377af4f73559" />
    <UnitTestResult executionId="1e2c37d6-b66a-45ea-96b0-175d47d80427" testId="a294e5ae-cade-c2e2-a65c-5db08a2add35" testName="AutoMapper.Collection.MapCollectionWithEqualityTests.Should_Be_Fast_With_Large_Lists_SubObject_switch_left_and_right_expression" computerName="LE3126008018421" duration="00:00:00.2448850" startTime="2026-07-12T09:44:51.7860077-03:00" endTime="2026-07-12T09:44:51.7860158-03:00" testType="13cdc9d9-ddb5-4fa4-a97d-d965ccfc6d4b" outcome="Passed" testListId="8c84fa94-04c1-424b-9868-57a2d4851a1d" relativeResultsDirectory="1e2c37d6-b66a-45ea-96b0-175d47d80427" />
    <UnitTestResult executionId="06cf124c-4206-4851-b337-dbcdc7224520" testId="6fe40914-c0e3-1d7b-5396-b3b89f7e4f51" testName="AutoMapper.Collection.InheritanceWithCollectionTests+Include.TypeMap_Should_include_base_types" computerName="LE3126008018421" duration="00:00:00.3183415" startTime="2026-07-12T09:44:48.2482797-03:00" endTime="2026-07-12T09:44:48.2482861-03:00" testType="13cdc9d9-ddb5-4fa4-a97d-d965ccfc6d4b" outcome="Passed" testListId="8c84fa94-04c1-424b-9868-57a2d4851a1d" relativeResultsDirectory="06cf124c-4206-4851-b337-dbcdc7224520" />
    <UnitTestResult executionId="4b0c290e-fcc6-443f-b577-2e8bf515d646" testId="a28add64-4def-94fd-6030-66427ccfad92" testName="AutoMapper.Collection.MapCollectionWithEqualityTests.Should_Update_Existing_Item" computerName="LE3126008018421" duration="00:00:00.0117318" startTime="2026-07-12T09:44:51.3003989-03:00" endTime="2026-07-12T09:44:51.3004081-03:00" testType="13cdc9d9-ddb5-4fa4-a97d-d965ccfc6d4b" outcome="Passed" testListId="8c84fa94-04c1-424b-9868-57a2d4851a1d" relativeResultsDirectory="4b0c290e-fcc6-443f-b577-2e8bf515d646" />
    <UnitTestResult executionId="b0d693a2-2a77-4beb-9301-8e9b30a03cbc" testId="b037c6ec-597e-b469-1de7-b03192467b78" testName="AutoMapper.Collection.NullableIdTests.Should_Work_With_Null_Id" computerName="LE3126008018421" duration="00:00:00.2395737" startTime="2026-07-12T09:44:48.1760071-03:00" endTime="2026-07-12T09:44:48.1760127-03:00" testType="13cdc9d9-ddb5-4fa4-a97d-d965ccfc6d4b" outcome="Passed" testListId="8c84fa94-04c1-424b-9868-57a2d4851a1d" relativeResultsDirectory="b0d693a2-2a77-4beb-9301-8e9b30a03cbc" />
    <UnitTestResult executionId="85b0b9ef-debe-4848-9b9e-acf7f443ad43" testId="0682ecac-bc3c-5e45-2b68-050a2a611d09" testName="AutoMapper.Collection.InheritanceWithCollectionTests+IncludeBase.TypeMap_Should_include_derivied_types" computerName="LE3126008018421" duration="00:00:00.0407807" startTime="2026-07-12T09:44:48.4482838-03:00" endTime="2026-07-12T09:44:48.4482899-03:00" testType="13cdc9d9-ddb5-4fa4-a97d-d965ccfc6d4b" outcome="Passed" testListId="8c84fa94-04c1-424b-9868-57a2d4851a1d" relativeResultsDirectory="85b0b9ef-debe-4848-9b9e-acf7f443ad43" />
    <UnitTestResult executionId="70e9f4ad-e0df-496d-ae07-941722cc4688" testId="5394cdfa-1ccd-244a-a848-d0b3a75ac07b" testName="AutoMapper.Collection.InheritanceWithCollectionTests+IncludeBase.TypeMap_Should_include_base_types" computerName="LE3126008018421" duration="00:00:00.0620826" startTime="2026-07-12T09:44:48.2946720-03:00" endTime="2026-07-12T09:44:48.2946800-03:00" testType="13cdc9d9-ddb5-4fa4-a97d-d965ccfc6d4b" outcome="Passed" testListId="8c84fa94-04c1-424b-9868-57a2d4851a1d" relativeResultsDirectory="70e9f4ad-e0df-496d-ae07-941722cc4688" />
    <UnitTestResult executionId="7caecfee-5493-4b4a-9a30-a14d0045f609" testId="930a9304-0bbc-ed40-e97f-bee022cfa883" testName="AutoMapper.Collection.MapCollectionWithEqualityTests.Should_Be_Fast_With_Large_Lists_SubObject" computerName="LE3126008018421" duration="00:00:00.2164965" startTime="2026-07-12T09:44:51.5166312-03:00" endTime="2026-07-12T09:44:51.5166417-03:00" testType="13cdc9d9-ddb5-4fa4-a97d-d965ccfc6d4b" outcome="Passed" testListId="8c84fa94-04c1-424b-9868-57a2d4851a1d" relativeResultsDirectory="7caecfee-5493-4b4a-9a30-a14d0045f609" />
    <UnitTestResult executionId="c324ee1e-a2b1-4878-b488-7c10ccb1f1bf" testId="58f0a6f5-49a1-8bf1-351d-68891594b4a7" testName="AutoMapper.Collection.NullableIdTests.Should_Work_With_Multiple_Null_Id" computerName="LE3126008018421" duration="00:00:00.0196069" startTime="2026-07-12T09:44:48.1893890-03:00" endTime="2026-07-12T09:44:48.1893951-03:00" testType="13cdc9d9-ddb5-4fa4-a97d-d965ccfc6d4b" outcome="Passed" testListId="8c84fa94-04c1-424b-9868-57a2d4851a1d" relativeResultsDirectory="c324ee1e-a2b1-4878-b488-7c10ccb1f1bf" />
    <UnitTestResult executionId="b23bbc7c-1cfb-4ea2-b14e-5bb59e027258" testId="3621e6a5-5db1-d270-0653-238174b1e41d" testName="AutoMapper.Collection.MapCollectionWithEqualityTests.Should_Work_With_Comparing_String_Types" computerName="LE3126008018421" duration="00:00:00.0145703" startTime="2026-07-12T09:44:51.5312141-03:00" endTime="2026-07-12T09:44:51.5312189-03:00" testType="13cdc9d9-ddb5-4fa4-a97d-d965ccfc6d4b" outcome="Passed" testListId="8c84fa94-04c1-424b-9868-57a2d4851a1d" relativeResultsDirectory="b23bbc7c-1cfb-4ea2-b14e-5bb59e027258" />
    <UnitTestResult executionId="fd05f849-418f-4ee6-9691-4616c8a88fce" testId="348b82f9-9ccc-a57e-dc2d-f63afb4ff1da" testName="AutoMapper.Collection.MapCollectionWithEqualityTests.Should_Be_Fast_With_Large_Lists" computerName="LE3126008018421" duration="00:00:00.2220381" startTime="2026-07-12T09:44:50.7824243-03:00" endTime="2026-07-12T09:44:50.7824346-03:00" testType="13cdc9d9-ddb5-4fa4-a97d-d965ccfc6d4b" outcome="Passed" testListId="8c84fa94-04c1-424b-9868-57a2d4851a1d" relativeResultsDirectory="fd05f849-418f-4ee6-9691-4616c8a88fce" />
    <UnitTestResult executionId="7ce54766-a87a-4b69-928e-36dbf1a21760" testId="430de8af-098e-606f-5140-19296108eee8" testName="AutoMapper.Collection.MapCollectionWithEqualityTests.Should_Be_Fast_With_Large_Lists_MultiProperty_Mapping_Cant_Extract_Negative" computerName="LE3126008018421" duration="00:00:00.2342520" startTime="2026-07-12T09:44:51.2885851-03:00" endTime="2026-07-12T09:44:51.2885965-03:00" testType="13cdc9d9-ddb5-4fa4-a97d-d965ccfc6d4b" outcome="Passed" testListId="8c84fa94-04c1-424b-9868-57a2d4851a1d" relativeResultsDirectory="7ce54766-a87a-4b69-928e-36dbf1a21760" />
    <UnitTestResult executionId="ee1de1a2-4250-4bf8-9817-bcd23951bc21" testId="f8d78d6a-f5bf-176b-010a-ef6a0c10ccb2" testName="AutoMapper.Collection.InheritanceWithCollectionTests+IncludeBase.Map_Should_ReturnOnlineOrderEf_When_ListIsOfTypeOrderEf" computerName="LE3126008018421" duration="00:00:00.1063399" startTime="2026-07-12T09:44:48.4581005-03:00" endTime="2026-07-12T09:44:48.4581064-03:00" testType="13cdc9d9-ddb5-4fa4-a97d-d965ccfc6d4b" outcome="Passed" testListId="8c84fa94-04c1-424b-9868-57a2d4851a1d" relativeResultsDirectory="ee1de1a2-4250-4bf8-9817-bcd23951bc21" />
    <UnitTestResult executionId="2849d065-9d22-4450-8d65-16139188d43f" testId="a187a0d6-7401-747f-0a25-f620ec976bec" testName="AutoMapper.Collection.InheritanceWithCollectionTests+Include.TypeMap_Should_include_derivied_types" computerName="LE3126008018421" duration="00:00:00.1137980" startTime="2026-07-12T09:44:48.4992690-03:00" endTime="2026-07-12T09:44:48.4992802-03:00" testType="13cdc9d9-ddb5-4fa4-a97d-d965ccfc6d4b" outcome="Passed" testListId="8c84fa94-04c1-424b-9868-57a2d4851a1d" relativeResultsDirectory="2849d065-9d22-4450-8d65-16139188d43f" />
    <UnitTestResult executionId="b1ceb101-1be8-4528-8ca0-21cd8a0d86b9" testId="b1648a7f-7a34-8a9e-4956-bb7f5dd850cd" testName="AutoMapper.Collection.MapCollectionWithEqualityTests.Should_Work_With_Null_Destination" computerName="LE3126008018421" duration="00:00:00.0069529" startTime="2026-07-12T09:44:50.7895794-03:00" endTime="2026-07-12T09:44:50.7895848-03:00" testType="13cdc9d9-ddb5-4fa4-a97d-d965ccfc6d4b" outcome="Passed" testListId="8c84fa94-04c1-424b-9868-57a2d4851a1d" relativeResultsDirectory="b1ceb101-1be8-4528-8ca0-21cd8a0d86b9" />
    <UnitTestResult executionId="39f0a6e3-2bf0-44ea-9f10-b7462be2deb4" testId="6c3ed1d8-beec-3c86-ef78-d30829e33f93" testName="AutoMapper.Collection.MapCollectionWithEqualityTests.Should_Be_Instanced_Based" computerName="LE3126008018421" duration="00:00:00.0053317" startTime="2026-07-12T09:44:51.5366661-03:00" endTime="2026-07-12T09:44:51.5366724-03:00" testType="13cdc9d9-ddb5-4fa4-a97d-d965ccfc6d4b" outcome="Passed" testListId="8c84fa94-04c1-424b-9868-57a2d4851a1d" relativeResultsDirectory="39f0a6e3-2bf0-44ea-9f10-b7462be2deb4" />
    <UnitTestResult executionId="e0982d2f-3080-45aa-a142-5cfaa464887a" testId="3fb4a1ee-38f5-eca9-4281-726ca40ba2ec" testName="AutoMapper.Collection.MapCollectionWithEqualityTests.Should_Be_Fast_With_Large_Lists_MultiProperty_Mapping_Cant_Extract" computerName="LE3126008018421" duration="00:00:01.9011687" startTime="2026-07-12T09:44:50.5606244-03:00" endTime="2026-07-12T09:44:50.5606314-03:00" testType="13cdc9d9-ddb5-4fa4-a97d-d965ccfc6d4b" outcome="Passed" testListId="8c84fa94-04c1-424b-9868-57a2d4851a1d" relativeResultsDirectory="e0982d2f-3080-45aa-a142-5cfaa464887a" />
  </Results>
  <TestDefinitions>
    <UnitTest name="AutoMapper.Collection.ValueTypeTests.MapValueTypes" storage="c:\users\nns\flaky-csharp\repos\automapper.collection\src\automapper.collection.tests\bin\release\net8.0\automapper.collection.tests.dll" id="b9f5aa18-6451-ca17-ae95-5799e29ec18c">
      <Execution id="13e5b94c-5a01-4cb4-89fa-7c68cce3cfef" />
      <TestMethod codeBase="C:\Users\nns\flaky-csharp\repos\AutoMapper.Collection\src\AutoMapper.Collection.Tests\bin\Release\net8.0\AutoMapper.Collection.Tests.dll" adapterTypeName="executor://xunit/VsTestRunner2/netcoreapp" className="AutoMapper.Collection.ValueTypeTests" name="MapValueTypes" />
    </UnitTest>
    <UnitTest name="AutoMapper.Collection.MapCollectionWithEqualityTests.Should_Be_Fast_With_Large_Lists_MultiProperty_Mapping_Cant_Extract_Negative" storage="c:\users\nns\flaky-csharp\repos\automapper.collection\src\automapper.collection.tests\bin\release\net8.0\automapper.collection.tests.dll" id="430de8af-098e-606f-5140-19296108eee8">
      <Execution id="7ce54766-a87a-4b69-928e-36dbf1a21760" />
      <TestMethod codeBase="C:\Users\nns\flaky-csharp\repos\AutoMapper.Collection\src\AutoMapper.Collection.Tests\bin\Release\net8.0\AutoMapper.Collection.Tests.dll" adapterTypeName="executor://xunit/VsTestRunner2/netcoreapp" className="AutoMapper.Collection.MapCollectionWithEqualityTests" name="Should_Be_Fast_With_Large_Lists_MultiProperty_Mapping_Cant_Extract_Negative" />
    </UnitTest>
    <UnitTest name="AutoMapper.Collection.MapCollectionWithEqualityTests.Should_Keep_Existing_List" storage="c:\users\nns\flaky-csharp\repos\automapper.collection\src\automapper.collection.tests\bin\release\net8.0\automapper.collection.tests.dll" id="008891a5-cfe5-79cd-1dc0-f9e2f69938fe">
      <Execution id="0518fbee-70fc-47fb-a55a-ed5bd792bb44" />
      <TestMethod codeBase="C:\Users\nns\flaky-csharp\repos\AutoMapper.Collection\src\AutoMapper.Collection.Tests\bin\Release\net8.0\AutoMapper.Collection.Tests.dll" adapterTypeName="executor://xunit/VsTestRunner2/netcoreapp" className="AutoMapper.Collection.MapCollectionWithEqualityTests" name="Should_Keep_Existing_List" />
    </UnitTest>
    <UnitTest name="AutoMapper.Collection.InheritanceWithCollectionTests+Include.TypeMap_Should_include_base_types" storage="c:\users\nns\flaky-csharp\repos\automapper.collection\src\automapper.collection.tests\bin\release\net8.0\automapper.collection.tests.dll" id="6fe40914-c0e3-1d7b-5396-b3b89f7e4f51">
      <Execution id="06cf124c-4206-4851-b337-dbcdc7224520" />
      <TestMethod codeBase="C:\Users\nns\flaky-csharp\repos\AutoMapper.Collection\src\AutoMapper.Collection.Tests\bin\Release\net8.0\AutoMapper.Collection.Tests.dll" adapterTypeName="executor://xunit/VsTestRunner2/netcoreapp" className="AutoMapper.Collection.InheritanceWithCollectionTests+Include" name="TypeMap_Should_include_base_types" />
    </UnitTest>
    <UnitTest name="AutoMapper.Collection.InheritanceWithCollectionTests+IncludeBase.TypeMap_Should_include_base_types" storage="c:\users\nns\flaky-csharp\repos\automapper.collection\src\automapper.collection.tests\bin\release\net8.0\automapper.collection.tests.dll" id="5394cdfa-1ccd-244a-a848-d0b3a75ac07b">
      <Execution id="70e9f4ad-e0df-496d-ae07-941722cc4688" />
      <TestMethod codeBase="C:\Users\nns\flaky-csharp\repos\AutoMapper.Collection\src\AutoMapper.Collection.Tests\bin\Release\net8.0\AutoMapper.Collection.Tests.dll" adapterTypeName="executor://xunit/VsTestRunner2/netcoreapp" className="AutoMapper.Collection.InheritanceWithCollectionTests+IncludeBase" name="TypeMap_Should_include_base_types" />
    </UnitTest>
    <UnitTest name="AutoMapper.Collection.InheritanceWithCollectionTests+IncludeBase.Map_FromEfToDomain_And_AddAnOnlineOrderInTheDomainObject_And_ThenMapBackToEf_Should_UseTheSameReferenceInTheEfCollection" storage="c:\users\nns\flaky-csharp\repos\automapper.collection\src\automapper.collection.tests\bin\release\net8.0\automapper.collection.tests.dll" id="a693c9ab-4208-57ab-9438-0508344e6d3a">
      <Execution id="72177461-9fd5-4a26-91a7-6922174eb4fe" />
      <TestMethod codeBase="C:\Users\nns\flaky-csharp\repos\AutoMapper.Collection\src\AutoMapper.Collection.Tests\bin\Release\net8.0\AutoMapper.Collection.Tests.dll" adapterTypeName="executor://xunit/VsTestRunner2/netcoreapp" className="AutoMapper.Collection.InheritanceWithCollectionTests+IncludeBase" name="Map_FromEfToDomain_And_AddAnOnlineOrderInTheDomainObject_And_ThenMapBackToEf_Should_UseTheSameReferenceInTheEfCollection" />
    </UnitTest>
    <UnitTest name="AutoMapper.Collection.MapCollectionWithEqualityTests.Should_Work_With_Conditionals" storage="c:\users\nns\flaky-csharp\repos\automapper.collection\src\automapper.collection.tests\bin\release\net8.0\automapper.collection.tests.dll" id="f5a5e66d-97cd-e146-1a05-88f9f625405e">
      <Execution id="7628019d-f754-4e8b-912f-ab50ea9ede6c" />
      <TestMethod codeBase="C:\Users\nns\flaky-csharp\repos\AutoMapper.Collection\src\AutoMapper.Collection.Tests\bin\Release\net8.0\AutoMapper.Collection.Tests.dll" adapterTypeName="executor://xunit/VsTestRunner2/netcoreapp" className="AutoMapper.Collection.MapCollectionWithEqualityTests" name="Should_Work_With_Conditionals" />
    </UnitTest>
    <UnitTest name="AutoMapper.Collection.OptionsTests.Should_Retain_Options_Passed_In_Map" storage="c:\users\nns\flaky-csharp\repos\automapper.collection\src\automapper.collection.tests\bin\release\net8.0\automapper.collection.tests.dll" id="5202a272-d579-c1b5-88a5-ac931f608a90">
      <Execution id="5ca2d97a-fe0a-435c-8450-377af4f73559" />
      <TestMethod codeBase="C:\Users\nns\flaky-csharp\repos\AutoMapper.Collection\src\AutoMapper.Collection.Tests\bin\Release\net8.0\AutoMapper.Collection.Tests.dll" adapterTypeName="executor://xunit/VsTestRunner2/netcoreapp" className="AutoMapper.Collection.OptionsTests" name="Should_Retain_Options_Passed_In_Map" />
    </UnitTest>
    <UnitTest name="AutoMapper.Collection.InheritanceWithCollectionTests+Include.TypeMap_Should_include_derivied_types" storage="c:\users\nns\flaky-csharp\repos\automapper.collection\src\automapper.collection.tests\bin\release\net8.0\automapper.collection.tests.dll" id="a187a0d6-7401-747f-0a25-f620ec976bec">
      <Execution id="2849d065-9d22-4450-8d65-16139188d43f" />
      <TestMethod codeBase="C:\Users\nns\flaky-csharp\repos\AutoMapper.Collection\src\AutoMapper.Collection.Tests\bin\Release\net8.0\AutoMapper.Collection.Tests.dll" adapterTypeName="executor://xunit/VsTestRunner2/netcoreapp" className="AutoMapper.Collection.InheritanceWithCollectionTests+Include" name="TypeMap_Should_include_derivied_types" />
    </UnitTest>
    <UnitTest name="AutoMapper.Collection.InheritanceWithCollectionTests+Include.Map_Should_ReturnOnlineOrderEf_When_ListIsOfTypeOrderEf" storage="c:\users\nns\flaky-csharp\repos\automapper.collection\src\automapper.collection.tests\bin\release\net8.0\automapper.collection.tests.dll" id="f869677d-ce1c-d16d-5f51-ca4e681217b6">
      <Execution id="ebdf2f3d-632b-4008-80b2-41e55b2eace1" />
      <TestMethod codeBase="C:\Users\nns\flaky-csharp\repos\AutoMapper.Collection\src\AutoMapper.Collection.Tests\bin\Release\net8.0\AutoMapper.Collection.Tests.dll" adapterTypeName="executor://xunit/VsTestRunner2/netcoreapp" className="AutoMapper.Collection.InheritanceWithCollectionTests+Include" name="Map_Should_ReturnOnlineOrderEf_When_ListIsOfTypeOrderEf" />
    </UnitTest>
    <UnitTest name="AutoMapper.Collection.InheritanceWithCollectionTests+Include.Map_FromEfToDomain_And_AddAnOnlineOrderInTheDomainObject_And_ThenMapBackToEf_Should_UseTheSameReferenceInTheEfCollection" storage="c:\users\nns\flaky-csharp\repos\automapper.collection\src\automapper.collection.tests\bin\release\net8.0\automapper.collection.tests.dll" id="2f325298-ea17-aed2-7dc7-ac7dfb2c9385">
      <Execution id="a322dc57-a1e4-4528-a823-0db3793a4969" />
      <TestMethod codeBase="C:\Users\nns\flaky-csharp\repos\AutoMapper.Collection\src\AutoMapper.Collection.Tests\bin\Release\net8.0\AutoMapper.Collection.Tests.dll" adapterTypeName="executor://xunit/VsTestRunner2/netcoreapp" className="AutoMapper.Collection.InheritanceWithCollectionTests+Include" name="Map_FromEfToDomain_And_AddAnOnlineOrderInTheDomainObject_And_ThenMapBackToEf_Should_UseTheSameReferenceInTheEfCollection" />
    </UnitTest>
    <UnitTest name="AutoMapper.Collection.MapCollectionWithEqualityTests.Should_Work_With_Comparing_String_Types" storage="c:\users\nns\flaky-csharp\repos\automapper.collection\src\automapper.collection.tests\bin\release\net8.0\automapper.collection.tests.dll" id="3621e6a5-5db1-d270-0653-238174b1e41d">
      <Execution id="b23bbc7c-1cfb-4ea2-b14e-5bb59e027258" />
      <TestMethod codeBase="C:\Users\nns\flaky-csharp\repos\AutoMapper.Collection\src\AutoMapper.Collection.Tests\bin\Release\net8.0\AutoMapper.Collection.Tests.dll" adapterTypeName="executor://xunit/VsTestRunner2/netcoreapp" className="AutoMapper.Collection.MapCollectionWithEqualityTests" name="Should_Work_With_Comparing_String_Types" />
    </UnitTest>
    <UnitTest name="AutoMapper.Collection.MapCollectionWithEqualityTests.Should_Be_Fast_With_Large_Reversed_Lists" storage="c:\users\nns\flaky-csharp\repos\automapper.collection\src\automapper.collection.tests\bin\release\net8.0\automapper.collection.tests.dll" id="92350777-73fa-e86a-7a97-5a6ceee0bb24">
      <Execution id="3d38c073-a312-43d6-a279-e93c9aa0d216" />
      <TestMethod codeBase="C:\Users\nns\flaky-csharp\repos\AutoMapper.Collection\src\AutoMapper.Collection.Tests\bin\Release\net8.0\AutoMapper.Collection.Tests.dll" adapterTypeName="executor://xunit/VsTestRunner2/netcoreapp" className="AutoMapper.Collection.MapCollectionWithEqualityTests" name="Should_Be_Fast_With_Large_Reversed_Lists" />
    </UnitTest>
    <UnitTest name="AutoMapper.Collection.MapCollectionWithEqualityTests.Parent_Should_Be_Same_As_Root_Object" storage="c:\users\nns\flaky-csharp\repos\automapper.collection\src\automapper.collection.tests\bin\release\net8.0\automapper.collection.tests.dll" id="84b0d0e9-ca3e-7780-5731-f48fe589c298">
      <Execution id="e9c00954-a695-454a-8ab5-5a0cbcca6407" />
      <TestMethod codeBase="C:\Users\nns\flaky-csharp\repos\AutoMapper.Collection\src\AutoMapper.Collection.Tests\bin\Release\net8.0\AutoMapper.Collection.Tests.dll" adapterTypeName="executor://xunit/VsTestRunner2/netcoreapp" className="AutoMapper.Collection.MapCollectionWithEqualityTests" name="Parent_Should_Be_Same_As_Root_Object" />
    </UnitTest>
    <UnitTest name="AutoMapper.Collection.NullableIdTests.Should_Work_With_Multiple_Null_Id" storage="c:\users\nns\flaky-csharp\repos\automapper.collection\src\automapper.collection.tests\bin\release\net8.0\automapper.collection.tests.dll" id="58f0a6f5-49a1-8bf1-351d-68891594b4a7">
      <Execution id="c324ee1e-a2b1-4878-b488-7c10ccb1f1bf" />
      <TestMethod codeBase="C:\Users\nns\flaky-csharp\repos\AutoMapper.Collection\src\AutoMapper.Collection.Tests\bin\Release\net8.0\AutoMapper.Collection.Tests.dll" adapterTypeName="executor://xunit/VsTestRunner2/netcoreapp" className="AutoMapper.Collection.NullableIdTests" name="Should_Work_With_Multiple_Null_Id" />
    </UnitTest>
    <UnitTest name="AutoMapper.Collection.NullableIdTests.Should_Work_With_Null_Id" storage="c:\users\nns\flaky-csharp\repos\automapper.collection\src\automapper.collection.tests\bin\release\net8.0\automapper.collection.tests.dll" id="b037c6ec-597e-b469-1de7-b03192467b78">
      <Execution id="b0d693a2-2a77-4beb-9301-8e9b30a03cbc" />
      <TestMethod codeBase="C:\Users\nns\flaky-csharp\repos\AutoMapper.Collection\src\AutoMapper.Collection.Tests\bin\Release\net8.0\AutoMapper.Collection.Tests.dll" adapterTypeName="executor://xunit/VsTestRunner2/netcoreapp" className="AutoMapper.Collection.NullableIdTests" name="Should_Work_With_Null_Id" />
    </UnitTest>
    <UnitTest name="AutoMapper.Collection.MapCollectionWithEqualityTests.Should_Be_Fast_With_Large_Lists_SubObject" storage="c:\users\nns\flaky-csharp\repos\automapper.collection\src\automapper.collection.tests\bin\release\net8.0\automapper.collection.tests.dll" id="930a9304-0bbc-ed40-e97f-bee022cfa883">
      <Execution id="7caecfee-5493-4b4a-9a30-a14d0045f609" />
      <TestMethod codeBase="C:\Users\nns\flaky-csharp\repos\AutoMapper.Collection\src\AutoMapper.Collection.Tests\bin\Release\net8.0\AutoMapper.Collection.Tests.dll" adapterTypeName="executor://xunit/VsTestRunner2/netcoreapp" className="AutoMapper.Collection.MapCollectionWithEqualityTests" name="Should_Be_Fast_With_Large_Lists_SubObject" />
    </UnitTest>
    <UnitTest name="AutoMapper.Collection.MapCollectionWithEqualityTests.Should_Work_With_Null_Destination" storage="c:\users\nns\flaky-csharp\repos\automapper.collection\src\automapper.collection.tests\bin\release\net8.0\automapper.collection.tests.dll" id="b1648a7f-7a34-8a9e-4956-bb7f5dd850cd">
      <Execution id="b1ceb101-1be8-4528-8ca0-21cd8a0d86b9" />
      <TestMethod codeBase="C:\Users\nns\flaky-csharp\repos\AutoMapper.Collection\src\AutoMapper.Collection.Tests\bin\Release\net8.0\AutoMapper.Collection.Tests.dll" adapterTypeName="executor://xunit/VsTestRunner2/netcoreapp" className="AutoMapper.Collection.MapCollectionWithEqualityTests" name="Should_Work_With_Null_Destination" />
    </UnitTest>
    <UnitTest name="AutoMapper.Collection.MapCollectionWithEqualityTests.Should_Be_Fast_With_Large_Lists_SubObject_switch_left_and_right_expression" storage="c:\users\nns\flaky-csharp\repos\automapper.collection\src\automapper.collection.tests\bin\release\net8.0\automapper.collection.tests.dll" id="a294e5ae-cade-c2e2-a65c-5db08a2add35">
      <Execution id="1e2c37d6-b66a-45ea-96b0-175d47d80427" />
      <TestMethod codeBase="C:\Users\nns\flaky-csharp\repos\AutoMapper.Collection\src\AutoMapper.Collection.Tests\bin\Release\net8.0\AutoMapper.Collection.Tests.dll" adapterTypeName="executor://xunit/VsTestRunner2/netcoreapp" className="AutoMapper.Collection.MapCollectionWithEqualityTests" name="Should_Be_Fast_With_Large_Lists_SubObject_switch_left_and_right_expression" />
    </UnitTest>
    <UnitTest name="AutoMapper.Collection.MapCollectionWithEqualityTests.Should_Be_Fast_With_Large_Lists_MultiProperty_Mapping" storage="c:\users\nns\flaky-csharp\repos\automapper.collection\src\automapper.collection.tests\bin\release\net8.0\automapper.collection.tests.dll" id="cd07d5c3-4580-e0a0-82d7-ec833017ce9e">
      <Execution id="0650279e-fcb2-4314-a7ff-adb627e159f4" />
      <TestMethod codeBase="C:\Users\nns\flaky-csharp\repos\AutoMapper.Collection\src\AutoMapper.Collection.Tests\bin\Release\net8.0\AutoMapper.Collection.Tests.dll" adapterTypeName="executor://xunit/VsTestRunner2/netcoreapp" className="AutoMapper.Collection.MapCollectionWithEqualityTests" name="Should_Be_Fast_With_Large_Lists_MultiProperty_Mapping" />
    </UnitTest>
    <UnitTest name="AutoMapper.Collection.MapCollectionWithEqualityTests.Should_Be_Fast_With_Large_Lists_Cant_Extract_Negative" storage="c:\users\nns\flaky-csharp\repos\automapper.collection\src\automapper.collection.tests\bin\release\net8.0\automapper.collection.tests.dll" id="8b6de50b-d5e6-8d52-b97c-aa36c548f9c2">
      <Execution id="50f4680b-75c8-4328-a166-2bf8a24be4fc" />
      <TestMethod codeBase="C:\Users\nns\flaky-csharp\repos\AutoMapper.Collection\src\AutoMapper.Collection.Tests\bin\Release\net8.0\AutoMapper.Collection.Tests.dll" adapterTypeName="executor://xunit/VsTestRunner2/netcoreapp" className="AutoMapper.Collection.MapCollectionWithEqualityTests" name="Should_Be_Fast_With_Large_Lists_Cant_Extract_Negative" />
    </UnitTest>
    <UnitTest name="AutoMapper.Collection.MapCollectionWithEqualityTests.Should_Be_Instanced_Based" storage="c:\users\nns\flaky-csharp\repos\automapper.collection\src\automapper.collection.tests\bin\release\net8.0\automapper.collection.tests.dll" id="6c3ed1d8-beec-3c86-ef78-d30829e33f93">
      <Execution id="39f0a6e3-2bf0-44ea-9f10-b7462be2deb4" />
      <TestMethod codeBase="C:\Users\nns\flaky-csharp\repos\AutoMapper.Collection\src\AutoMapper.Collection.Tests\bin\Release\net8.0\AutoMapper.Collection.Tests.dll" adapterTypeName="executor://xunit/VsTestRunner2/netcoreapp" className="AutoMapper.Collection.MapCollectionWithEqualityTests" name="Should_Be_Instanced_Based" />
    </UnitTest>
    <UnitTest name="AutoMapper.Collection.InheritanceWithCollectionTests+IncludeBase.TypeMap_Should_include_derivied_types" storage="c:\users\nns\flaky-csharp\repos\automapper.collection\src\automapper.collection.tests\bin\release\net8.0\automapper.collection.tests.dll" id="0682ecac-bc3c-5e45-2b68-050a2a611d09">
      <Execution id="85b0b9ef-debe-4848-9b9e-acf7f443ad43" />
      <TestMethod codeBase="C:\Users\nns\flaky-csharp\repos\AutoMapper.Collection\src\AutoMapper.Collection.Tests\bin\Release\net8.0\AutoMapper.Collection.Tests.dll" adapterTypeName="executor://xunit/VsTestRunner2/netcoreapp" className="AutoMapper.Collection.InheritanceWithCollectionTests+IncludeBase" name="TypeMap_Should_include_derivied_types" />
    </UnitTest>
    <UnitTest name="AutoMapper.Collection.MapCollectionWithEqualityTests.Should_Update_Existing_Item" storage="c:\users\nns\flaky-csharp\repos\automapper.collection\src\automapper.collection.tests\bin\release\net8.0\automapper.collection.tests.dll" id="a28add64-4def-94fd-6030-66427ccfad92">
      <Execution id="4b0c290e-fcc6-443f-b577-2e8bf515d646" />
      <TestMethod codeBase="C:\Users\nns\flaky-csharp\repos\AutoMapper.Collection\src\AutoMapper.Collection.Tests\bin\Release\net8.0\AutoMapper.Collection.Tests.dll" adapterTypeName="executor://xunit/VsTestRunner2/netcoreapp" className="AutoMapper.Collection.MapCollectionWithEqualityTests" name="Should_Update_Existing_Item" />
    </UnitTest>
    <UnitTest name="AutoMapper.Collection.MapCollectionWithEqualityTests.Should_Be_Fast_With_Large_Lists_MultiProperty_Mapping_Cant_Extract" storage="c:\users\nns\flaky-csharp\repos\automapper.collection\src\automapper.collection.tests\bin\release\net8.0\automapper.collection.tests.dll" id="3fb4a1ee-38f5-eca9-4281-726ca40ba2ec">
      <Execution id="e0982d2f-3080-45aa-a142-5cfaa464887a" />
      <TestMethod codeBase="C:\Users\nns\flaky-csharp\repos\AutoMapper.Collection\src\AutoMapper.Collection.Tests\bin\Release\net8.0\AutoMapper.Collection.Tests.dll" adapterTypeName="executor://xunit/VsTestRunner2/netcoreapp" className="AutoMapper.Collection.MapCollectionWithEqualityTests" name="Should_Be_Fast_With_Large_Lists_MultiProperty_Mapping_Cant_Extract" />
    </UnitTest>
    <UnitTest name="AutoMapper.Collection.InheritanceWithCollectionTests+IncludeBase.Map_Should_ReturnOnlineOrderEf_When_ListIsOfTypeOrderEf" storage="c:\users\nns\flaky-csharp\repos\automapper.collection\src\automapper.collection.tests\bin\release\net8.0\automapper.collection.tests.dll" id="f8d78d6a-f5bf-176b-010a-ef6a0c10ccb2">
      <Execution id="ee1de1a2-4250-4bf8-9817-bcd23951bc21" />
      <TestMethod codeBase="C:\Users\nns\flaky-csharp\repos\AutoMapper.Collection\src\AutoMapper.Collection.Tests\bin\Release\net8.0\AutoMapper.Collection.Tests.dll" adapterTypeName="executor://xunit/VsTestRunner2/netcoreapp" className="AutoMapper.Collection.InheritanceWithCollectionTests+IncludeBase" name="Map_Should_ReturnOnlineOrderEf_When_ListIsOfTypeOrderEf" />
    </UnitTest>
    <UnitTest name="AutoMapper.Collection.MapCollectionWithEqualityTests.Should_Be_Fast_With_Large_Lists" storage="c:\users\nns\flaky-csharp\repos\automapper.collection\src\automapper.collection.tests\bin\release\net8.0\automapper.collection.tests.dll" id="348b82f9-9ccc-a57e-dc2d-f63afb4ff1da">
      <Execution id="fd05f849-418f-4ee6-9691-4616c8a88fce" />
      <TestMethod codeBase="C:\Users\nns\flaky-csharp\repos\AutoMapper.Collection\src\AutoMapper.Collection.Tests\bin\Release\net8.0\AutoMapper.Collection.Tests.dll" adapterTypeName="executor://xunit/VsTestRunner2/netcoreapp" className="AutoMapper.Collection.MapCollectionWithEqualityTests" name="Should_Be_Fast_With_Large_Lists" />
    </UnitTest>
  </TestDefinitions>
  <TestEntries>
    <TestEntry testId="008891a5-cfe5-79cd-1dc0-f9e2f69938fe" executionId="0518fbee-70fc-47fb-a55a-ed5bd792bb44" testListId="8c84fa94-04c1-424b-9868-57a2d4851a1d" />
    <TestEntry testId="8b6de50b-d5e6-8d52-b97c-aa36c548f9c2" executionId="50f4680b-75c8-4328-a166-2bf8a24be4fc" testListId="8c84fa94-04c1-424b-9868-57a2d4851a1d" />
    <TestEntry testId="b9f5aa18-6451-ca17-ae95-5799e29ec18c" executionId="13e5b94c-5a01-4cb4-89fa-7c68cce3cfef" testListId="8c84fa94-04c1-424b-9868-57a2d4851a1d" />
    <TestEntry testId="cd07d5c3-4580-e0a0-82d7-ec833017ce9e" executionId="0650279e-fcb2-4314-a7ff-adb627e159f4" testListId="8c84fa94-04c1-424b-9868-57a2d4851a1d" />
    <TestEntry testId="84b0d0e9-ca3e-7780-5731-f48fe589c298" executionId="e9c00954-a695-454a-8ab5-5a0cbcca6407" testListId="8c84fa94-04c1-424b-9868-57a2d4851a1d" />
    <TestEntry testId="f869677d-ce1c-d16d-5f51-ca4e681217b6" executionId="ebdf2f3d-632b-4008-80b2-41e55b2eace1" testListId="8c84fa94-04c1-424b-9868-57a2d4851a1d" />
    <TestEntry testId="f5a5e66d-97cd-e146-1a05-88f9f625405e" executionId="7628019d-f754-4e8b-912f-ab50ea9ede6c" testListId="8c84fa94-04c1-424b-9868-57a2d4851a1d" />
    <TestEntry testId="92350777-73fa-e86a-7a97-5a6ceee0bb24" executionId="3d38c073-a312-43d6-a279-e93c9aa0d216" testListId="8c84fa94-04c1-424b-9868-57a2d4851a1d" />
    <TestEntry testId="a693c9ab-4208-57ab-9438-0508344e6d3a" executionId="72177461-9fd5-4a26-91a7-6922174eb4fe" testListId="8c84fa94-04c1-424b-9868-57a2d4851a1d" />
    <TestEntry testId="2f325298-ea17-aed2-7dc7-ac7dfb2c9385" executionId="a322dc57-a1e4-4528-a823-0db3793a4969" testListId="8c84fa94-04c1-424b-9868-57a2d4851a1d" />
    <TestEntry testId="5202a272-d579-c1b5-88a5-ac931f608a90" executionId="5ca2d97a-fe0a-435c-8450-377af4f73559" testListId="8c84fa94-04c1-424b-9868-57a2d4851a1d" />
    <TestEntry testId="a294e5ae-cade-c2e2-a65c-5db08a2add35" executionId="1e2c37d6-b66a-45ea-96b0-175d47d80427" testListId="8c84fa94-04c1-424b-9868-57a2d4851a1d" />
    <TestEntry testId="6fe40914-c0e3-1d7b-5396-b3b89f7e4f51" executionId="06cf124c-4206-4851-b337-dbcdc7224520" testListId="8c84fa94-04c1-424b-9868-57a2d4851a1d" />
    <TestEntry testId="a28add64-4def-94fd-6030-66427ccfad92" executionId="4b0c290e-fcc6-443f-b577-2e8bf515d646" testListId="8c84fa94-04c1-424b-9868-57a2d4851a1d" />
    <TestEntry testId="b037c6ec-597e-b469-1de7-b03192467b78" executionId="b0d693a2-2a77-4beb-9301-8e9b30a03cbc" testListId="8c84fa94-04c1-424b-9868-57a2d4851a1d" />
    <TestEntry testId="0682ecac-bc3c-5e45-2b68-050a2a611d09" executionId="85b0b9ef-debe-4848-9b9e-acf7f443ad43" testListId="8c84fa94-04c1-424b-9868-57a2d4851a1d" />
    <TestEntry testId="5394cdfa-1ccd-244a-a848-d0b3a75ac07b" executionId="70e9f4ad-e0df-496d-ae07-941722cc4688" testListId="8c84fa94-04c1-424b-9868-57a2d4851a1d" />
    <TestEntry testId="930a9304-0bbc-ed40-e97f-bee022cfa883" executionId="7caecfee-5493-4b4a-9a30-a14d0045f609" testListId="8c84fa94-04c1-424b-9868-57a2d4851a1d" />
    <TestEntry testId="58f0a6f5-49a1-8bf1-351d-68891594b4a7" executionId="c324ee1e-a2b1-4878-b488-7c10ccb1f1bf" testListId="8c84fa94-04c1-424b-9868-57a2d4851a1d" />
    <TestEntry testId="3621e6a5-5db1-d270-0653-238174b1e41d" executionId="b23bbc7c-1cfb-4ea2-b14e-5bb59e027258" testListId="8c84fa94-04c1-424b-9868-57a2d4851a1d" />
    <TestEntry testId="348b82f9-9ccc-a57e-dc2d-f63afb4ff1da" executionId="fd05f849-418f-4ee6-9691-4616c8a88fce" testListId="8c84fa94-04c1-424b-9868-57a2d4851a1d" />
    <TestEntry testId="430de8af-098e-606f-5140-19296108eee8" executionId="7ce54766-a87a-4b69-928e-36dbf1a21760" testListId="8c84fa94-04c1-424b-9868-57a2d4851a1d" />
    <TestEntry testId="f8d78d6a-f5bf-176b-010a-ef6a0c10ccb2" executionId="ee1de1a2-4250-4bf8-9817-bcd23951bc21" testListId="8c84fa94-04c1-424b-9868-57a2d4851a1d" />
    <TestEntry testId="a187a0d6-7401-747f-0a25-f620ec976bec" executionId="2849d065-9d22-4450-8d65-16139188d43f" testListId="8c84fa94-04c1-424b-9868-57a2d4851a1d" />
    <TestEntry testId="b1648a7f-7a34-8a9e-4956-bb7f5dd850cd" executionId="b1ceb101-1be8-4528-8ca0-21cd8a0d86b9" testListId="8c84fa94-04c1-424b-9868-57a2d4851a1d" />
    <TestEntry testId="6c3ed1d8-beec-3c86-ef78-d30829e33f93" executionId="39f0a6e3-2bf0-44ea-9f10-b7462be2deb4" testListId="8c84fa94-04c1-424b-9868-57a2d4851a1d" />
    <TestEntry testId="3fb4a1ee-38f5-eca9-4281-726ca40ba2ec" executionId="e0982d2f-3080-45aa-a142-5cfaa464887a" testListId="8c84fa94-04c1-424b-9868-57a2d4851a1d" />
  </TestEntries>
  <TestLists>
    <TestList name="Resultados que não estão em uma lista" id="8c84fa94-04c1-424b-9868-57a2d4851a1d" />
    <TestList name="Todos os resultados carregados" id="19431567-8539-422a-85d7-44ee4e166bda" />
  </TestLists>
  <ResultSummary outcome="Completed">
    <Counters total="27" executed="27" passed="27" failed="0" error="0" timeout="0" aborted="0" inconclusive="0" passedButRunAborted="0" notRunnable="0" notExecuted="0" disconnected="0" warning="0" completed="0" inProgress="0" pending="0" />
    <Output>
      <StdOut>[xUnit.net 00:00:00.00] xUnit.net VSTest Adapter v2.4.1 (64-bit .NET 8.0.28)&#xD;
[xUnit.net 00:00:00.92]   Discovering: AutoMapper.Collection.Tests&#xD;
[xUnit.net 00:00:00.98]   Discovered:  AutoMapper.Collection.Tests&#xD;
[xUnit.net 00:00:00.99]   Starting:    AutoMapper.Collection.Tests&#xD;
[xUnit.net 00:00:06.39]   Finished:    AutoMapper.Collection.Tests&#xD;
</StdOut>
    </Output>
    <RunInfos>
      <RunInfo computerName="LE3126008018421" outcome="Warning" timestamp="2026-07-12T09:44:53.3059140-03:00">
        <Text>Coletor de dados 'Blame' mensagem: A execução de todos os testes foi concluída. O arquivo de sequência não será gerado..</Text>
      </RunInfo>
    </RunInfos>
  </ResultSummary>
</TestRun>