<?xml version="1.0" encoding="utf-8"?>
<TestRun id="67cf244f-555d-4100-aea1-f9ebc8481f04" name="nns@LE3126008018421 2026-07-12 09:41:10" runUser="CESAR-LDAP\nns" xmlns="http://microsoft.com/schemas/VisualStudio/TeamTest/2010">
  <Times creation="2026-07-12T09:41:10.4052714-03:00" queuing="2026-07-12T09:41:10.4052721-03:00" start="2026-07-12T09:41:07.6424407-03:00" finish="2026-07-12T09:41:15.1858924-03:00" />
  <TestSettings name="default" id="2da4c5e1-eec1-4afe-b7ad-74f460cf0fc4">
    <Deployment runDeploymentRoot="nns_LE3126008018421_2026-07-12_09_41_10" />
  </TestSettings>
  <Results>
    <UnitTestResult executionId="20ab7883-16a5-41f1-8e00-48152d07c949" testId="84b0d0e9-ca3e-7780-5731-f48fe589c298" testName="AutoMapper.Collection.MapCollectionWithEqualityTests.Parent_Should_Be_Same_As_Root_Object" computerName="LE3126008018421" duration="00:00:00.0254644" startTime="2026-07-12T09:41:12.7882023-03:00" endTime="2026-07-12T09:41:12.7882078-03:00" testType="13cdc9d9-ddb5-4fa4-a97d-d965ccfc6d4b" outcome="Passed" testListId="8c84fa94-04c1-424b-9868-57a2d4851a1d" relativeResultsDirectory="20ab7883-16a5-41f1-8e00-48152d07c949" />
    <UnitTestResult executionId="9fc4f3b4-7c57-4535-aca4-43dec9aa3eb1" testId="430de8af-098e-606f-5140-19296108eee8" testName="AutoMapper.Collection.MapCollectionWithEqualityTests.Should_Be_Fast_With_Large_Lists_MultiProperty_Mapping_Cant_Extract_Negative" computerName="LE3126008018421" duration="00:00:00.2424509" startTime="2026-07-12T09:41:13.3073096-03:00" endTime="2026-07-12T09:41:13.3073172-03:00" testType="13cdc9d9-ddb5-4fa4-a97d-d965ccfc6d4b" outcome="Passed" testListId="8c84fa94-04c1-424b-9868-57a2d4851a1d" relativeResultsDirectory="9fc4f3b4-7c57-4535-aca4-43dec9aa3eb1" />
    <UnitTestResult executionId="c0d630b5-c40e-4604-9d3d-053aede3aeb6" testId="f5a5e66d-97cd-e146-1a05-88f9f625405e" testName="AutoMapper.Collection.MapCollectionWithEqualityTests.Should_Work_With_Conditionals" computerName="LE3126008018421" duration="00:00:00.0099919" startTime="2026-07-12T09:41:13.7799810-03:00" endTime="2026-07-12T09:41:13.7799877-03:00" testType="13cdc9d9-ddb5-4fa4-a97d-d965ccfc6d4b" outcome="Passed" testListId="8c84fa94-04c1-424b-9868-57a2d4851a1d" relativeResultsDirectory="c0d630b5-c40e-4604-9d3d-053aede3aeb6" />
    <UnitTestResult executionId="9b392094-5a13-4310-955a-d3bf31624ff1" testId="a294e5ae-cade-c2e2-a65c-5db08a2add35" testName="AutoMapper.Collection.MapCollectionWithEqualityTests.Should_Be_Fast_With_Large_Lists_SubObject_switch_left_and_right_expression" computerName="LE3126008018421" duration="00:00:00.2207329" startTime="2026-07-12T09:41:13.7698954-03:00" endTime="2026-07-12T09:41:13.7699023-03:00" testType="13cdc9d9-ddb5-4fa4-a97d-d965ccfc6d4b" outcome="Passed" testListId="8c84fa94-04c1-424b-9868-57a2d4851a1d" relativeResultsDirectory="9b392094-5a13-4310-955a-d3bf31624ff1" />
    <UnitTestResult executionId="d01747e8-3e4d-4195-8a7a-07a4aba6a32b" testId="0682ecac-bc3c-5e45-2b68-050a2a611d09" testName="AutoMapper.Collection.InheritanceWithCollectionTests+IncludeBase.TypeMap_Should_include_derivied_types" computerName="LE3126008018421" duration="00:00:00.0390232" startTime="2026-07-12T09:41:10.3412603-03:00" endTime="2026-07-12T09:41:10.3412662-03:00" testType="13cdc9d9-ddb5-4fa4-a97d-d965ccfc6d4b" outcome="Passed" testListId="8c84fa94-04c1-424b-9868-57a2d4851a1d" relativeResultsDirectory="d01747e8-3e4d-4195-8a7a-07a4aba6a32b" />
    <UnitTestResult executionId="58f3c268-c938-4990-bef1-5b7e64dd9596" testId="58f0a6f5-49a1-8bf1-351d-68891594b4a7" testName="AutoMapper.Collection.NullableIdTests.Should_Work_With_Multiple_Null_Id" computerName="LE3126008018421" duration="00:00:00.0101949" startTime="2026-07-12T09:41:10.2012204-03:00" endTime="2026-07-12T09:41:10.2012254-03:00" testType="13cdc9d9-ddb5-4fa4-a97d-d965ccfc6d4b" outcome="Passed" testListId="8c84fa94-04c1-424b-9868-57a2d4851a1d" relativeResultsDirectory="58f3c268-c938-4990-bef1-5b7e64dd9596" />
    <UnitTestResult executionId="6f4a8754-2037-4ed3-b70e-989001417149" testId="f869677d-ce1c-d16d-5f51-ca4e681217b6" testName="AutoMapper.Collection.InheritanceWithCollectionTests+Include.Map_Should_ReturnOnlineOrderEf_When_ListIsOfTypeOrderEf" computerName="LE3126008018421" duration="00:00:00.0612125" startTime="2026-07-12T09:41:10.3484337-03:00" endTime="2026-07-12T09:41:10.3484382-03:00" testType="13cdc9d9-ddb5-4fa4-a97d-d965ccfc6d4b" outcome="Passed" testListId="8c84fa94-04c1-424b-9868-57a2d4851a1d" relativeResultsDirectory="6f4a8754-2037-4ed3-b70e-989001417149" />
    <UnitTestResult executionId="88c808ab-7aeb-44d6-b729-37d7103d40ca" testId="6fe40914-c0e3-1d7b-5396-b3b89f7e4f51" testName="AutoMapper.Collection.InheritanceWithCollectionTests+Include.TypeMap_Should_include_base_types" computerName="LE3126008018421" duration="00:00:00.2696698" startTime="2026-07-12T09:41:10.2115099-03:00" endTime="2026-07-12T09:41:10.2115178-03:00" testType="13cdc9d9-ddb5-4fa4-a97d-d965ccfc6d4b" outcome="Passed" testListId="8c84fa94-04c1-424b-9868-57a2d4851a1d" relativeResultsDirectory="88c808ab-7aeb-44d6-b729-37d7103d40ca" />
    <UnitTestResult executionId="abee7aef-d730-46cd-985d-68b456b44d42" testId="8b6de50b-d5e6-8d52-b97c-aa36c548f9c2" testName="AutoMapper.Collection.MapCollectionWithEqualityTests.Should_Be_Fast_With_Large_Lists_Cant_Extract_Negative" computerName="LE3126008018421" duration="00:00:01.2612291" startTime="2026-07-12T09:41:15.0415390-03:00" endTime="2026-07-12T09:41:15.0415501-03:00" testType="13cdc9d9-ddb5-4fa4-a97d-d965ccfc6d4b" outcome="Passed" testListId="8c84fa94-04c1-424b-9868-57a2d4851a1d" relativeResultsDirectory="abee7aef-d730-46cd-985d-68b456b44d42" />
    <UnitTestResult executionId="e21bc513-efa1-4ee6-8762-bc407469b772" testId="348b82f9-9ccc-a57e-dc2d-f63afb4ff1da" testName="AutoMapper.Collection.MapCollectionWithEqualityTests.Should_Be_Fast_With_Large_Lists" computerName="LE3126008018421" duration="00:00:00.2045675" startTime="2026-07-12T09:41:12.7543777-03:00" endTime="2026-07-12T09:41:12.7543832-03:00" testType="13cdc9d9-ddb5-4fa4-a97d-d965ccfc6d4b" outcome="Passed" testListId="8c84fa94-04c1-424b-9868-57a2d4851a1d" relativeResultsDirectory="e21bc513-efa1-4ee6-8762-bc407469b772" />
    <UnitTestResult executionId="caedf8ac-057a-4415-a48d-9ea67ed19540" testId="3621e6a5-5db1-d270-0653-238174b1e41d" testName="AutoMapper.Collection.MapCollectionWithEqualityTests.Should_Work_With_Comparing_String_Types" computerName="LE3126008018421" duration="00:00:00.0201786" startTime="2026-07-12T09:41:13.5359321-03:00" endTime="2026-07-12T09:41:13.5359388-03:00" testType="13cdc9d9-ddb5-4fa4-a97d-d965ccfc6d4b" outcome="Passed" testListId="8c84fa94-04c1-424b-9868-57a2d4851a1d" relativeResultsDirectory="caedf8ac-057a-4415-a48d-9ea67ed19540" />
    <UnitTestResult executionId="a4d226a1-c8bf-4469-9484-8a792e636169" testId="f8d78d6a-f5bf-176b-010a-ef6a0c10ccb2" testName="AutoMapper.Collection.InheritanceWithCollectionTests+IncludeBase.Map_Should_ReturnOnlineOrderEf_When_ListIsOfTypeOrderEf" computerName="LE3126008018421" duration="00:00:00.0543337" startTime="2026-07-12T09:41:10.3461533-03:00" endTime="2026-07-12T09:41:10.3461594-03:00" testType="13cdc9d9-ddb5-4fa4-a97d-d965ccfc6d4b" outcome="Passed" testListId="8c84fa94-04c1-424b-9868-57a2d4851a1d" relativeResultsDirectory="a4d226a1-c8bf-4469-9484-8a792e636169" />
    <UnitTestResult executionId="8b58e7ac-5263-43de-a07c-f3a06c7e3ac0" testId="008891a5-cfe5-79cd-1dc0-f9e2f69938fe" testName="AutoMapper.Collection.MapCollectionWithEqualityTests.Should_Keep_Existing_List" computerName="LE3126008018421" duration="00:00:00.0051069" startTime="2026-07-12T09:41:13.5489409-03:00" endTime="2026-07-12T09:41:13.5489457-03:00" testType="13cdc9d9-ddb5-4fa4-a97d-d965ccfc6d4b" outcome="Passed" testListId="8c84fa94-04c1-424b-9868-57a2d4851a1d" relativeResultsDirectory="8b58e7ac-5263-43de-a07c-f3a06c7e3ac0" />
    <UnitTestResult executionId="aef9010c-6575-4419-a4a5-e4b074e284aa" testId="2f325298-ea17-aed2-7dc7-ac7dfb2c9385" testName="AutoMapper.Collection.InheritanceWithCollectionTests+Include.Map_FromEfToDomain_And_AddAnOnlineOrderInTheDomainObject_And_ThenMapBackToEf_Should_UseTheSameReferenceInTheEfCollection" computerName="LE3126008018421" duration="00:00:00.0727278" startTime="2026-07-12T09:41:10.3362443-03:00" endTime="2026-07-12T09:41:10.3362506-03:00" testType="13cdc9d9-ddb5-4fa4-a97d-d965ccfc6d4b" outcome="Passed" testListId="8c84fa94-04c1-424b-9868-57a2d4851a1d" relativeResultsDirectory="aef9010c-6575-4419-a4a5-e4b074e284aa" />
    <UnitTestResult executionId="33fe0fb5-695b-42bf-8425-3166cfe6ddbb" testId="5394cdfa-1ccd-244a-a848-d0b3a75ac07b" testName="AutoMapper.Collection.InheritanceWithCollectionTests+IncludeBase.TypeMap_Should_include_base_types" computerName="LE3126008018421" duration="00:00:00.0771517" startTime="2026-07-12T09:41:10.2507839-03:00" endTime="2026-07-12T09:41:10.2507908-03:00" testType="13cdc9d9-ddb5-4fa4-a97d-d965ccfc6d4b" outcome="Passed" testListId="8c84fa94-04c1-424b-9868-57a2d4851a1d" relativeResultsDirectory="33fe0fb5-695b-42bf-8425-3166cfe6ddbb" />
    <UnitTestResult executionId="2ef0c8b8-0a50-4810-b00a-134d5b3a9931" testId="b1648a7f-7a34-8a9e-4956-bb7f5dd850cd" testName="AutoMapper.Collection.MapCollectionWithEqualityTests.Should_Work_With_Null_Destination" computerName="LE3126008018421" duration="00:00:00.0080258" startTime="2026-07-12T09:41:12.7624838-03:00" endTime="2026-07-12T09:41:12.7624906-03:00" testType="13cdc9d9-ddb5-4fa4-a97d-d965ccfc6d4b" outcome="Passed" testListId="8c84fa94-04c1-424b-9868-57a2d4851a1d" relativeResultsDirectory="2ef0c8b8-0a50-4810-b00a-134d5b3a9931" />
    <UnitTestResult executionId="9421092f-256d-4e90-83db-7b996fd71d5a" testId="92350777-73fa-e86a-7a97-5a6ceee0bb24" testName="AutoMapper.Collection.MapCollectionWithEqualityTests.Should_Be_Fast_With_Large_Reversed_Lists" computerName="LE3126008018421" duration="00:00:00.6486674" startTime="2026-07-12T09:41:10.5905030-03:00" endTime="2026-07-12T09:41:10.5905105-03:00" testType="13cdc9d9-ddb5-4fa4-a97d-d965ccfc6d4b" outcome="Passed" testListId="8c84fa94-04c1-424b-9868-57a2d4851a1d" relativeResultsDirectory="9421092f-256d-4e90-83db-7b996fd71d5a" />
    <UnitTestResult executionId="f54110c7-b8a4-4e83-aa6e-e037c7b287ed" testId="5202a272-d579-c1b5-88a5-ac931f608a90" testName="AutoMapper.Collection.OptionsTests.Should_Retain_Options_Passed_In_Map" computerName="LE3126008018421" duration="00:00:00.2169301" startTime="2026-07-12T09:41:10.1752975-03:00" endTime="2026-07-12T09:41:10.1753031-03:00" testType="13cdc9d9-ddb5-4fa4-a97d-d965ccfc6d4b" outcome="Passed" testListId="8c84fa94-04c1-424b-9868-57a2d4851a1d" relativeResultsDirectory="f54110c7-b8a4-4e83-aa6e-e037c7b287ed" />
    <UnitTestResult executionId="674dfcd4-a960-4b0a-860b-586350ce0b58" testId="a187a0d6-7401-747f-0a25-f620ec976bec" testName="AutoMapper.Collection.InheritanceWithCollectionTests+Include.TypeMap_Should_include_derivied_types" computerName="LE3126008018421" duration="00:00:00.1102382" startTime="2026-07-12T09:41:10.4562405-03:00" endTime="2026-07-12T09:41:10.4562470-03:00" testType="13cdc9d9-ddb5-4fa4-a97d-d965ccfc6d4b" outcome="Passed" testListId="8c84fa94-04c1-424b-9868-57a2d4851a1d" relativeResultsDirectory="674dfcd4-a960-4b0a-860b-586350ce0b58" />
    <UnitTestResult executionId="4b6d2b30-ade8-4a76-855b-aa12641a16fa" testId="a28add64-4def-94fd-6030-66427ccfad92" testName="AutoMapper.Collection.MapCollectionWithEqualityTests.Should_Update_Existing_Item" computerName="LE3126008018421" duration="00:00:00.0126313" startTime="2026-07-12T09:41:13.3200923-03:00" endTime="2026-07-12T09:41:13.3200999-03:00" testType="13cdc9d9-ddb5-4fa4-a97d-d965ccfc6d4b" outcome="Passed" testListId="8c84fa94-04c1-424b-9868-57a2d4851a1d" relativeResultsDirectory="4b6d2b30-ade8-4a76-855b-aa12641a16fa" />
    <UnitTestResult executionId="5339b734-0217-4552-8969-9442e767eb68" testId="930a9304-0bbc-ed40-e97f-bee022cfa883" testName="AutoMapper.Collection.MapCollectionWithEqualityTests.Should_Be_Fast_With_Large_Lists_SubObject" computerName="LE3126008018421" duration="00:00:00.1952982" startTime="2026-07-12T09:41:13.5156242-03:00" endTime="2026-07-12T09:41:13.5156304-03:00" testType="13cdc9d9-ddb5-4fa4-a97d-d965ccfc6d4b" outcome="Passed" testListId="8c84fa94-04c1-424b-9868-57a2d4851a1d" relativeResultsDirectory="5339b734-0217-4552-8969-9442e767eb68" />
    <UnitTestResult executionId="384925d5-4e2b-4efb-9747-67156502eb90" testId="a693c9ab-4208-57ab-9438-0508344e6d3a" testName="AutoMapper.Collection.InheritanceWithCollectionTests+IncludeBase.Map_FromEfToDomain_And_AddAnOnlineOrderInTheDomainObject_And_ThenMapBackToEf_Should_UseTheSameReferenceInTheEfCollection" computerName="LE3126008018421" duration="00:00:00.2315682" startTime="2026-07-12T09:41:10.2034814-03:00" endTime="2026-07-12T09:41:10.2034862-03:00" testType="13cdc9d9-ddb5-4fa4-a97d-d965ccfc6d4b" outcome="Passed" testListId="8c84fa94-04c1-424b-9868-57a2d4851a1d" relativeResultsDirectory="384925d5-4e2b-4efb-9747-67156502eb90" />
    <UnitTestResult executionId="34994d74-dbb9-49b9-8872-92f1d561acf3" testId="cd07d5c3-4580-e0a0-82d7-ec833017ce9e" testName="AutoMapper.Collection.MapCollectionWithEqualityTests.Should_Be_Fast_With_Large_Lists_MultiProperty_Mapping" computerName="LE3126008018421" duration="00:00:00.2763067" startTime="2026-07-12T09:41:13.0647750-03:00" endTime="2026-07-12T09:41:13.0647889-03:00" testType="13cdc9d9-ddb5-4fa4-a97d-d965ccfc6d4b" outcome="Passed" testListId="8c84fa94-04c1-424b-9868-57a2d4851a1d" relativeResultsDirectory="34994d74-dbb9-49b9-8872-92f1d561acf3" />
    <UnitTestResult executionId="7b676b3c-70d9-4abc-89eb-4df71daa1159" testId="b037c6ec-597e-b469-1de7-b03192467b78" testName="AutoMapper.Collection.NullableIdTests.Should_Work_With_Null_Id" computerName="LE3126008018421" duration="00:00:00.2124215" startTime="2026-07-12T09:41:10.1687466-03:00" endTime="2026-07-12T09:41:10.1687521-03:00" testType="13cdc9d9-ddb5-4fa4-a97d-d965ccfc6d4b" outcome="Passed" testListId="8c84fa94-04c1-424b-9868-57a2d4851a1d" relativeResultsDirectory="7b676b3c-70d9-4abc-89eb-4df71daa1159" />
    <UnitTestResult executionId="3e5f2ced-81b0-4bc5-994e-91e003b8f2df" testId="b9f5aa18-6451-ca17-ae95-5799e29ec18c" testName="AutoMapper.Collection.ValueTypeTests.MapValueTypes" computerName="LE3126008018421" duration="00:00:00.1577116" startTime="2026-07-12T09:41:10.1068286-03:00" endTime="2026-07-12T09:41:10.1119099-03:00" testType="13cdc9d9-ddb5-4fa4-a97d-d965ccfc6d4b" outcome="Passed" testListId="8c84fa94-04c1-424b-9868-57a2d4851a1d" relativeResultsDirectory="3e5f2ced-81b0-4bc5-994e-91e003b8f2df" />
    <UnitTestResult executionId="9e206f1c-eb79-49c7-9ed4-37950b928fb4" testId="6c3ed1d8-beec-3c86-ef78-d30829e33f93" testName="AutoMapper.Collection.MapCollectionWithEqualityTests.Should_Be_Instanced_Based" computerName="LE3126008018421" duration="00:00:00.0076458" startTime="2026-07-12T09:41:13.5437053-03:00" endTime="2026-07-12T09:41:13.5437109-03:00" testType="13cdc9d9-ddb5-4fa4-a97d-d965ccfc6d4b" outcome="Passed" testListId="8c84fa94-04c1-424b-9868-57a2d4851a1d" relativeResultsDirectory="9e206f1c-eb79-49c7-9ed4-37950b928fb4" />
    <UnitTestResult executionId="48c2ae45-92b7-447a-93f9-ef1a0b93b106" testId="3fb4a1ee-38f5-eca9-4281-726ca40ba2ec" testName="AutoMapper.Collection.MapCollectionWithEqualityTests.Should_Be_Fast_With_Large_Lists_MultiProperty_Mapping_Cant_Extract" computerName="LE3126008018421" duration="00:00:01.9587429" startTime="2026-07-12T09:41:12.5495362-03:00" endTime="2026-07-12T09:41:12.5495424-03:00" testType="13cdc9d9-ddb5-4fa4-a97d-d965ccfc6d4b" outcome="Passed" testListId="8c84fa94-04c1-424b-9868-57a2d4851a1d" relativeResultsDirectory="48c2ae45-92b7-447a-93f9-ef1a0b93b106" />
  </Results>
  <TestDefinitions>
    <UnitTest name="AutoMapper.Collection.ValueTypeTests.MapValueTypes" storage="c:\users\nns\flaky-csharp\repos\automapper.collection\src\automapper.collection.tests\bin\release\net8.0\automapper.collection.tests.dll" id="b9f5aa18-6451-ca17-ae95-5799e29ec18c">
      <Execution id="3e5f2ced-81b0-4bc5-994e-91e003b8f2df" />
      <TestMethod codeBase="C:\Users\nns\flaky-csharp\repos\AutoMapper.Collection\src\AutoMapper.Collection.Tests\bin\Release\net8.0\AutoMapper.Collection.Tests.dll" adapterTypeName="executor://xunit/VsTestRunner2/netcoreapp" className="AutoMapper.Collection.ValueTypeTests" name="MapValueTypes" />
    </UnitTest>
    <UnitTest name="AutoMapper.Collection.MapCollectionWithEqualityTests.Should_Be_Fast_With_Large_Lists_MultiProperty_Mapping_Cant_Extract_Negative" storage="c:\users\nns\flaky-csharp\repos\automapper.collection\src\automapper.collection.tests\bin\release\net8.0\automapper.collection.tests.dll" id="430de8af-098e-606f-5140-19296108eee8">
      <Execution id="9fc4f3b4-7c57-4535-aca4-43dec9aa3eb1" />
      <TestMethod codeBase="C:\Users\nns\flaky-csharp\repos\AutoMapper.Collection\src\AutoMapper.Collection.Tests\bin\Release\net8.0\AutoMapper.Collection.Tests.dll" adapterTypeName="executor://xunit/VsTestRunner2/netcoreapp" className="AutoMapper.Collection.MapCollectionWithEqualityTests" name="Should_Be_Fast_With_Large_Lists_MultiProperty_Mapping_Cant_Extract_Negative" />
    </UnitTest>
    <UnitTest name="AutoMapper.Collection.MapCollectionWithEqualityTests.Should_Keep_Existing_List" storage="c:\users\nns\flaky-csharp\repos\automapper.collection\src\automapper.collection.tests\bin\release\net8.0\automapper.collection.tests.dll" id="008891a5-cfe5-79cd-1dc0-f9e2f69938fe">
      <Execution id="8b58e7ac-5263-43de-a07c-f3a06c7e3ac0" />
      <TestMethod codeBase="C:\Users\nns\flaky-csharp\repos\AutoMapper.Collection\src\AutoMapper.Collection.Tests\bin\Release\net8.0\AutoMapper.Collection.Tests.dll" adapterTypeName="executor://xunit/VsTestRunner2/netcoreapp" className="AutoMapper.Collection.MapCollectionWithEqualityTests" name="Should_Keep_Existing_List" />
    </UnitTest>
    <UnitTest name="AutoMapper.Collection.InheritanceWithCollectionTests+Include.TypeMap_Should_include_base_types" storage="c:\users\nns\flaky-csharp\repos\automapper.collection\src\automapper.collection.tests\bin\release\net8.0\automapper.collection.tests.dll" id="6fe40914-c0e3-1d7b-5396-b3b89f7e4f51">
      <Execution id="88c808ab-7aeb-44d6-b729-37d7103d40ca" />
      <TestMethod codeBase="C:\Users\nns\flaky-csharp\repos\AutoMapper.Collection\src\AutoMapper.Collection.Tests\bin\Release\net8.0\AutoMapper.Collection.Tests.dll" adapterTypeName="executor://xunit/VsTestRunner2/netcoreapp" className="AutoMapper.Collection.InheritanceWithCollectionTests+Include" name="TypeMap_Should_include_base_types" />
    </UnitTest>
    <UnitTest name="AutoMapper.Collection.InheritanceWithCollectionTests+IncludeBase.TypeMap_Should_include_base_types" storage="c:\users\nns\flaky-csharp\repos\automapper.collection\src\automapper.collection.tests\bin\release\net8.0\automapper.collection.tests.dll" id="5394cdfa-1ccd-244a-a848-d0b3a75ac07b">
      <Execution id="33fe0fb5-695b-42bf-8425-3166cfe6ddbb" />
      <TestMethod codeBase="C:\Users\nns\flaky-csharp\repos\AutoMapper.Collection\src\AutoMapper.Collection.Tests\bin\Release\net8.0\AutoMapper.Collection.Tests.dll" adapterTypeName="executor://xunit/VsTestRunner2/netcoreapp" className="AutoMapper.Collection.InheritanceWithCollectionTests+IncludeBase" name="TypeMap_Should_include_base_types" />
    </UnitTest>
    <UnitTest name="AutoMapper.Collection.InheritanceWithCollectionTests+IncludeBase.Map_FromEfToDomain_And_AddAnOnlineOrderInTheDomainObject_And_ThenMapBackToEf_Should_UseTheSameReferenceInTheEfCollection" storage="c:\users\nns\flaky-csharp\repos\automapper.collection\src\automapper.collection.tests\bin\release\net8.0\automapper.collection.tests.dll" id="a693c9ab-4208-57ab-9438-0508344e6d3a">
      <Execution id="384925d5-4e2b-4efb-9747-67156502eb90" />
      <TestMethod codeBase="C:\Users\nns\flaky-csharp\repos\AutoMapper.Collection\src\AutoMapper.Collection.Tests\bin\Release\net8.0\AutoMapper.Collection.Tests.dll" adapterTypeName="executor://xunit/VsTestRunner2/netcoreapp" className="AutoMapper.Collection.InheritanceWithCollectionTests+IncludeBase" name="Map_FromEfToDomain_And_AddAnOnlineOrderInTheDomainObject_And_ThenMapBackToEf_Should_UseTheSameReferenceInTheEfCollection" />
    </UnitTest>
    <UnitTest name="AutoMapper.Collection.MapCollectionWithEqualityTests.Should_Work_With_Conditionals" storage="c:\users\nns\flaky-csharp\repos\automapper.collection\src\automapper.collection.tests\bin\release\net8.0\automapper.collection.tests.dll" id="f5a5e66d-97cd-e146-1a05-88f9f625405e">
      <Execution id="c0d630b5-c40e-4604-9d3d-053aede3aeb6" />
      <TestMethod codeBase="C:\Users\nns\flaky-csharp\repos\AutoMapper.Collection\src\AutoMapper.Collection.Tests\bin\Release\net8.0\AutoMapper.Collection.Tests.dll" adapterTypeName="executor://xunit/VsTestRunner2/netcoreapp" className="AutoMapper.Collection.MapCollectionWithEqualityTests" name="Should_Work_With_Conditionals" />
    </UnitTest>
    <UnitTest name="AutoMapper.Collection.OptionsTests.Should_Retain_Options_Passed_In_Map" storage="c:\users\nns\flaky-csharp\repos\automapper.collection\src\automapper.collection.tests\bin\release\net8.0\automapper.collection.tests.dll" id="5202a272-d579-c1b5-88a5-ac931f608a90">
      <Execution id="f54110c7-b8a4-4e83-aa6e-e037c7b287ed" />
      <TestMethod codeBase="C:\Users\nns\flaky-csharp\repos\AutoMapper.Collection\src\AutoMapper.Collection.Tests\bin\Release\net8.0\AutoMapper.Collection.Tests.dll" adapterTypeName="executor://xunit/VsTestRunner2/netcoreapp" className="AutoMapper.Collection.OptionsTests" name="Should_Retain_Options_Passed_In_Map" />
    </UnitTest>
    <UnitTest name="AutoMapper.Collection.InheritanceWithCollectionTests+Include.TypeMap_Should_include_derivied_types" storage="c:\users\nns\flaky-csharp\repos\automapper.collection\src\automapper.collection.tests\bin\release\net8.0\automapper.collection.tests.dll" id="a187a0d6-7401-747f-0a25-f620ec976bec">
      <Execution id="674dfcd4-a960-4b0a-860b-586350ce0b58" />
      <TestMethod codeBase="C:\Users\nns\flaky-csharp\repos\AutoMapper.Collection\src\AutoMapper.Collection.Tests\bin\Release\net8.0\AutoMapper.Collection.Tests.dll" adapterTypeName="executor://xunit/VsTestRunner2/netcoreapp" className="AutoMapper.Collection.InheritanceWithCollectionTests+Include" name="TypeMap_Should_include_derivied_types" />
    </UnitTest>
    <UnitTest name="AutoMapper.Collection.InheritanceWithCollectionTests+Include.Map_Should_ReturnOnlineOrderEf_When_ListIsOfTypeOrderEf" storage="c:\users\nns\flaky-csharp\repos\automapper.collection\src\automapper.collection.tests\bin\release\net8.0\automapper.collection.tests.dll" id="f869677d-ce1c-d16d-5f51-ca4e681217b6">
      <Execution id="6f4a8754-2037-4ed3-b70e-989001417149" />
      <TestMethod codeBase="C:\Users\nns\flaky-csharp\repos\AutoMapper.Collection\src\AutoMapper.Collection.Tests\bin\Release\net8.0\AutoMapper.Collection.Tests.dll" adapterTypeName="executor://xunit/VsTestRunner2/netcoreapp" className="AutoMapper.Collection.InheritanceWithCollectionTests+Include" name="Map_Should_ReturnOnlineOrderEf_When_ListIsOfTypeOrderEf" />
    </UnitTest>
    <UnitTest name="AutoMapper.Collection.InheritanceWithCollectionTests+Include.Map_FromEfToDomain_And_AddAnOnlineOrderInTheDomainObject_And_ThenMapBackToEf_Should_UseTheSameReferenceInTheEfCollection" storage="c:\users\nns\flaky-csharp\repos\automapper.collection\src\automapper.collection.tests\bin\release\net8.0\automapper.collection.tests.dll" id="2f325298-ea17-aed2-7dc7-ac7dfb2c9385">
      <Execution id="aef9010c-6575-4419-a4a5-e4b074e284aa" />
      <TestMethod codeBase="C:\Users\nns\flaky-csharp\repos\AutoMapper.Collection\src\AutoMapper.Collection.Tests\bin\Release\net8.0\AutoMapper.Collection.Tests.dll" adapterTypeName="executor://xunit/VsTestRunner2/netcoreapp" className="AutoMapper.Collection.InheritanceWithCollectionTests+Include" name="Map_FromEfToDomain_And_AddAnOnlineOrderInTheDomainObject_And_ThenMapBackToEf_Should_UseTheSameReferenceInTheEfCollection" />
    </UnitTest>
    <UnitTest name="AutoMapper.Collection.MapCollectionWithEqualityTests.Should_Work_With_Comparing_String_Types" storage="c:\users\nns\flaky-csharp\repos\automapper.collection\src\automapper.collection.tests\bin\release\net8.0\automapper.collection.tests.dll" id="3621e6a5-5db1-d270-0653-238174b1e41d">
      <Execution id="caedf8ac-057a-4415-a48d-9ea67ed19540" />
      <TestMethod codeBase="C:\Users\nns\flaky-csharp\repos\AutoMapper.Collection\src\AutoMapper.Collection.Tests\bin\Release\net8.0\AutoMapper.Collection.Tests.dll" adapterTypeName="executor://xunit/VsTestRunner2/netcoreapp" className="AutoMapper.Collection.MapCollectionWithEqualityTests" name="Should_Work_With_Comparing_String_Types" />
    </UnitTest>
    <UnitTest name="AutoMapper.Collection.MapCollectionWithEqualityTests.Should_Be_Fast_With_Large_Reversed_Lists" storage="c:\users\nns\flaky-csharp\repos\automapper.collection\src\automapper.collection.tests\bin\release\net8.0\automapper.collection.tests.dll" id="92350777-73fa-e86a-7a97-5a6ceee0bb24">
      <Execution id="9421092f-256d-4e90-83db-7b996fd71d5a" />
      <TestMethod codeBase="C:\Users\nns\flaky-csharp\repos\AutoMapper.Collection\src\AutoMapper.Collection.Tests\bin\Release\net8.0\AutoMapper.Collection.Tests.dll" adapterTypeName="executor://xunit/VsTestRunner2/netcoreapp" className="AutoMapper.Collection.MapCollectionWithEqualityTests" name="Should_Be_Fast_With_Large_Reversed_Lists" />
    </UnitTest>
    <UnitTest name="AutoMapper.Collection.MapCollectionWithEqualityTests.Parent_Should_Be_Same_As_Root_Object" storage="c:\users\nns\flaky-csharp\repos\automapper.collection\src\automapper.collection.tests\bin\release\net8.0\automapper.collection.tests.dll" id="84b0d0e9-ca3e-7780-5731-f48fe589c298">
      <Execution id="20ab7883-16a5-41f1-8e00-48152d07c949" />
      <TestMethod codeBase="C:\Users\nns\flaky-csharp\repos\AutoMapper.Collection\src\AutoMapper.Collection.Tests\bin\Release\net8.0\AutoMapper.Collection.Tests.dll" adapterTypeName="executor://xunit/VsTestRunner2/netcoreapp" className="AutoMapper.Collection.MapCollectionWithEqualityTests" name="Parent_Should_Be_Same_As_Root_Object" />
    </UnitTest>
    <UnitTest name="AutoMapper.Collection.NullableIdTests.Should_Work_With_Multiple_Null_Id" storage="c:\users\nns\flaky-csharp\repos\automapper.collection\src\automapper.collection.tests\bin\release\net8.0\automapper.collection.tests.dll" id="58f0a6f5-49a1-8bf1-351d-68891594b4a7">
      <Execution id="58f3c268-c938-4990-bef1-5b7e64dd9596" />
      <TestMethod codeBase="C:\Users\nns\flaky-csharp\repos\AutoMapper.Collection\src\AutoMapper.Collection.Tests\bin\Release\net8.0\AutoMapper.Collection.Tests.dll" adapterTypeName="executor://xunit/VsTestRunner2/netcoreapp" className="AutoMapper.Collection.NullableIdTests" name="Should_Work_With_Multiple_Null_Id" />
    </UnitTest>
    <UnitTest name="AutoMapper.Collection.NullableIdTests.Should_Work_With_Null_Id" storage="c:\users\nns\flaky-csharp\repos\automapper.collection\src\automapper.collection.tests\bin\release\net8.0\automapper.collection.tests.dll" id="b037c6ec-597e-b469-1de7-b03192467b78">
      <Execution id="7b676b3c-70d9-4abc-89eb-4df71daa1159" />
      <TestMethod codeBase="C:\Users\nns\flaky-csharp\repos\AutoMapper.Collection\src\AutoMapper.Collection.Tests\bin\Release\net8.0\AutoMapper.Collection.Tests.dll" adapterTypeName="executor://xunit/VsTestRunner2/netcoreapp" className="AutoMapper.Collection.NullableIdTests" name="Should_Work_With_Null_Id" />
    </UnitTest>
    <UnitTest name="AutoMapper.Collection.MapCollectionWithEqualityTests.Should_Be_Fast_With_Large_Lists_SubObject" storage="c:\users\nns\flaky-csharp\repos\automapper.collection\src\automapper.collection.tests\bin\release\net8.0\automapper.collection.tests.dll" id="930a9304-0bbc-ed40-e97f-bee022cfa883">
      <Execution id="5339b734-0217-4552-8969-9442e767eb68" />
      <TestMethod codeBase="C:\Users\nns\flaky-csharp\repos\AutoMapper.Collection\src\AutoMapper.Collection.Tests\bin\Release\net8.0\AutoMapper.Collection.Tests.dll" adapterTypeName="executor://xunit/VsTestRunner2/netcoreapp" className="AutoMapper.Collection.MapCollectionWithEqualityTests" name="Should_Be_Fast_With_Large_Lists_SubObject" />
    </UnitTest>
    <UnitTest name="AutoMapper.Collection.MapCollectionWithEqualityTests.Should_Work_With_Null_Destination" storage="c:\users\nns\flaky-csharp\repos\automapper.collection\src\automapper.collection.tests\bin\release\net8.0\automapper.collection.tests.dll" id="b1648a7f-7a34-8a9e-4956-bb7f5dd850cd">
      <Execution id="2ef0c8b8-0a50-4810-b00a-134d5b3a9931" />
      <TestMethod codeBase="C:\Users\nns\flaky-csharp\repos\AutoMapper.Collection\src\AutoMapper.Collection.Tests\bin\Release\net8.0\AutoMapper.Collection.Tests.dll" adapterTypeName="executor://xunit/VsTestRunner2/netcoreapp" className="AutoMapper.Collection.MapCollectionWithEqualityTests" name="Should_Work_With_Null_Destination" />
    </UnitTest>
    <UnitTest name="AutoMapper.Collection.MapCollectionWithEqualityTests.Should_Be_Fast_With_Large_Lists_SubObject_switch_left_and_right_expression" storage="c:\users\nns\flaky-csharp\repos\automapper.collection\src\automapper.collection.tests\bin\release\net8.0\automapper.collection.tests.dll" id="a294e5ae-cade-c2e2-a65c-5db08a2add35">
      <Execution id="9b392094-5a13-4310-955a-d3bf31624ff1" />
      <TestMethod codeBase="C:\Users\nns\flaky-csharp\repos\AutoMapper.Collection\src\AutoMapper.Collection.Tests\bin\Release\net8.0\AutoMapper.Collection.Tests.dll" adapterTypeName="executor://xunit/VsTestRunner2/netcoreapp" className="AutoMapper.Collection.MapCollectionWithEqualityTests" name="Should_Be_Fast_With_Large_Lists_SubObject_switch_left_and_right_expression" />
    </UnitTest>
    <UnitTest name="AutoMapper.Collection.MapCollectionWithEqualityTests.Should_Be_Fast_With_Large_Lists_MultiProperty_Mapping" storage="c:\users\nns\flaky-csharp\repos\automapper.collection\src\automapper.collection.tests\bin\release\net8.0\automapper.collection.tests.dll" id="cd07d5c3-4580-e0a0-82d7-ec833017ce9e">
      <Execution id="34994d74-dbb9-49b9-8872-92f1d561acf3" />
      <TestMethod codeBase="C:\Users\nns\flaky-csharp\repos\AutoMapper.Collection\src\AutoMapper.Collection.Tests\bin\Release\net8.0\AutoMapper.Collection.Tests.dll" adapterTypeName="executor://xunit/VsTestRunner2/netcoreapp" className="AutoMapper.Collection.MapCollectionWithEqualityTests" name="Should_Be_Fast_With_Large_Lists_MultiProperty_Mapping" />
    </UnitTest>
    <UnitTest name="AutoMapper.Collection.MapCollectionWithEqualityTests.Should_Be_Fast_With_Large_Lists_Cant_Extract_Negative" storage="c:\users\nns\flaky-csharp\repos\automapper.collection\src\automapper.collection.tests\bin\release\net8.0\automapper.collection.tests.dll" id="8b6de50b-d5e6-8d52-b97c-aa36c548f9c2">
      <Execution id="abee7aef-d730-46cd-985d-68b456b44d42" />
      <TestMethod codeBase="C:\Users\nns\flaky-csharp\repos\AutoMapper.Collection\src\AutoMapper.Collection.Tests\bin\Release\net8.0\AutoMapper.Collection.Tests.dll" adapterTypeName="executor://xunit/VsTestRunner2/netcoreapp" className="AutoMapper.Collection.MapCollectionWithEqualityTests" name="Should_Be_Fast_With_Large_Lists_Cant_Extract_Negative" />
    </UnitTest>
    <UnitTest name="AutoMapper.Collection.MapCollectionWithEqualityTests.Should_Be_Instanced_Based" storage="c:\users\nns\flaky-csharp\repos\automapper.collection\src\automapper.collection.tests\bin\release\net8.0\automapper.collection.tests.dll" id="6c3ed1d8-beec-3c86-ef78-d30829e33f93">
      <Execution id="9e206f1c-eb79-49c7-9ed4-37950b928fb4" />
      <TestMethod codeBase="C:\Users\nns\flaky-csharp\repos\AutoMapper.Collection\src\AutoMapper.Collection.Tests\bin\Release\net8.0\AutoMapper.Collection.Tests.dll" adapterTypeName="executor://xunit/VsTestRunner2/netcoreapp" className="AutoMapper.Collection.MapCollectionWithEqualityTests" name="Should_Be_Instanced_Based" />
    </UnitTest>
    <UnitTest name="AutoMapper.Collection.InheritanceWithCollectionTests+IncludeBase.TypeMap_Should_include_derivied_types" storage="c:\users\nns\flaky-csharp\repos\automapper.collection\src\automapper.collection.tests\bin\release\net8.0\automapper.collection.tests.dll" id="0682ecac-bc3c-5e45-2b68-050a2a611d09">
      <Execution id="d01747e8-3e4d-4195-8a7a-07a4aba6a32b" />
      <TestMethod codeBase="C:\Users\nns\flaky-csharp\repos\AutoMapper.Collection\src\AutoMapper.Collection.Tests\bin\Release\net8.0\AutoMapper.Collection.Tests.dll" adapterTypeName="executor://xunit/VsTestRunner2/netcoreapp" className="AutoMapper.Collection.InheritanceWithCollectionTests+IncludeBase" name="TypeMap_Should_include_derivied_types" />
    </UnitTest>
    <UnitTest name="AutoMapper.Collection.MapCollectionWithEqualityTests.Should_Update_Existing_Item" storage="c:\users\nns\flaky-csharp\repos\automapper.collection\src\automapper.collection.tests\bin\release\net8.0\automapper.collection.tests.dll" id="a28add64-4def-94fd-6030-66427ccfad92">
      <Execution id="4b6d2b30-ade8-4a76-855b-aa12641a16fa" />
      <TestMethod codeBase="C:\Users\nns\flaky-csharp\repos\AutoMapper.Collection\src\AutoMapper.Collection.Tests\bin\Release\net8.0\AutoMapper.Collection.Tests.dll" adapterTypeName="executor://xunit/VsTestRunner2/netcoreapp" className="AutoMapper.Collection.MapCollectionWithEqualityTests" name="Should_Update_Existing_Item" />
    </UnitTest>
    <UnitTest name="AutoMapper.Collection.MapCollectionWithEqualityTests.Should_Be_Fast_With_Large_Lists_MultiProperty_Mapping_Cant_Extract" storage="c:\users\nns\flaky-csharp\repos\automapper.collection\src\automapper.collection.tests\bin\release\net8.0\automapper.collection.tests.dll" id="3fb4a1ee-38f5-eca9-4281-726ca40ba2ec">
      <Execution id="48c2ae45-92b7-447a-93f9-ef1a0b93b106" />
      <TestMethod codeBase="C:\Users\nns\flaky-csharp\repos\AutoMapper.Collection\src\AutoMapper.Collection.Tests\bin\Release\net8.0\AutoMapper.Collection.Tests.dll" adapterTypeName="executor://xunit/VsTestRunner2/netcoreapp" className="AutoMapper.Collection.MapCollectionWithEqualityTests" name="Should_Be_Fast_With_Large_Lists_MultiProperty_Mapping_Cant_Extract" />
    </UnitTest>
    <UnitTest name="AutoMapper.Collection.InheritanceWithCollectionTests+IncludeBase.Map_Should_ReturnOnlineOrderEf_When_ListIsOfTypeOrderEf" storage="c:\users\nns\flaky-csharp\repos\automapper.collection\src\automapper.collection.tests\bin\release\net8.0\automapper.collection.tests.dll" id="f8d78d6a-f5bf-176b-010a-ef6a0c10ccb2">
      <Execution id="a4d226a1-c8bf-4469-9484-8a792e636169" />
      <TestMethod codeBase="C:\Users\nns\flaky-csharp\repos\AutoMapper.Collection\src\AutoMapper.Collection.Tests\bin\Release\net8.0\AutoMapper.Collection.Tests.dll" adapterTypeName="executor://xunit/VsTestRunner2/netcoreapp" className="AutoMapper.Collection.InheritanceWithCollectionTests+IncludeBase" name="Map_Should_ReturnOnlineOrderEf_When_ListIsOfTypeOrderEf" />
    </UnitTest>
    <UnitTest name="AutoMapper.Collection.MapCollectionWithEqualityTests.Should_Be_Fast_With_Large_Lists" storage="c:\users\nns\flaky-csharp\repos\automapper.collection\src\automapper.collection.tests\bin\release\net8.0\automapper.collection.tests.dll" id="348b82f9-9ccc-a57e-dc2d-f63afb4ff1da">
      <Execution id="e21bc513-efa1-4ee6-8762-bc407469b772" />
      <TestMethod codeBase="C:\Users\nns\flaky-csharp\repos\AutoMapper.Collection\src\AutoMapper.Collection.Tests\bin\Release\net8.0\AutoMapper.Collection.Tests.dll" adapterTypeName="executor://xunit/VsTestRunner2/netcoreapp" className="AutoMapper.Collection.MapCollectionWithEqualityTests" name="Should_Be_Fast_With_Large_Lists" />
    </UnitTest>
  </TestDefinitions>
  <TestEntries>
    <TestEntry testId="84b0d0e9-ca3e-7780-5731-f48fe589c298" executionId="20ab7883-16a5-41f1-8e00-48152d07c949" testListId="8c84fa94-04c1-424b-9868-57a2d4851a1d" />
    <TestEntry testId="430de8af-098e-606f-5140-19296108eee8" executionId="9fc4f3b4-7c57-4535-aca4-43dec9aa3eb1" testListId="8c84fa94-04c1-424b-9868-57a2d4851a1d" />
    <TestEntry testId="f5a5e66d-97cd-e146-1a05-88f9f625405e" executionId="c0d630b5-c40e-4604-9d3d-053aede3aeb6" testListId="8c84fa94-04c1-424b-9868-57a2d4851a1d" />
    <TestEntry testId="a294e5ae-cade-c2e2-a65c-5db08a2add35" executionId="9b392094-5a13-4310-955a-d3bf31624ff1" testListId="8c84fa94-04c1-424b-9868-57a2d4851a1d" />
    <TestEntry testId="0682ecac-bc3c-5e45-2b68-050a2a611d09" executionId="d01747e8-3e4d-4195-8a7a-07a4aba6a32b" testListId="8c84fa94-04c1-424b-9868-57a2d4851a1d" />
    <TestEntry testId="58f0a6f5-49a1-8bf1-351d-68891594b4a7" executionId="58f3c268-c938-4990-bef1-5b7e64dd9596" testListId="8c84fa94-04c1-424b-9868-57a2d4851a1d" />
    <TestEntry testId="f869677d-ce1c-d16d-5f51-ca4e681217b6" executionId="6f4a8754-2037-4ed3-b70e-989001417149" testListId="8c84fa94-04c1-424b-9868-57a2d4851a1d" />
    <TestEntry testId="6fe40914-c0e3-1d7b-5396-b3b89f7e4f51" executionId="88c808ab-7aeb-44d6-b729-37d7103d40ca" testListId="8c84fa94-04c1-424b-9868-57a2d4851a1d" />
    <TestEntry testId="8b6de50b-d5e6-8d52-b97c-aa36c548f9c2" executionId="abee7aef-d730-46cd-985d-68b456b44d42" testListId="8c84fa94-04c1-424b-9868-57a2d4851a1d" />
    <TestEntry testId="348b82f9-9ccc-a57e-dc2d-f63afb4ff1da" executionId="e21bc513-efa1-4ee6-8762-bc407469b772" testListId="8c84fa94-04c1-424b-9868-57a2d4851a1d" />
    <TestEntry testId="3621e6a5-5db1-d270-0653-238174b1e41d" executionId="caedf8ac-057a-4415-a48d-9ea67ed19540" testListId="8c84fa94-04c1-424b-9868-57a2d4851a1d" />
    <TestEntry testId="f8d78d6a-f5bf-176b-010a-ef6a0c10ccb2" executionId="a4d226a1-c8bf-4469-9484-8a792e636169" testListId="8c84fa94-04c1-424b-9868-57a2d4851a1d" />
    <TestEntry testId="008891a5-cfe5-79cd-1dc0-f9e2f69938fe" executionId="8b58e7ac-5263-43de-a07c-f3a06c7e3ac0" testListId="8c84fa94-04c1-424b-9868-57a2d4851a1d" />
    <TestEntry testId="2f325298-ea17-aed2-7dc7-ac7dfb2c9385" executionId="aef9010c-6575-4419-a4a5-e4b074e284aa" testListId="8c84fa94-04c1-424b-9868-57a2d4851a1d" />
    <TestEntry testId="5394cdfa-1ccd-244a-a848-d0b3a75ac07b" executionId="33fe0fb5-695b-42bf-8425-3166cfe6ddbb" testListId="8c84fa94-04c1-424b-9868-57a2d4851a1d" />
    <TestEntry testId="b1648a7f-7a34-8a9e-4956-bb7f5dd850cd" executionId="2ef0c8b8-0a50-4810-b00a-134d5b3a9931" testListId="8c84fa94-04c1-424b-9868-57a2d4851a1d" />
    <TestEntry testId="92350777-73fa-e86a-7a97-5a6ceee0bb24" executionId="9421092f-256d-4e90-83db-7b996fd71d5a" testListId="8c84fa94-04c1-424b-9868-57a2d4851a1d" />
    <TestEntry testId="5202a272-d579-c1b5-88a5-ac931f608a90" executionId="f54110c7-b8a4-4e83-aa6e-e037c7b287ed" testListId="8c84fa94-04c1-424b-9868-57a2d4851a1d" />
    <TestEntry testId="a187a0d6-7401-747f-0a25-f620ec976bec" executionId="674dfcd4-a960-4b0a-860b-586350ce0b58" testListId="8c84fa94-04c1-424b-9868-57a2d4851a1d" />
    <TestEntry testId="a28add64-4def-94fd-6030-66427ccfad92" executionId="4b6d2b30-ade8-4a76-855b-aa12641a16fa" testListId="8c84fa94-04c1-424b-9868-57a2d4851a1d" />
    <TestEntry testId="930a9304-0bbc-ed40-e97f-bee022cfa883" executionId="5339b734-0217-4552-8969-9442e767eb68" testListId="8c84fa94-04c1-424b-9868-57a2d4851a1d" />
    <TestEntry testId="a693c9ab-4208-57ab-9438-0508344e6d3a" executionId="384925d5-4e2b-4efb-9747-67156502eb90" testListId="8c84fa94-04c1-424b-9868-57a2d4851a1d" />
    <TestEntry testId="cd07d5c3-4580-e0a0-82d7-ec833017ce9e" executionId="34994d74-dbb9-49b9-8872-92f1d561acf3" testListId="8c84fa94-04c1-424b-9868-57a2d4851a1d" />
    <TestEntry testId="b037c6ec-597e-b469-1de7-b03192467b78" executionId="7b676b3c-70d9-4abc-89eb-4df71daa1159" testListId="8c84fa94-04c1-424b-9868-57a2d4851a1d" />
    <TestEntry testId="b9f5aa18-6451-ca17-ae95-5799e29ec18c" executionId="3e5f2ced-81b0-4bc5-994e-91e003b8f2df" testListId="8c84fa94-04c1-424b-9868-57a2d4851a1d" />
    <TestEntry testId="6c3ed1d8-beec-3c86-ef78-d30829e33f93" executionId="9e206f1c-eb79-49c7-9ed4-37950b928fb4" testListId="8c84fa94-04c1-424b-9868-57a2d4851a1d" />
    <TestEntry testId="3fb4a1ee-38f5-eca9-4281-726ca40ba2ec" executionId="48c2ae45-92b7-447a-93f9-ef1a0b93b106" testListId="8c84fa94-04c1-424b-9868-57a2d4851a1d" />
  </TestEntries>
  <TestLists>
    <TestList name="Resultados que não estão em uma lista" id="8c84fa94-04c1-424b-9868-57a2d4851a1d" />
    <TestList name="Todos os resultados carregados" id="19431567-8539-422a-85d7-44ee4e166bda" />
  </TestLists>
  <ResultSummary outcome="Completed">
    <Counters total="27" executed="27" passed="27" failed="0" error="0" timeout="0" aborted="0" inconclusive="0" passedButRunAborted="0" notRunnable="0" notExecuted="0" disconnected="0" warning="0" completed="0" inProgress="0" pending="0" />
    <Output>
      <StdOut>[xUnit.net 00:00:00.00] xUnit.net VSTest Adapter v2.4.1 (64-bit .NET 8.0.28)&#xD;
[xUnit.net 00:00:00.68]   Discovering: AutoMapper.Collection.Tests&#xD;
[xUnit.net 00:00:00.73]   Discovered:  AutoMapper.Collection.Tests&#xD;
[xUnit.net 00:00:00.73]   Starting:    AutoMapper.Collection.Tests&#xD;
[xUnit.net 00:00:05.90]   Finished:    AutoMapper.Collection.Tests&#xD;
</StdOut>
    </Output>
    <RunInfos>
      <RunInfo computerName="LE3126008018421" outcome="Warning" timestamp="2026-07-12T09:41:15.1331909-03:00">
        <Text>Coletor de dados 'Blame' mensagem: A execução de todos os testes foi concluída. O arquivo de sequência não será gerado..</Text>
      </RunInfo>
    </RunInfos>
  </ResultSummary>
</TestRun>